INFO: 2020-07-23 18:15:35,113:  
INFO: 2020-07-23 18:15:35,113: Initializing Hard Goals 3D Waypoint Navigation Environment
INFO: 2020-07-23 18:15:35,113: Working directory is /home/seanny/Dropbox/potentials/_3d/traj_3d/
INFO: 2020-07-23 18:15:35,113:  
INFO: 2020-07-23 18:15:35,113: ----------------------------------------------
INFO: 2020-07-23 18:15:35,114: Experiment Settings
INFO: 2020-07-23 18:15:35,114: ----------------------------------------------
INFO: 2020-07-23 18:15:35,114: Number of workers: 64
INFO: 2020-07-23 18:15:35,114: Batch size: 512
INFO: 2020-07-23 18:15:35,114: Iterations: 2500
INFO: 2020-07-23 18:15:35,114: Log interval: 10
INFO: 2020-07-23 18:15:35,114: Experiment runs: 2500
INFO: 2020-07-23 18:15:35,114: Number of test runs: 30
INFO: 2020-07-23 18:15:35,114: ----------------------------------------------
INFO: 2020-07-23 18:15:35,114: Network Parameters
INFO: 2020-07-23 18:15:35,114: ----------------------------------------------
INFO: 2020-07-23 18:15:35,114: Network input dim: 67
INFO: 2020-07-23 18:15:35,114: Network hidden dim: 512
INFO: 2020-07-23 18:15:35,114: Network layers: 2
INFO: 2020-07-23 18:15:35,114: Network output dim: 4
INFO: 2020-07-23 18:15:35,114: ----------------------------------------------
INFO: 2020-07-23 18:15:35,114: Environment Parameters
INFO: 2020-07-23 18:15:35,114: ----------------------------------------------
INFO: 2020-07-23 18:15:35,114: Trajectory length: 5
INFO: 2020-07-23 18:15:35,114: Obs future waypoints: 2
INFO: 2020-07-23 18:15:35,114: Distribution temperature: 150
INFO: 2020-07-23 18:15:35,115: Waypoint distance bounds: 0.5, 1.5
INFO: 2020-07-23 18:15:35,115: Maximum spread: 1.5707963267948966
INFO: 2020-07-23 18:15:35,790:  
INFO: 2020-07-23 18:15:35,790: Iterations: 0
INFO: 2020-07-23 18:15:35,790: Time steps: 0
INFO: 2020-07-23 18:15:35,790: Reward: -494.47789
INFO: 2020-07-23 18:15:35,790: Test sigma: 1.03037
INFO: 2020-07-23 18:15:35,790:  
INFO: 2020-07-23 18:16:59,609:  
INFO: 2020-07-23 18:16:59,610: Initializing Hard Goals 3D Waypoint Navigation Environment
INFO: 2020-07-23 18:16:59,610: Working directory is /home/seanny/Dropbox/potentials/_3d/traj_3d/
INFO: 2020-07-23 18:16:59,610:  
INFO: 2020-07-23 18:16:59,610: ----------------------------------------------
INFO: 2020-07-23 18:16:59,610: Experiment Settings
INFO: 2020-07-23 18:16:59,610: ----------------------------------------------
INFO: 2020-07-23 18:16:59,610: Number of workers: 64
INFO: 2020-07-23 18:16:59,610: Batch size: 1024
INFO: 2020-07-23 18:16:59,610: Iterations: 2500
INFO: 2020-07-23 18:16:59,610: Log interval: 10
INFO: 2020-07-23 18:16:59,610: Experiment runs: 2500
INFO: 2020-07-23 18:16:59,610: Number of test runs: 30
INFO: 2020-07-23 18:16:59,610: ----------------------------------------------
INFO: 2020-07-23 18:16:59,610: Network Parameters
INFO: 2020-07-23 18:16:59,610: ----------------------------------------------
INFO: 2020-07-23 18:16:59,610: Network input dim: 67
INFO: 2020-07-23 18:16:59,610: Network hidden dim: 512
INFO: 2020-07-23 18:16:59,610: Network layers: 2
INFO: 2020-07-23 18:16:59,610: Network output dim: 4
INFO: 2020-07-23 18:16:59,610: ----------------------------------------------
INFO: 2020-07-23 18:16:59,610: Environment Parameters
INFO: 2020-07-23 18:16:59,611: ----------------------------------------------
INFO: 2020-07-23 18:16:59,611: Trajectory length: 5
INFO: 2020-07-23 18:16:59,611: Obs future waypoints: 2
INFO: 2020-07-23 18:16:59,611: Distribution temperature: 150
INFO: 2020-07-23 18:16:59,611: Waypoint distance bounds: 0.5, 1.5
INFO: 2020-07-23 18:16:59,611: Maximum spread: 1.5707963267948966
INFO: 2020-07-23 18:17:00,302:  
INFO: 2020-07-23 18:17:00,302: Iterations: 0
INFO: 2020-07-23 18:17:00,303: Time steps: 0
INFO: 2020-07-23 18:17:00,303: Reward: -510.54697
INFO: 2020-07-23 18:17:00,303: Test sigma: 1.03506
INFO: 2020-07-23 18:17:00,303:  
INFO: 2020-07-23 18:29:52,989: Iterations: 10
INFO: 2020-07-23 18:29:52,989: Time steps: 655360
INFO: 2020-07-23 18:29:52,989: Reward: -500.38072
INFO: 2020-07-23 18:29:52,989: Test sigma: 0.91243
INFO: 2020-07-23 18:29:52,989:  
INFO: 2020-07-23 18:29:52,989: Saving best parameters in /home/seanny/Dropbox/potentials/_3d/traj_3d/2-wps.pth.tar
INFO: 2020-07-23 18:43:01,342: Iterations: 20
INFO: 2020-07-23 18:43:01,342: Time steps: 1310720
INFO: 2020-07-23 18:43:01,342: Reward: -239.32114
INFO: 2020-07-23 18:43:01,342: Test sigma: 0.65365
INFO: 2020-07-23 18:43:01,343:  
INFO: 2020-07-23 18:43:01,343: Saving best parameters in /home/seanny/Dropbox/potentials/_3d/traj_3d/2-wps.pth.tar
INFO: 2020-07-23 18:57:47,144: Iterations: 30
INFO: 2020-07-23 18:57:47,144: Time steps: 1966080
INFO: 2020-07-23 18:57:47,145: Reward: -73.14808
INFO: 2020-07-23 18:57:47,145: Test sigma: 0.40851
INFO: 2020-07-23 18:57:47,145:  
INFO: 2020-07-23 18:57:47,145: Saving best parameters in /home/seanny/Dropbox/potentials/_3d/traj_3d/2-wps.pth.tar
INFO: 2020-07-23 19:13:46,988: Iterations: 40
INFO: 2020-07-23 19:13:46,988: Time steps: 2621440
INFO: 2020-07-23 19:13:46,988: Reward: -54.17910
INFO: 2020-07-23 19:13:46,988: Test sigma: 0.38432
INFO: 2020-07-23 19:13:46,988:  
INFO: 2020-07-23 19:13:46,989: Saving best parameters in /home/seanny/Dropbox/potentials/_3d/traj_3d/2-wps.pth.tar
INFO: 2020-07-23 19:27:48,771: Iterations: 50
INFO: 2020-07-23 19:27:48,771: Time steps: 3276800
INFO: 2020-07-23 19:27:48,771: Reward: -54.70889
INFO: 2020-07-23 19:27:48,772: Test sigma: 0.37103
INFO: 2020-07-23 19:27:48,772:  
INFO: 2020-07-23 19:41:21,284: Iterations: 60
INFO: 2020-07-23 19:41:21,284: Time steps: 3932160
INFO: 2020-07-23 19:41:21,284: Reward: -63.29296
INFO: 2020-07-23 19:41:21,284: Test sigma: 0.41748
INFO: 2020-07-23 19:41:21,284:  
INFO: 2020-07-23 19:54:53,041: Iterations: 70
INFO: 2020-07-23 19:54:53,041: Time steps: 4587520
INFO: 2020-07-23 19:54:53,042: Reward: -49.41916
INFO: 2020-07-23 19:54:53,042: Test sigma: 0.41682
INFO: 2020-07-23 19:54:53,042:  
INFO: 2020-07-23 19:54:53,042: Saving best parameters in /home/seanny/Dropbox/potentials/_3d/traj_3d/2-wps.pth.tar
INFO: 2020-07-23 20:08:23,451: Iterations: 80
INFO: 2020-07-23 20:08:23,451: Time steps: 5242880
INFO: 2020-07-23 20:08:23,451: Reward: -74.13213
INFO: 2020-07-23 20:08:23,451: Test sigma: 0.42712
INFO: 2020-07-23 20:08:23,451:  
INFO: 2020-07-23 20:21:53,649: Iterations: 90
INFO: 2020-07-23 20:21:53,649: Time steps: 5898240
INFO: 2020-07-23 20:21:53,649: Reward: -64.98876
INFO: 2020-07-23 20:21:53,649: Test sigma: 0.44197
INFO: 2020-07-23 20:21:53,649:  
INFO: 2020-07-23 20:35:24,878: Iterations: 100
INFO: 2020-07-23 20:35:24,879: Time steps: 6553600
INFO: 2020-07-23 20:35:24,879: Reward: -57.79264
INFO: 2020-07-23 20:35:24,879: Test sigma: 0.42188
INFO: 2020-07-23 20:35:24,879:  
INFO: 2020-07-23 20:48:53,286: Iterations: 110
INFO: 2020-07-23 20:48:53,286: Time steps: 7208960
INFO: 2020-07-23 20:48:53,286: Reward: -59.35571
INFO: 2020-07-23 20:48:53,286: Test sigma: 0.40213
INFO: 2020-07-23 20:48:53,286:  
INFO: 2020-07-23 21:02:24,959: Iterations: 120
INFO: 2020-07-23 21:02:24,959: Time steps: 7864320
INFO: 2020-07-23 21:02:24,959: Reward: -62.06110
INFO: 2020-07-23 21:02:24,959: Test sigma: 0.38394
INFO: 2020-07-23 21:02:24,959:  
INFO: 2020-07-23 21:15:53,114: Iterations: 130
INFO: 2020-07-23 21:15:53,114: Time steps: 8519680
INFO: 2020-07-23 21:15:53,114: Reward: -36.68216
INFO: 2020-07-23 21:15:53,114: Test sigma: 0.39018
INFO: 2020-07-23 21:15:53,114:  
INFO: 2020-07-23 21:15:53,115: Saving best parameters in /home/seanny/Dropbox/potentials/_3d/traj_3d/2-wps.pth.tar
INFO: 2020-07-23 21:29:21,886: Iterations: 140
INFO: 2020-07-23 21:29:21,886: Time steps: 9175040
INFO: 2020-07-23 21:29:21,886: Reward: -53.21205
INFO: 2020-07-23 21:29:21,887: Test sigma: 0.38064
INFO: 2020-07-23 21:29:21,887:  
INFO: 2020-07-23 21:42:52,684: Iterations: 150
INFO: 2020-07-23 21:42:52,684: Time steps: 9830400
INFO: 2020-07-23 21:42:52,684: Reward: -65.86233
INFO: 2020-07-23 21:42:52,684: Test sigma: 0.37008
INFO: 2020-07-23 21:42:52,684:  
INFO: 2020-07-23 21:56:24,722: Iterations: 160
INFO: 2020-07-23 21:56:24,722: Time steps: 10485760
INFO: 2020-07-23 21:56:24,722: Reward: -46.47901
INFO: 2020-07-23 21:56:24,722: Test sigma: 0.36790
INFO: 2020-07-23 21:56:24,722:  
INFO: 2020-07-23 22:09:54,117: Iterations: 170
INFO: 2020-07-23 22:09:54,117: Time steps: 11141120
INFO: 2020-07-23 22:09:54,117: Reward: -63.50322
INFO: 2020-07-23 22:09:54,117: Test sigma: 0.36512
INFO: 2020-07-23 22:09:54,117:  
INFO: 2020-07-23 22:23:24,524: Iterations: 180
INFO: 2020-07-23 22:23:24,524: Time steps: 11796480
INFO: 2020-07-23 22:23:24,525: Reward: -48.68713
INFO: 2020-07-23 22:23:24,525: Test sigma: 0.35507
INFO: 2020-07-23 22:23:24,525:  
INFO: 2020-07-23 22:36:55,633: Iterations: 190
INFO: 2020-07-23 22:36:55,633: Time steps: 12451840
INFO: 2020-07-23 22:36:55,633: Reward: -31.22939
INFO: 2020-07-23 22:36:55,633: Test sigma: 0.35077
INFO: 2020-07-23 22:36:55,633:  
INFO: 2020-07-23 22:36:55,633: Saving best parameters in /home/seanny/Dropbox/potentials/_3d/traj_3d/2-wps.pth.tar
INFO: 2020-07-23 22:50:30,063: Iterations: 200
INFO: 2020-07-23 22:50:30,063: Time steps: 13107200
INFO: 2020-07-23 22:50:30,063: Reward: -42.76068
INFO: 2020-07-23 22:50:30,063: Test sigma: 0.35057
INFO: 2020-07-23 22:50:30,063:  
INFO: 2020-07-23 23:04:01,006: Iterations: 210
INFO: 2020-07-23 23:04:01,006: Time steps: 13762560
INFO: 2020-07-23 23:04:01,006: Reward: -36.15929
INFO: 2020-07-23 23:04:01,006: Test sigma: 0.34091
INFO: 2020-07-23 23:04:01,006:  
INFO: 2020-07-23 23:17:34,298: Iterations: 220
INFO: 2020-07-23 23:17:34,298: Time steps: 14417920
INFO: 2020-07-23 23:17:34,298: Reward: -28.37571
INFO: 2020-07-23 23:17:34,298: Test sigma: 0.32889
INFO: 2020-07-23 23:17:34,298:  
INFO: 2020-07-23 23:17:34,298: Saving best parameters in /home/seanny/Dropbox/potentials/_3d/traj_3d/2-wps.pth.tar
INFO: 2020-07-23 23:31:06,610: Iterations: 230
INFO: 2020-07-23 23:31:06,610: Time steps: 15073280
INFO: 2020-07-23 23:31:06,611: Reward: -29.74289
INFO: 2020-07-23 23:31:06,611: Test sigma: 0.32737
INFO: 2020-07-23 23:31:06,611:  
INFO: 2020-07-23 23:44:42,403: Iterations: 240
INFO: 2020-07-23 23:44:42,403: Time steps: 15728640
INFO: 2020-07-23 23:44:42,403: Reward: -33.11266
INFO: 2020-07-23 23:44:42,403: Test sigma: 0.33463
INFO: 2020-07-23 23:44:42,403:  
INFO: 2020-07-23 23:58:14,059: Iterations: 250
INFO: 2020-07-23 23:58:14,059: Time steps: 16384000
INFO: 2020-07-23 23:58:14,060: Reward: -40.61180
INFO: 2020-07-23 23:58:14,060: Test sigma: 0.32721
INFO: 2020-07-23 23:58:14,060:  
INFO: 2020-07-24 00:11:43,739: Iterations: 260
INFO: 2020-07-24 00:11:43,739: Time steps: 17039360
INFO: 2020-07-24 00:11:43,739: Reward: -42.84788
INFO: 2020-07-24 00:11:43,739: Test sigma: 0.33260
INFO: 2020-07-24 00:11:43,739:  
INFO: 2020-07-24 00:25:12,861: Iterations: 270
INFO: 2020-07-24 00:25:12,861: Time steps: 17694720
INFO: 2020-07-24 00:25:12,861: Reward: -10.78036
INFO: 2020-07-24 00:25:12,861: Test sigma: 0.32904
INFO: 2020-07-24 00:25:12,861:  
INFO: 2020-07-24 00:25:12,861: Saving best parameters in /home/seanny/Dropbox/potentials/_3d/traj_3d/2-wps.pth.tar
INFO: 2020-07-24 00:38:45,590: Iterations: 280
INFO: 2020-07-24 00:38:45,590: Time steps: 18350080
INFO: 2020-07-24 00:38:45,590: Reward: -37.22685
INFO: 2020-07-24 00:38:45,590: Test sigma: 0.32642
INFO: 2020-07-24 00:38:45,590:  
INFO: 2020-07-24 00:52:15,646: Iterations: 290
INFO: 2020-07-24 00:52:15,646: Time steps: 19005440
INFO: 2020-07-24 00:52:15,646: Reward: -9.02055
INFO: 2020-07-24 00:52:15,646: Test sigma: 0.32496
INFO: 2020-07-24 00:52:15,646:  
INFO: 2020-07-24 00:52:15,646: Saving best parameters in /home/seanny/Dropbox/potentials/_3d/traj_3d/2-wps.pth.tar
INFO: 2020-07-24 01:05:45,941: Iterations: 300
INFO: 2020-07-24 01:05:45,941: Time steps: 19660800
INFO: 2020-07-24 01:05:45,941: Reward: -54.92537
INFO: 2020-07-24 01:05:45,941: Test sigma: 0.31206
INFO: 2020-07-24 01:05:45,941:  
INFO: 2020-07-24 01:19:15,627: Iterations: 310
INFO: 2020-07-24 01:19:15,628: Time steps: 20316160
INFO: 2020-07-24 01:19:15,628: Reward: -33.04184
INFO: 2020-07-24 01:19:15,628: Test sigma: 0.31856
INFO: 2020-07-24 01:19:15,628:  
INFO: 2020-07-24 01:32:46,874: Iterations: 320
INFO: 2020-07-24 01:32:46,875: Time steps: 20971520
INFO: 2020-07-24 01:32:46,875: Reward: -35.99242
INFO: 2020-07-24 01:32:46,875: Test sigma: 0.31118
INFO: 2020-07-24 01:32:46,875:  
INFO: 2020-07-24 01:46:18,638: Iterations: 330
INFO: 2020-07-24 01:46:18,638: Time steps: 21626880
INFO: 2020-07-24 01:46:18,638: Reward: -45.94144
INFO: 2020-07-24 01:46:18,638: Test sigma: 0.31954
INFO: 2020-07-24 01:46:18,638:  
INFO: 2020-07-24 01:59:48,132: Iterations: 340
INFO: 2020-07-24 01:59:48,132: Time steps: 22282240
INFO: 2020-07-24 01:59:48,132: Reward: -26.82904
INFO: 2020-07-24 01:59:48,132: Test sigma: 0.30253
INFO: 2020-07-24 01:59:48,132:  
INFO: 2020-07-24 02:13:15,470: Iterations: 350
INFO: 2020-07-24 02:13:15,470: Time steps: 22937600
INFO: 2020-07-24 02:13:15,470: Reward: -31.38674
INFO: 2020-07-24 02:13:15,470: Test sigma: 0.30246
INFO: 2020-07-24 02:13:15,470:  
INFO: 2020-07-24 02:26:44,641: Iterations: 360
INFO: 2020-07-24 02:26:44,641: Time steps: 23592960
INFO: 2020-07-24 02:26:44,641: Reward: -36.59556
INFO: 2020-07-24 02:26:44,641: Test sigma: 0.29599
INFO: 2020-07-24 02:26:44,642:  
INFO: 2020-07-24 02:40:15,763: Iterations: 370
INFO: 2020-07-24 02:40:15,763: Time steps: 24248320
INFO: 2020-07-24 02:40:15,763: Reward: -7.65355
INFO: 2020-07-24 02:40:15,763: Test sigma: 0.29615
INFO: 2020-07-24 02:40:15,763:  
INFO: 2020-07-24 02:40:15,763: Saving best parameters in /home/seanny/Dropbox/potentials/_3d/traj_3d/2-wps.pth.tar
INFO: 2020-07-24 02:53:45,354: Iterations: 380
INFO: 2020-07-24 02:53:45,354: Time steps: 24903680
INFO: 2020-07-24 02:53:45,354: Reward: -15.14899
INFO: 2020-07-24 02:53:45,354: Test sigma: 0.28786
INFO: 2020-07-24 02:53:45,354:  
INFO: 2020-07-24 03:07:14,460: Iterations: 390
INFO: 2020-07-24 03:07:14,460: Time steps: 25559040
INFO: 2020-07-24 03:07:14,460: Reward: -15.23126
INFO: 2020-07-24 03:07:14,460: Test sigma: 0.29380
INFO: 2020-07-24 03:07:14,460:  
INFO: 2020-07-24 03:20:44,770: Iterations: 400
INFO: 2020-07-24 03:20:44,770: Time steps: 26214400
INFO: 2020-07-24 03:20:44,770: Reward: -26.56034
INFO: 2020-07-24 03:20:44,770: Test sigma: 0.28282
INFO: 2020-07-24 03:20:44,770:  
INFO: 2020-07-24 03:34:17,558: Iterations: 410
INFO: 2020-07-24 03:34:17,559: Time steps: 26869760
INFO: 2020-07-24 03:34:17,559: Reward: -32.00808
INFO: 2020-07-24 03:34:17,559: Test sigma: 0.27937
INFO: 2020-07-24 03:34:17,559:  
INFO: 2020-07-24 03:47:48,311: Iterations: 420
INFO: 2020-07-24 03:47:48,311: Time steps: 27525120
INFO: 2020-07-24 03:47:48,311: Reward: -30.40328
INFO: 2020-07-24 03:47:48,311: Test sigma: 0.27907
INFO: 2020-07-24 03:47:48,311:  
INFO: 2020-07-24 04:01:16,800: Iterations: 430
INFO: 2020-07-24 04:01:16,800: Time steps: 28180480
INFO: 2020-07-24 04:01:16,800: Reward: -6.22781
INFO: 2020-07-24 04:01:16,800: Test sigma: 0.26676
INFO: 2020-07-24 04:01:16,800:  
INFO: 2020-07-24 04:01:16,800: Saving best parameters in /home/seanny/Dropbox/potentials/_3d/traj_3d/2-wps.pth.tar
INFO: 2020-07-24 04:14:47,140: Iterations: 440
INFO: 2020-07-24 04:14:47,140: Time steps: 28835840
INFO: 2020-07-24 04:14:47,141: Reward: 1.32398
INFO: 2020-07-24 04:14:47,141: Test sigma: 0.27207
INFO: 2020-07-24 04:14:47,141:  
INFO: 2020-07-24 04:14:47,141: Saving best parameters in /home/seanny/Dropbox/potentials/_3d/traj_3d/2-wps.pth.tar
INFO: 2020-07-24 04:28:16,936: Iterations: 450
INFO: 2020-07-24 04:28:16,936: Time steps: 29491200
INFO: 2020-07-24 04:28:16,936: Reward: 2.84400
INFO: 2020-07-24 04:28:16,936: Test sigma: 0.26610
INFO: 2020-07-24 04:28:16,936:  
INFO: 2020-07-24 04:28:16,936: Saving best parameters in /home/seanny/Dropbox/potentials/_3d/traj_3d/2-wps.pth.tar
INFO: 2020-07-24 04:41:47,837: Iterations: 460
INFO: 2020-07-24 04:41:47,837: Time steps: 30146560
INFO: 2020-07-24 04:41:47,837: Reward: 4.97802
INFO: 2020-07-24 04:41:47,837: Test sigma: 0.26692
INFO: 2020-07-24 04:41:47,837:  
INFO: 2020-07-24 04:41:47,837: Saving best parameters in /home/seanny/Dropbox/potentials/_3d/traj_3d/2-wps.pth.tar
INFO: 2020-07-24 04:55:17,381: Iterations: 470
INFO: 2020-07-24 04:55:17,381: Time steps: 30801920
INFO: 2020-07-24 04:55:17,381: Reward: -0.78299
INFO: 2020-07-24 04:55:17,381: Test sigma: 0.26400
INFO: 2020-07-24 04:55:17,381:  
INFO: 2020-07-24 05:08:50,569: Iterations: 480
INFO: 2020-07-24 05:08:50,569: Time steps: 31457280
INFO: 2020-07-24 05:08:50,569: Reward: -1.96446
INFO: 2020-07-24 05:08:50,569: Test sigma: 0.25118
INFO: 2020-07-24 05:08:50,569:  
INFO: 2020-07-24 05:22:19,679: Iterations: 490
INFO: 2020-07-24 05:22:19,679: Time steps: 32112640
INFO: 2020-07-24 05:22:19,679: Reward: 3.17426
INFO: 2020-07-24 05:22:19,679: Test sigma: 0.25397
INFO: 2020-07-24 05:22:19,680:  
INFO: 2020-07-24 05:35:47,420: Iterations: 500
INFO: 2020-07-24 05:35:47,420: Time steps: 32768000
INFO: 2020-07-24 05:35:47,420: Reward: 11.10006
INFO: 2020-07-24 05:35:47,420: Test sigma: 0.25145
INFO: 2020-07-24 05:35:47,420:  
INFO: 2020-07-24 05:35:47,421: Saving best parameters in /home/seanny/Dropbox/potentials/_3d/traj_3d/2-wps.pth.tar
INFO: 2020-07-24 05:49:16,816: Iterations: 510
INFO: 2020-07-24 05:49:16,816: Time steps: 33423360
INFO: 2020-07-24 05:49:16,816: Reward: 17.64278
INFO: 2020-07-24 05:49:16,816: Test sigma: 0.25209
INFO: 2020-07-24 05:49:16,816:  
INFO: 2020-07-24 05:49:16,816: Saving best parameters in /home/seanny/Dropbox/potentials/_3d/traj_3d/2-wps.pth.tar
INFO: 2020-07-24 06:02:49,245: Iterations: 520
INFO: 2020-07-24 06:02:49,246: Time steps: 34078720
INFO: 2020-07-24 06:02:49,246: Reward: 9.02078
INFO: 2020-07-24 06:02:49,246: Test sigma: 0.25338
INFO: 2020-07-24 06:02:49,246:  
INFO: 2020-07-24 06:16:21,167: Iterations: 530
INFO: 2020-07-24 06:16:21,167: Time steps: 34734080
INFO: 2020-07-24 06:16:21,167: Reward: 14.73994
INFO: 2020-07-24 06:16:21,167: Test sigma: 0.25139
INFO: 2020-07-24 06:16:21,167:  
INFO: 2020-07-24 06:29:52,743: Iterations: 540
INFO: 2020-07-24 06:29:52,743: Time steps: 35389440
INFO: 2020-07-24 06:29:52,743: Reward: 20.08610
INFO: 2020-07-24 06:29:52,743: Test sigma: 0.24874
INFO: 2020-07-24 06:29:52,743:  
INFO: 2020-07-24 06:29:52,744: Saving best parameters in /home/seanny/Dropbox/potentials/_3d/traj_3d/2-wps.pth.tar
INFO: 2020-07-24 06:43:23,060: Iterations: 550
INFO: 2020-07-24 06:43:23,060: Time steps: 36044800
INFO: 2020-07-24 06:43:23,060: Reward: 36.92580
INFO: 2020-07-24 06:43:23,060: Test sigma: 0.23871
INFO: 2020-07-24 06:43:23,060:  
INFO: 2020-07-24 06:43:23,060: Saving best parameters in /home/seanny/Dropbox/potentials/_3d/traj_3d/2-wps.pth.tar
INFO: 2020-07-24 06:56:52,525: Iterations: 560
INFO: 2020-07-24 06:56:52,525: Time steps: 36700160
INFO: 2020-07-24 06:56:52,525: Reward: -8.41985
INFO: 2020-07-24 06:56:52,525: Test sigma: 0.23743
INFO: 2020-07-24 06:56:52,526:  
INFO: 2020-07-24 07:10:21,277: Iterations: 570
INFO: 2020-07-24 07:10:21,277: Time steps: 37355520
INFO: 2020-07-24 07:10:21,277: Reward: 32.58843
INFO: 2020-07-24 07:10:21,277: Test sigma: 0.23612
INFO: 2020-07-24 07:10:21,277:  
INFO: 2020-07-24 07:23:51,688: Iterations: 580
INFO: 2020-07-24 07:23:51,688: Time steps: 38010880
INFO: 2020-07-24 07:23:51,688: Reward: 26.95037
INFO: 2020-07-24 07:23:51,688: Test sigma: 0.23895
INFO: 2020-07-24 07:23:51,688:  
INFO: 2020-07-24 07:37:22,286: Iterations: 590
INFO: 2020-07-24 07:37:22,287: Time steps: 38666240
INFO: 2020-07-24 07:37:22,287: Reward: 29.80204
INFO: 2020-07-24 07:37:22,287: Test sigma: 0.23292
INFO: 2020-07-24 07:37:22,287:  
INFO: 2020-07-24 07:50:51,802: Iterations: 600
INFO: 2020-07-24 07:50:51,802: Time steps: 39321600
INFO: 2020-07-24 07:50:51,802: Reward: 34.05096
INFO: 2020-07-24 07:50:51,802: Test sigma: 0.23530
INFO: 2020-07-24 07:50:51,802:  
INFO: 2020-07-24 08:04:21,209: Iterations: 610
INFO: 2020-07-24 08:04:21,209: Time steps: 39976960
INFO: 2020-07-24 08:04:21,209: Reward: 25.10202
INFO: 2020-07-24 08:04:21,209: Test sigma: 0.23798
INFO: 2020-07-24 08:04:21,209:  
INFO: 2020-07-24 08:17:52,943: Iterations: 620
INFO: 2020-07-24 08:17:52,943: Time steps: 40632320
INFO: 2020-07-24 08:17:52,943: Reward: 51.04897
INFO: 2020-07-24 08:17:52,943: Test sigma: 0.22935
INFO: 2020-07-24 08:17:52,943:  
INFO: 2020-07-24 08:17:52,943: Saving best parameters in /home/seanny/Dropbox/potentials/_3d/traj_3d/2-wps.pth.tar
INFO: 2020-07-24 08:31:22,775: Iterations: 630
INFO: 2020-07-24 08:31:22,775: Time steps: 41287680
INFO: 2020-07-24 08:31:22,776: Reward: 59.39550
INFO: 2020-07-24 08:31:22,776: Test sigma: 0.23176
INFO: 2020-07-24 08:31:22,776:  
INFO: 2020-07-24 08:31:22,776: Saving best parameters in /home/seanny/Dropbox/potentials/_3d/traj_3d/2-wps.pth.tar
INFO: 2020-07-24 08:44:52,087: Iterations: 640
INFO: 2020-07-24 08:44:52,087: Time steps: 41943040
INFO: 2020-07-24 08:44:52,087: Reward: 48.97379
INFO: 2020-07-24 08:44:52,087: Test sigma: 0.23257
INFO: 2020-07-24 08:44:52,087:  
INFO: 2020-07-24 08:58:21,690: Iterations: 650
INFO: 2020-07-24 08:58:21,690: Time steps: 42598400
INFO: 2020-07-24 08:58:21,690: Reward: 69.70149
INFO: 2020-07-24 08:58:21,690: Test sigma: 0.22917
INFO: 2020-07-24 08:58:21,690:  
INFO: 2020-07-24 08:58:21,690: Saving best parameters in /home/seanny/Dropbox/potentials/_3d/traj_3d/2-wps.pth.tar
INFO: 2020-07-24 09:11:50,133: Iterations: 660
INFO: 2020-07-24 09:11:50,133: Time steps: 43253760
INFO: 2020-07-24 09:11:50,133: Reward: 47.70154
INFO: 2020-07-24 09:11:50,133: Test sigma: 0.21935
INFO: 2020-07-24 09:11:50,133:  
INFO: 2020-07-24 09:25:19,293: Iterations: 670
INFO: 2020-07-24 09:25:19,293: Time steps: 43909120
INFO: 2020-07-24 09:25:19,293: Reward: 44.69798
INFO: 2020-07-24 09:25:19,293: Test sigma: 0.22221
INFO: 2020-07-24 09:25:19,293:  
INFO: 2020-07-24 09:38:50,139: Iterations: 680
INFO: 2020-07-24 09:38:50,139: Time steps: 44564480
INFO: 2020-07-24 09:38:50,139: Reward: 86.26541
INFO: 2020-07-24 09:38:50,139: Test sigma: 0.21957
INFO: 2020-07-24 09:38:50,139:  
INFO: 2020-07-24 09:38:50,139: Saving best parameters in /home/seanny/Dropbox/potentials/_3d/traj_3d/2-wps.pth.tar
INFO: 2020-07-24 09:52:22,728: Iterations: 690
INFO: 2020-07-24 09:52:22,728: Time steps: 45219840
INFO: 2020-07-24 09:52:22,728: Reward: 45.90531
INFO: 2020-07-24 09:52:22,728: Test sigma: 0.21839
INFO: 2020-07-24 09:52:22,729:  
INFO: 2020-07-24 10:05:52,217: Iterations: 700
INFO: 2020-07-24 10:05:52,217: Time steps: 45875200
INFO: 2020-07-24 10:05:52,217: Reward: 33.13439
INFO: 2020-07-24 10:05:52,217: Test sigma: 0.21997
INFO: 2020-07-24 10:05:52,218:  
INFO: 2020-07-24 10:19:25,199: Iterations: 710
INFO: 2020-07-24 10:19:25,199: Time steps: 46530560
INFO: 2020-07-24 10:19:25,199: Reward: 93.37830
INFO: 2020-07-24 10:19:25,199: Test sigma: 0.21286
INFO: 2020-07-24 10:19:25,199:  
INFO: 2020-07-24 10:19:25,199: Saving best parameters in /home/seanny/Dropbox/potentials/_3d/traj_3d/2-wps.pth.tar
INFO: 2020-07-24 10:32:57,739: Iterations: 720
INFO: 2020-07-24 10:32:57,739: Time steps: 47185920
INFO: 2020-07-24 10:32:57,739: Reward: 54.70737
INFO: 2020-07-24 10:32:57,739: Test sigma: 0.21315
INFO: 2020-07-24 10:32:57,739:  
INFO: 2020-07-24 10:46:33,212: Iterations: 730
INFO: 2020-07-24 10:46:33,212: Time steps: 47841280
INFO: 2020-07-24 10:46:33,212: Reward: 40.77711
INFO: 2020-07-24 10:46:33,212: Test sigma: 0.21562
INFO: 2020-07-24 10:46:33,212:  
INFO: 2020-07-24 11:00:03,792: Iterations: 740
INFO: 2020-07-24 11:00:03,792: Time steps: 48496640
INFO: 2020-07-24 11:00:03,793: Reward: 93.29369
INFO: 2020-07-24 11:00:03,793: Test sigma: 0.21645
INFO: 2020-07-24 11:00:03,793:  
INFO: 2020-07-24 11:13:38,484: Iterations: 750
INFO: 2020-07-24 11:13:38,485: Time steps: 49152000
INFO: 2020-07-24 11:13:38,485: Reward: 82.45420
INFO: 2020-07-24 11:13:38,485: Test sigma: 0.21144
INFO: 2020-07-24 11:13:38,485:  
INFO: 2020-07-24 11:27:09,410: Iterations: 760
INFO: 2020-07-24 11:27:09,411: Time steps: 49807360
INFO: 2020-07-24 11:27:09,411: Reward: 85.89164
INFO: 2020-07-24 11:27:09,411: Test sigma: 0.21517
INFO: 2020-07-24 11:27:09,411:  
INFO: 2020-07-24 11:40:40,987: Iterations: 770
INFO: 2020-07-24 11:40:40,987: Time steps: 50462720
INFO: 2020-07-24 11:40:40,988: Reward: 73.60339
INFO: 2020-07-24 11:40:40,988: Test sigma: 0.21591
INFO: 2020-07-24 11:40:40,988:  
INFO: 2020-07-24 11:54:16,141: Iterations: 780
INFO: 2020-07-24 11:54:16,142: Time steps: 51118080
INFO: 2020-07-24 11:54:16,142: Reward: 67.51404
INFO: 2020-07-24 11:54:16,142: Test sigma: 0.21950
INFO: 2020-07-24 11:54:16,142:  
INFO: 2020-07-24 12:07:47,764: Iterations: 790
INFO: 2020-07-24 12:07:47,764: Time steps: 51773440
INFO: 2020-07-24 12:07:47,764: Reward: 56.69583
INFO: 2020-07-24 12:07:47,764: Test sigma: 0.21659
INFO: 2020-07-24 12:07:47,764:  
INFO: 2020-07-24 12:21:17,876: Iterations: 800
INFO: 2020-07-24 12:21:17,876: Time steps: 52428800
INFO: 2020-07-24 12:21:17,876: Reward: 86.20840
INFO: 2020-07-24 12:21:17,877: Test sigma: 0.21645
INFO: 2020-07-24 12:21:17,877:  
