INFO: 2020-07-12 18:14:01,286:  
INFO: 2020-07-12 18:14:01,286: Initializing Soft Goals 3D Waypoint Navigation Environment
INFO: 2020-07-12 18:14:01,286: Working directory is /home/seanny/Dropbox/potentials/_3d/soft_3d/
INFO: 2020-07-12 18:14:01,286:  
INFO: 2020-07-12 18:14:01,286: ----------------------------------------------
INFO: 2020-07-12 18:14:01,286: Experiment Settings
INFO: 2020-07-12 18:14:01,286: ----------------------------------------------
INFO: 2020-07-12 18:14:01,286: Number of workers: 16
INFO: 2020-07-12 18:14:01,286: Batch size: 512
INFO: 2020-07-12 18:14:01,286: Iterations: 5000
INFO: 2020-07-12 18:14:01,286: Log interval: 10
INFO: 2020-07-12 18:14:01,286: Experiment runs: 5000
INFO: 2020-07-12 18:14:01,286: Number of test runs: 30
INFO: 2020-07-12 18:14:01,287: ----------------------------------------------
INFO: 2020-07-12 18:14:01,287: Network Parameters
INFO: 2020-07-12 18:14:01,287: ----------------------------------------------
INFO: 2020-07-12 18:14:01,287: Network input dim: 67
INFO: 2020-07-12 18:14:01,287: Network hidden dim: 512
INFO: 2020-07-12 18:14:01,287: Network layers: 2
INFO: 2020-07-12 18:14:01,287: Network output dim: 4
INFO: 2020-07-12 18:14:01,287: ----------------------------------------------
INFO: 2020-07-12 18:14:01,287: Environment Parameters
INFO: 2020-07-12 18:14:01,287: ----------------------------------------------
INFO: 2020-07-12 18:14:01,287: Trajectory length: 5
INFO: 2020-07-12 18:14:01,287: Obs future waypoints: 2
INFO: 2020-07-12 18:14:01,287: Distribution temperature: 150
INFO: 2020-07-12 18:14:01,287: Waypoint distance bounds: 0.5, 1.5
INFO: 2020-07-12 18:14:01,287: Maximum spread: 1.5707963267948966
INFO: 2020-07-12 18:14:02,476:  
INFO: 2020-07-12 18:14:02,476: Iterations: 0
INFO: 2020-07-12 18:14:02,476: Time steps: 0
INFO: 2020-07-12 18:14:02,476: Reward: -512.16530
INFO: 2020-07-12 18:14:02,476: Test sigma: 0.97305
INFO: 2020-07-12 18:14:02,476:  
INFO: 2020-07-12 18:14:41,659:  
INFO: 2020-07-12 18:14:41,659: Initializing Soft Goals 3D Waypoint Navigation Environment
INFO: 2020-07-12 18:14:41,659: Working directory is /home/seanny/Dropbox/potentials/_3d/soft_3d/
INFO: 2020-07-12 18:14:41,659:  
INFO: 2020-07-12 18:14:41,659: ----------------------------------------------
INFO: 2020-07-12 18:14:41,659: Experiment Settings
INFO: 2020-07-12 18:14:41,659: ----------------------------------------------
INFO: 2020-07-12 18:14:41,659: Number of workers: 64
INFO: 2020-07-12 18:14:41,659: Batch size: 1024
INFO: 2020-07-12 18:14:41,659: Iterations: 5000
INFO: 2020-07-12 18:14:41,659: Log interval: 10
INFO: 2020-07-12 18:14:41,659: Experiment runs: 5000
INFO: 2020-07-12 18:14:41,659: Number of test runs: 30
INFO: 2020-07-12 18:14:41,659: ----------------------------------------------
INFO: 2020-07-12 18:14:41,660: Network Parameters
INFO: 2020-07-12 18:14:41,660: ----------------------------------------------
INFO: 2020-07-12 18:14:41,660: Network input dim: 67
INFO: 2020-07-12 18:14:41,660: Network hidden dim: 512
INFO: 2020-07-12 18:14:41,660: Network layers: 2
INFO: 2020-07-12 18:14:41,660: Network output dim: 4
INFO: 2020-07-12 18:14:41,660: ----------------------------------------------
INFO: 2020-07-12 18:14:41,660: Environment Parameters
INFO: 2020-07-12 18:14:41,660: ----------------------------------------------
INFO: 2020-07-12 18:14:41,660: Trajectory length: 5
INFO: 2020-07-12 18:14:41,660: Obs future waypoints: 2
INFO: 2020-07-12 18:14:41,660: Distribution temperature: 150
INFO: 2020-07-12 18:14:41,660: Waypoint distance bounds: 0.5, 1.5
INFO: 2020-07-12 18:14:41,660: Maximum spread: 1.5707963267948966
INFO: 2020-07-12 18:14:42,795:  
INFO: 2020-07-12 18:14:42,795: Iterations: 0
INFO: 2020-07-12 18:14:42,795: Time steps: 0
INFO: 2020-07-12 18:14:42,795: Reward: -496.30200
INFO: 2020-07-12 18:14:42,795: Test sigma: 1.00295
INFO: 2020-07-12 18:14:42,795:  
INFO: 2020-07-12 18:29:36,463: Iterations: 10
INFO: 2020-07-12 18:29:36,463: Time steps: 655360
INFO: 2020-07-12 18:29:36,463: Reward: -508.05324
INFO: 2020-07-12 18:29:36,463: Test sigma: 0.94779
INFO: 2020-07-12 18:29:36,463:  
INFO: 2020-07-12 18:44:27,616: Iterations: 20
INFO: 2020-07-12 18:44:27,616: Time steps: 1310720
INFO: 2020-07-12 18:44:27,616: Reward: -499.43908
INFO: 2020-07-12 18:44:27,616: Test sigma: 0.88188
INFO: 2020-07-12 18:44:27,616:  
INFO: 2020-07-12 18:59:18,558: Iterations: 30
INFO: 2020-07-12 18:59:18,558: Time steps: 1966080
INFO: 2020-07-12 18:59:18,558: Reward: -405.65070
INFO: 2020-07-12 18:59:18,558: Test sigma: 0.79293
INFO: 2020-07-12 18:59:18,558:  
INFO: 2020-07-12 18:59:18,558: Saving best parameters in /home/seanny/Dropbox/potentials/_3d/soft_3d/2-wps.pth.tar
INFO: 2020-07-12 19:14:09,932: Iterations: 40
INFO: 2020-07-12 19:14:09,932: Time steps: 2621440
INFO: 2020-07-12 19:14:09,932: Reward: -335.91163
INFO: 2020-07-12 19:14:09,932: Test sigma: 0.56440
INFO: 2020-07-12 19:14:09,933:  
INFO: 2020-07-12 19:14:09,933: Saving best parameters in /home/seanny/Dropbox/potentials/_3d/soft_3d/2-wps.pth.tar
INFO: 2020-07-12 19:28:53,786: Iterations: 50
INFO: 2020-07-12 19:28:53,786: Time steps: 3276800
INFO: 2020-07-12 19:28:53,786: Reward: -95.22988
INFO: 2020-07-12 19:28:53,786: Test sigma: 0.35030
INFO: 2020-07-12 19:28:53,786:  
INFO: 2020-07-12 19:28:53,786: Saving best parameters in /home/seanny/Dropbox/potentials/_3d/soft_3d/2-wps.pth.tar
INFO: 2020-07-12 19:43:33,034: Iterations: 60
INFO: 2020-07-12 19:43:33,034: Time steps: 3932160
INFO: 2020-07-12 19:43:33,034: Reward: -77.67080
INFO: 2020-07-12 19:43:33,034: Test sigma: 0.34165
INFO: 2020-07-12 19:43:33,034:  
INFO: 2020-07-12 19:43:33,034: Saving best parameters in /home/seanny/Dropbox/potentials/_3d/soft_3d/2-wps.pth.tar
INFO: 2020-07-12 19:58:12,043: Iterations: 70
INFO: 2020-07-12 19:58:12,044: Time steps: 4587520
INFO: 2020-07-12 19:58:12,044: Reward: -60.23256
INFO: 2020-07-12 19:58:12,044: Test sigma: 0.34864
INFO: 2020-07-12 19:58:12,044:  
INFO: 2020-07-12 19:58:12,044: Saving best parameters in /home/seanny/Dropbox/potentials/_3d/soft_3d/2-wps.pth.tar
INFO: 2020-07-12 20:12:51,851: Iterations: 80
INFO: 2020-07-12 20:12:51,851: Time steps: 5242880
INFO: 2020-07-12 20:12:51,851: Reward: -77.73639
INFO: 2020-07-12 20:12:51,851: Test sigma: 0.33294
INFO: 2020-07-12 20:12:51,851:  
INFO: 2020-07-12 20:27:37,626: Iterations: 90
INFO: 2020-07-12 20:27:37,626: Time steps: 5898240
INFO: 2020-07-12 20:27:37,626: Reward: -71.80074
INFO: 2020-07-12 20:27:37,626: Test sigma: 0.35050
INFO: 2020-07-12 20:27:37,626:  
INFO: 2020-07-12 20:42:22,185: Iterations: 100
INFO: 2020-07-12 20:42:22,186: Time steps: 6553600
INFO: 2020-07-12 20:42:22,186: Reward: -69.38636
INFO: 2020-07-12 20:42:22,186: Test sigma: 0.34530
INFO: 2020-07-12 20:42:22,186:  
INFO: 2020-07-12 20:57:06,687: Iterations: 110
INFO: 2020-07-12 20:57:06,687: Time steps: 7208960
INFO: 2020-07-12 20:57:06,687: Reward: -66.00237
INFO: 2020-07-12 20:57:06,687: Test sigma: 0.36079
INFO: 2020-07-12 20:57:06,687:  
INFO: 2020-07-12 21:11:50,285: Iterations: 120
INFO: 2020-07-12 21:11:50,285: Time steps: 7864320
INFO: 2020-07-12 21:11:50,286: Reward: -69.31657
INFO: 2020-07-12 21:11:50,286: Test sigma: 0.34368
INFO: 2020-07-12 21:11:50,286:  
INFO: 2020-07-12 21:26:24,601: Iterations: 130
INFO: 2020-07-12 21:26:24,601: Time steps: 8519680
INFO: 2020-07-12 21:26:24,601: Reward: -73.48592
INFO: 2020-07-12 21:26:24,601: Test sigma: 0.33670
INFO: 2020-07-12 21:26:24,601:  
INFO: 2020-07-12 21:41:00,172: Iterations: 140
INFO: 2020-07-12 21:41:00,172: Time steps: 9175040
INFO: 2020-07-12 21:41:00,172: Reward: -75.18178
INFO: 2020-07-12 21:41:00,172: Test sigma: 0.33928
INFO: 2020-07-12 21:41:00,172:  
INFO: 2020-07-12 21:42:25,186:  
INFO: 2020-07-12 21:42:25,186: Initializing Soft Goals 3D Waypoint Navigation Environment
INFO: 2020-07-12 21:42:25,186: Working directory is /home/seanny/Dropbox/potentials/_3d/soft_3d/
INFO: 2020-07-12 21:42:25,186:  
INFO: 2020-07-12 21:42:25,186: ----------------------------------------------
INFO: 2020-07-12 21:42:25,186: Experiment Settings
INFO: 2020-07-12 21:42:25,186: ----------------------------------------------
INFO: 2020-07-12 21:42:25,186: Number of workers: 64
INFO: 2020-07-12 21:42:25,187: Batch size: 1024
INFO: 2020-07-12 21:42:25,187: Iterations: 5000
INFO: 2020-07-12 21:42:25,187: Log interval: 10
INFO: 2020-07-12 21:42:25,187: Experiment runs: 5000
INFO: 2020-07-12 21:42:25,187: Number of test runs: 30
INFO: 2020-07-12 21:42:25,187: ----------------------------------------------
INFO: 2020-07-12 21:42:25,187: Network Parameters
INFO: 2020-07-12 21:42:25,187: ----------------------------------------------
INFO: 2020-07-12 21:42:25,187: Network input dim: 67
INFO: 2020-07-12 21:42:25,187: Network hidden dim: 512
INFO: 2020-07-12 21:42:25,187: Network layers: 2
INFO: 2020-07-12 21:42:25,188: Network output dim: 4
INFO: 2020-07-12 21:42:25,188: ----------------------------------------------
INFO: 2020-07-12 21:42:25,188: Environment Parameters
INFO: 2020-07-12 21:42:25,188: ----------------------------------------------
INFO: 2020-07-12 21:42:25,188: Trajectory length: 5
INFO: 2020-07-12 21:42:25,188: Obs future waypoints: 2
INFO: 2020-07-12 21:42:25,188: Distribution temperature: 150
INFO: 2020-07-12 21:42:25,188: Waypoint distance bounds: 0.5, 1.5
INFO: 2020-07-12 21:42:25,188: Maximum spread: 1.5707963267948966
INFO: 2020-07-12 21:42:26,139:  
INFO: 2020-07-12 21:42:26,139: Iterations: 0
INFO: 2020-07-12 21:42:26,139: Time steps: 0
INFO: 2020-07-12 21:42:26,139: Reward: -482.38696
INFO: 2020-07-12 21:42:26,139: Test sigma: 1.04462
INFO: 2020-07-12 21:42:26,139:  
INFO: 2020-07-12 21:57:10,108: Iterations: 10
INFO: 2020-07-12 21:57:10,108: Time steps: 655360
INFO: 2020-07-12 21:57:10,108: Reward: -482.83692
INFO: 2020-07-12 21:57:10,108: Test sigma: 1.05930
INFO: 2020-07-12 21:57:10,108:  
INFO: 2020-07-12 22:12:03,226: Iterations: 20
INFO: 2020-07-12 22:12:03,226: Time steps: 1310720
INFO: 2020-07-12 22:12:03,226: Reward: -482.78551
INFO: 2020-07-12 22:12:03,226: Test sigma: 1.12110
INFO: 2020-07-12 22:12:03,227:  
INFO: 2020-07-12 22:26:58,389: Iterations: 30
INFO: 2020-07-12 22:26:58,389: Time steps: 1966080
INFO: 2020-07-12 22:26:58,389: Reward: -511.35846
INFO: 2020-07-12 22:26:58,389: Test sigma: 1.06535
INFO: 2020-07-12 22:26:58,389:  
INFO: 2020-07-12 22:41:42,829: Iterations: 40
INFO: 2020-07-12 22:41:42,829: Time steps: 2621440
INFO: 2020-07-12 22:41:42,829: Reward: -499.00790
INFO: 2020-07-12 22:41:42,830: Test sigma: 1.04500
INFO: 2020-07-12 22:41:42,830:  
INFO: 2020-07-12 22:56:32,708: Iterations: 50
INFO: 2020-07-12 22:56:32,709: Time steps: 3276800
INFO: 2020-07-12 22:56:32,709: Reward: -496.99114
INFO: 2020-07-12 22:56:32,709: Test sigma: 1.02416
INFO: 2020-07-12 22:56:32,709:  
INFO: 2020-07-12 23:11:23,088: Iterations: 60
INFO: 2020-07-12 23:11:23,088: Time steps: 3932160
INFO: 2020-07-12 23:11:23,088: Reward: -482.52896
INFO: 2020-07-12 23:11:23,088: Test sigma: 1.01908
INFO: 2020-07-12 23:11:23,088:  
INFO: 2020-07-12 23:26:13,095: Iterations: 70
INFO: 2020-07-12 23:26:13,095: Time steps: 4587520
INFO: 2020-07-12 23:26:13,095: Reward: -488.84514
INFO: 2020-07-12 23:26:13,095: Test sigma: 1.01662
INFO: 2020-07-12 23:26:13,095:  
INFO: 2020-07-12 23:41:01,176: Iterations: 80
INFO: 2020-07-12 23:41:01,176: Time steps: 5242880
INFO: 2020-07-12 23:41:01,176: Reward: -503.30963
INFO: 2020-07-12 23:41:01,176: Test sigma: 1.02343
INFO: 2020-07-12 23:41:01,177:  
INFO: 2020-07-12 23:55:50,217: Iterations: 90
INFO: 2020-07-12 23:55:50,217: Time steps: 5898240
INFO: 2020-07-12 23:55:50,218: Reward: -495.46451
INFO: 2020-07-12 23:55:50,218: Test sigma: 1.05100
INFO: 2020-07-12 23:55:50,218:  
INFO: 2020-07-13 00:10:35,970: Iterations: 100
INFO: 2020-07-13 00:10:35,971: Time steps: 6553600
INFO: 2020-07-13 00:10:35,971: Reward: -499.63279
INFO: 2020-07-13 00:10:35,971: Test sigma: 1.03119
INFO: 2020-07-13 00:10:35,971:  
INFO: 2020-07-13 00:25:20,926: Iterations: 110
INFO: 2020-07-13 00:25:20,926: Time steps: 7208960
INFO: 2020-07-13 00:25:20,926: Reward: -510.32218
INFO: 2020-07-13 00:25:20,926: Test sigma: 1.01614
INFO: 2020-07-13 00:25:20,926:  
INFO: 2020-07-13 00:40:03,343: Iterations: 120
INFO: 2020-07-13 00:40:03,343: Time steps: 7864320
INFO: 2020-07-13 00:40:03,343: Reward: -517.66419
INFO: 2020-07-13 00:40:03,343: Test sigma: 1.06553
INFO: 2020-07-13 00:40:03,343:  
INFO: 2020-07-13 00:54:50,601: Iterations: 130
INFO: 2020-07-13 00:54:50,601: Time steps: 8519680
INFO: 2020-07-13 00:54:50,601: Reward: -501.27645
INFO: 2020-07-13 00:54:50,602: Test sigma: 1.07286
INFO: 2020-07-13 00:54:50,602:  
INFO: 2020-07-13 01:09:39,434: Iterations: 140
INFO: 2020-07-13 01:09:39,434: Time steps: 9175040
INFO: 2020-07-13 01:09:39,434: Reward: -499.25779
INFO: 2020-07-13 01:09:39,435: Test sigma: 1.08574
INFO: 2020-07-13 01:09:39,435:  
INFO: 2020-07-13 01:24:26,926: Iterations: 150
INFO: 2020-07-13 01:24:26,926: Time steps: 9830400
INFO: 2020-07-13 01:24:26,927: Reward: -486.79796
INFO: 2020-07-13 01:24:26,927: Test sigma: 1.05609
INFO: 2020-07-13 01:24:26,927:  
INFO: 2020-07-13 01:39:09,764: Iterations: 160
INFO: 2020-07-13 01:39:09,764: Time steps: 10485760
INFO: 2020-07-13 01:39:09,764: Reward: -498.47118
INFO: 2020-07-13 01:39:09,764: Test sigma: 1.21885
INFO: 2020-07-13 01:39:09,764:  
INFO: 2020-07-13 01:54:00,058: Iterations: 170
INFO: 2020-07-13 01:54:00,058: Time steps: 11141120
INFO: 2020-07-13 01:54:00,058: Reward: -500.81454
INFO: 2020-07-13 01:54:00,058: Test sigma: 1.32696
INFO: 2020-07-13 01:54:00,058:  
INFO: 2020-07-13 02:08:44,123: Iterations: 180
INFO: 2020-07-13 02:08:44,123: Time steps: 11796480
INFO: 2020-07-13 02:08:44,123: Reward: -508.64552
INFO: 2020-07-13 02:08:44,124: Test sigma: 1.23725
INFO: 2020-07-13 02:08:44,124:  
INFO: 2020-07-13 02:23:34,065: Iterations: 190
INFO: 2020-07-13 02:23:34,066: Time steps: 12451840
INFO: 2020-07-13 02:23:34,066: Reward: -497.98535
INFO: 2020-07-13 02:23:34,066: Test sigma: 1.20540
INFO: 2020-07-13 02:23:34,066:  
INFO: 2020-07-13 02:38:20,895: Iterations: 200
INFO: 2020-07-13 02:38:20,895: Time steps: 13107200
INFO: 2020-07-13 02:38:20,895: Reward: -494.15356
INFO: 2020-07-13 02:38:20,895: Test sigma: 1.25369
INFO: 2020-07-13 02:38:20,895:  
INFO: 2020-07-13 02:53:07,114: Iterations: 210
INFO: 2020-07-13 02:53:07,114: Time steps: 13762560
INFO: 2020-07-13 02:53:07,114: Reward: -477.02331
INFO: 2020-07-13 02:53:07,114: Test sigma: 1.24809
INFO: 2020-07-13 02:53:07,114:  
INFO: 2020-07-13 02:53:07,115: Saving best parameters in /home/seanny/Dropbox/potentials/_3d/soft_3d/2-wps.pth.tar
INFO: 2020-07-13 03:07:50,360: Iterations: 220
INFO: 2020-07-13 03:07:50,360: Time steps: 14417920
INFO: 2020-07-13 03:07:50,360: Reward: -512.62083
INFO: 2020-07-13 03:07:50,360: Test sigma: 1.08830
INFO: 2020-07-13 03:07:50,360:  
INFO: 2020-07-13 03:22:31,802: Iterations: 230
INFO: 2020-07-13 03:22:31,803: Time steps: 15073280
INFO: 2020-07-13 03:22:31,803: Reward: -495.10797
INFO: 2020-07-13 03:22:31,803: Test sigma: 1.09503
INFO: 2020-07-13 03:22:31,803:  
INFO: 2020-07-13 03:37:15,769: Iterations: 240
INFO: 2020-07-13 03:37:15,769: Time steps: 15728640
INFO: 2020-07-13 03:37:15,769: Reward: -499.23802
INFO: 2020-07-13 03:37:15,770: Test sigma: 1.02025
INFO: 2020-07-13 03:37:15,770:  
INFO: 2020-07-13 03:52:02,193: Iterations: 250
INFO: 2020-07-13 03:52:02,193: Time steps: 16384000
INFO: 2020-07-13 03:52:02,194: Reward: -506.21514
INFO: 2020-07-13 03:52:02,194: Test sigma: 1.09440
INFO: 2020-07-13 03:52:02,194:  
INFO: 2020-07-13 04:06:45,867: Iterations: 260
INFO: 2020-07-13 04:06:45,867: Time steps: 17039360
INFO: 2020-07-13 04:06:45,867: Reward: -507.55020
INFO: 2020-07-13 04:06:45,867: Test sigma: 1.07703
INFO: 2020-07-13 04:06:45,867:  
INFO: 2020-07-13 04:21:28,875: Iterations: 270
INFO: 2020-07-13 04:21:28,875: Time steps: 17694720
INFO: 2020-07-13 04:21:28,875: Reward: -512.54537
INFO: 2020-07-13 04:21:28,876: Test sigma: 1.12273
INFO: 2020-07-13 04:21:28,876:  
INFO: 2020-07-13 04:36:11,671: Iterations: 280
INFO: 2020-07-13 04:36:11,671: Time steps: 18350080
INFO: 2020-07-13 04:36:11,671: Reward: -512.80880
INFO: 2020-07-13 04:36:11,671: Test sigma: 1.07566
INFO: 2020-07-13 04:36:11,671:  
INFO: 2020-07-13 04:50:55,629: Iterations: 290
INFO: 2020-07-13 04:50:55,629: Time steps: 19005440
INFO: 2020-07-13 04:50:55,629: Reward: -508.67040
INFO: 2020-07-13 04:50:55,629: Test sigma: 1.07408
INFO: 2020-07-13 04:50:55,629:  
INFO: 2020-07-13 05:05:40,038: Iterations: 300
INFO: 2020-07-13 05:05:40,038: Time steps: 19660800
INFO: 2020-07-13 05:05:40,038: Reward: -519.90377
INFO: 2020-07-13 05:05:40,038: Test sigma: 1.03726
INFO: 2020-07-13 05:05:40,038:  
INFO: 2020-07-13 05:20:28,569: Iterations: 310
INFO: 2020-07-13 05:20:28,569: Time steps: 20316160
INFO: 2020-07-13 05:20:28,569: Reward: -535.76083
INFO: 2020-07-13 05:20:28,569: Test sigma: 1.01579
INFO: 2020-07-13 05:20:28,569:  
INFO: 2020-07-13 05:35:13,167: Iterations: 320
INFO: 2020-07-13 05:35:13,167: Time steps: 20971520
INFO: 2020-07-13 05:35:13,167: Reward: -504.44334
INFO: 2020-07-13 05:35:13,167: Test sigma: 0.96590
INFO: 2020-07-13 05:35:13,167:  
INFO: 2020-07-13 05:49:57,315: Iterations: 330
INFO: 2020-07-13 05:49:57,315: Time steps: 21626880
INFO: 2020-07-13 05:49:57,315: Reward: -503.63381
INFO: 2020-07-13 05:49:57,315: Test sigma: 0.97088
INFO: 2020-07-13 05:49:57,316:  
INFO: 2020-07-13 06:04:41,036: Iterations: 340
INFO: 2020-07-13 06:04:41,036: Time steps: 22282240
INFO: 2020-07-13 06:04:41,036: Reward: -482.25889
INFO: 2020-07-13 06:04:41,037: Test sigma: 0.98990
INFO: 2020-07-13 06:04:41,037:  
INFO: 2020-07-13 06:19:21,011: Iterations: 350
INFO: 2020-07-13 06:19:21,011: Time steps: 22937600
INFO: 2020-07-13 06:19:21,011: Reward: -464.03536
INFO: 2020-07-13 06:19:21,011: Test sigma: 0.93210
INFO: 2020-07-13 06:19:21,011:  
INFO: 2020-07-13 06:19:21,011: Saving best parameters in /home/seanny/Dropbox/potentials/_3d/soft_3d/2-wps.pth.tar
INFO: 2020-07-13 06:34:01,875: Iterations: 360
INFO: 2020-07-13 06:34:01,876: Time steps: 23592960
INFO: 2020-07-13 06:34:01,876: Reward: -484.74000
INFO: 2020-07-13 06:34:01,876: Test sigma: 0.96965
INFO: 2020-07-13 06:34:01,876:  
INFO: 2020-07-13 06:48:47,342: Iterations: 370
INFO: 2020-07-13 06:48:47,342: Time steps: 24248320
INFO: 2020-07-13 06:48:47,342: Reward: -509.53332
INFO: 2020-07-13 06:48:47,342: Test sigma: 0.97919
INFO: 2020-07-13 06:48:47,343:  
INFO: 2020-07-13 07:03:34,267: Iterations: 380
INFO: 2020-07-13 07:03:34,268: Time steps: 24903680
INFO: 2020-07-13 07:03:34,268: Reward: -462.75737
INFO: 2020-07-13 07:03:34,268: Test sigma: 0.94783
INFO: 2020-07-13 07:03:34,268:  
INFO: 2020-07-13 07:03:34,268: Saving best parameters in /home/seanny/Dropbox/potentials/_3d/soft_3d/2-wps.pth.tar
INFO: 2020-07-13 07:18:21,852: Iterations: 390
INFO: 2020-07-13 07:18:21,852: Time steps: 25559040
INFO: 2020-07-13 07:18:21,852: Reward: -461.61702
INFO: 2020-07-13 07:18:21,852: Test sigma: 0.93327
INFO: 2020-07-13 07:18:21,852:  
INFO: 2020-07-13 07:18:21,852: Saving best parameters in /home/seanny/Dropbox/potentials/_3d/soft_3d/2-wps.pth.tar
INFO: 2020-07-13 07:33:07,554: Iterations: 400
INFO: 2020-07-13 07:33:07,554: Time steps: 26214400
INFO: 2020-07-13 07:33:07,554: Reward: -474.77985
INFO: 2020-07-13 07:33:07,554: Test sigma: 0.97061
INFO: 2020-07-13 07:33:07,554:  
INFO: 2020-07-13 07:47:51,017: Iterations: 410
INFO: 2020-07-13 07:47:51,017: Time steps: 26869760
INFO: 2020-07-13 07:47:51,017: Reward: -403.47818
INFO: 2020-07-13 07:47:51,017: Test sigma: 0.90727
INFO: 2020-07-13 07:47:51,017:  
INFO: 2020-07-13 07:47:51,017: Saving best parameters in /home/seanny/Dropbox/potentials/_3d/soft_3d/2-wps.pth.tar
INFO: 2020-07-13 08:02:34,922: Iterations: 420
INFO: 2020-07-13 08:02:34,922: Time steps: 27525120
INFO: 2020-07-13 08:02:34,922: Reward: -454.61312
INFO: 2020-07-13 08:02:34,922: Test sigma: 0.92948
INFO: 2020-07-13 08:02:34,922:  
INFO: 2020-07-13 08:17:17,580: Iterations: 430
INFO: 2020-07-13 08:17:17,580: Time steps: 28180480
INFO: 2020-07-13 08:17:17,581: Reward: -419.25181
INFO: 2020-07-13 08:17:17,581: Test sigma: 0.89620
INFO: 2020-07-13 08:17:17,581:  
INFO: 2020-07-13 08:32:00,696: Iterations: 440
INFO: 2020-07-13 08:32:00,696: Time steps: 28835840
INFO: 2020-07-13 08:32:00,696: Reward: -441.45776
INFO: 2020-07-13 08:32:00,696: Test sigma: 0.90557
INFO: 2020-07-13 08:32:00,696:  
INFO: 2020-07-13 08:46:46,318: Iterations: 450
INFO: 2020-07-13 08:46:46,319: Time steps: 29491200
INFO: 2020-07-13 08:46:46,319: Reward: -408.19802
INFO: 2020-07-13 08:46:46,319: Test sigma: 0.89027
INFO: 2020-07-13 08:46:46,319:  
