INFO: 2020-07-31 21:34:22,306:  
INFO: 2020-07-31 21:34:22,307: Initializing Hard Goals 2D Waypoint Navigation Environment
INFO: 2020-07-31 21:34:22,307: Working directory is /home/seanny/Dropbox/potentials/_2d/fan_2d/
INFO: 2020-07-31 21:34:22,307:  
INFO: 2020-07-31 21:34:22,307: ----------------------------------------------
INFO: 2020-07-31 21:34:22,307: Experiment Settings
INFO: 2020-07-31 21:34:22,307: ----------------------------------------------
INFO: 2020-07-31 21:34:22,307: Number of workers: 16
INFO: 2020-07-31 21:34:22,307: Batch size: 1024
INFO: 2020-07-31 21:34:22,307: Iterations: 2500
INFO: 2020-07-31 21:34:22,307: Log interval: 10
INFO: 2020-07-31 21:34:22,307: Experiment runs: 2500
INFO: 2020-07-31 21:34:22,307: Number of test runs: 30
INFO: 2020-07-31 21:34:22,307: ----------------------------------------------
INFO: 2020-07-31 21:34:22,307: Network Parameters
INFO: 2020-07-31 21:34:22,307: ----------------------------------------------
INFO: 2020-07-31 21:34:22,307: Network input dim: 22
INFO: 2020-07-31 21:34:22,307: Network hidden dim: 512
INFO: 2020-07-31 21:34:22,307: Network layers: 2
INFO: 2020-07-31 21:34:22,307: Network output dim: 2
INFO: 2020-07-31 21:34:22,307: ----------------------------------------------
INFO: 2020-07-31 21:34:22,307: Environment Parameters
INFO: 2020-07-31 21:34:22,308: ----------------------------------------------
INFO: 2020-07-31 21:34:22,308: Trajectory length: 2
INFO: 2020-07-31 21:34:22,308: Obs future waypoints: 1
INFO: 2020-07-31 21:34:22,308: Distribution temperature: 150
INFO: 2020-07-31 21:34:22,308: Waypoint distance bounds: 1, 2.5
INFO: 2020-07-31 21:34:22,308: Maximum spread: 1.5707963267948966
INFO: 2020-07-31 21:34:23,265:  
INFO: 2020-07-31 21:34:23,265: Iterations: 0
INFO: 2020-07-31 21:34:23,265: Time steps: 0
INFO: 2020-07-31 21:34:23,265: Reward: -63.02478
INFO: 2020-07-31 21:34:23,265: Test sigma: 0.93904
INFO: 2020-07-31 21:34:23,265:  
INFO: 2020-07-31 21:36:10,026:  
INFO: 2020-07-31 21:36:10,026: Initializing Hard Goals 2D Waypoint Navigation Environment
INFO: 2020-07-31 21:36:10,026: Working directory is /home/seanny/Dropbox/potentials/_2d/fan_2d/
INFO: 2020-07-31 21:36:10,026:  
INFO: 2020-07-31 21:36:10,026: ----------------------------------------------
INFO: 2020-07-31 21:36:10,026: Experiment Settings
INFO: 2020-07-31 21:36:10,026: ----------------------------------------------
INFO: 2020-07-31 21:36:10,026: Number of workers: 16
INFO: 2020-07-31 21:36:10,027: Batch size: 1024
INFO: 2020-07-31 21:36:10,027: Iterations: 2500
INFO: 2020-07-31 21:36:10,027: Log interval: 10
INFO: 2020-07-31 21:36:10,027: Experiment runs: 2500
INFO: 2020-07-31 21:36:10,027: Number of test runs: 30
INFO: 2020-07-31 21:36:10,027: ----------------------------------------------
INFO: 2020-07-31 21:36:10,027: Network Parameters
INFO: 2020-07-31 21:36:10,027: ----------------------------------------------
INFO: 2020-07-31 21:36:10,027: Network input dim: 22
INFO: 2020-07-31 21:36:10,027: Network hidden dim: 512
INFO: 2020-07-31 21:36:10,027: Network layers: 2
INFO: 2020-07-31 21:36:10,027: Network output dim: 2
INFO: 2020-07-31 21:36:10,027: ----------------------------------------------
INFO: 2020-07-31 21:36:10,027: Environment Parameters
INFO: 2020-07-31 21:36:10,027: ----------------------------------------------
INFO: 2020-07-31 21:36:10,028: Trajectory length: 2
INFO: 2020-07-31 21:36:10,028: Obs future waypoints: 1
INFO: 2020-07-31 21:36:10,028: Distribution temperature: 150
INFO: 2020-07-31 21:36:10,028: Waypoint distance bounds: 1, 2.5
INFO: 2020-07-31 21:36:10,028: Maximum spread: 1.5707963267948966
INFO: 2020-07-31 21:36:10,970:  
INFO: 2020-07-31 21:36:10,970: Iterations: 0
INFO: 2020-07-31 21:36:10,970: Time steps: 0
INFO: 2020-07-31 21:36:10,971: Reward: -60.80849
INFO: 2020-07-31 21:36:10,971: Test sigma: 0.93229
INFO: 2020-07-31 21:36:10,971:  
INFO: 2020-07-31 21:40:18,659: Iterations: 10
INFO: 2020-07-31 21:40:18,659: Time steps: 163840
INFO: 2020-07-31 21:40:18,659: Reward: -63.86666
INFO: 2020-07-31 21:40:18,659: Test sigma: 0.71713
INFO: 2020-07-31 21:40:18,659:  
INFO: 2020-07-31 21:43:59,692:  
INFO: 2020-07-31 21:43:59,692: Initializing Hard Goals 2D Waypoint Navigation Environment
INFO: 2020-07-31 21:43:59,692: Working directory is /home/seanny/Dropbox/potentials/_2d/fan_2d/
INFO: 2020-07-31 21:43:59,692:  
INFO: 2020-07-31 21:43:59,692: ----------------------------------------------
INFO: 2020-07-31 21:43:59,692: Experiment Settings
INFO: 2020-07-31 21:43:59,692: ----------------------------------------------
INFO: 2020-07-31 21:43:59,692: Number of workers: 16
INFO: 2020-07-31 21:43:59,692: Batch size: 1024
INFO: 2020-07-31 21:43:59,692: Iterations: 2500
INFO: 2020-07-31 21:43:59,692: Log interval: 10
INFO: 2020-07-31 21:43:59,692: Experiment runs: 2500
INFO: 2020-07-31 21:43:59,693: Number of test runs: 30
INFO: 2020-07-31 21:43:59,693: ----------------------------------------------
INFO: 2020-07-31 21:43:59,693: Network Parameters
INFO: 2020-07-31 21:43:59,693: ----------------------------------------------
INFO: 2020-07-31 21:43:59,693: Network input dim: 22
INFO: 2020-07-31 21:43:59,693: Network hidden dim: 512
INFO: 2020-07-31 21:43:59,693: Network layers: 2
INFO: 2020-07-31 21:43:59,693: Network output dim: 2
INFO: 2020-07-31 21:43:59,693: ----------------------------------------------
INFO: 2020-07-31 21:43:59,693: Environment Parameters
INFO: 2020-07-31 21:43:59,693: ----------------------------------------------
INFO: 2020-07-31 21:43:59,693: Trajectory length: 2
INFO: 2020-07-31 21:43:59,693: Obs future waypoints: 1
INFO: 2020-07-31 21:43:59,693: Distribution temperature: 150
INFO: 2020-07-31 21:43:59,693: Waypoint distance bounds: 1, 2.5
INFO: 2020-07-31 21:43:59,693: Maximum spread: 1.5707963267948966
INFO: 2020-07-31 21:46:25,626:  
INFO: 2020-07-31 21:46:25,626: Initializing Hard Goals 2D Waypoint Navigation Environment
INFO: 2020-07-31 21:46:25,626: Working directory is /home/seanny/Dropbox/potentials/_2d/fan_2d/
INFO: 2020-07-31 21:46:25,626:  
INFO: 2020-07-31 21:46:25,626: ----------------------------------------------
INFO: 2020-07-31 21:46:25,626: Experiment Settings
INFO: 2020-07-31 21:46:25,626: ----------------------------------------------
INFO: 2020-07-31 21:46:25,627: Number of workers: 16
INFO: 2020-07-31 21:46:25,627: Batch size: 1024
INFO: 2020-07-31 21:46:25,627: Iterations: 2500
INFO: 2020-07-31 21:46:25,627: Log interval: 10
INFO: 2020-07-31 21:46:25,627: Experiment runs: 2500
INFO: 2020-07-31 21:46:25,627: Number of test runs: 30
INFO: 2020-07-31 21:46:25,627: ----------------------------------------------
INFO: 2020-07-31 21:46:25,627: Network Parameters
INFO: 2020-07-31 21:46:25,627: ----------------------------------------------
INFO: 2020-07-31 21:46:25,627: Network input dim: 22
INFO: 2020-07-31 21:46:25,627: Network hidden dim: 512
INFO: 2020-07-31 21:46:25,627: Network layers: 2
INFO: 2020-07-31 21:46:25,628: Network output dim: 2
INFO: 2020-07-31 21:46:25,628: ----------------------------------------------
INFO: 2020-07-31 21:46:25,628: Environment Parameters
INFO: 2020-07-31 21:46:25,628: ----------------------------------------------
INFO: 2020-07-31 21:46:25,628: Trajectory length: 2
INFO: 2020-07-31 21:46:25,628: Obs future waypoints: 1
INFO: 2020-07-31 21:46:25,628: Distribution temperature: 150
INFO: 2020-07-31 21:46:25,628: Waypoint distance bounds: 1, 2.5
INFO: 2020-07-31 21:46:25,628: Maximum spread: 1.5707963267948966
INFO: 2020-07-31 21:46:59,583:  
INFO: 2020-07-31 21:46:59,583: Initializing Hard Goals 2D Waypoint Navigation Environment
INFO: 2020-07-31 21:46:59,583: Working directory is /home/seanny/Dropbox/potentials/_2d/fan_2d/
INFO: 2020-07-31 21:46:59,583:  
INFO: 2020-07-31 21:46:59,583: ----------------------------------------------
INFO: 2020-07-31 21:46:59,583: Experiment Settings
INFO: 2020-07-31 21:46:59,583: ----------------------------------------------
INFO: 2020-07-31 21:46:59,583: Number of workers: 16
INFO: 2020-07-31 21:46:59,583: Batch size: 1024
INFO: 2020-07-31 21:46:59,583: Iterations: 2500
INFO: 2020-07-31 21:46:59,583: Log interval: 10
INFO: 2020-07-31 21:46:59,584: Experiment runs: 2500
INFO: 2020-07-31 21:46:59,584: Number of test runs: 30
INFO: 2020-07-31 21:46:59,584: ----------------------------------------------
INFO: 2020-07-31 21:46:59,584: Network Parameters
INFO: 2020-07-31 21:46:59,584: ----------------------------------------------
INFO: 2020-07-31 21:46:59,584: Network input dim: 22
INFO: 2020-07-31 21:46:59,584: Network hidden dim: 512
INFO: 2020-07-31 21:46:59,584: Network layers: 2
INFO: 2020-07-31 21:46:59,584: Network output dim: 2
INFO: 2020-07-31 21:46:59,584: ----------------------------------------------
INFO: 2020-07-31 21:46:59,584: Environment Parameters
INFO: 2020-07-31 21:46:59,584: ----------------------------------------------
INFO: 2020-07-31 21:46:59,584: Trajectory length: 2
INFO: 2020-07-31 21:46:59,584: Obs future waypoints: 1
INFO: 2020-07-31 21:46:59,584: Distribution temperature: 150
INFO: 2020-07-31 21:46:59,585: Waypoint distance bounds: 1, 2.5
INFO: 2020-07-31 21:46:59,585: Maximum spread: 1.5707963267948966
INFO: 2020-07-31 21:48:15,108:  
INFO: 2020-07-31 21:48:15,109: Initializing Hard Goals 2D Waypoint Navigation Environment
INFO: 2020-07-31 21:48:15,109: Working directory is /home/seanny/Dropbox/potentials/_2d/fan_2d/
INFO: 2020-07-31 21:48:15,109:  
INFO: 2020-07-31 21:48:15,109: ----------------------------------------------
INFO: 2020-07-31 21:48:15,109: Experiment Settings
INFO: 2020-07-31 21:48:15,109: ----------------------------------------------
INFO: 2020-07-31 21:48:15,109: Number of workers: 16
INFO: 2020-07-31 21:48:15,109: Batch size: 1024
INFO: 2020-07-31 21:48:15,109: Iterations: 2500
INFO: 2020-07-31 21:48:15,109: Log interval: 10
INFO: 2020-07-31 21:48:15,109: Experiment runs: 2500
INFO: 2020-07-31 21:48:15,110: Number of test runs: 30
INFO: 2020-07-31 21:48:15,110: ----------------------------------------------
INFO: 2020-07-31 21:48:15,110: Network Parameters
INFO: 2020-07-31 21:48:15,110: ----------------------------------------------
INFO: 2020-07-31 21:48:15,110: Network input dim: 22
INFO: 2020-07-31 21:48:15,110: Network hidden dim: 512
INFO: 2020-07-31 21:48:15,110: Network layers: 2
INFO: 2020-07-31 21:48:15,110: Network output dim: 2
INFO: 2020-07-31 21:48:15,110: ----------------------------------------------
INFO: 2020-07-31 21:48:15,110: Environment Parameters
INFO: 2020-07-31 21:48:15,110: ----------------------------------------------
INFO: 2020-07-31 21:48:15,110: Trajectory length: 2
INFO: 2020-07-31 21:48:15,110: Obs future waypoints: 1
INFO: 2020-07-31 21:48:15,111: Distribution temperature: 150
INFO: 2020-07-31 21:48:15,111: Waypoint distance bounds: 1, 2.5
INFO: 2020-07-31 21:48:15,111: Maximum spread: 1.5707963267948966
INFO: 2020-07-31 21:49:15,071:  
INFO: 2020-07-31 21:49:15,071: Initializing Hard Goals 2D Waypoint Navigation Environment
INFO: 2020-07-31 21:49:15,071: Working directory is /home/seanny/Dropbox/potentials/_2d/fan_2d/
INFO: 2020-07-31 21:49:15,071:  
INFO: 2020-07-31 21:49:15,071: ----------------------------------------------
INFO: 2020-07-31 21:49:15,071: Experiment Settings
INFO: 2020-07-31 21:49:15,071: ----------------------------------------------
INFO: 2020-07-31 21:49:15,071: Number of workers: 16
INFO: 2020-07-31 21:49:15,072: Batch size: 1024
INFO: 2020-07-31 21:49:15,072: Iterations: 2500
INFO: 2020-07-31 21:49:15,072: Log interval: 10
INFO: 2020-07-31 21:49:15,072: Experiment runs: 2500
INFO: 2020-07-31 21:49:15,072: Number of test runs: 30
INFO: 2020-07-31 21:49:15,072: ----------------------------------------------
INFO: 2020-07-31 21:49:15,072: Network Parameters
INFO: 2020-07-31 21:49:15,072: ----------------------------------------------
INFO: 2020-07-31 21:49:15,072: Network input dim: 22
INFO: 2020-07-31 21:49:15,072: Network hidden dim: 512
INFO: 2020-07-31 21:49:15,072: Network layers: 2
INFO: 2020-07-31 21:49:15,072: Network output dim: 2
INFO: 2020-07-31 21:49:15,072: ----------------------------------------------
INFO: 2020-07-31 21:49:15,072: Environment Parameters
INFO: 2020-07-31 21:49:15,072: ----------------------------------------------
INFO: 2020-07-31 21:49:15,072: Trajectory length: 2
INFO: 2020-07-31 21:49:15,072: Obs future waypoints: 1
INFO: 2020-07-31 21:49:15,073: Distribution temperature: 150
INFO: 2020-07-31 21:49:15,073: Waypoint distance bounds: 1, 2.5
INFO: 2020-07-31 21:49:15,073: Maximum spread: 1.5707963267948966
INFO: 2020-07-31 21:49:50,118:  
INFO: 2020-07-31 21:49:50,118: Initializing Hard Goals 2D Waypoint Navigation Environment
INFO: 2020-07-31 21:49:50,118: Working directory is /home/seanny/Dropbox/potentials/_2d/fan_2d/
INFO: 2020-07-31 21:49:50,119:  
INFO: 2020-07-31 21:49:50,119: ----------------------------------------------
INFO: 2020-07-31 21:49:50,119: Experiment Settings
INFO: 2020-07-31 21:49:50,119: ----------------------------------------------
INFO: 2020-07-31 21:49:50,119: Number of workers: 16
INFO: 2020-07-31 21:49:50,119: Batch size: 1024
INFO: 2020-07-31 21:49:50,119: Iterations: 2500
INFO: 2020-07-31 21:49:50,119: Log interval: 10
INFO: 2020-07-31 21:49:50,119: Experiment runs: 2500
INFO: 2020-07-31 21:49:50,119: Number of test runs: 30
INFO: 2020-07-31 21:49:50,119: ----------------------------------------------
INFO: 2020-07-31 21:49:50,119: Network Parameters
INFO: 2020-07-31 21:49:50,119: ----------------------------------------------
INFO: 2020-07-31 21:49:50,119: Network input dim: 22
INFO: 2020-07-31 21:49:50,119: Network hidden dim: 512
INFO: 2020-07-31 21:49:50,119: Network layers: 2
INFO: 2020-07-31 21:49:50,119: Network output dim: 2
INFO: 2020-07-31 21:49:50,119: ----------------------------------------------
INFO: 2020-07-31 21:49:50,119: Environment Parameters
INFO: 2020-07-31 21:49:50,119: ----------------------------------------------
INFO: 2020-07-31 21:49:50,119: Trajectory length: 2
INFO: 2020-07-31 21:49:50,119: Obs future waypoints: 1
INFO: 2020-07-31 21:49:50,120: Distribution temperature: 150
INFO: 2020-07-31 21:49:50,120: Waypoint distance bounds: 1, 2.5
INFO: 2020-07-31 21:49:50,120: Maximum spread: 1.5707963267948966
INFO: 2020-07-31 21:49:51,143:  
INFO: 2020-07-31 21:49:51,143: Iterations: 0
INFO: 2020-07-31 21:49:51,143: Time steps: 0
INFO: 2020-07-31 21:49:51,143: Reward: -87.34039
INFO: 2020-07-31 21:49:51,143: Test sigma: 0.97226
INFO: 2020-07-31 21:49:51,143:  
INFO: 2020-07-31 21:53:47,482: Iterations: 10
INFO: 2020-07-31 21:53:47,482: Time steps: 163840
INFO: 2020-07-31 21:53:47,483: Reward: -67.15405
INFO: 2020-07-31 21:53:47,483: Test sigma: 0.77268
INFO: 2020-07-31 21:53:47,483:  
INFO: 2020-07-31 21:53:47,483: Saving best parameters in /home/seanny/Dropbox/potentials/_2d/fan_2d/2-wps-0.1.pth.tar
INFO: 2020-07-31 21:57:47,342: Iterations: 20
INFO: 2020-07-31 21:57:47,342: Time steps: 327680
INFO: 2020-07-31 21:57:47,342: Reward: -62.21017
INFO: 2020-07-31 21:57:47,342: Test sigma: 0.66426
INFO: 2020-07-31 21:57:47,342:  
INFO: 2020-07-31 21:57:47,342: Saving best parameters in /home/seanny/Dropbox/potentials/_2d/fan_2d/2-wps-0.1.pth.tar
INFO: 2020-07-31 22:01:53,340: Iterations: 30
INFO: 2020-07-31 22:01:53,340: Time steps: 491520
INFO: 2020-07-31 22:01:53,340: Reward: -60.74498
INFO: 2020-07-31 22:01:53,340: Test sigma: 0.58227
INFO: 2020-07-31 22:01:53,340:  
INFO: 2020-07-31 22:01:53,340: Saving best parameters in /home/seanny/Dropbox/potentials/_2d/fan_2d/2-wps-0.1.pth.tar
INFO: 2020-07-31 22:06:06,282: Iterations: 40
INFO: 2020-07-31 22:06:06,282: Time steps: 655360
INFO: 2020-07-31 22:06:06,283: Reward: -60.90263
INFO: 2020-07-31 22:06:06,283: Test sigma: 0.55667
INFO: 2020-07-31 22:06:06,283:  
INFO: 2020-07-31 22:10:16,009: Iterations: 50
INFO: 2020-07-31 22:10:16,010: Time steps: 819200
INFO: 2020-07-31 22:10:16,010: Reward: -61.11571
INFO: 2020-07-31 22:10:16,010: Test sigma: 0.52711
INFO: 2020-07-31 22:10:16,010:  
INFO: 2020-07-31 22:14:19,585: Iterations: 60
INFO: 2020-07-31 22:14:19,585: Time steps: 983040
INFO: 2020-07-31 22:14:19,585: Reward: -61.09502
INFO: 2020-07-31 22:14:19,585: Test sigma: 0.53897
INFO: 2020-07-31 22:14:19,585:  
INFO: 2020-07-31 22:17:39,721:  
INFO: 2020-07-31 22:17:39,721: Initializing Hard Goals 2D Waypoint Navigation Environment
INFO: 2020-07-31 22:17:39,721: Working directory is /home/seanny/Dropbox/potentials/_2d/fan_2d/
INFO: 2020-07-31 22:17:39,721:  
INFO: 2020-07-31 22:17:39,722: ----------------------------------------------
INFO: 2020-07-31 22:17:39,722: Experiment Settings
INFO: 2020-07-31 22:17:39,722: ----------------------------------------------
INFO: 2020-07-31 22:17:39,722: Number of workers: 16
INFO: 2020-07-31 22:17:39,722: Batch size: 1024
INFO: 2020-07-31 22:17:39,722: Iterations: 2500
INFO: 2020-07-31 22:17:39,722: Log interval: 10
INFO: 2020-07-31 22:17:39,722: Experiment runs: 2500
INFO: 2020-07-31 22:17:39,722: Number of test runs: 30
INFO: 2020-07-31 22:17:39,722: ----------------------------------------------
INFO: 2020-07-31 22:17:39,722: Network Parameters
INFO: 2020-07-31 22:17:39,722: ----------------------------------------------
INFO: 2020-07-31 22:17:39,722: Network input dim: 22
INFO: 2020-07-31 22:17:39,722: Network hidden dim: 512
INFO: 2020-07-31 22:17:39,723: Network layers: 2
INFO: 2020-07-31 22:17:39,723: Network output dim: 2
INFO: 2020-07-31 22:17:39,723: ----------------------------------------------
INFO: 2020-07-31 22:17:39,723: Environment Parameters
INFO: 2020-07-31 22:17:39,723: ----------------------------------------------
INFO: 2020-07-31 22:17:39,723: Trajectory length: 2
INFO: 2020-07-31 22:17:39,723: Obs future waypoints: 1
INFO: 2020-07-31 22:17:39,723: Distribution temperature: 150
INFO: 2020-07-31 22:17:39,723: Waypoint distance bounds: 1, 2.5
INFO: 2020-07-31 22:17:39,723: Maximum spread: 1.5707963267948966
INFO: 2020-07-31 22:17:40,719:  
INFO: 2020-07-31 22:17:40,719: Iterations: 0
INFO: 2020-07-31 22:17:40,720: Time steps: 0
INFO: 2020-07-31 22:17:40,720: Reward: -76.24123
INFO: 2020-07-31 22:17:40,720: Test sigma: 0.99083
INFO: 2020-07-31 22:17:40,720:  
INFO: 2020-07-31 22:21:57,536: Iterations: 10
INFO: 2020-07-31 22:21:57,536: Time steps: 163840
INFO: 2020-07-31 22:21:57,536: Reward: -67.81845
INFO: 2020-07-31 22:21:57,536: Test sigma: 0.84424
INFO: 2020-07-31 22:21:57,536:  
INFO: 2020-07-31 22:21:57,536: Saving best parameters in /home/seanny/Dropbox/potentials/_2d/fan_2d/2-wps-0.1.pth.tar
INFO: 2020-07-31 22:26:00,872: Iterations: 20
INFO: 2020-07-31 22:26:00,872: Time steps: 327680
INFO: 2020-07-31 22:26:00,872: Reward: -61.96565
INFO: 2020-07-31 22:26:00,872: Test sigma: 0.66102
INFO: 2020-07-31 22:26:00,872:  
INFO: 2020-07-31 22:26:00,872: Saving best parameters in /home/seanny/Dropbox/potentials/_2d/fan_2d/2-wps-0.1.pth.tar
INFO: 2020-07-31 22:30:01,231: Iterations: 30
INFO: 2020-07-31 22:30:01,231: Time steps: 491520
INFO: 2020-07-31 22:30:01,231: Reward: -60.44545
INFO: 2020-07-31 22:30:01,231: Test sigma: 0.57781
INFO: 2020-07-31 22:30:01,231:  
INFO: 2020-07-31 22:30:01,231: Saving best parameters in /home/seanny/Dropbox/potentials/_2d/fan_2d/2-wps-0.1.pth.tar
INFO: 2020-07-31 22:34:01,904: Iterations: 40
INFO: 2020-07-31 22:34:01,904: Time steps: 655360
INFO: 2020-07-31 22:34:01,904: Reward: -60.68006
INFO: 2020-07-31 22:34:01,904: Test sigma: 0.57595
INFO: 2020-07-31 22:34:01,904:  
INFO: 2020-07-31 22:38:02,141: Iterations: 50
INFO: 2020-07-31 22:38:02,141: Time steps: 819200
INFO: 2020-07-31 22:38:02,141: Reward: -60.56270
INFO: 2020-07-31 22:38:02,142: Test sigma: 0.56228
INFO: 2020-07-31 22:38:02,142:  
INFO: 2020-07-31 22:42:02,938: Iterations: 60
INFO: 2020-07-31 22:42:02,938: Time steps: 983040
INFO: 2020-07-31 22:42:02,938: Reward: -60.67959
INFO: 2020-07-31 22:42:02,938: Test sigma: 0.53155
INFO: 2020-07-31 22:42:02,938:  
INFO: 2020-07-31 22:46:04,420: Iterations: 70
INFO: 2020-07-31 22:46:04,421: Time steps: 1146880
INFO: 2020-07-31 22:46:04,421: Reward: -60.48015
INFO: 2020-07-31 22:46:04,421: Test sigma: 0.51445
INFO: 2020-07-31 22:46:04,421:  
INFO: 2020-07-31 22:50:05,172: Iterations: 80
INFO: 2020-07-31 22:50:05,172: Time steps: 1310720
INFO: 2020-07-31 22:50:05,172: Reward: -60.63578
INFO: 2020-07-31 22:50:05,172: Test sigma: 0.54192
INFO: 2020-07-31 22:50:05,172:  
INFO: 2020-07-31 22:54:05,551: Iterations: 90
INFO: 2020-07-31 22:54:05,551: Time steps: 1474560
INFO: 2020-07-31 22:54:05,551: Reward: -60.78892
INFO: 2020-07-31 22:54:05,551: Test sigma: 0.56276
INFO: 2020-07-31 22:54:05,551:  
INFO: 2020-07-31 22:58:05,942: Iterations: 100
INFO: 2020-07-31 22:58:05,942: Time steps: 1638400
INFO: 2020-07-31 22:58:05,942: Reward: -60.59636
INFO: 2020-07-31 22:58:05,942: Test sigma: 0.54260
INFO: 2020-07-31 22:58:05,942:  
INFO: 2020-07-31 23:02:06,964: Iterations: 110
INFO: 2020-07-31 23:02:06,964: Time steps: 1802240
INFO: 2020-07-31 23:02:06,964: Reward: -60.60422
INFO: 2020-07-31 23:02:06,964: Test sigma: 0.56298
INFO: 2020-07-31 23:02:06,965:  
INFO: 2020-07-31 23:06:07,548: Iterations: 120
INFO: 2020-07-31 23:06:07,548: Time steps: 1966080
INFO: 2020-07-31 23:06:07,548: Reward: -60.63641
INFO: 2020-07-31 23:06:07,548: Test sigma: 0.56182
INFO: 2020-07-31 23:06:07,548:  
INFO: 2020-07-31 23:10:08,003: Iterations: 130
INFO: 2020-07-31 23:10:08,004: Time steps: 2129920
INFO: 2020-07-31 23:10:08,004: Reward: -61.41088
INFO: 2020-07-31 23:10:08,004: Test sigma: 0.55100
INFO: 2020-07-31 23:10:08,004:  
INFO: 2020-07-31 23:14:09,437: Iterations: 140
INFO: 2020-07-31 23:14:09,437: Time steps: 2293760
INFO: 2020-07-31 23:14:09,437: Reward: -62.12798
INFO: 2020-07-31 23:14:09,437: Test sigma: 0.51092
INFO: 2020-07-31 23:14:09,437:  
INFO: 2020-07-31 23:18:10,023: Iterations: 150
INFO: 2020-07-31 23:18:10,023: Time steps: 2457600
INFO: 2020-07-31 23:18:10,023: Reward: -61.44505
INFO: 2020-07-31 23:18:10,023: Test sigma: 0.49071
INFO: 2020-07-31 23:18:10,023:  
INFO: 2020-07-31 23:22:10,571: Iterations: 160
INFO: 2020-07-31 23:22:10,571: Time steps: 2621440
INFO: 2020-07-31 23:22:10,571: Reward: -61.12901
INFO: 2020-07-31 23:22:10,571: Test sigma: 0.45182
INFO: 2020-07-31 23:22:10,571:  
INFO: 2020-07-31 23:26:11,248: Iterations: 170
INFO: 2020-07-31 23:26:11,249: Time steps: 2785280
INFO: 2020-07-31 23:26:11,249: Reward: -61.31454
INFO: 2020-07-31 23:26:11,249: Test sigma: 0.46468
INFO: 2020-07-31 23:26:11,249:  
INFO: 2020-07-31 23:30:11,735: Iterations: 180
INFO: 2020-07-31 23:30:11,735: Time steps: 2949120
INFO: 2020-07-31 23:30:11,735: Reward: -61.43126
INFO: 2020-07-31 23:30:11,735: Test sigma: 0.46127
INFO: 2020-07-31 23:30:11,735:  
INFO: 2020-07-31 23:34:12,471: Iterations: 190
INFO: 2020-07-31 23:34:12,472: Time steps: 3112960
INFO: 2020-07-31 23:34:12,472: Reward: -61.52218
INFO: 2020-07-31 23:34:12,472: Test sigma: 0.48087
INFO: 2020-07-31 23:34:12,472:  
INFO: 2020-07-31 23:38:13,140: Iterations: 200
INFO: 2020-07-31 23:38:13,140: Time steps: 3276800
INFO: 2020-07-31 23:38:13,140: Reward: -62.14798
INFO: 2020-07-31 23:38:13,140: Test sigma: 0.51418
INFO: 2020-07-31 23:38:13,140:  
INFO: 2020-07-31 23:42:14,551: Iterations: 210
INFO: 2020-07-31 23:42:14,551: Time steps: 3440640
INFO: 2020-07-31 23:42:14,551: Reward: -62.44786
INFO: 2020-07-31 23:42:14,551: Test sigma: 0.48985
INFO: 2020-07-31 23:42:14,551:  
INFO: 2020-07-31 23:46:15,370: Iterations: 220
INFO: 2020-07-31 23:46:15,370: Time steps: 3604480
INFO: 2020-07-31 23:46:15,370: Reward: -63.12107
INFO: 2020-07-31 23:46:15,370: Test sigma: 0.52844
INFO: 2020-07-31 23:46:15,371:  
INFO: 2020-07-31 23:50:16,071: Iterations: 230
INFO: 2020-07-31 23:50:16,072: Time steps: 3768320
INFO: 2020-07-31 23:50:16,072: Reward: -62.43832
INFO: 2020-07-31 23:50:16,072: Test sigma: 0.54372
INFO: 2020-07-31 23:50:16,072:  
INFO: 2020-07-31 23:54:17,175: Iterations: 240
INFO: 2020-07-31 23:54:17,176: Time steps: 3932160
INFO: 2020-07-31 23:54:17,176: Reward: -62.68504
INFO: 2020-07-31 23:54:17,176: Test sigma: 0.48474
INFO: 2020-07-31 23:54:17,176:  
INFO: 2020-07-31 23:58:18,349: Iterations: 250
INFO: 2020-07-31 23:58:18,349: Time steps: 4096000
INFO: 2020-07-31 23:58:18,349: Reward: -62.10132
INFO: 2020-07-31 23:58:18,349: Test sigma: 0.55117
INFO: 2020-07-31 23:58:18,349:  
INFO: 2020-08-01 00:02:19,566: Iterations: 260
INFO: 2020-08-01 00:02:19,566: Time steps: 4259840
INFO: 2020-08-01 00:02:19,566: Reward: -61.97892
INFO: 2020-08-01 00:02:19,566: Test sigma: 0.55811
INFO: 2020-08-01 00:02:19,566:  
INFO: 2020-08-01 00:06:20,648: Iterations: 270
INFO: 2020-08-01 00:06:20,648: Time steps: 4423680
INFO: 2020-08-01 00:06:20,648: Reward: -61.93499
INFO: 2020-08-01 00:06:20,648: Test sigma: 0.54775
INFO: 2020-08-01 00:06:20,648:  
INFO: 2020-08-01 00:10:21,499: Iterations: 280
INFO: 2020-08-01 00:10:21,499: Time steps: 4587520
INFO: 2020-08-01 00:10:21,499: Reward: -61.70951
INFO: 2020-08-01 00:10:21,499: Test sigma: 0.59186
INFO: 2020-08-01 00:10:21,499:  
INFO: 2020-08-01 00:14:22,772: Iterations: 290
INFO: 2020-08-01 00:14:22,772: Time steps: 4751360
INFO: 2020-08-01 00:14:22,772: Reward: -61.51314
INFO: 2020-08-01 00:14:22,772: Test sigma: 0.62800
INFO: 2020-08-01 00:14:22,772:  
INFO: 2020-08-01 00:18:23,387: Iterations: 300
INFO: 2020-08-01 00:18:23,388: Time steps: 4915200
INFO: 2020-08-01 00:18:23,388: Reward: -62.24116
INFO: 2020-08-01 00:18:23,388: Test sigma: 0.64711
INFO: 2020-08-01 00:18:23,388:  
INFO: 2020-08-01 00:22:24,066: Iterations: 310
INFO: 2020-08-01 00:22:24,067: Time steps: 5079040
INFO: 2020-08-01 00:22:24,067: Reward: -62.34814
INFO: 2020-08-01 00:22:24,067: Test sigma: 0.71800
INFO: 2020-08-01 00:22:24,067:  
INFO: 2020-08-01 00:26:24,870: Iterations: 320
INFO: 2020-08-01 00:26:24,871: Time steps: 5242880
INFO: 2020-08-01 00:26:24,871: Reward: -63.38059
INFO: 2020-08-01 00:26:24,871: Test sigma: 0.65736
INFO: 2020-08-01 00:26:24,871:  
INFO: 2020-08-01 00:30:25,858: Iterations: 330
INFO: 2020-08-01 00:30:25,858: Time steps: 5406720
INFO: 2020-08-01 00:30:25,858: Reward: -63.29164
INFO: 2020-08-01 00:30:25,858: Test sigma: 0.70704
INFO: 2020-08-01 00:30:25,858:  
INFO: 2020-08-01 00:34:26,799: Iterations: 340
INFO: 2020-08-01 00:34:26,799: Time steps: 5570560
INFO: 2020-08-01 00:34:26,799: Reward: -62.54592
INFO: 2020-08-01 00:34:26,799: Test sigma: 0.68969
INFO: 2020-08-01 00:34:26,799:  
INFO: 2020-08-01 00:38:27,935: Iterations: 350
INFO: 2020-08-01 00:38:27,935: Time steps: 5734400
INFO: 2020-08-01 00:38:27,935: Reward: -62.98133
INFO: 2020-08-01 00:38:27,935: Test sigma: 0.69946
INFO: 2020-08-01 00:38:27,935:  
INFO: 2020-08-01 00:42:28,706: Iterations: 360
INFO: 2020-08-01 00:42:28,706: Time steps: 5898240
INFO: 2020-08-01 00:42:28,706: Reward: -62.94097
INFO: 2020-08-01 00:42:28,707: Test sigma: 0.67901
INFO: 2020-08-01 00:42:28,707:  
INFO: 2020-08-01 00:46:29,871: Iterations: 370
INFO: 2020-08-01 00:46:29,872: Time steps: 6062080
INFO: 2020-08-01 00:46:29,872: Reward: -62.33386
INFO: 2020-08-01 00:46:29,872: Test sigma: 0.64045
INFO: 2020-08-01 00:46:29,872:  
INFO: 2020-08-01 00:50:30,786: Iterations: 380
INFO: 2020-08-01 00:50:30,787: Time steps: 6225920
INFO: 2020-08-01 00:50:30,787: Reward: -62.00487
INFO: 2020-08-01 00:50:30,787: Test sigma: 0.68311
INFO: 2020-08-01 00:50:30,787:  
INFO: 2020-08-01 00:54:31,675: Iterations: 390
INFO: 2020-08-01 00:54:31,675: Time steps: 6389760
INFO: 2020-08-01 00:54:31,675: Reward: -61.82816
INFO: 2020-08-01 00:54:31,675: Test sigma: 0.68005
INFO: 2020-08-01 00:54:31,675:  
INFO: 2020-08-01 00:58:32,243: Iterations: 400
INFO: 2020-08-01 00:58:32,243: Time steps: 6553600
INFO: 2020-08-01 00:58:32,243: Reward: -61.97382
INFO: 2020-08-01 00:58:32,243: Test sigma: 0.73733
INFO: 2020-08-01 00:58:32,243:  
INFO: 2020-08-01 01:02:33,373: Iterations: 410
INFO: 2020-08-01 01:02:33,373: Time steps: 6717440
INFO: 2020-08-01 01:02:33,373: Reward: -62.20497
INFO: 2020-08-01 01:02:33,373: Test sigma: 0.65625
INFO: 2020-08-01 01:02:33,373:  
INFO: 2020-08-01 01:06:34,211: Iterations: 420
INFO: 2020-08-01 01:06:34,212: Time steps: 6881280
INFO: 2020-08-01 01:06:34,212: Reward: -62.65124
INFO: 2020-08-01 01:06:34,212: Test sigma: 0.62823
INFO: 2020-08-01 01:06:34,212:  
INFO: 2020-08-01 01:10:34,994: Iterations: 430
INFO: 2020-08-01 01:10:34,994: Time steps: 7045120
INFO: 2020-08-01 01:10:34,994: Reward: -61.41490
INFO: 2020-08-01 01:10:34,994: Test sigma: 0.68022
INFO: 2020-08-01 01:10:34,994:  
INFO: 2020-08-01 01:14:36,903: Iterations: 440
INFO: 2020-08-01 01:14:36,903: Time steps: 7208960
INFO: 2020-08-01 01:14:36,903: Reward: -61.79276
INFO: 2020-08-01 01:14:36,903: Test sigma: 0.66379
INFO: 2020-08-01 01:14:36,903:  
INFO: 2020-08-01 01:18:37,814: Iterations: 450
INFO: 2020-08-01 01:18:37,814: Time steps: 7372800
INFO: 2020-08-01 01:18:37,814: Reward: -63.21326
INFO: 2020-08-01 01:18:37,814: Test sigma: 0.71112
INFO: 2020-08-01 01:18:37,815:  
INFO: 2020-08-01 01:22:38,174: Iterations: 460
INFO: 2020-08-01 01:22:38,175: Time steps: 7536640
INFO: 2020-08-01 01:22:38,175: Reward: -64.99492
INFO: 2020-08-01 01:22:38,175: Test sigma: 0.66266
INFO: 2020-08-01 01:22:38,175:  
INFO: 2020-08-01 01:26:38,869: Iterations: 470
INFO: 2020-08-01 01:26:38,869: Time steps: 7700480
INFO: 2020-08-01 01:26:38,869: Reward: -69.29486
INFO: 2020-08-01 01:26:38,870: Test sigma: 0.64979
INFO: 2020-08-01 01:26:38,870:  
INFO: 2020-08-01 01:30:39,645: Iterations: 480
INFO: 2020-08-01 01:30:39,645: Time steps: 7864320
INFO: 2020-08-01 01:30:39,645: Reward: -72.07748
INFO: 2020-08-01 01:30:39,645: Test sigma: 0.63279
INFO: 2020-08-01 01:30:39,645:  
INFO: 2020-08-01 01:34:40,334: Iterations: 490
INFO: 2020-08-01 01:34:40,334: Time steps: 8028160
INFO: 2020-08-01 01:34:40,334: Reward: -74.64162
INFO: 2020-08-01 01:34:40,334: Test sigma: 0.59333
INFO: 2020-08-01 01:34:40,334:  
INFO: 2020-08-01 01:38:41,309: Iterations: 500
INFO: 2020-08-01 01:38:41,309: Time steps: 8192000
INFO: 2020-08-01 01:38:41,310: Reward: -74.74555
INFO: 2020-08-01 01:38:41,310: Test sigma: 0.55452
INFO: 2020-08-01 01:38:41,310:  
INFO: 2020-08-01 01:42:43,129: Iterations: 510
INFO: 2020-08-01 01:42:43,129: Time steps: 8355840
INFO: 2020-08-01 01:42:43,129: Reward: -75.53987
INFO: 2020-08-01 01:42:43,129: Test sigma: 0.51688
INFO: 2020-08-01 01:42:43,129:  
INFO: 2020-08-01 01:46:44,835: Iterations: 520
INFO: 2020-08-01 01:46:44,835: Time steps: 8519680
INFO: 2020-08-01 01:46:44,835: Reward: -74.88344
INFO: 2020-08-01 01:46:44,835: Test sigma: 0.47900
INFO: 2020-08-01 01:46:44,835:  
INFO: 2020-08-01 01:50:46,532: Iterations: 530
INFO: 2020-08-01 01:50:46,532: Time steps: 8683520
INFO: 2020-08-01 01:50:46,532: Reward: -74.72040
INFO: 2020-08-01 01:50:46,532: Test sigma: 0.49585
INFO: 2020-08-01 01:50:46,532:  
INFO: 2020-08-01 01:54:48,596: Iterations: 540
INFO: 2020-08-01 01:54:48,596: Time steps: 8847360
INFO: 2020-08-01 01:54:48,596: Reward: -76.36821
INFO: 2020-08-01 01:54:48,596: Test sigma: 0.46432
INFO: 2020-08-01 01:54:48,596:  
INFO: 2020-08-01 01:58:50,624: Iterations: 550
INFO: 2020-08-01 01:58:50,624: Time steps: 9011200
INFO: 2020-08-01 01:58:50,624: Reward: -75.77165
INFO: 2020-08-01 01:58:50,624: Test sigma: 0.45629
INFO: 2020-08-01 01:58:50,624:  
INFO: 2020-08-01 02:02:52,665: Iterations: 560
INFO: 2020-08-01 02:02:52,665: Time steps: 9175040
INFO: 2020-08-01 02:02:52,665: Reward: -76.38894
INFO: 2020-08-01 02:02:52,665: Test sigma: 0.44972
INFO: 2020-08-01 02:02:52,665:  
INFO: 2020-08-01 02:06:54,351: Iterations: 570
INFO: 2020-08-01 02:06:54,351: Time steps: 9338880
INFO: 2020-08-01 02:06:54,351: Reward: -75.91512
INFO: 2020-08-01 02:06:54,351: Test sigma: 0.42768
INFO: 2020-08-01 02:06:54,351:  
INFO: 2020-08-01 02:10:55,842: Iterations: 580
INFO: 2020-08-01 02:10:55,842: Time steps: 9502720
INFO: 2020-08-01 02:10:55,842: Reward: -74.80467
INFO: 2020-08-01 02:10:55,842: Test sigma: 0.42849
INFO: 2020-08-01 02:10:55,842:  
INFO: 2020-08-01 02:14:57,793: Iterations: 590
INFO: 2020-08-01 02:14:57,794: Time steps: 9666560
INFO: 2020-08-01 02:14:57,794: Reward: -76.54789
INFO: 2020-08-01 02:14:57,794: Test sigma: 0.42194
INFO: 2020-08-01 02:14:57,794:  
INFO: 2020-08-01 02:18:59,298: Iterations: 600
INFO: 2020-08-01 02:18:59,298: Time steps: 9830400
INFO: 2020-08-01 02:18:59,298: Reward: -76.66525
INFO: 2020-08-01 02:18:59,298: Test sigma: 0.41211
INFO: 2020-08-01 02:18:59,298:  
INFO: 2020-08-01 02:23:01,250: Iterations: 610
INFO: 2020-08-01 02:23:01,251: Time steps: 9994240
INFO: 2020-08-01 02:23:01,251: Reward: -78.18421
INFO: 2020-08-01 02:23:01,251: Test sigma: 0.40127
INFO: 2020-08-01 02:23:01,251:  
INFO: 2020-08-01 02:27:03,205: Iterations: 620
INFO: 2020-08-01 02:27:03,205: Time steps: 10158080
INFO: 2020-08-01 02:27:03,206: Reward: -76.82893
INFO: 2020-08-01 02:27:03,206: Test sigma: 0.38982
INFO: 2020-08-01 02:27:03,206:  
INFO: 2020-08-01 02:31:05,207: Iterations: 630
INFO: 2020-08-01 02:31:05,208: Time steps: 10321920
INFO: 2020-08-01 02:31:05,208: Reward: -77.96251
INFO: 2020-08-01 02:31:05,208: Test sigma: 0.38433
INFO: 2020-08-01 02:31:05,208:  
INFO: 2020-08-01 02:35:07,598: Iterations: 640
INFO: 2020-08-01 02:35:07,598: Time steps: 10485760
INFO: 2020-08-01 02:35:07,598: Reward: -77.56211
INFO: 2020-08-01 02:35:07,598: Test sigma: 0.38424
INFO: 2020-08-01 02:35:07,598:  
INFO: 2020-08-01 02:39:09,521: Iterations: 650
INFO: 2020-08-01 02:39:09,521: Time steps: 10649600
INFO: 2020-08-01 02:39:09,521: Reward: -77.57705
INFO: 2020-08-01 02:39:09,521: Test sigma: 0.38863
INFO: 2020-08-01 02:39:09,521:  
INFO: 2020-08-01 02:43:12,258: Iterations: 660
INFO: 2020-08-01 02:43:12,259: Time steps: 10813440
INFO: 2020-08-01 02:43:12,259: Reward: -78.72500
INFO: 2020-08-01 02:43:12,259: Test sigma: 0.36992
INFO: 2020-08-01 02:43:12,259:  
INFO: 2020-08-01 02:47:14,003: Iterations: 670
INFO: 2020-08-01 02:47:14,003: Time steps: 10977280
INFO: 2020-08-01 02:47:14,003: Reward: -78.45810
INFO: 2020-08-01 02:47:14,003: Test sigma: 0.37219
INFO: 2020-08-01 02:47:14,004:  
INFO: 2020-08-01 02:51:15,645: Iterations: 680
INFO: 2020-08-01 02:51:15,645: Time steps: 11141120
INFO: 2020-08-01 02:51:15,645: Reward: -78.73614
INFO: 2020-08-01 02:51:15,645: Test sigma: 0.36093
INFO: 2020-08-01 02:51:15,645:  
INFO: 2020-08-01 02:55:17,697: Iterations: 690
INFO: 2020-08-01 02:55:17,697: Time steps: 11304960
INFO: 2020-08-01 02:55:17,697: Reward: -77.97612
INFO: 2020-08-01 02:55:17,697: Test sigma: 0.34202
INFO: 2020-08-01 02:55:17,697:  
INFO: 2020-08-01 02:59:19,868: Iterations: 700
INFO: 2020-08-01 02:59:19,868: Time steps: 11468800
INFO: 2020-08-01 02:59:19,868: Reward: -78.52506
INFO: 2020-08-01 02:59:19,868: Test sigma: 0.34114
INFO: 2020-08-01 02:59:19,868:  
INFO: 2020-08-01 03:03:21,900: Iterations: 710
INFO: 2020-08-01 03:03:21,900: Time steps: 11632640
INFO: 2020-08-01 03:03:21,900: Reward: -79.14622
INFO: 2020-08-01 03:03:21,901: Test sigma: 0.33783
INFO: 2020-08-01 03:03:21,901:  
INFO: 2020-08-01 03:07:23,722: Iterations: 720
INFO: 2020-08-01 03:07:23,722: Time steps: 11796480
INFO: 2020-08-01 03:07:23,722: Reward: -78.53992
INFO: 2020-08-01 03:07:23,723: Test sigma: 0.33965
INFO: 2020-08-01 03:07:23,723:  
INFO: 2020-08-01 03:11:25,399: Iterations: 730
INFO: 2020-08-01 03:11:25,399: Time steps: 11960320
INFO: 2020-08-01 03:11:25,399: Reward: -78.52473
INFO: 2020-08-01 03:11:25,399: Test sigma: 0.33339
INFO: 2020-08-01 03:11:25,399:  
INFO: 2020-08-01 03:15:28,187: Iterations: 740
INFO: 2020-08-01 03:15:28,187: Time steps: 12124160
INFO: 2020-08-01 03:15:28,187: Reward: -78.64798
INFO: 2020-08-01 03:15:28,187: Test sigma: 0.32898
INFO: 2020-08-01 03:15:28,187:  
INFO: 2020-08-01 03:19:30,283: Iterations: 750
INFO: 2020-08-01 03:19:30,283: Time steps: 12288000
INFO: 2020-08-01 03:19:30,283: Reward: -78.55869
INFO: 2020-08-01 03:19:30,283: Test sigma: 0.32361
INFO: 2020-08-01 03:19:30,283:  
INFO: 2020-08-01 03:23:32,130: Iterations: 760
INFO: 2020-08-01 03:23:32,131: Time steps: 12451840
INFO: 2020-08-01 03:23:32,131: Reward: -78.87537
INFO: 2020-08-01 03:23:32,131: Test sigma: 0.33749
INFO: 2020-08-01 03:23:32,131:  
INFO: 2020-08-01 03:27:34,033: Iterations: 770
INFO: 2020-08-01 03:27:34,033: Time steps: 12615680
INFO: 2020-08-01 03:27:34,033: Reward: -79.74727
INFO: 2020-08-01 03:27:34,033: Test sigma: 0.33602
INFO: 2020-08-01 03:27:34,033:  
INFO: 2020-08-01 03:31:35,707: Iterations: 780
INFO: 2020-08-01 03:31:35,707: Time steps: 12779520
INFO: 2020-08-01 03:31:35,708: Reward: -77.95621
INFO: 2020-08-01 03:31:35,708: Test sigma: 0.32837
INFO: 2020-08-01 03:31:35,708:  
INFO: 2020-08-01 03:35:37,649: Iterations: 790
INFO: 2020-08-01 03:35:37,649: Time steps: 12943360
INFO: 2020-08-01 03:35:37,649: Reward: -78.00909
INFO: 2020-08-01 03:35:37,650: Test sigma: 0.32783
INFO: 2020-08-01 03:35:37,650:  
INFO: 2020-08-01 03:39:39,803: Iterations: 800
INFO: 2020-08-01 03:39:39,803: Time steps: 13107200
INFO: 2020-08-01 03:39:39,803: Reward: -78.88982
INFO: 2020-08-01 03:39:39,803: Test sigma: 0.31424
INFO: 2020-08-01 03:39:39,803:  
INFO: 2020-08-01 03:43:42,922: Iterations: 810
INFO: 2020-08-01 03:43:42,922: Time steps: 13271040
INFO: 2020-08-01 03:43:42,922: Reward: -78.46845
INFO: 2020-08-01 03:43:42,922: Test sigma: 0.28871
INFO: 2020-08-01 03:43:42,922:  
INFO: 2020-08-01 03:47:44,798: Iterations: 820
INFO: 2020-08-01 03:47:44,798: Time steps: 13434880
INFO: 2020-08-01 03:47:44,798: Reward: -79.69938
INFO: 2020-08-01 03:47:44,798: Test sigma: 0.27895
INFO: 2020-08-01 03:47:44,798:  
INFO: 2020-08-01 03:51:46,622: Iterations: 830
INFO: 2020-08-01 03:51:46,622: Time steps: 13598720
INFO: 2020-08-01 03:51:46,622: Reward: -79.88886
INFO: 2020-08-01 03:51:46,622: Test sigma: 0.27719
INFO: 2020-08-01 03:51:46,622:  
INFO: 2020-08-01 03:55:48,189: Iterations: 840
INFO: 2020-08-01 03:55:48,190: Time steps: 13762560
INFO: 2020-08-01 03:55:48,190: Reward: -81.19610
INFO: 2020-08-01 03:55:48,190: Test sigma: 0.28675
INFO: 2020-08-01 03:55:48,190:  
INFO: 2020-08-01 03:59:49,994: Iterations: 850
INFO: 2020-08-01 03:59:49,994: Time steps: 13926400
INFO: 2020-08-01 03:59:49,994: Reward: -81.07437
INFO: 2020-08-01 03:59:49,994: Test sigma: 0.28288
INFO: 2020-08-01 03:59:49,994:  
INFO: 2020-08-01 04:03:51,605: Iterations: 860
INFO: 2020-08-01 04:03:51,606: Time steps: 14090240
INFO: 2020-08-01 04:03:51,606: Reward: -79.49800
INFO: 2020-08-01 04:03:51,606: Test sigma: 0.27157
INFO: 2020-08-01 04:03:51,606:  
INFO: 2020-08-01 04:07:53,289: Iterations: 870
INFO: 2020-08-01 04:07:53,289: Time steps: 14254080
INFO: 2020-08-01 04:07:53,289: Reward: -80.07245
INFO: 2020-08-01 04:07:53,289: Test sigma: 0.26169
INFO: 2020-08-01 04:07:53,289:  
INFO: 2020-08-01 04:11:54,845: Iterations: 880
INFO: 2020-08-01 04:11:54,846: Time steps: 14417920
INFO: 2020-08-01 04:11:54,846: Reward: -79.43750
INFO: 2020-08-01 04:11:54,846: Test sigma: 0.26479
INFO: 2020-08-01 04:11:54,846:  
INFO: 2020-08-01 04:15:57,377: Iterations: 890
INFO: 2020-08-01 04:15:57,378: Time steps: 14581760
INFO: 2020-08-01 04:15:57,378: Reward: -78.41131
INFO: 2020-08-01 04:15:57,378: Test sigma: 0.26063
INFO: 2020-08-01 04:15:57,378:  
INFO: 2020-08-01 04:19:59,309: Iterations: 900
INFO: 2020-08-01 04:19:59,309: Time steps: 14745600
INFO: 2020-08-01 04:19:59,309: Reward: -80.39259
INFO: 2020-08-01 04:19:59,310: Test sigma: 0.25796
INFO: 2020-08-01 04:19:59,310:  
INFO: 2020-08-01 04:24:01,199: Iterations: 910
INFO: 2020-08-01 04:24:01,199: Time steps: 14909440
INFO: 2020-08-01 04:24:01,200: Reward: -78.56753
INFO: 2020-08-01 04:24:01,200: Test sigma: 0.24977
INFO: 2020-08-01 04:24:01,200:  
INFO: 2020-08-01 04:28:02,488: Iterations: 920
INFO: 2020-08-01 04:28:02,488: Time steps: 15073280
INFO: 2020-08-01 04:28:02,488: Reward: -76.92857
INFO: 2020-08-01 04:28:02,488: Test sigma: 0.25070
INFO: 2020-08-01 04:28:02,488:  
INFO: 2020-08-01 04:32:04,650: Iterations: 930
INFO: 2020-08-01 04:32:04,650: Time steps: 15237120
INFO: 2020-08-01 04:32:04,650: Reward: -78.78756
INFO: 2020-08-01 04:32:04,650: Test sigma: 0.24912
INFO: 2020-08-01 04:32:04,650:  
INFO: 2020-08-01 04:36:07,003: Iterations: 940
INFO: 2020-08-01 04:36:07,003: Time steps: 15400960
INFO: 2020-08-01 04:36:07,003: Reward: -79.66454
INFO: 2020-08-01 04:36:07,003: Test sigma: 0.25138
INFO: 2020-08-01 04:36:07,003:  
INFO: 2020-08-01 04:40:08,883: Iterations: 950
INFO: 2020-08-01 04:40:08,883: Time steps: 15564800
INFO: 2020-08-01 04:40:08,883: Reward: -79.10099
INFO: 2020-08-01 04:40:08,883: Test sigma: 0.25522
INFO: 2020-08-01 04:40:08,883:  
INFO: 2020-08-01 04:44:11,512: Iterations: 960
INFO: 2020-08-01 04:44:11,512: Time steps: 15728640
INFO: 2020-08-01 04:44:11,512: Reward: -80.88650
INFO: 2020-08-01 04:44:11,513: Test sigma: 0.25796
INFO: 2020-08-01 04:44:11,513:  
INFO: 2020-08-01 04:48:13,205: Iterations: 970
INFO: 2020-08-01 04:48:13,205: Time steps: 15892480
INFO: 2020-08-01 04:48:13,205: Reward: -80.15037
INFO: 2020-08-01 04:48:13,205: Test sigma: 0.25663
INFO: 2020-08-01 04:48:13,205:  
INFO: 2020-08-01 04:52:15,081: Iterations: 980
INFO: 2020-08-01 04:52:15,081: Time steps: 16056320
INFO: 2020-08-01 04:52:15,081: Reward: -80.14019
INFO: 2020-08-01 04:52:15,081: Test sigma: 0.25412
INFO: 2020-08-01 04:52:15,081:  
INFO: 2020-08-01 04:56:16,672: Iterations: 990
INFO: 2020-08-01 04:56:16,673: Time steps: 16220160
INFO: 2020-08-01 04:56:16,673: Reward: -80.38918
INFO: 2020-08-01 04:56:16,673: Test sigma: 0.25169
INFO: 2020-08-01 04:56:16,673:  
INFO: 2020-08-01 05:00:18,653: Iterations: 1000
INFO: 2020-08-01 05:00:18,653: Time steps: 16384000
INFO: 2020-08-01 05:00:18,653: Reward: -81.15276
INFO: 2020-08-01 05:00:18,653: Test sigma: 0.25435
INFO: 2020-08-01 05:00:18,653:  
INFO: 2020-08-01 05:04:20,502: Iterations: 1010
INFO: 2020-08-01 05:04:20,502: Time steps: 16547840
INFO: 2020-08-01 05:04:20,502: Reward: -80.98300
INFO: 2020-08-01 05:04:20,502: Test sigma: 0.25227
INFO: 2020-08-01 05:04:20,502:  
INFO: 2020-08-01 05:08:22,545: Iterations: 1020
INFO: 2020-08-01 05:08:22,545: Time steps: 16711680
INFO: 2020-08-01 05:08:22,545: Reward: -79.41175
INFO: 2020-08-01 05:08:22,546: Test sigma: 0.24354
INFO: 2020-08-01 05:08:22,546:  
INFO: 2020-08-01 05:12:24,464: Iterations: 1030
INFO: 2020-08-01 05:12:24,464: Time steps: 16875520
INFO: 2020-08-01 05:12:24,464: Reward: -79.59498
INFO: 2020-08-01 05:12:24,464: Test sigma: 0.24520
INFO: 2020-08-01 05:12:24,464:  
INFO: 2020-08-01 05:16:26,429: Iterations: 1040
INFO: 2020-08-01 05:16:26,430: Time steps: 17039360
INFO: 2020-08-01 05:16:26,430: Reward: -79.70868
INFO: 2020-08-01 05:16:26,430: Test sigma: 0.24815
INFO: 2020-08-01 05:16:26,430:  
INFO: 2020-08-01 05:20:28,176: Iterations: 1050
INFO: 2020-08-01 05:20:28,177: Time steps: 17203200
INFO: 2020-08-01 05:20:28,177: Reward: -81.32053
INFO: 2020-08-01 05:20:28,177: Test sigma: 0.24781
INFO: 2020-08-01 05:20:28,177:  
INFO: 2020-08-01 05:24:29,807: Iterations: 1060
INFO: 2020-08-01 05:24:29,808: Time steps: 17367040
INFO: 2020-08-01 05:24:29,808: Reward: -83.16993
INFO: 2020-08-01 05:24:29,808: Test sigma: 0.24144
INFO: 2020-08-01 05:24:29,808:  
INFO: 2020-08-01 05:28:31,202: Iterations: 1070
INFO: 2020-08-01 05:28:31,202: Time steps: 17530880
INFO: 2020-08-01 05:28:31,202: Reward: -81.40900
INFO: 2020-08-01 05:28:31,202: Test sigma: 0.24183
INFO: 2020-08-01 05:28:31,202:  
INFO: 2020-08-01 05:32:33,110: Iterations: 1080
INFO: 2020-08-01 05:32:33,110: Time steps: 17694720
INFO: 2020-08-01 05:32:33,110: Reward: -83.17823
INFO: 2020-08-01 05:32:33,110: Test sigma: 0.24233
INFO: 2020-08-01 05:32:33,110:  
INFO: 2020-08-01 05:36:35,459: Iterations: 1090
INFO: 2020-08-01 05:36:35,459: Time steps: 17858560
INFO: 2020-08-01 05:36:35,459: Reward: -86.06296
INFO: 2020-08-01 05:36:35,459: Test sigma: 0.24238
INFO: 2020-08-01 05:36:35,459:  
INFO: 2020-08-01 05:40:37,993: Iterations: 1100
INFO: 2020-08-01 05:40:37,993: Time steps: 18022400
INFO: 2020-08-01 05:40:37,993: Reward: -83.99375
INFO: 2020-08-01 05:40:37,994: Test sigma: 0.23329
INFO: 2020-08-01 05:40:37,994:  
INFO: 2020-08-01 05:44:40,996: Iterations: 1110
INFO: 2020-08-01 05:44:40,996: Time steps: 18186240
INFO: 2020-08-01 05:44:40,996: Reward: -82.37321
INFO: 2020-08-01 05:44:40,996: Test sigma: 0.22428
INFO: 2020-08-01 05:44:40,997:  
INFO: 2020-08-01 05:48:43,659: Iterations: 1120
INFO: 2020-08-01 05:48:43,659: Time steps: 18350080
INFO: 2020-08-01 05:48:43,659: Reward: -83.53387
INFO: 2020-08-01 05:48:43,659: Test sigma: 0.23196
INFO: 2020-08-01 05:48:43,659:  
INFO: 2020-08-01 05:52:45,994: Iterations: 1130
INFO: 2020-08-01 05:52:45,994: Time steps: 18513920
INFO: 2020-08-01 05:52:45,995: Reward: -83.17410
INFO: 2020-08-01 05:52:45,995: Test sigma: 0.22419
INFO: 2020-08-01 05:52:45,995:  
INFO: 2020-08-01 05:56:48,384: Iterations: 1140
INFO: 2020-08-01 05:56:48,384: Time steps: 18677760
INFO: 2020-08-01 05:56:48,384: Reward: -83.43508
INFO: 2020-08-01 05:56:48,384: Test sigma: 0.22437
INFO: 2020-08-01 05:56:48,384:  
INFO: 2020-08-01 06:00:50,697: Iterations: 1150
INFO: 2020-08-01 06:00:50,698: Time steps: 18841600
INFO: 2020-08-01 06:00:50,698: Reward: -83.74648
INFO: 2020-08-01 06:00:50,698: Test sigma: 0.22545
INFO: 2020-08-01 06:00:50,698:  
INFO: 2020-08-01 06:04:53,137: Iterations: 1160
INFO: 2020-08-01 06:04:53,138: Time steps: 19005440
INFO: 2020-08-01 06:04:53,138: Reward: -83.49766
INFO: 2020-08-01 06:04:53,138: Test sigma: 0.21990
INFO: 2020-08-01 06:04:53,138:  
INFO: 2020-08-01 06:08:55,566: Iterations: 1170
INFO: 2020-08-01 06:08:55,566: Time steps: 19169280
INFO: 2020-08-01 06:08:55,566: Reward: -83.25794
INFO: 2020-08-01 06:08:55,566: Test sigma: 0.21259
INFO: 2020-08-01 06:08:55,566:  
INFO: 2020-08-01 06:12:58,160: Iterations: 1180
INFO: 2020-08-01 06:12:58,161: Time steps: 19333120
INFO: 2020-08-01 06:12:58,161: Reward: -82.57851
INFO: 2020-08-01 06:12:58,161: Test sigma: 0.21064
INFO: 2020-08-01 06:12:58,161:  
INFO: 2020-08-01 06:17:02,407: Iterations: 1190
INFO: 2020-08-01 06:17:02,407: Time steps: 19496960
INFO: 2020-08-01 06:17:02,407: Reward: -83.95949
INFO: 2020-08-01 06:17:02,407: Test sigma: 0.21101
INFO: 2020-08-01 06:17:02,407:  
INFO: 2020-08-01 06:21:04,417: Iterations: 1200
INFO: 2020-08-01 06:21:04,418: Time steps: 19660800
INFO: 2020-08-01 06:21:04,418: Reward: -83.49027
INFO: 2020-08-01 06:21:04,418: Test sigma: 0.21125
INFO: 2020-08-01 06:21:04,418:  
INFO: 2020-08-01 06:25:06,673: Iterations: 1210
INFO: 2020-08-01 06:25:06,673: Time steps: 19824640
INFO: 2020-08-01 06:25:06,673: Reward: -82.05429
INFO: 2020-08-01 06:25:06,673: Test sigma: 0.21144
INFO: 2020-08-01 06:25:06,673:  
INFO: 2020-08-01 06:29:08,907: Iterations: 1220
INFO: 2020-08-01 06:29:08,907: Time steps: 19988480
INFO: 2020-08-01 06:29:08,907: Reward: -84.32724
INFO: 2020-08-01 06:29:08,907: Test sigma: 0.21561
INFO: 2020-08-01 06:29:08,908:  
INFO: 2020-08-01 06:33:11,236: Iterations: 1230
INFO: 2020-08-01 06:33:11,236: Time steps: 20152320
INFO: 2020-08-01 06:33:11,236: Reward: -84.21474
INFO: 2020-08-01 06:33:11,236: Test sigma: 0.21202
INFO: 2020-08-01 06:33:11,236:  
INFO: 2020-08-01 06:37:13,410: Iterations: 1240
INFO: 2020-08-01 06:37:13,410: Time steps: 20316160
INFO: 2020-08-01 06:37:13,410: Reward: -84.64867
INFO: 2020-08-01 06:37:13,410: Test sigma: 0.21062
INFO: 2020-08-01 06:37:13,410:  
INFO: 2020-08-01 06:41:15,500: Iterations: 1250
INFO: 2020-08-01 06:41:15,501: Time steps: 20480000
INFO: 2020-08-01 06:41:15,501: Reward: -85.56663
INFO: 2020-08-01 06:41:15,501: Test sigma: 0.21151
INFO: 2020-08-01 06:41:15,501:  
INFO: 2020-08-01 06:45:18,423: Iterations: 1260
INFO: 2020-08-01 06:45:18,423: Time steps: 20643840
INFO: 2020-08-01 06:45:18,423: Reward: -85.22431
INFO: 2020-08-01 06:45:18,423: Test sigma: 0.20402
INFO: 2020-08-01 06:45:18,423:  
INFO: 2020-08-01 06:49:20,766: Iterations: 1270
INFO: 2020-08-01 06:49:20,766: Time steps: 20807680
INFO: 2020-08-01 06:49:20,766: Reward: -85.43709
INFO: 2020-08-01 06:49:20,766: Test sigma: 0.20588
INFO: 2020-08-01 06:49:20,766:  
INFO: 2020-08-01 06:53:22,884: Iterations: 1280
INFO: 2020-08-01 06:53:22,884: Time steps: 20971520
INFO: 2020-08-01 06:53:22,884: Reward: -85.10625
INFO: 2020-08-01 06:53:22,884: Test sigma: 0.20565
INFO: 2020-08-01 06:53:22,884:  
INFO: 2020-08-01 06:57:25,407: Iterations: 1290
INFO: 2020-08-01 06:57:25,407: Time steps: 21135360
INFO: 2020-08-01 06:57:25,408: Reward: -84.85469
INFO: 2020-08-01 06:57:25,408: Test sigma: 0.20239
INFO: 2020-08-01 06:57:25,408:  
INFO: 2020-08-01 07:01:27,753: Iterations: 1300
INFO: 2020-08-01 07:01:27,753: Time steps: 21299200
INFO: 2020-08-01 07:01:27,753: Reward: -83.26084
INFO: 2020-08-01 07:01:27,753: Test sigma: 0.20231
INFO: 2020-08-01 07:01:27,753:  
INFO: 2020-08-01 07:05:30,244: Iterations: 1310
INFO: 2020-08-01 07:05:30,244: Time steps: 21463040
INFO: 2020-08-01 07:05:30,244: Reward: -84.09949
INFO: 2020-08-01 07:05:30,245: Test sigma: 0.20603
INFO: 2020-08-01 07:05:30,245:  
INFO: 2020-08-01 07:09:32,447: Iterations: 1320
INFO: 2020-08-01 07:09:32,448: Time steps: 21626880
INFO: 2020-08-01 07:09:32,448: Reward: -85.54881
INFO: 2020-08-01 07:09:32,448: Test sigma: 0.20677
INFO: 2020-08-01 07:09:32,448:  
INFO: 2020-08-01 07:13:35,105: Iterations: 1330
INFO: 2020-08-01 07:13:35,106: Time steps: 21790720
INFO: 2020-08-01 07:13:35,106: Reward: -84.88189
INFO: 2020-08-01 07:13:35,106: Test sigma: 0.20151
INFO: 2020-08-01 07:13:35,106:  
INFO: 2020-08-01 07:17:37,079: Iterations: 1340
INFO: 2020-08-01 07:17:37,079: Time steps: 21954560
INFO: 2020-08-01 07:17:37,079: Reward: -84.38654
INFO: 2020-08-01 07:17:37,079: Test sigma: 0.19961
INFO: 2020-08-01 07:17:37,079:  
INFO: 2020-08-01 07:21:39,033: Iterations: 1350
INFO: 2020-08-01 07:21:39,033: Time steps: 22118400
INFO: 2020-08-01 07:21:39,033: Reward: -84.49690
INFO: 2020-08-01 07:21:39,033: Test sigma: 0.19962
INFO: 2020-08-01 07:21:39,033:  
INFO: 2020-08-01 07:25:41,669: Iterations: 1360
INFO: 2020-08-01 07:25:41,669: Time steps: 22282240
INFO: 2020-08-01 07:25:41,669: Reward: -85.15394
INFO: 2020-08-01 07:25:41,670: Test sigma: 0.20210
INFO: 2020-08-01 07:25:41,670:  
INFO: 2020-08-01 07:29:43,936: Iterations: 1370
INFO: 2020-08-01 07:29:43,936: Time steps: 22446080
INFO: 2020-08-01 07:29:43,936: Reward: -86.58829
INFO: 2020-08-01 07:29:43,936: Test sigma: 0.21078
INFO: 2020-08-01 07:29:43,936:  
INFO: 2020-08-01 07:33:46,442: Iterations: 1380
INFO: 2020-08-01 07:33:46,442: Time steps: 22609920
INFO: 2020-08-01 07:33:46,442: Reward: -85.99233
INFO: 2020-08-01 07:33:46,442: Test sigma: 0.20291
INFO: 2020-08-01 07:33:46,442:  
INFO: 2020-08-01 07:37:48,607: Iterations: 1390
INFO: 2020-08-01 07:37:48,608: Time steps: 22773760
INFO: 2020-08-01 07:37:48,608: Reward: -85.92561
INFO: 2020-08-01 07:37:48,608: Test sigma: 0.20159
INFO: 2020-08-01 07:37:48,608:  
INFO: 2020-08-01 07:41:50,441: Iterations: 1400
INFO: 2020-08-01 07:41:50,441: Time steps: 22937600
INFO: 2020-08-01 07:41:50,441: Reward: -84.29858
INFO: 2020-08-01 07:41:50,441: Test sigma: 0.19647
INFO: 2020-08-01 07:41:50,441:  
INFO: 2020-08-01 07:45:53,166: Iterations: 1410
INFO: 2020-08-01 07:45:53,166: Time steps: 23101440
INFO: 2020-08-01 07:45:53,166: Reward: -85.14584
INFO: 2020-08-01 07:45:53,166: Test sigma: 0.19528
INFO: 2020-08-01 07:45:53,166:  
INFO: 2020-08-01 07:49:54,907: Iterations: 1420
INFO: 2020-08-01 07:49:54,907: Time steps: 23265280
INFO: 2020-08-01 07:49:54,907: Reward: -85.87492
INFO: 2020-08-01 07:49:54,907: Test sigma: 0.19711
INFO: 2020-08-01 07:49:54,907:  
INFO: 2020-08-01 07:53:56,882: Iterations: 1430
INFO: 2020-08-01 07:53:56,882: Time steps: 23429120
INFO: 2020-08-01 07:53:56,882: Reward: -85.27081
INFO: 2020-08-01 07:53:56,882: Test sigma: 0.19567
INFO: 2020-08-01 07:53:56,883:  
INFO: 2020-08-01 07:57:59,035: Iterations: 1440
INFO: 2020-08-01 07:57:59,035: Time steps: 23592960
INFO: 2020-08-01 07:57:59,035: Reward: -85.90990
INFO: 2020-08-01 07:57:59,035: Test sigma: 0.19328
INFO: 2020-08-01 07:57:59,035:  
INFO: 2020-08-01 08:02:01,668: Iterations: 1450
INFO: 2020-08-01 08:02:01,668: Time steps: 23756800
INFO: 2020-08-01 08:02:01,668: Reward: -86.16255
INFO: 2020-08-01 08:02:01,668: Test sigma: 0.19476
INFO: 2020-08-01 08:02:01,668:  
INFO: 2020-08-01 08:06:04,354: Iterations: 1460
INFO: 2020-08-01 08:06:04,354: Time steps: 23920640
INFO: 2020-08-01 08:06:04,355: Reward: -86.44513
INFO: 2020-08-01 08:06:04,355: Test sigma: 0.19431
INFO: 2020-08-01 08:06:04,355:  
INFO: 2020-08-01 08:10:06,765: Iterations: 1470
INFO: 2020-08-01 08:10:06,765: Time steps: 24084480
INFO: 2020-08-01 08:10:06,765: Reward: -86.46571
INFO: 2020-08-01 08:10:06,766: Test sigma: 0.18794
INFO: 2020-08-01 08:10:06,766:  
INFO: 2020-08-01 08:14:10,139: Iterations: 1480
INFO: 2020-08-01 08:14:10,139: Time steps: 24248320
INFO: 2020-08-01 08:14:10,139: Reward: -87.86637
INFO: 2020-08-01 08:14:10,139: Test sigma: 0.18853
INFO: 2020-08-01 08:14:10,139:  
INFO: 2020-08-01 08:18:12,381: Iterations: 1490
INFO: 2020-08-01 08:18:12,381: Time steps: 24412160
INFO: 2020-08-01 08:18:12,381: Reward: -87.37521
INFO: 2020-08-01 08:18:12,382: Test sigma: 0.19489
INFO: 2020-08-01 08:18:12,382:  
INFO: 2020-08-01 08:22:14,558: Iterations: 1500
INFO: 2020-08-01 08:22:14,559: Time steps: 24576000
INFO: 2020-08-01 08:22:14,559: Reward: -85.80658
INFO: 2020-08-01 08:22:14,559: Test sigma: 0.18842
INFO: 2020-08-01 08:22:14,559:  
INFO: 2020-08-01 08:26:16,858: Iterations: 1510
INFO: 2020-08-01 08:26:16,858: Time steps: 24739840
INFO: 2020-08-01 08:26:16,859: Reward: -86.67608
INFO: 2020-08-01 08:26:16,859: Test sigma: 0.19433
INFO: 2020-08-01 08:26:16,859:  
INFO: 2020-08-01 08:30:19,315: Iterations: 1520
INFO: 2020-08-01 08:30:19,316: Time steps: 24903680
INFO: 2020-08-01 08:30:19,316: Reward: -88.63818
INFO: 2020-08-01 08:30:19,316: Test sigma: 0.19603
INFO: 2020-08-01 08:30:19,316:  
INFO: 2020-08-01 08:34:21,313: Iterations: 1530
INFO: 2020-08-01 08:34:21,313: Time steps: 25067520
INFO: 2020-08-01 08:34:21,313: Reward: -87.56737
INFO: 2020-08-01 08:34:21,313: Test sigma: 0.19131
INFO: 2020-08-01 08:34:21,313:  
INFO: 2020-08-01 08:38:23,347: Iterations: 1540
INFO: 2020-08-01 08:38:23,347: Time steps: 25231360
INFO: 2020-08-01 08:38:23,347: Reward: -88.19745
INFO: 2020-08-01 08:38:23,347: Test sigma: 0.19540
INFO: 2020-08-01 08:38:23,347:  
INFO: 2020-08-01 08:42:25,007: Iterations: 1550
INFO: 2020-08-01 08:42:25,007: Time steps: 25395200
INFO: 2020-08-01 08:42:25,007: Reward: -86.90955
INFO: 2020-08-01 08:42:25,007: Test sigma: 0.19282
INFO: 2020-08-01 08:42:25,007:  
INFO: 2020-08-01 08:46:27,495: Iterations: 1560
INFO: 2020-08-01 08:46:27,496: Time steps: 25559040
INFO: 2020-08-01 08:46:27,496: Reward: -85.49506
INFO: 2020-08-01 08:46:27,496: Test sigma: 0.18817
INFO: 2020-08-01 08:46:27,496:  
INFO: 2020-08-01 08:50:29,525: Iterations: 1570
INFO: 2020-08-01 08:50:29,525: Time steps: 25722880
INFO: 2020-08-01 08:50:29,525: Reward: -85.69036
INFO: 2020-08-01 08:50:29,525: Test sigma: 0.18917
INFO: 2020-08-01 08:50:29,526:  
INFO: 2020-08-01 08:54:31,403: Iterations: 1580
INFO: 2020-08-01 08:54:31,403: Time steps: 25886720
INFO: 2020-08-01 08:54:31,404: Reward: -85.82513
INFO: 2020-08-01 08:54:31,404: Test sigma: 0.19235
INFO: 2020-08-01 08:54:31,404:  
INFO: 2020-08-01 08:58:32,454: Iterations: 1590
INFO: 2020-08-01 08:58:32,454: Time steps: 26050560
INFO: 2020-08-01 08:58:32,454: Reward: -86.16375
INFO: 2020-08-01 08:58:32,454: Test sigma: 0.19391
INFO: 2020-08-01 08:58:32,454:  
INFO: 2020-08-01 09:02:34,213: Iterations: 1600
INFO: 2020-08-01 09:02:34,213: Time steps: 26214400
INFO: 2020-08-01 09:02:34,213: Reward: -85.62392
INFO: 2020-08-01 09:02:34,213: Test sigma: 0.18931
INFO: 2020-08-01 09:02:34,213:  
INFO: 2020-08-01 09:06:35,899: Iterations: 1610
INFO: 2020-08-01 09:06:35,899: Time steps: 26378240
INFO: 2020-08-01 09:06:35,899: Reward: -85.67490
INFO: 2020-08-01 09:06:35,900: Test sigma: 0.18903
INFO: 2020-08-01 09:06:35,900:  
INFO: 2020-08-01 09:10:37,615: Iterations: 1620
INFO: 2020-08-01 09:10:37,615: Time steps: 26542080
INFO: 2020-08-01 09:10:37,615: Reward: -84.51373
INFO: 2020-08-01 09:10:37,615: Test sigma: 0.18842
INFO: 2020-08-01 09:10:37,615:  
INFO: 2020-08-01 09:14:40,158: Iterations: 1630
INFO: 2020-08-01 09:14:40,158: Time steps: 26705920
INFO: 2020-08-01 09:14:40,158: Reward: -86.61925
INFO: 2020-08-01 09:14:40,158: Test sigma: 0.18858
INFO: 2020-08-01 09:14:40,158:  
INFO: 2020-08-01 09:18:42,371: Iterations: 1640
INFO: 2020-08-01 09:18:42,371: Time steps: 26869760
INFO: 2020-08-01 09:18:42,371: Reward: -86.37794
INFO: 2020-08-01 09:18:42,371: Test sigma: 0.19577
INFO: 2020-08-01 09:18:42,371:  
INFO: 2020-08-01 09:22:44,429: Iterations: 1650
INFO: 2020-08-01 09:22:44,429: Time steps: 27033600
INFO: 2020-08-01 09:22:44,429: Reward: -86.48629
INFO: 2020-08-01 09:22:44,429: Test sigma: 0.19605
INFO: 2020-08-01 09:22:44,430:  
INFO: 2020-08-01 09:26:46,463: Iterations: 1660
INFO: 2020-08-01 09:26:46,464: Time steps: 27197440
INFO: 2020-08-01 09:26:46,464: Reward: -87.15198
INFO: 2020-08-01 09:26:46,464: Test sigma: 0.19862
INFO: 2020-08-01 09:26:46,464:  
INFO: 2020-08-01 09:30:48,287: Iterations: 1670
INFO: 2020-08-01 09:30:48,287: Time steps: 27361280
INFO: 2020-08-01 09:30:48,287: Reward: -87.48113
INFO: 2020-08-01 09:30:48,288: Test sigma: 0.19768
INFO: 2020-08-01 09:30:48,288:  
INFO: 2020-08-01 09:34:50,414: Iterations: 1680
INFO: 2020-08-01 09:34:50,414: Time steps: 27525120
INFO: 2020-08-01 09:34:50,414: Reward: -86.00461
INFO: 2020-08-01 09:34:50,414: Test sigma: 0.19464
INFO: 2020-08-01 09:34:50,414:  
INFO: 2020-08-01 09:38:52,883: Iterations: 1690
INFO: 2020-08-01 09:38:52,883: Time steps: 27688960
INFO: 2020-08-01 09:38:52,883: Reward: -86.43986
INFO: 2020-08-01 09:38:52,883: Test sigma: 0.19999
INFO: 2020-08-01 09:38:52,883:  
INFO: 2020-08-01 09:42:55,555: Iterations: 1700
INFO: 2020-08-01 09:42:55,555: Time steps: 27852800
INFO: 2020-08-01 09:42:55,555: Reward: -87.67299
INFO: 2020-08-01 09:42:55,555: Test sigma: 0.20553
INFO: 2020-08-01 09:42:55,556:  
INFO: 2020-08-01 09:46:58,515: Iterations: 1710
INFO: 2020-08-01 09:46:58,515: Time steps: 28016640
INFO: 2020-08-01 09:46:58,515: Reward: -88.33841
INFO: 2020-08-01 09:46:58,515: Test sigma: 0.19714
INFO: 2020-08-01 09:46:58,515:  
INFO: 2020-08-01 09:51:03,022: Iterations: 1720
INFO: 2020-08-01 09:51:03,022: Time steps: 28180480
INFO: 2020-08-01 09:51:03,022: Reward: -88.17478
INFO: 2020-08-01 09:51:03,022: Test sigma: 0.19294
INFO: 2020-08-01 09:51:03,022:  
INFO: 2020-08-01 09:55:24,290: Iterations: 1730
INFO: 2020-08-01 09:55:24,290: Time steps: 28344320
INFO: 2020-08-01 09:55:24,290: Reward: -87.70585
INFO: 2020-08-01 09:55:24,290: Test sigma: 0.18881
INFO: 2020-08-01 09:55:24,290:  
INFO: 2020-08-01 09:59:44,539: Iterations: 1740
INFO: 2020-08-01 09:59:44,539: Time steps: 28508160
INFO: 2020-08-01 09:59:44,539: Reward: -87.53019
INFO: 2020-08-01 09:59:44,539: Test sigma: 0.18604
INFO: 2020-08-01 09:59:44,539:  
INFO: 2020-08-01 10:04:09,533: Iterations: 1750
INFO: 2020-08-01 10:04:09,534: Time steps: 28672000
INFO: 2020-08-01 10:04:09,534: Reward: -88.01725
INFO: 2020-08-01 10:04:09,534: Test sigma: 0.18897
INFO: 2020-08-01 10:04:09,534:  
INFO: 2020-08-01 10:08:22,107: Iterations: 1760
INFO: 2020-08-01 10:08:22,107: Time steps: 28835840
INFO: 2020-08-01 10:08:22,107: Reward: -87.17972
INFO: 2020-08-01 10:08:22,107: Test sigma: 0.18704
INFO: 2020-08-01 10:08:22,107:  
INFO: 2020-08-01 10:12:34,687: Iterations: 1770
INFO: 2020-08-01 10:12:34,687: Time steps: 28999680
INFO: 2020-08-01 10:12:34,687: Reward: -87.70923
INFO: 2020-08-01 10:12:34,687: Test sigma: 0.18558
INFO: 2020-08-01 10:12:34,687:  
INFO: 2020-08-01 10:16:47,306: Iterations: 1780
INFO: 2020-08-01 10:16:47,306: Time steps: 29163520
INFO: 2020-08-01 10:16:47,306: Reward: -87.16027
INFO: 2020-08-01 10:16:47,306: Test sigma: 0.18697
INFO: 2020-08-01 10:16:47,306:  
INFO: 2020-08-01 10:20:59,153: Iterations: 1790
INFO: 2020-08-01 10:20:59,153: Time steps: 29327360
INFO: 2020-08-01 10:20:59,153: Reward: -86.32526
INFO: 2020-08-01 10:20:59,153: Test sigma: 0.18483
INFO: 2020-08-01 10:20:59,153:  
INFO: 2020-08-01 10:25:13,601: Iterations: 1800
INFO: 2020-08-01 10:25:13,601: Time steps: 29491200
INFO: 2020-08-01 10:25:13,601: Reward: -85.85292
INFO: 2020-08-01 10:25:13,601: Test sigma: 0.18760
INFO: 2020-08-01 10:25:13,601:  
INFO: 2020-08-01 10:29:26,056: Iterations: 1810
INFO: 2020-08-01 10:29:26,056: Time steps: 29655040
INFO: 2020-08-01 10:29:26,056: Reward: -85.31228
INFO: 2020-08-01 10:29:26,056: Test sigma: 0.18843
INFO: 2020-08-01 10:29:26,056:  
INFO: 2020-08-01 10:33:38,125: Iterations: 1820
INFO: 2020-08-01 10:33:38,125: Time steps: 29818880
INFO: 2020-08-01 10:33:38,125: Reward: -85.77453
INFO: 2020-08-01 10:33:38,126: Test sigma: 0.19089
INFO: 2020-08-01 10:33:38,126:  
INFO: 2020-08-01 10:37:49,706: Iterations: 1830
INFO: 2020-08-01 10:37:49,706: Time steps: 29982720
INFO: 2020-08-01 10:37:49,706: Reward: -85.64293
INFO: 2020-08-01 10:37:49,706: Test sigma: 0.18929
INFO: 2020-08-01 10:37:49,707:  
INFO: 2020-08-01 10:42:01,556: Iterations: 1840
INFO: 2020-08-01 10:42:01,556: Time steps: 30146560
INFO: 2020-08-01 10:42:01,556: Reward: -85.29885
INFO: 2020-08-01 10:42:01,556: Test sigma: 0.18911
INFO: 2020-08-01 10:42:01,556:  
INFO: 2020-08-01 10:46:14,123: Iterations: 1850
INFO: 2020-08-01 10:46:14,123: Time steps: 30310400
INFO: 2020-08-01 10:46:14,123: Reward: -85.14860
INFO: 2020-08-01 10:46:14,123: Test sigma: 0.18306
INFO: 2020-08-01 10:46:14,124:  
INFO: 2020-08-01 10:50:25,931: Iterations: 1860
INFO: 2020-08-01 10:50:25,931: Time steps: 30474240
INFO: 2020-08-01 10:50:25,932: Reward: -85.44175
INFO: 2020-08-01 10:50:25,932: Test sigma: 0.18314
INFO: 2020-08-01 10:50:25,932:  
INFO: 2020-08-01 10:54:37,756: Iterations: 1870
INFO: 2020-08-01 10:54:37,756: Time steps: 30638080
INFO: 2020-08-01 10:54:37,756: Reward: -85.27889
INFO: 2020-08-01 10:54:37,756: Test sigma: 0.18605
INFO: 2020-08-01 10:54:37,756:  
INFO: 2020-08-01 10:58:49,568: Iterations: 1880
INFO: 2020-08-01 10:58:49,568: Time steps: 30801920
INFO: 2020-08-01 10:58:49,568: Reward: -85.51131
INFO: 2020-08-01 10:58:49,568: Test sigma: 0.18107
INFO: 2020-08-01 10:58:49,568:  
INFO: 2020-08-01 11:03:01,733: Iterations: 1890
INFO: 2020-08-01 11:03:01,733: Time steps: 30965760
INFO: 2020-08-01 11:03:01,734: Reward: -85.14316
INFO: 2020-08-01 11:03:01,734: Test sigma: 0.18611
INFO: 2020-08-01 11:03:01,734:  
INFO: 2020-08-01 11:07:13,466: Iterations: 1900
INFO: 2020-08-01 11:07:13,466: Time steps: 31129600
INFO: 2020-08-01 11:07:13,467: Reward: -84.48703
INFO: 2020-08-01 11:07:13,467: Test sigma: 0.18657
INFO: 2020-08-01 11:07:13,467:  
INFO: 2020-08-01 11:11:25,022: Iterations: 1910
INFO: 2020-08-01 11:11:25,022: Time steps: 31293440
INFO: 2020-08-01 11:11:25,022: Reward: -84.34695
INFO: 2020-08-01 11:11:25,022: Test sigma: 0.18856
INFO: 2020-08-01 11:11:25,022:  
INFO: 2020-08-01 11:15:36,978: Iterations: 1920
INFO: 2020-08-01 11:15:36,978: Time steps: 31457280
INFO: 2020-08-01 11:15:36,978: Reward: -84.86060
INFO: 2020-08-01 11:15:36,978: Test sigma: 0.19409
INFO: 2020-08-01 11:15:36,978:  
INFO: 2020-08-01 11:19:49,218: Iterations: 1930
INFO: 2020-08-01 11:19:49,218: Time steps: 31621120
INFO: 2020-08-01 11:19:49,218: Reward: -85.55156
INFO: 2020-08-01 11:19:49,218: Test sigma: 0.19029
INFO: 2020-08-01 11:19:49,219:  
INFO: 2020-08-01 11:24:01,108: Iterations: 1940
INFO: 2020-08-01 11:24:01,108: Time steps: 31784960
INFO: 2020-08-01 11:24:01,108: Reward: -85.24742
INFO: 2020-08-01 11:24:01,108: Test sigma: 0.18716
INFO: 2020-08-01 11:24:01,108:  
INFO: 2020-08-01 11:28:12,569: Iterations: 1950
INFO: 2020-08-01 11:28:12,570: Time steps: 31948800
INFO: 2020-08-01 11:28:12,570: Reward: -85.50963
INFO: 2020-08-01 11:28:12,570: Test sigma: 0.18338
INFO: 2020-08-01 11:28:12,570:  
INFO: 2020-08-01 11:32:24,076: Iterations: 1960
INFO: 2020-08-01 11:32:24,076: Time steps: 32112640
INFO: 2020-08-01 11:32:24,076: Reward: -85.22191
INFO: 2020-08-01 11:32:24,076: Test sigma: 0.18291
INFO: 2020-08-01 11:32:24,076:  
INFO: 2020-08-01 11:36:35,415: Iterations: 1970
INFO: 2020-08-01 11:36:35,416: Time steps: 32276480
INFO: 2020-08-01 11:36:35,416: Reward: -85.38626
INFO: 2020-08-01 11:36:35,416: Test sigma: 0.18530
INFO: 2020-08-01 11:36:35,416:  
INFO: 2020-08-01 11:40:46,682: Iterations: 1980
INFO: 2020-08-01 11:40:46,682: Time steps: 32440320
INFO: 2020-08-01 11:40:46,682: Reward: -85.45740
INFO: 2020-08-01 11:40:46,682: Test sigma: 0.17973
INFO: 2020-08-01 11:40:46,683:  
INFO: 2020-08-01 11:44:58,851: Iterations: 1990
INFO: 2020-08-01 11:44:58,851: Time steps: 32604160
INFO: 2020-08-01 11:44:58,851: Reward: -85.96590
INFO: 2020-08-01 11:44:58,851: Test sigma: 0.18003
INFO: 2020-08-01 11:44:58,851:  
INFO: 2020-08-01 11:49:10,576: Iterations: 2000
INFO: 2020-08-01 11:49:10,576: Time steps: 32768000
INFO: 2020-08-01 11:49:10,576: Reward: -85.40076
INFO: 2020-08-01 11:49:10,576: Test sigma: 0.18126
INFO: 2020-08-01 11:49:10,576:  
INFO: 2020-08-01 11:53:22,241: Iterations: 2010
INFO: 2020-08-01 11:53:22,241: Time steps: 32931840
INFO: 2020-08-01 11:53:22,241: Reward: -85.83594
INFO: 2020-08-01 11:53:22,241: Test sigma: 0.18082
INFO: 2020-08-01 11:53:22,241:  
INFO: 2020-08-01 11:57:33,769: Iterations: 2020
INFO: 2020-08-01 11:57:33,769: Time steps: 33095680
INFO: 2020-08-01 11:57:33,769: Reward: -85.57461
INFO: 2020-08-01 11:57:33,769: Test sigma: 0.17789
INFO: 2020-08-01 11:57:33,769:  
INFO: 2020-08-01 12:01:45,269: Iterations: 2030
INFO: 2020-08-01 12:01:45,269: Time steps: 33259520
INFO: 2020-08-01 12:01:45,269: Reward: -85.40975
INFO: 2020-08-01 12:01:45,269: Test sigma: 0.17632
INFO: 2020-08-01 12:01:45,269:  
INFO: 2020-08-01 12:05:56,808: Iterations: 2040
INFO: 2020-08-01 12:05:56,808: Time steps: 33423360
INFO: 2020-08-01 12:05:56,808: Reward: -85.23050
INFO: 2020-08-01 12:05:56,808: Test sigma: 0.17904
INFO: 2020-08-01 12:05:56,808:  
INFO: 2020-08-01 12:10:08,309: Iterations: 2050
INFO: 2020-08-01 12:10:08,309: Time steps: 33587200
INFO: 2020-08-01 12:10:08,309: Reward: -84.99749
INFO: 2020-08-01 12:10:08,309: Test sigma: 0.17697
INFO: 2020-08-01 12:10:08,309:  
INFO: 2020-08-01 12:14:20,778: Iterations: 2060
INFO: 2020-08-01 12:14:20,778: Time steps: 33751040
INFO: 2020-08-01 12:14:20,779: Reward: -85.45046
INFO: 2020-08-01 12:14:20,779: Test sigma: 0.17863
INFO: 2020-08-01 12:14:20,779:  
INFO: 2020-08-01 12:18:32,256: Iterations: 2070
INFO: 2020-08-01 12:18:32,256: Time steps: 33914880
INFO: 2020-08-01 12:18:32,256: Reward: -85.61906
INFO: 2020-08-01 12:18:32,256: Test sigma: 0.17889
INFO: 2020-08-01 12:18:32,256:  
INFO: 2020-08-01 12:22:44,007: Iterations: 2080
INFO: 2020-08-01 12:22:44,007: Time steps: 34078720
INFO: 2020-08-01 12:22:44,007: Reward: -85.51200
INFO: 2020-08-01 12:22:44,007: Test sigma: 0.18096
INFO: 2020-08-01 12:22:44,007:  
INFO: 2020-08-01 12:26:55,513: Iterations: 2090
INFO: 2020-08-01 12:26:55,513: Time steps: 34242560
INFO: 2020-08-01 12:26:55,514: Reward: -86.41451
INFO: 2020-08-01 12:26:55,514: Test sigma: 0.17866
INFO: 2020-08-01 12:26:55,514:  
INFO: 2020-08-01 12:31:06,981: Iterations: 2100
INFO: 2020-08-01 12:31:06,981: Time steps: 34406400
INFO: 2020-08-01 12:31:06,981: Reward: -85.62717
INFO: 2020-08-01 12:31:06,982: Test sigma: 0.17976
INFO: 2020-08-01 12:31:06,982:  
INFO: 2020-08-01 12:35:18,152: Iterations: 2110
INFO: 2020-08-01 12:35:18,152: Time steps: 34570240
INFO: 2020-08-01 12:35:18,153: Reward: -84.74170
INFO: 2020-08-01 12:35:18,153: Test sigma: 0.17726
INFO: 2020-08-01 12:35:18,153:  
INFO: 2020-08-01 12:39:28,928: Iterations: 2120
INFO: 2020-08-01 12:39:28,928: Time steps: 34734080
INFO: 2020-08-01 12:39:28,928: Reward: -84.91267
INFO: 2020-08-01 12:39:28,928: Test sigma: 0.17308
INFO: 2020-08-01 12:39:28,928:  
INFO: 2020-08-01 12:43:40,270: Iterations: 2130
INFO: 2020-08-01 12:43:40,270: Time steps: 34897920
INFO: 2020-08-01 12:43:40,270: Reward: -84.27241
INFO: 2020-08-01 12:43:40,270: Test sigma: 0.17519
INFO: 2020-08-01 12:43:40,270:  
INFO: 2020-08-01 12:47:51,790: Iterations: 2140
INFO: 2020-08-01 12:47:51,790: Time steps: 35061760
INFO: 2020-08-01 12:47:51,790: Reward: -84.57327
INFO: 2020-08-01 12:47:51,790: Test sigma: 0.17230
INFO: 2020-08-01 12:47:51,790:  
INFO: 2020-08-01 12:52:03,379: Iterations: 2150
INFO: 2020-08-01 12:52:03,379: Time steps: 35225600
INFO: 2020-08-01 12:52:03,379: Reward: -84.50233
INFO: 2020-08-01 12:52:03,379: Test sigma: 0.17326
INFO: 2020-08-01 12:52:03,379:  
INFO: 2020-08-01 12:56:15,000: Iterations: 2160
INFO: 2020-08-01 12:56:15,001: Time steps: 35389440
INFO: 2020-08-01 12:56:15,001: Reward: -84.26479
INFO: 2020-08-01 12:56:15,001: Test sigma: 0.17288
INFO: 2020-08-01 12:56:15,001:  
INFO: 2020-08-01 13:00:26,354: Iterations: 2170
INFO: 2020-08-01 13:00:26,354: Time steps: 35553280
INFO: 2020-08-01 13:00:26,354: Reward: -84.79890
INFO: 2020-08-01 13:00:26,354: Test sigma: 0.17369
INFO: 2020-08-01 13:00:26,354:  
INFO: 2020-08-01 13:04:38,072: Iterations: 2180
INFO: 2020-08-01 13:04:38,072: Time steps: 35717120
INFO: 2020-08-01 13:04:38,072: Reward: -84.60822
INFO: 2020-08-01 13:04:38,072: Test sigma: 0.17212
INFO: 2020-08-01 13:04:38,072:  
INFO: 2020-08-01 13:08:49,408: Iterations: 2190
INFO: 2020-08-01 13:08:49,408: Time steps: 35880960
INFO: 2020-08-01 13:08:49,408: Reward: -84.35574
INFO: 2020-08-01 13:08:49,408: Test sigma: 0.17021
INFO: 2020-08-01 13:08:49,408:  
INFO: 2020-08-01 13:13:01,135: Iterations: 2200
INFO: 2020-08-01 13:13:01,135: Time steps: 36044800
INFO: 2020-08-01 13:13:01,135: Reward: -84.72625
INFO: 2020-08-01 13:13:01,135: Test sigma: 0.17311
INFO: 2020-08-01 13:13:01,135:  
INFO: 2020-08-01 13:17:13,707: Iterations: 2210
INFO: 2020-08-01 13:17:13,707: Time steps: 36208640
INFO: 2020-08-01 13:17:13,707: Reward: -84.60424
INFO: 2020-08-01 13:17:13,707: Test sigma: 0.17483
INFO: 2020-08-01 13:17:13,707:  
INFO: 2020-08-01 13:21:25,075: Iterations: 2220
INFO: 2020-08-01 13:21:25,075: Time steps: 36372480
INFO: 2020-08-01 13:21:25,075: Reward: -84.69149
INFO: 2020-08-01 13:21:25,075: Test sigma: 0.17180
INFO: 2020-08-01 13:21:25,075:  
INFO: 2020-08-01 13:25:36,356: Iterations: 2230
INFO: 2020-08-01 13:25:36,356: Time steps: 36536320
INFO: 2020-08-01 13:25:36,356: Reward: -84.40042
INFO: 2020-08-01 13:25:36,356: Test sigma: 0.17757
INFO: 2020-08-01 13:25:36,356:  
INFO: 2020-08-01 13:29:47,595: Iterations: 2240
INFO: 2020-08-01 13:29:47,595: Time steps: 36700160
INFO: 2020-08-01 13:29:47,595: Reward: -83.15083
INFO: 2020-08-01 13:29:47,595: Test sigma: 0.17744
INFO: 2020-08-01 13:29:47,595:  
INFO: 2020-08-01 13:33:58,689: Iterations: 2250
INFO: 2020-08-01 13:33:58,689: Time steps: 36864000
INFO: 2020-08-01 13:33:58,689: Reward: -82.89906
INFO: 2020-08-01 13:33:58,689: Test sigma: 0.17656
INFO: 2020-08-01 13:33:58,689:  
INFO: 2020-08-01 13:38:10,466: Iterations: 2260
INFO: 2020-08-01 13:38:10,466: Time steps: 37027840
INFO: 2020-08-01 13:38:10,467: Reward: -83.29489
INFO: 2020-08-01 13:38:10,467: Test sigma: 0.17687
INFO: 2020-08-01 13:38:10,467:  
INFO: 2020-08-01 13:42:22,340: Iterations: 2270
INFO: 2020-08-01 13:42:22,340: Time steps: 37191680
INFO: 2020-08-01 13:42:22,340: Reward: -83.70512
INFO: 2020-08-01 13:42:22,340: Test sigma: 0.17399
INFO: 2020-08-01 13:42:22,340:  
INFO: 2020-08-01 13:46:34,908: Iterations: 2280
INFO: 2020-08-01 13:46:34,908: Time steps: 37355520
INFO: 2020-08-01 13:46:34,908: Reward: -82.79198
INFO: 2020-08-01 13:46:34,908: Test sigma: 0.17642
INFO: 2020-08-01 13:46:34,908:  
INFO: 2020-08-01 13:50:47,203: Iterations: 2290
INFO: 2020-08-01 13:50:47,203: Time steps: 37519360
INFO: 2020-08-01 13:50:47,203: Reward: -82.61311
INFO: 2020-08-01 13:50:47,203: Test sigma: 0.17527
INFO: 2020-08-01 13:50:47,203:  
INFO: 2020-08-01 13:54:58,851: Iterations: 2300
INFO: 2020-08-01 13:54:58,851: Time steps: 37683200
INFO: 2020-08-01 13:54:58,851: Reward: -82.94725
INFO: 2020-08-01 13:54:58,851: Test sigma: 0.17760
INFO: 2020-08-01 13:54:58,851:  
INFO: 2020-08-01 13:59:10,605: Iterations: 2310
INFO: 2020-08-01 13:59:10,606: Time steps: 37847040
INFO: 2020-08-01 13:59:10,606: Reward: -82.54643
INFO: 2020-08-01 13:59:10,606: Test sigma: 0.17596
INFO: 2020-08-01 13:59:10,606:  
INFO: 2020-08-01 14:03:21,730: Iterations: 2320
INFO: 2020-08-01 14:03:21,730: Time steps: 38010880
INFO: 2020-08-01 14:03:21,730: Reward: -81.92220
INFO: 2020-08-01 14:03:21,730: Test sigma: 0.17358
INFO: 2020-08-01 14:03:21,730:  
INFO: 2020-08-01 14:07:33,728: Iterations: 2330
INFO: 2020-08-01 14:07:33,728: Time steps: 38174720
INFO: 2020-08-01 14:07:33,729: Reward: -82.49838
INFO: 2020-08-01 14:07:33,729: Test sigma: 0.17316
INFO: 2020-08-01 14:07:33,729:  
INFO: 2020-08-01 14:11:45,636: Iterations: 2340
INFO: 2020-08-01 14:11:45,636: Time steps: 38338560
INFO: 2020-08-01 14:11:45,636: Reward: -82.44948
INFO: 2020-08-01 14:11:45,636: Test sigma: 0.17464
INFO: 2020-08-01 14:11:45,636:  
INFO: 2020-08-01 14:15:57,938: Iterations: 2350
INFO: 2020-08-01 14:15:57,938: Time steps: 38502400
INFO: 2020-08-01 14:15:57,938: Reward: -82.85876
INFO: 2020-08-01 14:15:57,938: Test sigma: 0.18266
INFO: 2020-08-01 14:15:57,939:  
INFO: 2020-08-01 14:20:09,152: Iterations: 2360
INFO: 2020-08-01 14:20:09,152: Time steps: 38666240
INFO: 2020-08-01 14:20:09,152: Reward: -83.43648
INFO: 2020-08-01 14:20:09,152: Test sigma: 0.18124
INFO: 2020-08-01 14:20:09,152:  
INFO: 2020-08-01 14:24:20,167: Iterations: 2370
INFO: 2020-08-01 14:24:20,167: Time steps: 38830080
INFO: 2020-08-01 14:24:20,167: Reward: -82.85278
INFO: 2020-08-01 14:24:20,167: Test sigma: 0.18106
INFO: 2020-08-01 14:24:20,167:  
INFO: 2020-08-01 14:28:31,507: Iterations: 2380
INFO: 2020-08-01 14:28:31,507: Time steps: 38993920
INFO: 2020-08-01 14:28:31,507: Reward: -82.57469
INFO: 2020-08-01 14:28:31,507: Test sigma: 0.18382
INFO: 2020-08-01 14:28:31,507:  
INFO: 2020-08-01 14:32:43,172: Iterations: 2390
INFO: 2020-08-01 14:32:43,172: Time steps: 39157760
INFO: 2020-08-01 14:32:43,172: Reward: -83.21732
INFO: 2020-08-01 14:32:43,172: Test sigma: 0.18903
INFO: 2020-08-01 14:32:43,172:  
INFO: 2020-08-01 14:36:54,667: Iterations: 2400
INFO: 2020-08-01 14:36:54,667: Time steps: 39321600
INFO: 2020-08-01 14:36:54,667: Reward: -83.47932
INFO: 2020-08-01 14:36:54,667: Test sigma: 0.18497
INFO: 2020-08-01 14:36:54,668:  
INFO: 2020-08-01 14:41:06,689: Iterations: 2410
INFO: 2020-08-01 14:41:06,689: Time steps: 39485440
INFO: 2020-08-01 14:41:06,689: Reward: -82.68379
INFO: 2020-08-01 14:41:06,689: Test sigma: 0.18044
INFO: 2020-08-01 14:41:06,689:  
INFO: 2020-08-01 14:45:19,199: Iterations: 2420
INFO: 2020-08-01 14:45:19,199: Time steps: 39649280
INFO: 2020-08-01 14:45:19,199: Reward: -82.68207
INFO: 2020-08-01 14:45:19,199: Test sigma: 0.18143
INFO: 2020-08-01 14:45:19,199:  
INFO: 2020-08-01 14:49:30,815: Iterations: 2430
INFO: 2020-08-01 14:49:30,815: Time steps: 39813120
INFO: 2020-08-01 14:49:30,815: Reward: -82.80538
INFO: 2020-08-01 14:49:30,815: Test sigma: 0.17619
INFO: 2020-08-01 14:49:30,815:  
INFO: 2020-08-01 14:53:42,507: Iterations: 2440
INFO: 2020-08-01 14:53:42,507: Time steps: 39976960
INFO: 2020-08-01 14:53:42,507: Reward: -82.91657
INFO: 2020-08-01 14:53:42,507: Test sigma: 0.17490
INFO: 2020-08-01 14:53:42,507:  
INFO: 2020-08-01 14:57:54,112: Iterations: 2450
INFO: 2020-08-01 14:57:54,113: Time steps: 40140800
INFO: 2020-08-01 14:57:54,113: Reward: -83.00024
INFO: 2020-08-01 14:57:54,113: Test sigma: 0.17767
INFO: 2020-08-01 14:57:54,113:  
INFO: 2020-08-01 15:02:05,677: Iterations: 2460
INFO: 2020-08-01 15:02:05,678: Time steps: 40304640
INFO: 2020-08-01 15:02:05,678: Reward: -82.58164
INFO: 2020-08-01 15:02:05,678: Test sigma: 0.17822
INFO: 2020-08-01 15:02:05,678:  
INFO: 2020-08-01 15:06:17,332: Iterations: 2470
INFO: 2020-08-01 15:06:17,332: Time steps: 40468480
INFO: 2020-08-01 15:06:17,332: Reward: -82.88170
INFO: 2020-08-01 15:06:17,332: Test sigma: 0.17355
INFO: 2020-08-01 15:06:17,332:  
INFO: 2020-08-01 15:10:29,251: Iterations: 2480
INFO: 2020-08-01 15:10:29,252: Time steps: 40632320
INFO: 2020-08-01 15:10:29,252: Reward: -82.63069
INFO: 2020-08-01 15:10:29,252: Test sigma: 0.17700
INFO: 2020-08-01 15:10:29,252:  
INFO: 2020-08-01 15:14:41,924: Iterations: 2490
INFO: 2020-08-01 15:14:41,925: Time steps: 40796160
INFO: 2020-08-01 15:14:41,925: Reward: -82.97253
INFO: 2020-08-01 15:14:41,925: Test sigma: 0.17763
INFO: 2020-08-01 15:14:41,925:  
INFO: 2020-08-01 15:18:54,278: Iterations: 2500
INFO: 2020-08-01 15:18:54,279: Time steps: 40960000
INFO: 2020-08-01 15:18:54,279: Reward: -82.98847
INFO: 2020-08-01 15:18:54,279: Test sigma: 0.17416
INFO: 2020-08-01 15:18:54,279:  
INFO: 2020-08-01 15:18:54,279: Saving final model as /home/seanny/Dropbox/potentials/_2d/fan_2d/2-wps-0.1_2020-08-01 15:18:54.279475_final.pth.tar
