INFO: 2020-07-10 18:39:36,929:  
INFO: 2020-07-10 18:39:36,929: Initializing Hard Goals 3D Waypoint Navigation Environment
INFO: 2020-07-10 18:39:36,929: Working directory is /home/seanny/Dropbox/potentials/_3d/traj_3d/
INFO: 2020-07-10 18:39:36,930:  
INFO: 2020-07-10 18:39:36,930: ----------------------------------------------
INFO: 2020-07-10 18:39:36,930: Experiment Settings
INFO: 2020-07-10 18:39:36,930: ----------------------------------------------
INFO: 2020-07-10 18:39:36,930: Number of workers: 64
INFO: 2020-07-10 18:39:36,930: Batch size: 512
INFO: 2020-07-10 18:39:36,930: Iterations: 5000
INFO: 2020-07-10 18:39:36,930: Log interval: 10
INFO: 2020-07-10 18:39:36,930: Experiment runs: 5000
INFO: 2020-07-10 18:39:36,930: Number of test runs: 30
INFO: 2020-07-10 18:39:36,930: ----------------------------------------------
INFO: 2020-07-10 18:39:36,930: Network Parameters
INFO: 2020-07-10 18:39:36,930: ----------------------------------------------
INFO: 2020-07-10 18:39:36,931: Network input dim: 67
INFO: 2020-07-10 18:39:36,931: Network hidden dim: 512
INFO: 2020-07-10 18:39:36,931: Network layers: 2
INFO: 2020-07-10 18:39:36,931: Network output dim: 4
INFO: 2020-07-10 18:39:36,931: ----------------------------------------------
INFO: 2020-07-10 18:39:36,931: Environment Parameters
INFO: 2020-07-10 18:39:36,931: ----------------------------------------------
INFO: 2020-07-10 18:39:38,020:  
INFO: 2020-07-10 18:39:38,021: Iterations: 0
INFO: 2020-07-10 18:39:38,023: Time steps: 0
INFO: 2020-07-10 18:39:38,024: Reward: -492.34578
INFO: 2020-07-10 18:39:38,026: Test sigma: 0.94664
INFO: 2020-07-10 18:39:38,028:  
INFO: 2020-07-10 18:42:06,283:  
INFO: 2020-07-10 18:42:06,283: Initializing Soft Goals 3D Waypoint Navigation Environment
INFO: 2020-07-10 18:42:06,283: Working directory is /home/seanny/Dropbox/potentials/_3d/soft_3d/
INFO: 2020-07-10 18:42:06,283:  
INFO: 2020-07-10 18:42:06,283: ----------------------------------------------
INFO: 2020-07-10 18:42:06,283: Experiment Settings
INFO: 2020-07-10 18:42:06,283: ----------------------------------------------
INFO: 2020-07-10 18:42:06,284: Number of workers: 64
INFO: 2020-07-10 18:42:06,284: Batch size: 512
INFO: 2020-07-10 18:42:06,284: Iterations: 5000
INFO: 2020-07-10 18:42:06,284: Log interval: 10
INFO: 2020-07-10 18:42:06,284: Experiment runs: 5000
INFO: 2020-07-10 18:42:06,284: Number of test runs: 30
INFO: 2020-07-10 18:42:06,284: ----------------------------------------------
INFO: 2020-07-10 18:42:06,284: Network Parameters
INFO: 2020-07-10 18:42:06,284: ----------------------------------------------
INFO: 2020-07-10 18:42:06,284: Network input dim: 67
INFO: 2020-07-10 18:42:06,284: Network hidden dim: 512
INFO: 2020-07-10 18:42:06,284: Network layers: 2
INFO: 2020-07-10 18:42:06,284: Network output dim: 4
INFO: 2020-07-10 18:42:06,284: ----------------------------------------------
INFO: 2020-07-10 18:42:06,284: Environment Parameters
INFO: 2020-07-10 18:42:06,284: ----------------------------------------------
INFO: 2020-07-10 18:42:07,329:  
INFO: 2020-07-10 18:42:07,330: Iterations: 0
INFO: 2020-07-10 18:42:07,330: Time steps: 0
INFO: 2020-07-10 18:42:07,330: Reward: -495.16636
INFO: 2020-07-10 18:42:07,330: Test sigma: 1.03190
INFO: 2020-07-10 18:42:07,330:  
