INFO: 2020-08-02 23:07:46,223:  
INFO: 2020-08-02 23:07:46,223: Initializing Hard Goals 2D Waypoint Navigation Environment
INFO: 2020-08-02 23:07:46,223: Working directory is /home/seanny/Dropbox/potentials/_2d/fan_2d/
INFO: 2020-08-02 23:07:46,224:  
INFO: 2020-08-02 23:07:46,224: ----------------------------------------------
INFO: 2020-08-02 23:07:46,224: Experiment Settings
INFO: 2020-08-02 23:07:46,224: ----------------------------------------------
INFO: 2020-08-02 23:07:46,224: Number of workers: 16
INFO: 2020-08-02 23:07:46,224: Batch size: 1024
INFO: 2020-08-02 23:07:46,224: Iterations: 2500
INFO: 2020-08-02 23:07:46,224: Log interval: 10
INFO: 2020-08-02 23:07:46,224: Experiment runs: 2500
INFO: 2020-08-02 23:07:46,224: Number of test runs: 30
INFO: 2020-08-02 23:07:46,224: ----------------------------------------------
INFO: 2020-08-02 23:07:46,224: Network Parameters
INFO: 2020-08-02 23:07:46,224: ----------------------------------------------
INFO: 2020-08-02 23:07:46,224: Network input dim: 22
INFO: 2020-08-02 23:07:46,224: Network hidden dim: 512
INFO: 2020-08-02 23:07:46,224: Network layers: 2
INFO: 2020-08-02 23:07:46,224: Network output dim: 2
INFO: 2020-08-02 23:07:46,224: ----------------------------------------------
INFO: 2020-08-02 23:07:46,224: Environment Parameters
INFO: 2020-08-02 23:07:46,224: ----------------------------------------------
INFO: 2020-08-02 23:07:46,225: Trajectory length: 2
INFO: 2020-08-02 23:07:46,225: Obs future waypoints: 1
INFO: 2020-08-02 23:07:46,225: Distribution temperature: 150
INFO: 2020-08-02 23:07:46,225: Waypoint distance bounds: 1, 2.5
INFO: 2020-08-02 23:07:46,225: Maximum spread: 1.5707963267948966
INFO: 2020-08-02 23:07:47,186:  
INFO: 2020-08-02 23:07:47,186: Iterations: 0
INFO: 2020-08-02 23:07:47,186: Time steps: 0
INFO: 2020-08-02 23:07:47,186: Reward: 21.98360
INFO: 2020-08-02 23:07:47,186: Test sigma: 1.02085
INFO: 2020-08-02 23:07:47,186:  
INFO: 2020-08-02 23:11:51,958: Iterations: 10
INFO: 2020-08-02 23:11:51,958: Time steps: 163840
INFO: 2020-08-02 23:11:51,959: Reward: 82.46203
INFO: 2020-08-02 23:11:51,959: Test sigma: 0.86802
INFO: 2020-08-02 23:11:51,959:  
INFO: 2020-08-02 23:11:51,959: Saving best parameters in /home/seanny/Dropbox/potentials/_2d/fan_2d/2-wps-0.1.pth.tar
INFO: 2020-08-02 23:16:01,497: Iterations: 20
INFO: 2020-08-02 23:16:01,497: Time steps: 327680
INFO: 2020-08-02 23:16:01,497: Reward: 108.31102
INFO: 2020-08-02 23:16:01,497: Test sigma: 0.73463
INFO: 2020-08-02 23:16:01,497:  
INFO: 2020-08-02 23:16:01,497: Saving best parameters in /home/seanny/Dropbox/potentials/_2d/fan_2d/2-wps-0.1.pth.tar
INFO: 2020-08-02 23:20:10,222: Iterations: 30
INFO: 2020-08-02 23:20:10,222: Time steps: 491520
INFO: 2020-08-02 23:20:10,222: Reward: 116.95624
INFO: 2020-08-02 23:20:10,222: Test sigma: 0.61960
INFO: 2020-08-02 23:20:10,222:  
INFO: 2020-08-02 23:20:10,222: Saving best parameters in /home/seanny/Dropbox/potentials/_2d/fan_2d/2-wps-0.1.pth.tar
INFO: 2020-08-02 23:24:19,345: Iterations: 40
INFO: 2020-08-02 23:24:19,345: Time steps: 655360
INFO: 2020-08-02 23:24:19,346: Reward: 120.29725
INFO: 2020-08-02 23:24:19,346: Test sigma: 0.55907
INFO: 2020-08-02 23:24:19,346:  
INFO: 2020-08-02 23:24:19,346: Saving best parameters in /home/seanny/Dropbox/potentials/_2d/fan_2d/2-wps-0.1.pth.tar
INFO: 2020-08-02 23:28:28,263: Iterations: 50
INFO: 2020-08-02 23:28:28,263: Time steps: 819200
INFO: 2020-08-02 23:28:28,264: Reward: 126.49708
INFO: 2020-08-02 23:28:28,264: Test sigma: 0.51671
INFO: 2020-08-02 23:28:28,264:  
INFO: 2020-08-02 23:28:28,264: Saving best parameters in /home/seanny/Dropbox/potentials/_2d/fan_2d/2-wps-0.1.pth.tar
INFO: 2020-08-02 23:32:37,032: Iterations: 60
INFO: 2020-08-02 23:32:37,033: Time steps: 983040
INFO: 2020-08-02 23:32:37,033: Reward: 142.04594
INFO: 2020-08-02 23:32:37,033: Test sigma: 0.46202
INFO: 2020-08-02 23:32:37,033:  
INFO: 2020-08-02 23:32:37,033: Saving best parameters in /home/seanny/Dropbox/potentials/_2d/fan_2d/2-wps-0.1.pth.tar
INFO: 2020-08-02 23:36:46,088: Iterations: 70
INFO: 2020-08-02 23:36:46,088: Time steps: 1146880
INFO: 2020-08-02 23:36:46,089: Reward: 153.14773
INFO: 2020-08-02 23:36:46,089: Test sigma: 0.39852
INFO: 2020-08-02 23:36:46,089:  
INFO: 2020-08-02 23:36:46,089: Saving best parameters in /home/seanny/Dropbox/potentials/_2d/fan_2d/2-wps-0.1.pth.tar
INFO: 2020-08-02 23:40:55,246: Iterations: 80
INFO: 2020-08-02 23:40:55,247: Time steps: 1310720
INFO: 2020-08-02 23:40:55,247: Reward: 116.10068
INFO: 2020-08-02 23:40:55,247: Test sigma: 0.39546
INFO: 2020-08-02 23:40:55,247:  
INFO: 2020-08-02 23:45:04,633: Iterations: 90
INFO: 2020-08-02 23:45:04,633: Time steps: 1474560
INFO: 2020-08-02 23:45:04,633: Reward: 135.85384
INFO: 2020-08-02 23:45:04,633: Test sigma: 0.36069
INFO: 2020-08-02 23:45:04,633:  
INFO: 2020-08-02 23:49:14,182: Iterations: 100
INFO: 2020-08-02 23:49:14,182: Time steps: 1638400
INFO: 2020-08-02 23:49:14,182: Reward: 125.74539
INFO: 2020-08-02 23:49:14,182: Test sigma: 0.35361
INFO: 2020-08-02 23:49:14,183:  
INFO: 2020-08-02 23:53:23,179: Iterations: 110
INFO: 2020-08-02 23:53:23,179: Time steps: 1802240
INFO: 2020-08-02 23:53:23,180: Reward: 133.52897
INFO: 2020-08-02 23:53:23,180: Test sigma: 0.33341
INFO: 2020-08-02 23:53:23,180:  
INFO: 2020-08-02 23:57:32,414: Iterations: 120
INFO: 2020-08-02 23:57:32,414: Time steps: 1966080
INFO: 2020-08-02 23:57:32,414: Reward: 140.20502
INFO: 2020-08-02 23:57:32,414: Test sigma: 0.31399
INFO: 2020-08-02 23:57:32,415:  
INFO: 2020-08-03 00:01:41,567: Iterations: 130
INFO: 2020-08-03 00:01:41,567: Time steps: 2129920
INFO: 2020-08-03 00:01:41,567: Reward: 143.67603
INFO: 2020-08-03 00:01:41,567: Test sigma: 0.29821
INFO: 2020-08-03 00:01:41,567:  
INFO: 2020-08-03 00:05:50,775: Iterations: 140
INFO: 2020-08-03 00:05:50,775: Time steps: 2293760
INFO: 2020-08-03 00:05:50,775: Reward: 135.91868
INFO: 2020-08-03 00:05:50,776: Test sigma: 0.29040
INFO: 2020-08-03 00:05:50,776:  
INFO: 2020-08-03 00:10:00,549: Iterations: 150
INFO: 2020-08-03 00:10:00,549: Time steps: 2457600
INFO: 2020-08-03 00:10:00,549: Reward: 162.90124
INFO: 2020-08-03 00:10:00,550: Test sigma: 0.29056
INFO: 2020-08-03 00:10:00,550:  
INFO: 2020-08-03 00:10:00,550: Saving best parameters in /home/seanny/Dropbox/potentials/_2d/fan_2d/2-wps-0.1.pth.tar
INFO: 2020-08-03 00:14:11,292: Iterations: 160
INFO: 2020-08-03 00:14:11,293: Time steps: 2621440
INFO: 2020-08-03 00:14:11,293: Reward: 161.51815
INFO: 2020-08-03 00:14:11,293: Test sigma: 0.30189
INFO: 2020-08-03 00:14:11,293:  
INFO: 2020-08-03 00:18:21,008: Iterations: 170
INFO: 2020-08-03 00:18:21,008: Time steps: 2785280
INFO: 2020-08-03 00:18:21,008: Reward: 158.67169
INFO: 2020-08-03 00:18:21,008: Test sigma: 0.30090
INFO: 2020-08-03 00:18:21,008:  
INFO: 2020-08-03 00:22:30,552: Iterations: 180
INFO: 2020-08-03 00:22:30,552: Time steps: 2949120
INFO: 2020-08-03 00:22:30,553: Reward: 156.75233
INFO: 2020-08-03 00:22:30,553: Test sigma: 0.30322
INFO: 2020-08-03 00:22:30,553:  
INFO: 2020-08-03 00:26:40,251: Iterations: 190
INFO: 2020-08-03 00:26:40,251: Time steps: 3112960
INFO: 2020-08-03 00:26:40,251: Reward: 157.71519
INFO: 2020-08-03 00:26:40,251: Test sigma: 0.30816
INFO: 2020-08-03 00:26:40,252:  
INFO: 2020-08-03 00:30:49,592: Iterations: 200
INFO: 2020-08-03 00:30:49,592: Time steps: 3276800
INFO: 2020-08-03 00:30:49,593: Reward: 164.62680
INFO: 2020-08-03 00:30:49,593: Test sigma: 0.30569
INFO: 2020-08-03 00:30:49,593:  
INFO: 2020-08-03 00:30:49,593: Saving best parameters in /home/seanny/Dropbox/potentials/_2d/fan_2d/2-wps-0.1.pth.tar
INFO: 2020-08-03 00:34:59,379: Iterations: 210
INFO: 2020-08-03 00:34:59,379: Time steps: 3440640
INFO: 2020-08-03 00:34:59,379: Reward: 167.96287
INFO: 2020-08-03 00:34:59,379: Test sigma: 0.29834
INFO: 2020-08-03 00:34:59,379:  
INFO: 2020-08-03 00:34:59,379: Saving best parameters in /home/seanny/Dropbox/potentials/_2d/fan_2d/2-wps-0.1.pth.tar
INFO: 2020-08-03 00:39:09,546: Iterations: 220
INFO: 2020-08-03 00:39:09,547: Time steps: 3604480
INFO: 2020-08-03 00:39:09,547: Reward: 173.40248
INFO: 2020-08-03 00:39:09,547: Test sigma: 0.27443
INFO: 2020-08-03 00:39:09,547:  
INFO: 2020-08-03 00:39:09,547: Saving best parameters in /home/seanny/Dropbox/potentials/_2d/fan_2d/2-wps-0.1.pth.tar
INFO: 2020-08-03 00:43:20,502: Iterations: 230
INFO: 2020-08-03 00:43:20,502: Time steps: 3768320
INFO: 2020-08-03 00:43:20,502: Reward: 164.68643
INFO: 2020-08-03 00:43:20,502: Test sigma: 0.26913
INFO: 2020-08-03 00:43:20,502:  
INFO: 2020-08-03 00:47:30,570: Iterations: 240
INFO: 2020-08-03 00:47:30,570: Time steps: 3932160
INFO: 2020-08-03 00:47:30,570: Reward: 163.19257
INFO: 2020-08-03 00:47:30,571: Test sigma: 0.25281
INFO: 2020-08-03 00:47:30,571:  
INFO: 2020-08-03 00:51:40,282: Iterations: 250
INFO: 2020-08-03 00:51:40,282: Time steps: 4096000
INFO: 2020-08-03 00:51:40,282: Reward: 170.38101
INFO: 2020-08-03 00:51:40,282: Test sigma: 0.25224
INFO: 2020-08-03 00:51:40,282:  
INFO: 2020-08-03 00:55:49,747: Iterations: 260
INFO: 2020-08-03 00:55:49,747: Time steps: 4259840
INFO: 2020-08-03 00:55:49,747: Reward: 173.61311
INFO: 2020-08-03 00:55:49,747: Test sigma: 0.24687
INFO: 2020-08-03 00:55:49,747:  
INFO: 2020-08-03 00:55:49,747: Saving best parameters in /home/seanny/Dropbox/potentials/_2d/fan_2d/2-wps-0.1.pth.tar
INFO: 2020-08-03 00:59:59,749: Iterations: 270
INFO: 2020-08-03 00:59:59,749: Time steps: 4423680
INFO: 2020-08-03 00:59:59,750: Reward: 169.81073
INFO: 2020-08-03 00:59:59,750: Test sigma: 0.24204
INFO: 2020-08-03 00:59:59,750:  
INFO: 2020-08-03 01:04:09,127: Iterations: 280
INFO: 2020-08-03 01:04:09,128: Time steps: 4587520
INFO: 2020-08-03 01:04:09,128: Reward: 172.59610
INFO: 2020-08-03 01:04:09,128: Test sigma: 0.24397
INFO: 2020-08-03 01:04:09,128:  
INFO: 2020-08-03 01:08:18,500: Iterations: 290
INFO: 2020-08-03 01:08:18,501: Time steps: 4751360
INFO: 2020-08-03 01:08:18,501: Reward: 176.45796
INFO: 2020-08-03 01:08:18,501: Test sigma: 0.24405
INFO: 2020-08-03 01:08:18,501:  
INFO: 2020-08-03 01:08:18,501: Saving best parameters in /home/seanny/Dropbox/potentials/_2d/fan_2d/2-wps-0.1.pth.tar
INFO: 2020-08-03 01:12:29,016: Iterations: 300
INFO: 2020-08-03 01:12:29,016: Time steps: 4915200
INFO: 2020-08-03 01:12:29,016: Reward: 174.00153
INFO: 2020-08-03 01:12:29,016: Test sigma: 0.24951
INFO: 2020-08-03 01:12:29,016:  
INFO: 2020-08-03 01:16:38,712: Iterations: 310
INFO: 2020-08-03 01:16:38,713: Time steps: 5079040
INFO: 2020-08-03 01:16:38,713: Reward: 173.26907
INFO: 2020-08-03 01:16:38,713: Test sigma: 0.23322
INFO: 2020-08-03 01:16:38,713:  
INFO: 2020-08-03 01:20:48,554: Iterations: 320
INFO: 2020-08-03 01:20:48,554: Time steps: 5242880
INFO: 2020-08-03 01:20:48,554: Reward: 171.34125
INFO: 2020-08-03 01:20:48,554: Test sigma: 0.24507
INFO: 2020-08-03 01:20:48,555:  
INFO: 2020-08-03 01:24:58,784: Iterations: 330
INFO: 2020-08-03 01:24:58,784: Time steps: 5406720
INFO: 2020-08-03 01:24:58,784: Reward: 182.34043
INFO: 2020-08-03 01:24:58,784: Test sigma: 0.24597
INFO: 2020-08-03 01:24:58,784:  
INFO: 2020-08-03 01:24:58,784: Saving best parameters in /home/seanny/Dropbox/potentials/_2d/fan_2d/2-wps-0.1.pth.tar
INFO: 2020-08-03 01:29:08,755: Iterations: 340
INFO: 2020-08-03 01:29:08,755: Time steps: 5570560
INFO: 2020-08-03 01:29:08,755: Reward: 172.98484
INFO: 2020-08-03 01:29:08,755: Test sigma: 0.25387
INFO: 2020-08-03 01:29:08,755:  
INFO: 2020-08-03 01:33:18,950: Iterations: 350
INFO: 2020-08-03 01:33:18,951: Time steps: 5734400
INFO: 2020-08-03 01:33:18,951: Reward: 173.13474
INFO: 2020-08-03 01:33:18,951: Test sigma: 0.24178
INFO: 2020-08-03 01:33:18,951:  
INFO: 2020-08-03 01:37:29,655: Iterations: 360
INFO: 2020-08-03 01:37:29,656: Time steps: 5898240
INFO: 2020-08-03 01:37:29,656: Reward: 176.26855
INFO: 2020-08-03 01:37:29,656: Test sigma: 0.24311
INFO: 2020-08-03 01:37:29,656:  
INFO: 2020-08-03 01:41:40,502: Iterations: 370
INFO: 2020-08-03 01:41:40,502: Time steps: 6062080
INFO: 2020-08-03 01:41:40,502: Reward: 173.13079
INFO: 2020-08-03 01:41:40,502: Test sigma: 0.24638
INFO: 2020-08-03 01:41:40,503:  
INFO: 2020-08-03 01:45:51,199: Iterations: 380
INFO: 2020-08-03 01:45:51,199: Time steps: 6225920
INFO: 2020-08-03 01:45:51,199: Reward: 175.42061
INFO: 2020-08-03 01:45:51,199: Test sigma: 0.24688
INFO: 2020-08-03 01:45:51,199:  
INFO: 2020-08-03 01:50:01,557: Iterations: 390
INFO: 2020-08-03 01:50:01,557: Time steps: 6389760
INFO: 2020-08-03 01:50:01,557: Reward: 168.89488
INFO: 2020-08-03 01:50:01,557: Test sigma: 0.23278
INFO: 2020-08-03 01:50:01,558:  
INFO: 2020-08-03 01:54:12,119: Iterations: 400
INFO: 2020-08-03 01:54:12,119: Time steps: 6553600
INFO: 2020-08-03 01:54:12,119: Reward: 184.26189
INFO: 2020-08-03 01:54:12,119: Test sigma: 0.21890
INFO: 2020-08-03 01:54:12,120:  
INFO: 2020-08-03 01:54:12,120: Saving best parameters in /home/seanny/Dropbox/potentials/_2d/fan_2d/2-wps-0.1.pth.tar
INFO: 2020-08-03 01:58:22,592: Iterations: 410
INFO: 2020-08-03 01:58:22,592: Time steps: 6717440
INFO: 2020-08-03 01:58:22,592: Reward: 179.80661
INFO: 2020-08-03 01:58:22,592: Test sigma: 0.21543
INFO: 2020-08-03 01:58:22,592:  
INFO: 2020-08-03 02:02:33,581: Iterations: 420
INFO: 2020-08-03 02:02:33,581: Time steps: 6881280
INFO: 2020-08-03 02:02:33,582: Reward: 176.24386
INFO: 2020-08-03 02:02:33,582: Test sigma: 0.21834
INFO: 2020-08-03 02:02:33,582:  
INFO: 2020-08-03 02:06:44,455: Iterations: 430
INFO: 2020-08-03 02:06:44,455: Time steps: 7045120
INFO: 2020-08-03 02:06:44,455: Reward: 182.24312
INFO: 2020-08-03 02:06:44,455: Test sigma: 0.21108
INFO: 2020-08-03 02:06:44,455:  
INFO: 2020-08-03 02:10:55,436: Iterations: 440
INFO: 2020-08-03 02:10:55,436: Time steps: 7208960
INFO: 2020-08-03 02:10:55,436: Reward: 180.43959
INFO: 2020-08-03 02:10:55,436: Test sigma: 0.20960
INFO: 2020-08-03 02:10:55,436:  
INFO: 2020-08-03 02:15:06,205: Iterations: 450
INFO: 2020-08-03 02:15:06,205: Time steps: 7372800
INFO: 2020-08-03 02:15:06,205: Reward: 182.90385
INFO: 2020-08-03 02:15:06,205: Test sigma: 0.21947
INFO: 2020-08-03 02:15:06,206:  
INFO: 2020-08-03 02:19:16,564: Iterations: 460
INFO: 2020-08-03 02:19:16,564: Time steps: 7536640
INFO: 2020-08-03 02:19:16,564: Reward: 172.58039
INFO: 2020-08-03 02:19:16,564: Test sigma: 0.20913
INFO: 2020-08-03 02:19:16,564:  
INFO: 2020-08-03 02:23:26,800: Iterations: 470
INFO: 2020-08-03 02:23:26,800: Time steps: 7700480
INFO: 2020-08-03 02:23:26,800: Reward: 175.42632
INFO: 2020-08-03 02:23:26,800: Test sigma: 0.20372
INFO: 2020-08-03 02:23:26,800:  
INFO: 2020-08-03 02:27:37,187: Iterations: 480
INFO: 2020-08-03 02:27:37,187: Time steps: 7864320
INFO: 2020-08-03 02:27:37,187: Reward: 180.01444
INFO: 2020-08-03 02:27:37,187: Test sigma: 0.21347
INFO: 2020-08-03 02:27:37,187:  
INFO: 2020-08-03 02:31:47,387: Iterations: 490
INFO: 2020-08-03 02:31:47,387: Time steps: 8028160
INFO: 2020-08-03 02:31:47,387: Reward: 179.23307
INFO: 2020-08-03 02:31:47,387: Test sigma: 0.20463
INFO: 2020-08-03 02:31:47,387:  
INFO: 2020-08-03 02:35:57,913: Iterations: 500
INFO: 2020-08-03 02:35:57,913: Time steps: 8192000
INFO: 2020-08-03 02:35:57,913: Reward: 178.26373
INFO: 2020-08-03 02:35:57,913: Test sigma: 0.19657
INFO: 2020-08-03 02:35:57,913:  
INFO: 2020-08-03 02:40:08,522: Iterations: 510
INFO: 2020-08-03 02:40:08,523: Time steps: 8355840
INFO: 2020-08-03 02:40:08,523: Reward: 181.12562
INFO: 2020-08-03 02:40:08,523: Test sigma: 0.19183
INFO: 2020-08-03 02:40:08,523:  
INFO: 2020-08-03 02:44:19,908: Iterations: 520
INFO: 2020-08-03 02:44:19,908: Time steps: 8519680
INFO: 2020-08-03 02:44:19,909: Reward: 182.86312
INFO: 2020-08-03 02:44:19,909: Test sigma: 0.18659
INFO: 2020-08-03 02:44:19,909:  
INFO: 2020-08-03 02:48:29,952: Iterations: 530
INFO: 2020-08-03 02:48:29,952: Time steps: 8683520
INFO: 2020-08-03 02:48:29,952: Reward: 182.65709
INFO: 2020-08-03 02:48:29,952: Test sigma: 0.18115
INFO: 2020-08-03 02:48:29,952:  
INFO: 2020-08-03 02:52:40,419: Iterations: 540
INFO: 2020-08-03 02:52:40,419: Time steps: 8847360
INFO: 2020-08-03 02:52:40,419: Reward: 176.31567
INFO: 2020-08-03 02:52:40,419: Test sigma: 0.18362
INFO: 2020-08-03 02:52:40,419:  
INFO: 2020-08-03 02:56:51,492: Iterations: 550
INFO: 2020-08-03 02:56:51,492: Time steps: 9011200
INFO: 2020-08-03 02:56:51,493: Reward: 182.02972
INFO: 2020-08-03 02:56:51,493: Test sigma: 0.18963
INFO: 2020-08-03 02:56:51,493:  
INFO: 2020-08-03 03:01:01,977: Iterations: 560
INFO: 2020-08-03 03:01:01,977: Time steps: 9175040
INFO: 2020-08-03 03:01:01,977: Reward: 184.92934
INFO: 2020-08-03 03:01:01,977: Test sigma: 0.18989
INFO: 2020-08-03 03:01:01,977:  
INFO: 2020-08-03 03:01:01,978: Saving best parameters in /home/seanny/Dropbox/potentials/_2d/fan_2d/2-wps-0.1.pth.tar
INFO: 2020-08-03 03:05:12,305: Iterations: 570
INFO: 2020-08-03 03:05:12,305: Time steps: 9338880
INFO: 2020-08-03 03:05:12,305: Reward: 177.39133
INFO: 2020-08-03 03:05:12,305: Test sigma: 0.19310
INFO: 2020-08-03 03:05:12,305:  
INFO: 2020-08-03 03:09:22,841: Iterations: 580
INFO: 2020-08-03 03:09:22,841: Time steps: 9502720
INFO: 2020-08-03 03:09:22,842: Reward: 177.10325
INFO: 2020-08-03 03:09:22,842: Test sigma: 0.19137
INFO: 2020-08-03 03:09:22,842:  
INFO: 2020-08-03 03:13:33,340: Iterations: 590
INFO: 2020-08-03 03:13:33,341: Time steps: 9666560
INFO: 2020-08-03 03:13:33,341: Reward: 183.95272
INFO: 2020-08-03 03:13:33,341: Test sigma: 0.19164
INFO: 2020-08-03 03:13:33,341:  
INFO: 2020-08-03 03:17:44,007: Iterations: 600
INFO: 2020-08-03 03:17:44,007: Time steps: 9830400
INFO: 2020-08-03 03:17:44,007: Reward: 184.30110
INFO: 2020-08-03 03:17:44,007: Test sigma: 0.19420
INFO: 2020-08-03 03:17:44,007:  
INFO: 2020-08-03 03:21:55,203: Iterations: 610
INFO: 2020-08-03 03:21:55,203: Time steps: 9994240
INFO: 2020-08-03 03:21:55,203: Reward: 175.90569
INFO: 2020-08-03 03:21:55,203: Test sigma: 0.19452
INFO: 2020-08-03 03:21:55,204:  
INFO: 2020-08-03 03:26:06,258: Iterations: 620
INFO: 2020-08-03 03:26:06,258: Time steps: 10158080
INFO: 2020-08-03 03:26:06,258: Reward: 182.79606
INFO: 2020-08-03 03:26:06,259: Test sigma: 0.18207
INFO: 2020-08-03 03:26:06,259:  
INFO: 2020-08-03 03:30:17,732: Iterations: 630
INFO: 2020-08-03 03:30:17,732: Time steps: 10321920
INFO: 2020-08-03 03:30:17,732: Reward: 180.63133
INFO: 2020-08-03 03:30:17,732: Test sigma: 0.18877
INFO: 2020-08-03 03:30:17,733:  
INFO: 2020-08-03 03:34:28,711: Iterations: 640
INFO: 2020-08-03 03:34:28,711: Time steps: 10485760
INFO: 2020-08-03 03:34:28,711: Reward: 189.51484
INFO: 2020-08-03 03:34:28,711: Test sigma: 0.18236
INFO: 2020-08-03 03:34:28,712:  
INFO: 2020-08-03 03:34:28,712: Saving best parameters in /home/seanny/Dropbox/potentials/_2d/fan_2d/2-wps-0.1.pth.tar
INFO: 2020-08-03 03:38:40,095: Iterations: 650
INFO: 2020-08-03 03:38:40,095: Time steps: 10649600
INFO: 2020-08-03 03:38:40,095: Reward: 188.17935
INFO: 2020-08-03 03:38:40,095: Test sigma: 0.18858
INFO: 2020-08-03 03:38:40,096:  
INFO: 2020-08-03 03:42:51,998: Iterations: 660
INFO: 2020-08-03 03:42:51,998: Time steps: 10813440
INFO: 2020-08-03 03:42:51,998: Reward: 185.97397
INFO: 2020-08-03 03:42:51,998: Test sigma: 0.18380
INFO: 2020-08-03 03:42:51,998:  
INFO: 2020-08-03 03:47:04,048: Iterations: 670
INFO: 2020-08-03 03:47:04,048: Time steps: 10977280
INFO: 2020-08-03 03:47:04,048: Reward: 181.36541
INFO: 2020-08-03 03:47:04,048: Test sigma: 0.19112
INFO: 2020-08-03 03:47:04,048:  
INFO: 2020-08-03 03:51:16,035: Iterations: 680
INFO: 2020-08-03 03:51:16,035: Time steps: 11141120
INFO: 2020-08-03 03:51:16,035: Reward: 191.74273
INFO: 2020-08-03 03:51:16,035: Test sigma: 0.18716
INFO: 2020-08-03 03:51:16,035:  
INFO: 2020-08-03 03:51:16,035: Saving best parameters in /home/seanny/Dropbox/potentials/_2d/fan_2d/2-wps-0.1.pth.tar
INFO: 2020-08-03 03:55:27,821: Iterations: 690
INFO: 2020-08-03 03:55:27,821: Time steps: 11304960
INFO: 2020-08-03 03:55:27,821: Reward: 180.80902
INFO: 2020-08-03 03:55:27,821: Test sigma: 0.19406
INFO: 2020-08-03 03:55:27,821:  
INFO: 2020-08-03 03:59:38,529: Iterations: 700
INFO: 2020-08-03 03:59:38,529: Time steps: 11468800
INFO: 2020-08-03 03:59:38,529: Reward: 182.30546
INFO: 2020-08-03 03:59:38,529: Test sigma: 0.18352
INFO: 2020-08-03 03:59:38,529:  
INFO: 2020-08-03 04:03:49,292: Iterations: 710
INFO: 2020-08-03 04:03:49,292: Time steps: 11632640
INFO: 2020-08-03 04:03:49,292: Reward: 179.34863
INFO: 2020-08-03 04:03:49,293: Test sigma: 0.17563
INFO: 2020-08-03 04:03:49,293:  
INFO: 2020-08-03 04:08:00,378: Iterations: 720
INFO: 2020-08-03 04:08:00,378: Time steps: 11796480
INFO: 2020-08-03 04:08:00,378: Reward: 182.57175
INFO: 2020-08-03 04:08:00,378: Test sigma: 0.17283
INFO: 2020-08-03 04:08:00,378:  
INFO: 2020-08-03 04:12:12,440: Iterations: 730
INFO: 2020-08-03 04:12:12,441: Time steps: 11960320
INFO: 2020-08-03 04:12:12,441: Reward: 178.92923
INFO: 2020-08-03 04:12:12,441: Test sigma: 0.17415
INFO: 2020-08-03 04:12:12,441:  
INFO: 2020-08-03 04:16:23,253: Iterations: 740
INFO: 2020-08-03 04:16:23,253: Time steps: 12124160
INFO: 2020-08-03 04:16:23,253: Reward: 177.77284
INFO: 2020-08-03 04:16:23,253: Test sigma: 0.17475
INFO: 2020-08-03 04:16:23,253:  
INFO: 2020-08-03 04:20:34,644: Iterations: 750
INFO: 2020-08-03 04:20:34,644: Time steps: 12288000
INFO: 2020-08-03 04:20:34,644: Reward: 175.92014
INFO: 2020-08-03 04:20:34,644: Test sigma: 0.17187
INFO: 2020-08-03 04:20:34,644:  
INFO: 2020-08-03 04:24:45,750: Iterations: 760
INFO: 2020-08-03 04:24:45,750: Time steps: 12451840
INFO: 2020-08-03 04:24:45,750: Reward: 178.53298
INFO: 2020-08-03 04:24:45,750: Test sigma: 0.15861
INFO: 2020-08-03 04:24:45,750:  
INFO: 2020-08-03 04:28:57,035: Iterations: 770
INFO: 2020-08-03 04:28:57,035: Time steps: 12615680
INFO: 2020-08-03 04:28:57,035: Reward: 186.16750
INFO: 2020-08-03 04:28:57,035: Test sigma: 0.16827
INFO: 2020-08-03 04:28:57,035:  
INFO: 2020-08-03 04:33:07,995: Iterations: 780
INFO: 2020-08-03 04:33:07,995: Time steps: 12779520
INFO: 2020-08-03 04:33:07,996: Reward: 175.53330
INFO: 2020-08-03 04:33:07,996: Test sigma: 0.15369
INFO: 2020-08-03 04:33:07,996:  
INFO: 2020-08-03 04:37:19,335: Iterations: 790
INFO: 2020-08-03 04:37:19,335: Time steps: 12943360
INFO: 2020-08-03 04:37:19,335: Reward: 180.95665
INFO: 2020-08-03 04:37:19,335: Test sigma: 0.16313
INFO: 2020-08-03 04:37:19,335:  
INFO: 2020-08-03 04:41:30,555: Iterations: 800
INFO: 2020-08-03 04:41:30,555: Time steps: 13107200
INFO: 2020-08-03 04:41:30,555: Reward: 185.15224
INFO: 2020-08-03 04:41:30,556: Test sigma: 0.15258
INFO: 2020-08-03 04:41:30,556:  
INFO: 2020-08-03 04:45:41,435: Iterations: 810
INFO: 2020-08-03 04:45:41,436: Time steps: 13271040
INFO: 2020-08-03 04:45:41,436: Reward: 179.90206
INFO: 2020-08-03 04:45:41,436: Test sigma: 0.15688
INFO: 2020-08-03 04:45:41,436:  
INFO: 2020-08-03 04:49:52,047: Iterations: 820
INFO: 2020-08-03 04:49:52,048: Time steps: 13434880
INFO: 2020-08-03 04:49:52,048: Reward: 184.21840
INFO: 2020-08-03 04:49:52,048: Test sigma: 0.16113
INFO: 2020-08-03 04:49:52,048:  
INFO: 2020-08-03 04:54:02,700: Iterations: 830
INFO: 2020-08-03 04:54:02,700: Time steps: 13598720
INFO: 2020-08-03 04:54:02,700: Reward: 183.14997
INFO: 2020-08-03 04:54:02,700: Test sigma: 0.15343
INFO: 2020-08-03 04:54:02,700:  
INFO: 2020-08-03 04:58:13,008: Iterations: 840
INFO: 2020-08-03 04:58:13,008: Time steps: 13762560
INFO: 2020-08-03 04:58:13,008: Reward: 178.52950
INFO: 2020-08-03 04:58:13,008: Test sigma: 0.14617
INFO: 2020-08-03 04:58:13,008:  
INFO: 2020-08-03 05:02:23,524: Iterations: 850
INFO: 2020-08-03 05:02:23,524: Time steps: 13926400
INFO: 2020-08-03 05:02:23,524: Reward: 178.36349
INFO: 2020-08-03 05:02:23,524: Test sigma: 0.14248
INFO: 2020-08-03 05:02:23,524:  
INFO: 2020-08-03 05:06:34,141: Iterations: 860
INFO: 2020-08-03 05:06:34,141: Time steps: 14090240
INFO: 2020-08-03 05:06:34,141: Reward: 179.73651
INFO: 2020-08-03 05:06:34,141: Test sigma: 0.14667
INFO: 2020-08-03 05:06:34,141:  
INFO: 2020-08-03 05:10:45,008: Iterations: 870
INFO: 2020-08-03 05:10:45,008: Time steps: 14254080
INFO: 2020-08-03 05:10:45,008: Reward: 183.10446
INFO: 2020-08-03 05:10:45,008: Test sigma: 0.14428
INFO: 2020-08-03 05:10:45,008:  
INFO: 2020-08-03 05:14:55,545: Iterations: 880
INFO: 2020-08-03 05:14:55,545: Time steps: 14417920
INFO: 2020-08-03 05:14:55,545: Reward: 185.60978
INFO: 2020-08-03 05:14:55,545: Test sigma: 0.14564
INFO: 2020-08-03 05:14:55,545:  
INFO: 2020-08-03 05:19:06,346: Iterations: 890
INFO: 2020-08-03 05:19:06,346: Time steps: 14581760
INFO: 2020-08-03 05:19:06,347: Reward: 179.40621
INFO: 2020-08-03 05:19:06,347: Test sigma: 0.15399
INFO: 2020-08-03 05:19:06,347:  
INFO: 2020-08-03 05:23:17,112: Iterations: 900
INFO: 2020-08-03 05:23:17,112: Time steps: 14745600
INFO: 2020-08-03 05:23:17,112: Reward: 181.43211
INFO: 2020-08-03 05:23:17,112: Test sigma: 0.14523
INFO: 2020-08-03 05:23:17,112:  
INFO: 2020-08-03 05:27:27,609: Iterations: 910
INFO: 2020-08-03 05:27:27,609: Time steps: 14909440
INFO: 2020-08-03 05:27:27,609: Reward: 174.65785
INFO: 2020-08-03 05:27:27,609: Test sigma: 0.14637
INFO: 2020-08-03 05:27:27,609:  
INFO: 2020-08-03 05:31:38,415: Iterations: 920
INFO: 2020-08-03 05:31:38,415: Time steps: 15073280
INFO: 2020-08-03 05:31:38,415: Reward: 178.34912
INFO: 2020-08-03 05:31:38,415: Test sigma: 0.14366
INFO: 2020-08-03 05:31:38,415:  
INFO: 2020-08-03 05:35:50,205: Iterations: 930
INFO: 2020-08-03 05:35:50,205: Time steps: 15237120
INFO: 2020-08-03 05:35:50,205: Reward: 176.53536
INFO: 2020-08-03 05:35:50,205: Test sigma: 0.14913
INFO: 2020-08-03 05:35:50,205:  
INFO: 2020-08-03 05:40:02,115: Iterations: 940
INFO: 2020-08-03 05:40:02,115: Time steps: 15400960
INFO: 2020-08-03 05:40:02,115: Reward: 188.21610
INFO: 2020-08-03 05:40:02,115: Test sigma: 0.14469
INFO: 2020-08-03 05:40:02,116:  
INFO: 2020-08-03 05:44:14,278: Iterations: 950
INFO: 2020-08-03 05:44:14,278: Time steps: 15564800
INFO: 2020-08-03 05:44:14,278: Reward: 184.72665
INFO: 2020-08-03 05:44:14,278: Test sigma: 0.14794
INFO: 2020-08-03 05:44:14,278:  
INFO: 2020-08-03 05:48:25,619: Iterations: 960
INFO: 2020-08-03 05:48:25,619: Time steps: 15728640
INFO: 2020-08-03 05:48:25,619: Reward: 185.24993
INFO: 2020-08-03 05:48:25,619: Test sigma: 0.15525
INFO: 2020-08-03 05:48:25,619:  
INFO: 2020-08-03 05:52:37,091: Iterations: 970
INFO: 2020-08-03 05:52:37,091: Time steps: 15892480
INFO: 2020-08-03 05:52:37,091: Reward: 182.46495
INFO: 2020-08-03 05:52:37,091: Test sigma: 0.14750
INFO: 2020-08-03 05:52:37,091:  
INFO: 2020-08-03 05:56:48,519: Iterations: 980
INFO: 2020-08-03 05:56:48,520: Time steps: 16056320
INFO: 2020-08-03 05:56:48,520: Reward: 179.59391
INFO: 2020-08-03 05:56:48,520: Test sigma: 0.15351
INFO: 2020-08-03 05:56:48,520:  
INFO: 2020-08-03 06:01:00,375: Iterations: 990
INFO: 2020-08-03 06:01:00,375: Time steps: 16220160
INFO: 2020-08-03 06:01:00,375: Reward: 180.14650
INFO: 2020-08-03 06:01:00,375: Test sigma: 0.14720
INFO: 2020-08-03 06:01:00,375:  
INFO: 2020-08-03 06:05:11,778: Iterations: 1000
INFO: 2020-08-03 06:05:11,778: Time steps: 16384000
INFO: 2020-08-03 06:05:11,778: Reward: 184.29737
INFO: 2020-08-03 06:05:11,778: Test sigma: 0.14879
INFO: 2020-08-03 06:05:11,778:  
INFO: 2020-08-03 06:09:23,153: Iterations: 1010
INFO: 2020-08-03 06:09:23,153: Time steps: 16547840
INFO: 2020-08-03 06:09:23,153: Reward: 186.05183
INFO: 2020-08-03 06:09:23,153: Test sigma: 0.14534
INFO: 2020-08-03 06:09:23,153:  
INFO: 2020-08-03 06:13:34,848: Iterations: 1020
INFO: 2020-08-03 06:13:34,848: Time steps: 16711680
INFO: 2020-08-03 06:13:34,848: Reward: 177.64801
INFO: 2020-08-03 06:13:34,848: Test sigma: 0.14669
INFO: 2020-08-03 06:13:34,848:  
INFO: 2020-08-03 06:17:47,175: Iterations: 1030
INFO: 2020-08-03 06:17:47,176: Time steps: 16875520
INFO: 2020-08-03 06:17:47,176: Reward: 189.98506
INFO: 2020-08-03 06:17:47,176: Test sigma: 0.15230
INFO: 2020-08-03 06:17:47,176:  
INFO: 2020-08-03 06:21:58,276: Iterations: 1040
INFO: 2020-08-03 06:21:58,276: Time steps: 17039360
INFO: 2020-08-03 06:21:58,276: Reward: 179.36826
INFO: 2020-08-03 06:21:58,276: Test sigma: 0.14951
INFO: 2020-08-03 06:21:58,276:  
INFO: 2020-08-03 06:26:09,131: Iterations: 1050
INFO: 2020-08-03 06:26:09,131: Time steps: 17203200
INFO: 2020-08-03 06:26:09,131: Reward: 182.60470
INFO: 2020-08-03 06:26:09,131: Test sigma: 0.14717
INFO: 2020-08-03 06:26:09,131:  
INFO: 2020-08-03 06:30:20,363: Iterations: 1060
INFO: 2020-08-03 06:30:20,364: Time steps: 17367040
INFO: 2020-08-03 06:30:20,364: Reward: 180.33074
INFO: 2020-08-03 06:30:20,364: Test sigma: 0.14336
INFO: 2020-08-03 06:30:20,364:  
INFO: 2020-08-03 06:34:31,582: Iterations: 1070
INFO: 2020-08-03 06:34:31,582: Time steps: 17530880
INFO: 2020-08-03 06:34:31,582: Reward: 183.78808
INFO: 2020-08-03 06:34:31,582: Test sigma: 0.13663
INFO: 2020-08-03 06:34:31,582:  
INFO: 2020-08-03 06:38:42,731: Iterations: 1080
INFO: 2020-08-03 06:38:42,731: Time steps: 17694720
INFO: 2020-08-03 06:38:42,731: Reward: 181.22887
INFO: 2020-08-03 06:38:42,731: Test sigma: 0.14475
INFO: 2020-08-03 06:38:42,731:  
INFO: 2020-08-03 06:42:54,813: Iterations: 1090
INFO: 2020-08-03 06:42:54,814: Time steps: 17858560
INFO: 2020-08-03 06:42:54,814: Reward: 188.47074
INFO: 2020-08-03 06:42:54,814: Test sigma: 0.14187
INFO: 2020-08-03 06:42:54,814:  
INFO: 2020-08-03 06:47:05,835: Iterations: 1100
INFO: 2020-08-03 06:47:05,835: Time steps: 18022400
INFO: 2020-08-03 06:47:05,835: Reward: 181.18399
INFO: 2020-08-03 06:47:05,835: Test sigma: 0.14022
INFO: 2020-08-03 06:47:05,835:  
INFO: 2020-08-03 06:51:16,806: Iterations: 1110
INFO: 2020-08-03 06:51:16,806: Time steps: 18186240
INFO: 2020-08-03 06:51:16,806: Reward: 184.42687
INFO: 2020-08-03 06:51:16,806: Test sigma: 0.13463
INFO: 2020-08-03 06:51:16,807:  
INFO: 2020-08-03 06:55:27,897: Iterations: 1120
INFO: 2020-08-03 06:55:27,897: Time steps: 18350080
INFO: 2020-08-03 06:55:27,897: Reward: 183.29433
INFO: 2020-08-03 06:55:27,897: Test sigma: 0.13742
INFO: 2020-08-03 06:55:27,897:  
INFO: 2020-08-03 06:59:39,092: Iterations: 1130
INFO: 2020-08-03 06:59:39,093: Time steps: 18513920
INFO: 2020-08-03 06:59:39,093: Reward: 182.02516
INFO: 2020-08-03 06:59:39,093: Test sigma: 0.13208
INFO: 2020-08-03 06:59:39,093:  
INFO: 2020-08-03 07:03:50,298: Iterations: 1140
INFO: 2020-08-03 07:03:50,299: Time steps: 18677760
INFO: 2020-08-03 07:03:50,299: Reward: 186.40880
INFO: 2020-08-03 07:03:50,299: Test sigma: 0.13635
INFO: 2020-08-03 07:03:50,299:  
INFO: 2020-08-03 07:08:01,745: Iterations: 1150
INFO: 2020-08-03 07:08:01,746: Time steps: 18841600
INFO: 2020-08-03 07:08:01,746: Reward: 183.92107
INFO: 2020-08-03 07:08:01,746: Test sigma: 0.12924
INFO: 2020-08-03 07:08:01,746:  
INFO: 2020-08-03 07:12:13,340: Iterations: 1160
INFO: 2020-08-03 07:12:13,341: Time steps: 19005440
INFO: 2020-08-03 07:12:13,341: Reward: 182.60132
INFO: 2020-08-03 07:12:13,341: Test sigma: 0.12748
INFO: 2020-08-03 07:12:13,341:  
INFO: 2020-08-03 07:16:24,522: Iterations: 1170
INFO: 2020-08-03 07:16:24,522: Time steps: 19169280
INFO: 2020-08-03 07:16:24,522: Reward: 182.44537
INFO: 2020-08-03 07:16:24,522: Test sigma: 0.13001
INFO: 2020-08-03 07:16:24,522:  
INFO: 2020-08-03 07:20:36,102: Iterations: 1180
INFO: 2020-08-03 07:20:36,102: Time steps: 19333120
INFO: 2020-08-03 07:20:36,102: Reward: 182.23634
INFO: 2020-08-03 07:20:36,102: Test sigma: 0.12570
INFO: 2020-08-03 07:20:36,102:  
INFO: 2020-08-03 07:24:47,656: Iterations: 1190
INFO: 2020-08-03 07:24:47,656: Time steps: 19496960
INFO: 2020-08-03 07:24:47,656: Reward: 180.96103
INFO: 2020-08-03 07:24:47,656: Test sigma: 0.12590
INFO: 2020-08-03 07:24:47,656:  
INFO: 2020-08-03 07:28:59,786: Iterations: 1200
INFO: 2020-08-03 07:28:59,787: Time steps: 19660800
INFO: 2020-08-03 07:28:59,787: Reward: 178.15922
INFO: 2020-08-03 07:28:59,787: Test sigma: 0.12466
INFO: 2020-08-03 07:28:59,787:  
INFO: 2020-08-03 07:33:11,667: Iterations: 1210
INFO: 2020-08-03 07:33:11,667: Time steps: 19824640
INFO: 2020-08-03 07:33:11,667: Reward: 177.03347
INFO: 2020-08-03 07:33:11,667: Test sigma: 0.12348
INFO: 2020-08-03 07:33:11,667:  
INFO: 2020-08-03 07:37:24,159: Iterations: 1220
INFO: 2020-08-03 07:37:24,159: Time steps: 19988480
INFO: 2020-08-03 07:37:24,159: Reward: 180.66663
INFO: 2020-08-03 07:37:24,159: Test sigma: 0.12472
INFO: 2020-08-03 07:37:24,159:  
INFO: 2020-08-03 07:41:35,619: Iterations: 1230
INFO: 2020-08-03 07:41:35,619: Time steps: 20152320
INFO: 2020-08-03 07:41:35,619: Reward: 183.15644
INFO: 2020-08-03 07:41:35,619: Test sigma: 0.12469
INFO: 2020-08-03 07:41:35,619:  
INFO: 2020-08-03 07:45:48,365: Iterations: 1240
INFO: 2020-08-03 07:45:48,366: Time steps: 20316160
INFO: 2020-08-03 07:45:48,366: Reward: 180.63737
INFO: 2020-08-03 07:45:48,366: Test sigma: 0.12789
INFO: 2020-08-03 07:45:48,366:  
INFO: 2020-08-03 07:50:00,428: Iterations: 1250
INFO: 2020-08-03 07:50:00,428: Time steps: 20480000
INFO: 2020-08-03 07:50:00,428: Reward: 178.62143
INFO: 2020-08-03 07:50:00,428: Test sigma: 0.13143
INFO: 2020-08-03 07:50:00,428:  
INFO: 2020-08-03 07:54:12,174: Iterations: 1260
INFO: 2020-08-03 07:54:12,174: Time steps: 20643840
INFO: 2020-08-03 07:54:12,174: Reward: 181.33791
INFO: 2020-08-03 07:54:12,174: Test sigma: 0.12301
INFO: 2020-08-03 07:54:12,174:  
INFO: 2020-08-03 07:58:24,168: Iterations: 1270
INFO: 2020-08-03 07:58:24,168: Time steps: 20807680
INFO: 2020-08-03 07:58:24,168: Reward: 185.79174
INFO: 2020-08-03 07:58:24,169: Test sigma: 0.12445
INFO: 2020-08-03 07:58:24,169:  
INFO: 2020-08-03 08:02:35,981: Iterations: 1280
INFO: 2020-08-03 08:02:35,981: Time steps: 20971520
INFO: 2020-08-03 08:02:35,981: Reward: 173.18553
INFO: 2020-08-03 08:02:35,981: Test sigma: 0.12711
INFO: 2020-08-03 08:02:35,981:  
INFO: 2020-08-03 08:06:48,081: Iterations: 1290
INFO: 2020-08-03 08:06:48,081: Time steps: 21135360
INFO: 2020-08-03 08:06:48,081: Reward: 184.67219
INFO: 2020-08-03 08:06:48,081: Test sigma: 0.12582
INFO: 2020-08-03 08:06:48,081:  
INFO: 2020-08-03 08:10:59,835: Iterations: 1300
INFO: 2020-08-03 08:10:59,835: Time steps: 21299200
INFO: 2020-08-03 08:10:59,835: Reward: 175.76324
INFO: 2020-08-03 08:10:59,836: Test sigma: 0.12951
INFO: 2020-08-03 08:10:59,836:  
INFO: 2020-08-03 08:15:11,977: Iterations: 1310
INFO: 2020-08-03 08:15:11,978: Time steps: 21463040
INFO: 2020-08-03 08:15:11,978: Reward: 184.87127
INFO: 2020-08-03 08:15:11,978: Test sigma: 0.12179
INFO: 2020-08-03 08:15:11,978:  
INFO: 2020-08-03 08:19:23,589: Iterations: 1320
INFO: 2020-08-03 08:19:23,589: Time steps: 21626880
INFO: 2020-08-03 08:19:23,590: Reward: 183.09056
INFO: 2020-08-03 08:19:23,590: Test sigma: 0.12501
INFO: 2020-08-03 08:19:23,590:  
INFO: 2020-08-03 08:23:35,012: Iterations: 1330
INFO: 2020-08-03 08:23:35,012: Time steps: 21790720
INFO: 2020-08-03 08:23:35,012: Reward: 178.68258
INFO: 2020-08-03 08:23:35,012: Test sigma: 0.12529
INFO: 2020-08-03 08:23:35,013:  
INFO: 2020-08-03 08:27:46,235: Iterations: 1340
INFO: 2020-08-03 08:27:46,235: Time steps: 21954560
INFO: 2020-08-03 08:27:46,235: Reward: 179.68063
INFO: 2020-08-03 08:27:46,235: Test sigma: 0.12767
INFO: 2020-08-03 08:27:46,235:  
INFO: 2020-08-03 08:31:57,777: Iterations: 1350
INFO: 2020-08-03 08:31:57,778: Time steps: 22118400
INFO: 2020-08-03 08:31:57,778: Reward: 187.29868
INFO: 2020-08-03 08:31:57,778: Test sigma: 0.12507
INFO: 2020-08-03 08:31:57,778:  
INFO: 2020-08-03 08:36:09,482: Iterations: 1360
INFO: 2020-08-03 08:36:09,482: Time steps: 22282240
INFO: 2020-08-03 08:36:09,483: Reward: 181.47862
INFO: 2020-08-03 08:36:09,483: Test sigma: 0.12614
INFO: 2020-08-03 08:36:09,483:  
INFO: 2020-08-03 08:40:20,940: Iterations: 1370
INFO: 2020-08-03 08:40:20,940: Time steps: 22446080
INFO: 2020-08-03 08:40:20,940: Reward: 175.38466
INFO: 2020-08-03 08:40:20,940: Test sigma: 0.12685
INFO: 2020-08-03 08:40:20,940:  
INFO: 2020-08-03 08:44:32,917: Iterations: 1380
INFO: 2020-08-03 08:44:32,917: Time steps: 22609920
INFO: 2020-08-03 08:44:32,917: Reward: 179.27368
INFO: 2020-08-03 08:44:32,917: Test sigma: 0.12737
INFO: 2020-08-03 08:44:32,917:  
INFO: 2020-08-03 08:48:44,136: Iterations: 1390
INFO: 2020-08-03 08:48:44,136: Time steps: 22773760
INFO: 2020-08-03 08:48:44,136: Reward: 177.34076
INFO: 2020-08-03 08:48:44,136: Test sigma: 0.12807
INFO: 2020-08-03 08:48:44,136:  
INFO: 2020-08-03 08:52:55,732: Iterations: 1400
INFO: 2020-08-03 08:52:55,732: Time steps: 22937600
INFO: 2020-08-03 08:52:55,732: Reward: 182.08665
INFO: 2020-08-03 08:52:55,733: Test sigma: 0.12647
INFO: 2020-08-03 08:52:55,733:  
INFO: 2020-08-03 08:57:07,182: Iterations: 1410
INFO: 2020-08-03 08:57:07,182: Time steps: 23101440
INFO: 2020-08-03 08:57:07,182: Reward: 178.77056
INFO: 2020-08-03 08:57:07,182: Test sigma: 0.12395
INFO: 2020-08-03 08:57:07,182:  
INFO: 2020-08-03 09:01:18,798: Iterations: 1420
INFO: 2020-08-03 09:01:18,798: Time steps: 23265280
INFO: 2020-08-03 09:01:18,798: Reward: 182.22752
INFO: 2020-08-03 09:01:18,798: Test sigma: 0.12350
INFO: 2020-08-03 09:01:18,798:  
INFO: 2020-08-03 09:05:28,389: Iterations: 1430
INFO: 2020-08-03 09:05:28,389: Time steps: 23429120
INFO: 2020-08-03 09:05:28,389: Reward: 177.22585
INFO: 2020-08-03 09:05:28,389: Test sigma: 0.12299
INFO: 2020-08-03 09:05:28,389:  
INFO: 2020-08-03 09:09:34,611: Iterations: 1440
INFO: 2020-08-03 09:09:34,611: Time steps: 23592960
INFO: 2020-08-03 09:09:34,612: Reward: 172.87150
INFO: 2020-08-03 09:09:34,612: Test sigma: 0.12199
INFO: 2020-08-03 09:09:34,612:  
INFO: 2020-08-03 09:13:41,743: Iterations: 1450
INFO: 2020-08-03 09:13:41,743: Time steps: 23756800
INFO: 2020-08-03 09:13:41,743: Reward: 176.28110
INFO: 2020-08-03 09:13:41,744: Test sigma: 0.12285
INFO: 2020-08-03 09:13:41,744:  
INFO: 2020-08-03 09:17:48,140: Iterations: 1460
INFO: 2020-08-03 09:17:48,140: Time steps: 23920640
INFO: 2020-08-03 09:17:48,140: Reward: 180.52280
INFO: 2020-08-03 09:17:48,140: Test sigma: 0.11883
INFO: 2020-08-03 09:17:48,140:  
INFO: 2020-08-03 09:21:54,609: Iterations: 1470
INFO: 2020-08-03 09:21:54,609: Time steps: 24084480
INFO: 2020-08-03 09:21:54,609: Reward: 180.11966
INFO: 2020-08-03 09:21:54,609: Test sigma: 0.12176
INFO: 2020-08-03 09:21:54,609:  
INFO: 2020-08-03 09:26:01,081: Iterations: 1480
INFO: 2020-08-03 09:26:01,081: Time steps: 24248320
INFO: 2020-08-03 09:26:01,081: Reward: 187.36607
INFO: 2020-08-03 09:26:01,081: Test sigma: 0.12034
INFO: 2020-08-03 09:26:01,081:  
INFO: 2020-08-03 09:30:07,471: Iterations: 1490
INFO: 2020-08-03 09:30:07,471: Time steps: 24412160
INFO: 2020-08-03 09:30:07,471: Reward: 185.72650
INFO: 2020-08-03 09:30:07,471: Test sigma: 0.12476
INFO: 2020-08-03 09:30:07,471:  
INFO: 2020-08-03 09:34:15,414: Iterations: 1500
INFO: 2020-08-03 09:34:15,414: Time steps: 24576000
INFO: 2020-08-03 09:34:15,414: Reward: 178.32138
INFO: 2020-08-03 09:34:15,414: Test sigma: 0.12542
INFO: 2020-08-03 09:34:15,414:  
INFO: 2020-08-03 09:38:23,111: Iterations: 1510
INFO: 2020-08-03 09:38:23,111: Time steps: 24739840
INFO: 2020-08-03 09:38:23,111: Reward: 181.12245
INFO: 2020-08-03 09:38:23,111: Test sigma: 0.12314
INFO: 2020-08-03 09:38:23,111:  
INFO: 2020-08-03 09:42:31,204: Iterations: 1520
INFO: 2020-08-03 09:42:31,204: Time steps: 24903680
INFO: 2020-08-03 09:42:31,205: Reward: 176.89440
INFO: 2020-08-03 09:42:31,205: Test sigma: 0.12337
INFO: 2020-08-03 09:42:31,205:  
INFO: 2020-08-03 09:46:39,443: Iterations: 1530
INFO: 2020-08-03 09:46:39,443: Time steps: 25067520
INFO: 2020-08-03 09:46:39,443: Reward: 177.22979
INFO: 2020-08-03 09:46:39,444: Test sigma: 0.12382
INFO: 2020-08-03 09:46:39,444:  
INFO: 2020-08-03 09:50:46,136: Iterations: 1540
INFO: 2020-08-03 09:50:46,136: Time steps: 25231360
INFO: 2020-08-03 09:50:46,136: Reward: 184.65023
INFO: 2020-08-03 09:50:46,136: Test sigma: 0.12204
INFO: 2020-08-03 09:50:46,136:  
INFO: 2020-08-03 09:54:52,929: Iterations: 1550
INFO: 2020-08-03 09:54:52,929: Time steps: 25395200
INFO: 2020-08-03 09:54:52,929: Reward: 181.93293
INFO: 2020-08-03 09:54:52,929: Test sigma: 0.12400
INFO: 2020-08-03 09:54:52,929:  
INFO: 2020-08-03 09:58:58,888: Iterations: 1560
INFO: 2020-08-03 09:58:58,889: Time steps: 25559040
INFO: 2020-08-03 09:58:58,889: Reward: 178.75020
INFO: 2020-08-03 09:58:58,889: Test sigma: 0.12356
INFO: 2020-08-03 09:58:58,889:  
INFO: 2020-08-03 10:03:04,976: Iterations: 1570
INFO: 2020-08-03 10:03:04,976: Time steps: 25722880
INFO: 2020-08-03 10:03:04,976: Reward: 183.25578
INFO: 2020-08-03 10:03:04,976: Test sigma: 0.12653
INFO: 2020-08-03 10:03:04,976:  
INFO: 2020-08-03 10:07:11,449: Iterations: 1580
INFO: 2020-08-03 10:07:11,449: Time steps: 25886720
INFO: 2020-08-03 10:07:11,449: Reward: 181.60105
INFO: 2020-08-03 10:07:11,449: Test sigma: 0.12256
INFO: 2020-08-03 10:07:11,449:  
INFO: 2020-08-03 10:11:17,657: Iterations: 1590
INFO: 2020-08-03 10:11:17,657: Time steps: 26050560
INFO: 2020-08-03 10:11:17,657: Reward: 181.49329
INFO: 2020-08-03 10:11:17,657: Test sigma: 0.12009
INFO: 2020-08-03 10:11:17,657:  
INFO: 2020-08-03 10:15:24,763: Iterations: 1600
INFO: 2020-08-03 10:15:24,763: Time steps: 26214400
INFO: 2020-08-03 10:15:24,763: Reward: 186.73444
INFO: 2020-08-03 10:15:24,763: Test sigma: 0.11723
INFO: 2020-08-03 10:15:24,763:  
INFO: 2020-08-03 10:19:30,841: Iterations: 1610
INFO: 2020-08-03 10:19:30,841: Time steps: 26378240
INFO: 2020-08-03 10:19:30,841: Reward: 179.97915
INFO: 2020-08-03 10:19:30,841: Test sigma: 0.11960
INFO: 2020-08-03 10:19:30,841:  
INFO: 2020-08-03 10:23:36,928: Iterations: 1620
INFO: 2020-08-03 10:23:36,928: Time steps: 26542080
INFO: 2020-08-03 10:23:36,929: Reward: 179.58225
INFO: 2020-08-03 10:23:36,929: Test sigma: 0.12166
INFO: 2020-08-03 10:23:36,929:  
INFO: 2020-08-03 10:27:43,160: Iterations: 1630
INFO: 2020-08-03 10:27:43,160: Time steps: 26705920
INFO: 2020-08-03 10:27:43,160: Reward: 179.13933
INFO: 2020-08-03 10:27:43,160: Test sigma: 0.11911
INFO: 2020-08-03 10:27:43,160:  
INFO: 2020-08-03 10:31:49,573: Iterations: 1640
INFO: 2020-08-03 10:31:49,574: Time steps: 26869760
INFO: 2020-08-03 10:31:49,574: Reward: 181.40576
INFO: 2020-08-03 10:31:49,574: Test sigma: 0.12032
INFO: 2020-08-03 10:31:49,574:  
INFO: 2020-08-03 10:35:55,575: Iterations: 1650
INFO: 2020-08-03 10:35:55,575: Time steps: 27033600
INFO: 2020-08-03 10:35:55,575: Reward: 180.22620
INFO: 2020-08-03 10:35:55,575: Test sigma: 0.12168
INFO: 2020-08-03 10:35:55,575:  
INFO: 2020-08-03 10:40:01,902: Iterations: 1660
INFO: 2020-08-03 10:40:01,902: Time steps: 27197440
INFO: 2020-08-03 10:40:01,902: Reward: 185.03916
INFO: 2020-08-03 10:40:01,902: Test sigma: 0.12248
INFO: 2020-08-03 10:40:01,902:  
INFO: 2020-08-03 10:44:08,102: Iterations: 1670
INFO: 2020-08-03 10:44:08,102: Time steps: 27361280
INFO: 2020-08-03 10:44:08,102: Reward: 182.97666
INFO: 2020-08-03 10:44:08,102: Test sigma: 0.11993
INFO: 2020-08-03 10:44:08,102:  
INFO: 2020-08-03 10:48:13,730: Iterations: 1680
INFO: 2020-08-03 10:48:13,730: Time steps: 27525120
INFO: 2020-08-03 10:48:13,730: Reward: 177.86334
INFO: 2020-08-03 10:48:13,731: Test sigma: 0.10908
INFO: 2020-08-03 10:48:13,731:  
INFO: 2020-08-03 10:52:20,229: Iterations: 1690
INFO: 2020-08-03 10:52:20,229: Time steps: 27688960
INFO: 2020-08-03 10:52:20,229: Reward: 179.32342
INFO: 2020-08-03 10:52:20,230: Test sigma: 0.11128
INFO: 2020-08-03 10:52:20,230:  
INFO: 2020-08-03 10:56:26,384: Iterations: 1700
INFO: 2020-08-03 10:56:26,384: Time steps: 27852800
INFO: 2020-08-03 10:56:26,384: Reward: 181.48357
INFO: 2020-08-03 10:56:26,385: Test sigma: 0.11399
INFO: 2020-08-03 10:56:26,385:  
INFO: 2020-08-03 11:00:32,493: Iterations: 1710
INFO: 2020-08-03 11:00:32,493: Time steps: 28016640
INFO: 2020-08-03 11:00:32,493: Reward: 179.26749
INFO: 2020-08-03 11:00:32,493: Test sigma: 0.11551
INFO: 2020-08-03 11:00:32,494:  
INFO: 2020-08-03 11:04:38,909: Iterations: 1720
INFO: 2020-08-03 11:04:38,909: Time steps: 28180480
INFO: 2020-08-03 11:04:38,910: Reward: 178.88690
INFO: 2020-08-03 11:04:38,910: Test sigma: 0.11485
INFO: 2020-08-03 11:04:38,910:  
INFO: 2020-08-03 11:08:45,657: Iterations: 1730
INFO: 2020-08-03 11:08:45,658: Time steps: 28344320
INFO: 2020-08-03 11:08:45,658: Reward: 179.11435
INFO: 2020-08-03 11:08:45,658: Test sigma: 0.11192
INFO: 2020-08-03 11:08:45,658:  
INFO: 2020-08-03 11:12:53,259: Iterations: 1740
INFO: 2020-08-03 11:12:53,259: Time steps: 28508160
INFO: 2020-08-03 11:12:53,259: Reward: 185.64669
INFO: 2020-08-03 11:12:53,259: Test sigma: 0.11450
INFO: 2020-08-03 11:12:53,259:  
INFO: 2020-08-03 11:16:59,806: Iterations: 1750
INFO: 2020-08-03 11:16:59,806: Time steps: 28672000
INFO: 2020-08-03 11:16:59,807: Reward: 179.65402
INFO: 2020-08-03 11:16:59,807: Test sigma: 0.11264
INFO: 2020-08-03 11:16:59,807:  
INFO: 2020-08-03 11:21:06,699: Iterations: 1760
INFO: 2020-08-03 11:21:06,699: Time steps: 28835840
INFO: 2020-08-03 11:21:06,699: Reward: 181.94124
INFO: 2020-08-03 11:21:06,699: Test sigma: 0.11337
INFO: 2020-08-03 11:21:06,699:  
INFO: 2020-08-03 11:25:13,659: Iterations: 1770
INFO: 2020-08-03 11:25:13,660: Time steps: 28999680
INFO: 2020-08-03 11:25:13,660: Reward: 182.68435
INFO: 2020-08-03 11:25:13,660: Test sigma: 0.11069
INFO: 2020-08-03 11:25:13,660:  
INFO: 2020-08-03 11:29:20,804: Iterations: 1780
INFO: 2020-08-03 11:29:20,804: Time steps: 29163520
INFO: 2020-08-03 11:29:20,804: Reward: 184.77431
INFO: 2020-08-03 11:29:20,805: Test sigma: 0.11008
INFO: 2020-08-03 11:29:20,805:  
INFO: 2020-08-03 11:33:27,839: Iterations: 1790
INFO: 2020-08-03 11:33:27,839: Time steps: 29327360
INFO: 2020-08-03 11:33:27,839: Reward: 180.70832
INFO: 2020-08-03 11:33:27,839: Test sigma: 0.11210
INFO: 2020-08-03 11:33:27,839:  
INFO: 2020-08-03 11:37:34,284: Iterations: 1800
INFO: 2020-08-03 11:37:34,284: Time steps: 29491200
INFO: 2020-08-03 11:37:34,284: Reward: 175.61353
INFO: 2020-08-03 11:37:34,284: Test sigma: 0.10888
INFO: 2020-08-03 11:37:34,284:  
INFO: 2020-08-03 11:41:41,445: Iterations: 1810
INFO: 2020-08-03 11:41:41,445: Time steps: 29655040
INFO: 2020-08-03 11:41:41,445: Reward: 180.09412
INFO: 2020-08-03 11:41:41,445: Test sigma: 0.11030
INFO: 2020-08-03 11:41:41,445:  
INFO: 2020-08-03 11:45:48,003: Iterations: 1820
INFO: 2020-08-03 11:45:48,003: Time steps: 29818880
INFO: 2020-08-03 11:45:48,004: Reward: 179.62120
INFO: 2020-08-03 11:45:48,004: Test sigma: 0.10827
INFO: 2020-08-03 11:45:48,004:  
INFO: 2020-08-03 11:49:54,627: Iterations: 1830
INFO: 2020-08-03 11:49:54,627: Time steps: 29982720
INFO: 2020-08-03 11:49:54,629: Reward: 181.65928
INFO: 2020-08-03 11:49:54,629: Test sigma: 0.10817
INFO: 2020-08-03 11:49:54,629:  
INFO: 2020-08-03 11:54:00,990: Iterations: 1840
INFO: 2020-08-03 11:54:00,990: Time steps: 30146560
INFO: 2020-08-03 11:54:00,990: Reward: 183.32530
INFO: 2020-08-03 11:54:00,990: Test sigma: 0.11187
INFO: 2020-08-03 11:54:00,990:  
INFO: 2020-08-03 11:58:07,413: Iterations: 1850
INFO: 2020-08-03 11:58:07,413: Time steps: 30310400
INFO: 2020-08-03 11:58:07,414: Reward: 175.68923
INFO: 2020-08-03 11:58:07,414: Test sigma: 0.10898
INFO: 2020-08-03 11:58:07,414:  
INFO: 2020-08-03 12:02:13,389: Iterations: 1860
INFO: 2020-08-03 12:02:13,390: Time steps: 30474240
INFO: 2020-08-03 12:02:13,390: Reward: 183.63170
INFO: 2020-08-03 12:02:13,390: Test sigma: 0.10678
INFO: 2020-08-03 12:02:13,390:  
INFO: 2020-08-03 12:06:19,360: Iterations: 1870
INFO: 2020-08-03 12:06:19,361: Time steps: 30638080
INFO: 2020-08-03 12:06:19,361: Reward: 182.68190
INFO: 2020-08-03 12:06:19,361: Test sigma: 0.10636
INFO: 2020-08-03 12:06:19,361:  
INFO: 2020-08-03 12:10:25,328: Iterations: 1880
INFO: 2020-08-03 12:10:25,328: Time steps: 30801920
INFO: 2020-08-03 12:10:25,328: Reward: 182.47302
INFO: 2020-08-03 12:10:25,328: Test sigma: 0.10595
INFO: 2020-08-03 12:10:25,329:  
INFO: 2020-08-03 12:14:32,023: Iterations: 1890
INFO: 2020-08-03 12:14:32,023: Time steps: 30965760
INFO: 2020-08-03 12:14:32,023: Reward: 176.26333
INFO: 2020-08-03 12:14:32,023: Test sigma: 0.10486
INFO: 2020-08-03 12:14:32,023:  
INFO: 2020-08-03 12:18:37,827: Iterations: 1900
INFO: 2020-08-03 12:18:37,827: Time steps: 31129600
INFO: 2020-08-03 12:18:37,827: Reward: 182.42797
INFO: 2020-08-03 12:18:37,827: Test sigma: 0.10226
INFO: 2020-08-03 12:18:37,827:  
INFO: 2020-08-03 12:22:43,758: Iterations: 1910
INFO: 2020-08-03 12:22:43,758: Time steps: 31293440
INFO: 2020-08-03 12:22:43,758: Reward: 177.28742
INFO: 2020-08-03 12:22:43,758: Test sigma: 0.10343
INFO: 2020-08-03 12:22:43,759:  
INFO: 2020-08-03 12:26:50,047: Iterations: 1920
INFO: 2020-08-03 12:26:50,047: Time steps: 31457280
INFO: 2020-08-03 12:26:50,047: Reward: 185.76334
INFO: 2020-08-03 12:26:50,047: Test sigma: 0.10503
INFO: 2020-08-03 12:26:50,047:  
INFO: 2020-08-03 12:30:55,954: Iterations: 1930
INFO: 2020-08-03 12:30:55,955: Time steps: 31621120
INFO: 2020-08-03 12:30:55,955: Reward: 179.59717
INFO: 2020-08-03 12:30:55,955: Test sigma: 0.10499
INFO: 2020-08-03 12:30:55,955:  
INFO: 2020-08-03 12:35:01,544: Iterations: 1940
INFO: 2020-08-03 12:35:01,544: Time steps: 31784960
INFO: 2020-08-03 12:35:01,544: Reward: 177.38678
INFO: 2020-08-03 12:35:01,544: Test sigma: 0.10670
INFO: 2020-08-03 12:35:01,544:  
INFO: 2020-08-03 12:39:07,555: Iterations: 1950
INFO: 2020-08-03 12:39:07,555: Time steps: 31948800
INFO: 2020-08-03 12:39:07,555: Reward: 177.77864
INFO: 2020-08-03 12:39:07,555: Test sigma: 0.10532
INFO: 2020-08-03 12:39:07,555:  
INFO: 2020-08-03 12:43:13,970: Iterations: 1960
INFO: 2020-08-03 12:43:13,970: Time steps: 32112640
INFO: 2020-08-03 12:43:13,970: Reward: 182.59073
INFO: 2020-08-03 12:43:13,970: Test sigma: 0.10488
INFO: 2020-08-03 12:43:13,971:  
INFO: 2020-08-03 12:47:20,031: Iterations: 1970
INFO: 2020-08-03 12:47:20,031: Time steps: 32276480
INFO: 2020-08-03 12:47:20,031: Reward: 181.23741
INFO: 2020-08-03 12:47:20,031: Test sigma: 0.10580
INFO: 2020-08-03 12:47:20,031:  
INFO: 2020-08-03 12:51:26,140: Iterations: 1980
INFO: 2020-08-03 12:51:26,140: Time steps: 32440320
INFO: 2020-08-03 12:51:26,140: Reward: 182.45115
INFO: 2020-08-03 12:51:26,140: Test sigma: 0.10585
INFO: 2020-08-03 12:51:26,140:  
INFO: 2020-08-03 12:55:32,006: Iterations: 1990
INFO: 2020-08-03 12:55:32,006: Time steps: 32604160
INFO: 2020-08-03 12:55:32,006: Reward: 177.87702
INFO: 2020-08-03 12:55:32,007: Test sigma: 0.10721
INFO: 2020-08-03 12:55:32,007:  
INFO: 2020-08-03 12:59:37,939: Iterations: 2000
INFO: 2020-08-03 12:59:37,939: Time steps: 32768000
INFO: 2020-08-03 12:59:37,939: Reward: 180.09155
INFO: 2020-08-03 12:59:37,939: Test sigma: 0.10516
INFO: 2020-08-03 12:59:37,939:  
INFO: 2020-08-03 13:03:43,591: Iterations: 2010
INFO: 2020-08-03 13:03:43,591: Time steps: 32931840
INFO: 2020-08-03 13:03:43,591: Reward: 182.40918
INFO: 2020-08-03 13:03:43,591: Test sigma: 0.10726
INFO: 2020-08-03 13:03:43,591:  
INFO: 2020-08-03 13:07:49,558: Iterations: 2020
INFO: 2020-08-03 13:07:49,558: Time steps: 33095680
INFO: 2020-08-03 13:07:49,558: Reward: 172.06225
INFO: 2020-08-03 13:07:49,558: Test sigma: 0.10708
INFO: 2020-08-03 13:07:49,558:  
INFO: 2020-08-03 13:11:56,225: Iterations: 2030
INFO: 2020-08-03 13:11:56,225: Time steps: 33259520
INFO: 2020-08-03 13:11:56,225: Reward: 180.59540
INFO: 2020-08-03 13:11:56,226: Test sigma: 0.10909
INFO: 2020-08-03 13:11:56,226:  
INFO: 2020-08-03 13:16:02,180: Iterations: 2040
INFO: 2020-08-03 13:16:02,180: Time steps: 33423360
INFO: 2020-08-03 13:16:02,180: Reward: 184.98923
INFO: 2020-08-03 13:16:02,180: Test sigma: 0.10776
INFO: 2020-08-03 13:16:02,180:  
INFO: 2020-08-03 13:20:08,320: Iterations: 2050
INFO: 2020-08-03 13:20:08,320: Time steps: 33587200
INFO: 2020-08-03 13:20:08,320: Reward: 182.87239
INFO: 2020-08-03 13:20:08,321: Test sigma: 0.10643
INFO: 2020-08-03 13:20:08,321:  
INFO: 2020-08-03 13:24:14,197: Iterations: 2060
INFO: 2020-08-03 13:24:14,197: Time steps: 33751040
INFO: 2020-08-03 13:24:14,197: Reward: 182.94014
INFO: 2020-08-03 13:24:14,197: Test sigma: 0.10682
INFO: 2020-08-03 13:24:14,197:  
INFO: 2020-08-03 13:28:20,406: Iterations: 2070
INFO: 2020-08-03 13:28:20,406: Time steps: 33914880
INFO: 2020-08-03 13:28:20,406: Reward: 177.88751
INFO: 2020-08-03 13:28:20,407: Test sigma: 0.10559
INFO: 2020-08-03 13:28:20,407:  
INFO: 2020-08-03 13:32:27,008: Iterations: 2080
INFO: 2020-08-03 13:32:27,009: Time steps: 34078720
INFO: 2020-08-03 13:32:27,009: Reward: 184.93904
INFO: 2020-08-03 13:32:27,009: Test sigma: 0.10731
INFO: 2020-08-03 13:32:27,009:  
INFO: 2020-08-03 13:36:33,093: Iterations: 2090
INFO: 2020-08-03 13:36:33,093: Time steps: 34242560
INFO: 2020-08-03 13:36:33,093: Reward: 184.12910
INFO: 2020-08-03 13:36:33,093: Test sigma: 0.10433
INFO: 2020-08-03 13:36:33,093:  
INFO: 2020-08-03 13:40:39,267: Iterations: 2100
INFO: 2020-08-03 13:40:39,267: Time steps: 34406400
INFO: 2020-08-03 13:40:39,267: Reward: 188.20520
INFO: 2020-08-03 13:40:39,267: Test sigma: 0.10395
INFO: 2020-08-03 13:40:39,267:  
INFO: 2020-08-03 13:44:45,612: Iterations: 2110
INFO: 2020-08-03 13:44:45,612: Time steps: 34570240
INFO: 2020-08-03 13:44:45,613: Reward: 173.64610
INFO: 2020-08-03 13:44:45,613: Test sigma: 0.10611
INFO: 2020-08-03 13:44:45,613:  
INFO: 2020-08-03 13:48:51,692: Iterations: 2120
INFO: 2020-08-03 13:48:51,692: Time steps: 34734080
INFO: 2020-08-03 13:48:51,692: Reward: 179.63488
INFO: 2020-08-03 13:48:51,692: Test sigma: 0.10311
INFO: 2020-08-03 13:48:51,693:  
INFO: 2020-08-03 13:53:08,134: Iterations: 2130
INFO: 2020-08-03 13:53:08,134: Time steps: 34897920
INFO: 2020-08-03 13:53:08,134: Reward: 178.74772
INFO: 2020-08-03 13:53:08,134: Test sigma: 0.10536
INFO: 2020-08-03 13:53:08,135:  
INFO: 2020-08-03 13:57:29,012: Iterations: 2140
INFO: 2020-08-03 13:57:29,012: Time steps: 35061760
INFO: 2020-08-03 13:57:29,012: Reward: 182.96891
INFO: 2020-08-03 13:57:29,012: Test sigma: 0.10378
INFO: 2020-08-03 13:57:29,012:  
INFO: 2020-08-03 14:01:36,567: Iterations: 2150
INFO: 2020-08-03 14:01:36,567: Time steps: 35225600
INFO: 2020-08-03 14:01:36,567: Reward: 180.58103
INFO: 2020-08-03 14:01:36,567: Test sigma: 0.10576
INFO: 2020-08-03 14:01:36,567:  
INFO: 2020-08-03 14:05:57,548: Iterations: 2160
INFO: 2020-08-03 14:05:57,549: Time steps: 35389440
INFO: 2020-08-03 14:05:57,549: Reward: 180.05370
INFO: 2020-08-03 14:05:57,549: Test sigma: 0.10432
INFO: 2020-08-03 14:05:57,549:  
INFO: 2020-08-03 14:09:58,596: Iterations: 2170
INFO: 2020-08-03 14:09:58,596: Time steps: 35553280
INFO: 2020-08-03 14:09:58,596: Reward: 187.35467
INFO: 2020-08-03 14:09:58,596: Test sigma: 0.10377
INFO: 2020-08-03 14:09:58,596:  
INFO: 2020-08-03 14:13:58,931: Iterations: 2180
INFO: 2020-08-03 14:13:58,931: Time steps: 35717120
INFO: 2020-08-03 14:13:58,932: Reward: 180.27965
INFO: 2020-08-03 14:13:58,932: Test sigma: 0.10823
INFO: 2020-08-03 14:13:58,932:  
INFO: 2020-08-03 14:17:57,213: Iterations: 2190
INFO: 2020-08-03 14:17:57,213: Time steps: 35880960
INFO: 2020-08-03 14:17:57,213: Reward: 178.09284
INFO: 2020-08-03 14:17:57,213: Test sigma: 0.10495
INFO: 2020-08-03 14:17:57,213:  
INFO: 2020-08-03 14:21:55,544: Iterations: 2200
INFO: 2020-08-03 14:21:55,544: Time steps: 36044800
INFO: 2020-08-03 14:21:55,544: Reward: 183.91929
INFO: 2020-08-03 14:21:55,544: Test sigma: 0.10501
INFO: 2020-08-03 14:21:55,544:  
INFO: 2020-08-03 14:25:53,760: Iterations: 2210
INFO: 2020-08-03 14:25:53,760: Time steps: 36208640
INFO: 2020-08-03 14:25:53,760: Reward: 181.03557
INFO: 2020-08-03 14:25:53,760: Test sigma: 0.10800
INFO: 2020-08-03 14:25:53,760:  
INFO: 2020-08-03 14:29:51,598: Iterations: 2220
INFO: 2020-08-03 14:29:51,598: Time steps: 36372480
INFO: 2020-08-03 14:29:51,598: Reward: 185.35306
INFO: 2020-08-03 14:29:51,598: Test sigma: 0.10597
INFO: 2020-08-03 14:29:51,598:  
INFO: 2020-08-03 14:33:51,991: Iterations: 2230
INFO: 2020-08-03 14:33:51,991: Time steps: 36536320
INFO: 2020-08-03 14:33:51,991: Reward: 183.74071
INFO: 2020-08-03 14:33:51,991: Test sigma: 0.10466
INFO: 2020-08-03 14:33:51,991:  
INFO: 2020-08-03 14:37:50,503: Iterations: 2240
INFO: 2020-08-03 14:37:50,504: Time steps: 36700160
INFO: 2020-08-03 14:37:50,504: Reward: 180.53546
INFO: 2020-08-03 14:37:50,504: Test sigma: 0.10155
INFO: 2020-08-03 14:37:50,504:  
INFO: 2020-08-03 14:41:50,521: Iterations: 2250
INFO: 2020-08-03 14:41:50,521: Time steps: 36864000
INFO: 2020-08-03 14:41:50,521: Reward: 173.54288
INFO: 2020-08-03 14:41:50,521: Test sigma: 0.10183
INFO: 2020-08-03 14:41:50,521:  
INFO: 2020-08-03 14:45:49,584: Iterations: 2260
INFO: 2020-08-03 14:45:49,584: Time steps: 37027840
INFO: 2020-08-03 14:45:49,584: Reward: 174.66465
INFO: 2020-08-03 14:45:49,584: Test sigma: 0.10033
INFO: 2020-08-03 14:45:49,584:  
INFO: 2020-08-03 14:49:47,985: Iterations: 2270
INFO: 2020-08-03 14:49:47,986: Time steps: 37191680
INFO: 2020-08-03 14:49:47,986: Reward: 179.53275
INFO: 2020-08-03 14:49:47,986: Test sigma: 0.10248
INFO: 2020-08-03 14:49:47,986:  
INFO: 2020-08-03 14:53:46,149: Iterations: 2280
INFO: 2020-08-03 14:53:46,150: Time steps: 37355520
INFO: 2020-08-03 14:53:46,150: Reward: 184.21081
INFO: 2020-08-03 14:53:46,150: Test sigma: 0.10238
INFO: 2020-08-03 14:53:46,150:  
INFO: 2020-08-03 14:57:56,371: Iterations: 2290
INFO: 2020-08-03 14:57:56,371: Time steps: 37519360
INFO: 2020-08-03 14:57:56,371: Reward: 181.19613
INFO: 2020-08-03 14:57:56,371: Test sigma: 0.10058
INFO: 2020-08-03 14:57:56,371:  
INFO: 2020-08-03 15:03:02,164: Iterations: 2300
INFO: 2020-08-03 15:03:02,164: Time steps: 37683200
INFO: 2020-08-03 15:03:02,164: Reward: 179.77004
INFO: 2020-08-03 15:03:02,164: Test sigma: 0.10354
INFO: 2020-08-03 15:03:02,164:  
INFO: 2020-08-03 15:07:27,143: Iterations: 2310
INFO: 2020-08-03 15:07:27,144: Time steps: 37847040
INFO: 2020-08-03 15:07:27,144: Reward: 180.39775
INFO: 2020-08-03 15:07:27,144: Test sigma: 0.10378
INFO: 2020-08-03 15:07:27,144:  
INFO: 2020-08-03 15:11:39,541: Iterations: 2320
INFO: 2020-08-03 15:11:39,541: Time steps: 38010880
INFO: 2020-08-03 15:11:39,541: Reward: 177.63156
INFO: 2020-08-03 15:11:39,541: Test sigma: 0.10180
INFO: 2020-08-03 15:11:39,541:  
INFO: 2020-08-03 15:15:38,672: Iterations: 2330
INFO: 2020-08-03 15:15:38,673: Time steps: 38174720
INFO: 2020-08-03 15:15:38,673: Reward: 179.04152
INFO: 2020-08-03 15:15:38,673: Test sigma: 0.10418
INFO: 2020-08-03 15:15:38,673:  
INFO: 2020-08-03 15:19:38,414: Iterations: 2340
INFO: 2020-08-03 15:19:38,414: Time steps: 38338560
INFO: 2020-08-03 15:19:38,414: Reward: 177.17280
INFO: 2020-08-03 15:19:38,414: Test sigma: 0.10373
INFO: 2020-08-03 15:19:38,414:  
INFO: 2020-08-03 15:23:37,932: Iterations: 2350
INFO: 2020-08-03 15:23:37,932: Time steps: 38502400
INFO: 2020-08-03 15:23:37,932: Reward: 187.10628
INFO: 2020-08-03 15:23:37,932: Test sigma: 0.10334
INFO: 2020-08-03 15:23:37,932:  
INFO: 2020-08-03 15:27:36,712: Iterations: 2360
INFO: 2020-08-03 15:27:36,712: Time steps: 38666240
INFO: 2020-08-03 15:27:36,712: Reward: 182.86489
INFO: 2020-08-03 15:27:36,712: Test sigma: 0.10588
INFO: 2020-08-03 15:27:36,712:  
INFO: 2020-08-03 15:31:35,730: Iterations: 2370
INFO: 2020-08-03 15:31:35,730: Time steps: 38830080
INFO: 2020-08-03 15:31:35,730: Reward: 177.46220
INFO: 2020-08-03 15:31:35,730: Test sigma: 0.10305
INFO: 2020-08-03 15:31:35,730:  
INFO: 2020-08-03 15:35:34,305: Iterations: 2380
INFO: 2020-08-03 15:35:34,305: Time steps: 38993920
INFO: 2020-08-03 15:35:34,305: Reward: 181.49169
INFO: 2020-08-03 15:35:34,305: Test sigma: 0.10144
INFO: 2020-08-03 15:35:34,305:  
INFO: 2020-08-03 15:39:33,121: Iterations: 2390
INFO: 2020-08-03 15:39:33,121: Time steps: 39157760
INFO: 2020-08-03 15:39:33,122: Reward: 187.79215
INFO: 2020-08-03 15:39:33,122: Test sigma: 0.10204
INFO: 2020-08-03 15:39:33,122:  
INFO: 2020-08-03 15:43:32,159: Iterations: 2400
INFO: 2020-08-03 15:43:32,160: Time steps: 39321600
INFO: 2020-08-03 15:43:32,160: Reward: 178.48990
INFO: 2020-08-03 15:43:32,160: Test sigma: 0.10304
INFO: 2020-08-03 15:43:32,160:  
INFO: 2020-08-03 15:47:30,697: Iterations: 2410
INFO: 2020-08-03 15:47:30,697: Time steps: 39485440
INFO: 2020-08-03 15:47:30,697: Reward: 181.21627
INFO: 2020-08-03 15:47:30,697: Test sigma: 0.10097
INFO: 2020-08-03 15:47:30,698:  
INFO: 2020-08-03 15:51:29,275: Iterations: 2420
INFO: 2020-08-03 15:51:29,275: Time steps: 39649280
INFO: 2020-08-03 15:51:29,275: Reward: 178.26683
INFO: 2020-08-03 15:51:29,275: Test sigma: 0.10229
INFO: 2020-08-03 15:51:29,275:  
INFO: 2020-08-03 15:55:27,688: Iterations: 2430
INFO: 2020-08-03 15:55:27,688: Time steps: 39813120
INFO: 2020-08-03 15:55:27,688: Reward: 177.02449
INFO: 2020-08-03 15:55:27,688: Test sigma: 0.10166
INFO: 2020-08-03 15:55:27,688:  
INFO: 2020-08-03 15:59:25,691: Iterations: 2440
INFO: 2020-08-03 15:59:25,691: Time steps: 39976960
INFO: 2020-08-03 15:59:25,691: Reward: 183.70889
INFO: 2020-08-03 15:59:25,691: Test sigma: 0.10237
INFO: 2020-08-03 15:59:25,691:  
INFO: 2020-08-03 16:03:24,063: Iterations: 2450
INFO: 2020-08-03 16:03:24,063: Time steps: 40140800
INFO: 2020-08-03 16:03:24,063: Reward: 178.21654
INFO: 2020-08-03 16:03:24,063: Test sigma: 0.10192
INFO: 2020-08-03 16:03:24,063:  
INFO: 2020-08-03 16:07:22,444: Iterations: 2460
INFO: 2020-08-03 16:07:22,444: Time steps: 40304640
INFO: 2020-08-03 16:07:22,444: Reward: 180.79301
INFO: 2020-08-03 16:07:22,444: Test sigma: 0.10033
INFO: 2020-08-03 16:07:22,444:  
INFO: 2020-08-03 16:11:20,987: Iterations: 2470
INFO: 2020-08-03 16:11:20,987: Time steps: 40468480
INFO: 2020-08-03 16:11:20,987: Reward: 177.91045
INFO: 2020-08-03 16:11:20,987: Test sigma: 0.09989
INFO: 2020-08-03 16:11:20,987:  
INFO: 2020-08-03 16:15:18,949: Iterations: 2480
INFO: 2020-08-03 16:15:18,949: Time steps: 40632320
INFO: 2020-08-03 16:15:18,949: Reward: 181.76071
INFO: 2020-08-03 16:15:18,949: Test sigma: 0.10012
INFO: 2020-08-03 16:15:18,950:  
INFO: 2020-08-03 16:19:16,748: Iterations: 2490
INFO: 2020-08-03 16:19:16,749: Time steps: 40796160
INFO: 2020-08-03 16:19:16,749: Reward: 176.44662
INFO: 2020-08-03 16:19:16,749: Test sigma: 0.10295
INFO: 2020-08-03 16:19:16,749:  
INFO: 2020-08-03 16:23:14,512: Iterations: 2500
INFO: 2020-08-03 16:23:14,512: Time steps: 40960000
INFO: 2020-08-03 16:23:14,512: Reward: 176.86870
INFO: 2020-08-03 16:23:14,512: Test sigma: 0.10271
INFO: 2020-08-03 16:23:14,512:  
INFO: 2020-08-03 16:23:14,513: Saving final model as /home/seanny/Dropbox/potentials/_2d/fan_2d/2-wps-0.1_2020-08-03 16:23:14.512982_final.pth.tar
