INFO: 2020-07-08 19:22:18,542:  
INFO: 2020-07-08 19:22:18,542: Initializing Hard Goals 3D Waypoint Navigation Environment
INFO: 2020-07-08 19:22:18,543: Working directory is /home/seanny/Dropbox/potentials/_3d/traj_3d/
INFO: 2020-07-08 19:22:18,543:  
INFO: 2020-07-08 19:22:18,543: ----------------------------------------------
INFO: 2020-07-08 19:22:18,543: Experiment Settings
INFO: 2020-07-08 19:22:18,543: ----------------------------------------------
INFO: 2020-07-08 19:22:18,543: Number of workers: 64
INFO: 2020-07-08 19:22:18,543: Batch size: 512
INFO: 2020-07-08 19:22:18,543: Iterations: 5000
INFO: 2020-07-08 19:22:18,543: Log interval: 10
INFO: 2020-07-08 19:22:18,543: Experiment runs: 5000
INFO: 2020-07-08 19:22:18,543: Number of test runs: 30
INFO: 2020-07-08 19:22:18,543: ----------------------------------------------
INFO: 2020-07-08 19:22:18,543: Network Parameters
INFO: 2020-07-08 19:22:18,543: ----------------------------------------------
INFO: 2020-07-08 19:22:18,543: Network input dim: 67
INFO: 2020-07-08 19:22:18,543: Network hidden dim: 512
INFO: 2020-07-08 19:22:18,543: Network layers: 2
INFO: 2020-07-08 19:22:18,543: Network output dim: 4
INFO: 2020-07-08 19:22:18,543: ----------------------------------------------
INFO: 2020-07-08 19:22:18,544: Environment Parameters
INFO: 2020-07-08 19:22:18,544: ----------------------------------------------
INFO: 2020-07-08 19:27:04,938:  
INFO: 2020-07-08 19:27:04,938: Initializing Hard Goals 3D Waypoint Navigation Environment
INFO: 2020-07-08 19:27:04,938: Working directory is /home/seanny/Dropbox/potentials/_3d/traj_3d/
INFO: 2020-07-08 19:27:04,938:  
INFO: 2020-07-08 19:27:04,938: ----------------------------------------------
INFO: 2020-07-08 19:27:04,938: Experiment Settings
INFO: 2020-07-08 19:27:04,938: ----------------------------------------------
INFO: 2020-07-08 19:27:04,938: Number of workers: 64
INFO: 2020-07-08 19:27:04,938: Batch size: 512
INFO: 2020-07-08 19:27:04,939: Iterations: 5000
INFO: 2020-07-08 19:27:04,939: Log interval: 10
INFO: 2020-07-08 19:27:04,939: Experiment runs: 5000
INFO: 2020-07-08 19:27:04,939: Number of test runs: 30
INFO: 2020-07-08 19:27:04,939: ----------------------------------------------
INFO: 2020-07-08 19:27:04,939: Network Parameters
INFO: 2020-07-08 19:27:04,939: ----------------------------------------------
INFO: 2020-07-08 19:27:04,939: Network input dim: 67
INFO: 2020-07-08 19:27:04,939: Network hidden dim: 512
INFO: 2020-07-08 19:27:04,939: Network layers: 2
INFO: 2020-07-08 19:27:04,939: Network output dim: 4
INFO: 2020-07-08 19:27:04,939: ----------------------------------------------
INFO: 2020-07-08 19:27:04,939: Environment Parameters
INFO: 2020-07-08 19:27:04,939: ----------------------------------------------
INFO: 2020-07-08 19:29:38,853:  
INFO: 2020-07-08 19:29:38,853: Initializing Hard Goals 3D Waypoint Navigation Environment
INFO: 2020-07-08 19:29:38,853: Working directory is /home/seanny/Dropbox/potentials/_3d/traj_3d/
INFO: 2020-07-08 19:29:38,853:  
INFO: 2020-07-08 19:29:38,853: ----------------------------------------------
INFO: 2020-07-08 19:29:38,853: Experiment Settings
INFO: 2020-07-08 19:29:38,854: ----------------------------------------------
INFO: 2020-07-08 19:29:38,854: Number of workers: 64
INFO: 2020-07-08 19:29:38,854: Batch size: 512
INFO: 2020-07-08 19:29:38,854: Iterations: 5000
INFO: 2020-07-08 19:29:38,854: Log interval: 10
INFO: 2020-07-08 19:29:38,854: Experiment runs: 5000
INFO: 2020-07-08 19:29:38,854: Number of test runs: 30
INFO: 2020-07-08 19:29:38,854: ----------------------------------------------
INFO: 2020-07-08 19:29:38,854: Network Parameters
INFO: 2020-07-08 19:29:38,854: ----------------------------------------------
INFO: 2020-07-08 19:29:38,854: Network input dim: 67
INFO: 2020-07-08 19:29:38,854: Network hidden dim: 512
INFO: 2020-07-08 19:29:38,854: Network layers: 2
INFO: 2020-07-08 19:29:38,854: Network output dim: 4
INFO: 2020-07-08 19:29:38,854: ----------------------------------------------
INFO: 2020-07-08 19:29:38,855: Environment Parameters
INFO: 2020-07-08 19:29:38,855: ----------------------------------------------
INFO: 2020-07-08 19:30:33,991:  
INFO: 2020-07-08 19:30:33,991: Initializing Hard Goals 3D Waypoint Navigation Environment
INFO: 2020-07-08 19:30:33,991: Working directory is /home/seanny/Dropbox/potentials/_3d/traj_3d/
INFO: 2020-07-08 19:30:33,991:  
INFO: 2020-07-08 19:30:33,991: ----------------------------------------------
INFO: 2020-07-08 19:30:33,991: Experiment Settings
INFO: 2020-07-08 19:30:33,991: ----------------------------------------------
INFO: 2020-07-08 19:30:33,991: Number of workers: 64
INFO: 2020-07-08 19:30:33,991: Batch size: 512
INFO: 2020-07-08 19:30:33,991: Iterations: 5000
INFO: 2020-07-08 19:30:33,991: Log interval: 10
INFO: 2020-07-08 19:30:33,992: Experiment runs: 5000
INFO: 2020-07-08 19:30:33,992: Number of test runs: 30
INFO: 2020-07-08 19:30:33,992: ----------------------------------------------
INFO: 2020-07-08 19:30:33,992: Network Parameters
INFO: 2020-07-08 19:30:33,992: ----------------------------------------------
INFO: 2020-07-08 19:30:33,992: Network input dim: 67
INFO: 2020-07-08 19:30:33,992: Network hidden dim: 512
INFO: 2020-07-08 19:30:33,992: Network layers: 2
INFO: 2020-07-08 19:30:33,992: Network output dim: 4
INFO: 2020-07-08 19:30:33,992: ----------------------------------------------
INFO: 2020-07-08 19:30:33,992: Environment Parameters
INFO: 2020-07-08 19:30:33,992: ----------------------------------------------
INFO: 2020-07-08 19:30:34,964:  
INFO: 2020-07-08 19:30:34,964: Iterations: 0
INFO: 2020-07-08 19:30:34,964: Time steps: 0
INFO: 2020-07-08 19:30:34,964: Reward: -520.62097
INFO: 2020-07-08 19:30:34,965:  
INFO: 2020-07-08 19:38:03,350: Iterations: 10
INFO: 2020-07-08 19:38:03,350: Time steps: 327680
INFO: 2020-07-08 19:38:03,350: Reward: -503.65287
INFO: 2020-07-08 19:38:03,350:  
INFO: 2020-07-08 19:38:03,350: Saving best parameters in /home/seanny/Dropbox/potentials/_3d/traj_3d/2-wps.pth.tar
INFO: 2020-07-08 19:45:35,880: Iterations: 20
INFO: 2020-07-08 19:45:35,880: Time steps: 655360
INFO: 2020-07-08 19:45:35,880: Reward: -504.44876
INFO: 2020-07-08 19:45:35,880:  
INFO: 2020-07-08 19:53:17,256: Iterations: 30
INFO: 2020-07-08 19:53:17,257: Time steps: 983040
INFO: 2020-07-08 19:53:17,257: Reward: -498.56325
INFO: 2020-07-08 19:53:17,257:  
INFO: 2020-07-08 19:53:17,257: Saving best parameters in /home/seanny/Dropbox/potentials/_3d/traj_3d/2-wps.pth.tar
INFO: 2020-07-08 20:00:44,081: Iterations: 40
INFO: 2020-07-08 20:00:44,081: Time steps: 1310720
INFO: 2020-07-08 20:00:44,081: Reward: -498.67092
INFO: 2020-07-08 20:00:44,081:  
INFO: 2020-07-08 20:08:10,861: Iterations: 50
INFO: 2020-07-08 20:08:10,861: Time steps: 1638400
INFO: 2020-07-08 20:08:10,861: Reward: -513.04510
INFO: 2020-07-08 20:08:10,861:  
INFO: 2020-07-08 20:15:35,950: Iterations: 60
INFO: 2020-07-08 20:15:35,950: Time steps: 1966080
INFO: 2020-07-08 20:15:35,950: Reward: -509.61288
INFO: 2020-07-08 20:15:35,950:  
INFO: 2020-07-08 20:22:57,224: Iterations: 70
INFO: 2020-07-08 20:22:57,224: Time steps: 2293760
INFO: 2020-07-08 20:22:57,224: Reward: -444.80450
INFO: 2020-07-08 20:22:57,224:  
INFO: 2020-07-08 20:22:57,224: Saving best parameters in /home/seanny/Dropbox/potentials/_3d/traj_3d/2-wps.pth.tar
INFO: 2020-07-08 20:30:16,481: Iterations: 80
INFO: 2020-07-08 20:30:16,481: Time steps: 2621440
INFO: 2020-07-08 20:30:16,481: Reward: -197.91592
INFO: 2020-07-08 20:30:16,481:  
INFO: 2020-07-08 20:30:16,481: Saving best parameters in /home/seanny/Dropbox/potentials/_3d/traj_3d/2-wps.pth.tar
INFO: 2020-07-08 20:37:37,691: Iterations: 90
INFO: 2020-07-08 20:37:37,692: Time steps: 2949120
INFO: 2020-07-08 20:37:37,692: Reward: -129.08146
INFO: 2020-07-08 20:37:37,692:  
INFO: 2020-07-08 20:37:37,692: Saving best parameters in /home/seanny/Dropbox/potentials/_3d/traj_3d/2-wps.pth.tar
INFO: 2020-07-08 20:45:01,373: Iterations: 100
INFO: 2020-07-08 20:45:01,373: Time steps: 3276800
INFO: 2020-07-08 20:45:01,373: Reward: -103.92206
INFO: 2020-07-08 20:45:01,373:  
INFO: 2020-07-08 20:45:01,373: Saving best parameters in /home/seanny/Dropbox/potentials/_3d/traj_3d/2-wps.pth.tar
INFO: 2020-07-08 20:52:25,255: Iterations: 110
INFO: 2020-07-08 20:52:25,255: Time steps: 3604480
INFO: 2020-07-08 20:52:25,255: Reward: -85.19071
INFO: 2020-07-08 20:52:25,255:  
INFO: 2020-07-08 20:52:25,255: Saving best parameters in /home/seanny/Dropbox/potentials/_3d/traj_3d/2-wps.pth.tar
INFO: 2020-07-08 20:59:48,773: Iterations: 120
INFO: 2020-07-08 20:59:48,773: Time steps: 3932160
INFO: 2020-07-08 20:59:48,773: Reward: -83.68972
INFO: 2020-07-08 20:59:48,773:  
INFO: 2020-07-08 20:59:48,773: Saving best parameters in /home/seanny/Dropbox/potentials/_3d/traj_3d/2-wps.pth.tar
INFO: 2020-07-08 21:07:13,259: Iterations: 130
INFO: 2020-07-08 21:07:13,259: Time steps: 4259840
INFO: 2020-07-08 21:07:13,260: Reward: -49.13098
INFO: 2020-07-08 21:07:13,260:  
INFO: 2020-07-08 21:07:13,260: Saving best parameters in /home/seanny/Dropbox/potentials/_3d/traj_3d/2-wps.pth.tar
INFO: 2020-07-08 21:14:38,116: Iterations: 140
INFO: 2020-07-08 21:14:38,116: Time steps: 4587520
INFO: 2020-07-08 21:14:38,116: Reward: -85.27479
INFO: 2020-07-08 21:14:38,116:  
INFO: 2020-07-08 21:22:04,281: Iterations: 150
INFO: 2020-07-08 21:22:04,281: Time steps: 4915200
INFO: 2020-07-08 21:22:04,281: Reward: -85.52538
INFO: 2020-07-08 21:22:04,281:  
INFO: 2020-07-08 21:29:28,697: Iterations: 160
INFO: 2020-07-08 21:29:28,697: Time steps: 5242880
INFO: 2020-07-08 21:29:28,697: Reward: -56.90323
INFO: 2020-07-08 21:29:28,697:  
INFO: 2020-07-08 21:36:51,823: Iterations: 170
INFO: 2020-07-08 21:36:51,823: Time steps: 5570560
INFO: 2020-07-08 21:36:51,823: Reward: -51.41196
INFO: 2020-07-08 21:36:51,823:  
INFO: 2020-07-08 21:44:15,118: Iterations: 180
INFO: 2020-07-08 21:44:15,119: Time steps: 5898240
INFO: 2020-07-08 21:44:15,119: Reward: -68.02410
INFO: 2020-07-08 21:44:15,119:  
INFO: 2020-07-08 21:51:38,544: Iterations: 190
INFO: 2020-07-08 21:51:38,545: Time steps: 6225920
INFO: 2020-07-08 21:51:38,545: Reward: -63.33058
INFO: 2020-07-08 21:51:38,545:  
INFO: 2020-07-08 21:59:07,102: Iterations: 200
INFO: 2020-07-08 21:59:07,102: Time steps: 6553600
INFO: 2020-07-08 21:59:07,102: Reward: -53.13734
INFO: 2020-07-08 21:59:07,102:  
INFO: 2020-07-08 22:06:41,401: Iterations: 210
INFO: 2020-07-08 22:06:41,402: Time steps: 6881280
INFO: 2020-07-08 22:06:41,402: Reward: -54.89499
INFO: 2020-07-08 22:06:41,402:  
INFO: 2020-07-08 22:14:27,210: Iterations: 220
INFO: 2020-07-08 22:14:27,210: Time steps: 7208960
INFO: 2020-07-08 22:14:27,210: Reward: -60.66581
INFO: 2020-07-08 22:14:27,210:  
INFO: 2020-07-08 22:22:22,854: Iterations: 230
INFO: 2020-07-08 22:22:22,855: Time steps: 7536640
INFO: 2020-07-08 22:22:22,855: Reward: -79.62368
INFO: 2020-07-08 22:22:22,855:  
INFO: 2020-07-08 22:30:29,660: Iterations: 240
INFO: 2020-07-08 22:30:29,660: Time steps: 7864320
INFO: 2020-07-08 22:30:29,660: Reward: -86.52984
INFO: 2020-07-08 22:30:29,660:  
INFO: 2020-07-08 22:38:23,662:  
INFO: 2020-07-08 22:38:23,663: Initializing Hard Goals 3D Waypoint Navigation Environment
INFO: 2020-07-08 22:38:23,663: Working directory is /home/seanny/Dropbox/potentials/_3d/traj_3d/
INFO: 2020-07-08 22:38:23,663:  
INFO: 2020-07-08 22:38:23,663: ----------------------------------------------
INFO: 2020-07-08 22:38:23,663: Experiment Settings
INFO: 2020-07-08 22:38:23,663: ----------------------------------------------
INFO: 2020-07-08 22:38:23,663: Number of workers: 64
INFO: 2020-07-08 22:38:23,663: Batch size: 512
INFO: 2020-07-08 22:38:23,663: Iterations: 5000
INFO: 2020-07-08 22:38:23,663: Log interval: 10
INFO: 2020-07-08 22:38:23,663: Experiment runs: 5000
INFO: 2020-07-08 22:38:23,664: Number of test runs: 30
INFO: 2020-07-08 22:38:23,664: ----------------------------------------------
INFO: 2020-07-08 22:38:23,664: Network Parameters
INFO: 2020-07-08 22:38:23,664: ----------------------------------------------
INFO: 2020-07-08 22:38:23,664: Network input dim: 67
INFO: 2020-07-08 22:38:23,664: Network hidden dim: 512
INFO: 2020-07-08 22:38:23,664: Network layers: 2
INFO: 2020-07-08 22:38:23,664: Network output dim: 4
INFO: 2020-07-08 22:38:23,664: ----------------------------------------------
INFO: 2020-07-08 22:38:23,664: Environment Parameters
INFO: 2020-07-08 22:38:23,664: ----------------------------------------------
INFO: 2020-07-08 22:39:57,838:  
INFO: 2020-07-08 22:39:57,839: Initializing Hard Goals 3D Waypoint Navigation Environment
INFO: 2020-07-08 22:39:57,839: Working directory is /home/seanny/Dropbox/potentials/_3d/traj_3d/
INFO: 2020-07-08 22:39:57,839:  
INFO: 2020-07-08 22:39:57,839: ----------------------------------------------
INFO: 2020-07-08 22:39:57,839: Experiment Settings
INFO: 2020-07-08 22:39:57,839: ----------------------------------------------
INFO: 2020-07-08 22:39:57,839: Number of workers: 64
INFO: 2020-07-08 22:39:57,839: Batch size: 512
INFO: 2020-07-08 22:39:57,839: Iterations: 5000
INFO: 2020-07-08 22:39:57,839: Log interval: 10
INFO: 2020-07-08 22:39:57,839: Experiment runs: 5000
INFO: 2020-07-08 22:39:57,839: Number of test runs: 30
INFO: 2020-07-08 22:39:57,839: ----------------------------------------------
INFO: 2020-07-08 22:39:57,839: Network Parameters
INFO: 2020-07-08 22:39:57,839: ----------------------------------------------
INFO: 2020-07-08 22:39:57,839: Network input dim: 67
INFO: 2020-07-08 22:39:57,839: Network hidden dim: 512
INFO: 2020-07-08 22:39:57,840: Network layers: 2
INFO: 2020-07-08 22:39:57,840: Network output dim: 4
INFO: 2020-07-08 22:39:57,840: ----------------------------------------------
INFO: 2020-07-08 22:39:57,840: Environment Parameters
INFO: 2020-07-08 22:39:57,840: ----------------------------------------------
INFO: 2020-07-08 22:39:58,735:  
INFO: 2020-07-08 22:39:58,735: Iterations: 0
INFO: 2020-07-08 22:39:58,735: Time steps: 0
INFO: 2020-07-08 22:39:58,735: Reward: -510.23207
INFO: 2020-07-08 22:39:58,735:  
INFO: 2020-07-08 22:40:41,122:  
INFO: 2020-07-08 22:40:41,122: Initializing Hard Goals 3D Waypoint Navigation Environment
INFO: 2020-07-08 22:40:41,122: Working directory is /home/seanny/Dropbox/potentials/_3d/traj_3d/
INFO: 2020-07-08 22:40:41,122:  
INFO: 2020-07-08 22:40:41,123: ----------------------------------------------
INFO: 2020-07-08 22:40:41,123: Experiment Settings
INFO: 2020-07-08 22:40:41,123: ----------------------------------------------
INFO: 2020-07-08 22:40:41,123: Number of workers: 64
INFO: 2020-07-08 22:40:41,123: Batch size: 512
INFO: 2020-07-08 22:40:41,123: Iterations: 5000
INFO: 2020-07-08 22:40:41,123: Log interval: 10
INFO: 2020-07-08 22:40:41,123: Experiment runs: 5000
INFO: 2020-07-08 22:40:41,123: Number of test runs: 30
INFO: 2020-07-08 22:40:41,123: ----------------------------------------------
INFO: 2020-07-08 22:40:41,123: Network Parameters
INFO: 2020-07-08 22:40:41,124: ----------------------------------------------
INFO: 2020-07-08 22:40:41,124: Network input dim: 67
INFO: 2020-07-08 22:40:41,124: Network hidden dim: 512
INFO: 2020-07-08 22:40:41,124: Network layers: 2
INFO: 2020-07-08 22:40:41,124: Network output dim: 4
INFO: 2020-07-08 22:40:41,124: ----------------------------------------------
INFO: 2020-07-08 22:40:41,124: Environment Parameters
INFO: 2020-07-08 22:40:41,124: ----------------------------------------------
INFO: 2020-07-08 22:40:42,027:  
INFO: 2020-07-08 22:40:42,027: Iterations: 0
INFO: 2020-07-08 22:40:42,027: Time steps: 0
INFO: 2020-07-08 22:40:42,027: Reward: -483.08087
INFO: 2020-07-08 22:40:42,027:  
INFO: 2020-07-08 22:48:09,837: Iterations: 10
INFO: 2020-07-08 22:48:09,837: Time steps: 327680
INFO: 2020-07-08 22:48:09,837: Reward: -491.72232
INFO: 2020-07-08 22:48:09,837:  
INFO: 2020-07-08 22:55:37,813: Iterations: 20
INFO: 2020-07-08 22:55:37,813: Time steps: 655360
INFO: 2020-07-08 22:55:37,813: Reward: -498.54487
INFO: 2020-07-08 22:55:37,813:  
INFO: 2020-07-08 23:03:09,275: Iterations: 30
INFO: 2020-07-08 23:03:09,275: Time steps: 983040
INFO: 2020-07-08 23:03:09,275: Reward: -502.62054
INFO: 2020-07-08 23:03:09,275:  
INFO: 2020-07-08 23:10:43,348: Iterations: 40
INFO: 2020-07-08 23:10:43,348: Time steps: 1310720
INFO: 2020-07-08 23:10:43,348: Reward: -510.33968
INFO: 2020-07-08 23:10:43,348:  
INFO: 2020-07-08 23:18:14,816: Iterations: 50
INFO: 2020-07-08 23:18:14,817: Time steps: 1638400
INFO: 2020-07-08 23:18:14,817: Reward: -504.91510
INFO: 2020-07-08 23:18:14,817:  
INFO: 2020-07-08 23:25:44,390: Iterations: 60
INFO: 2020-07-08 23:25:44,390: Time steps: 1966080
INFO: 2020-07-08 23:25:44,390: Reward: -517.77129
INFO: 2020-07-08 23:25:44,390:  
INFO: 2020-07-08 23:33:11,723: Iterations: 70
INFO: 2020-07-08 23:33:11,723: Time steps: 2293760
INFO: 2020-07-08 23:33:11,724: Reward: -518.67372
INFO: 2020-07-08 23:33:11,724:  
INFO: 2020-07-08 23:40:39,835: Iterations: 80
INFO: 2020-07-08 23:40:39,835: Time steps: 2621440
INFO: 2020-07-08 23:40:39,835: Reward: -504.66020
INFO: 2020-07-08 23:40:39,835:  
INFO: 2020-07-08 23:48:04,525: Iterations: 90
INFO: 2020-07-08 23:48:04,525: Time steps: 2949120
INFO: 2020-07-08 23:48:04,525: Reward: -406.73722
INFO: 2020-07-08 23:48:04,525:  
INFO: 2020-07-08 23:48:04,525: Saving best parameters in /home/seanny/Dropbox/potentials/_3d/traj_3d/2-wps.pth.tar
INFO: 2020-07-08 23:55:30,487: Iterations: 100
INFO: 2020-07-08 23:55:30,487: Time steps: 3276800
INFO: 2020-07-08 23:55:30,487: Reward: -245.07952
INFO: 2020-07-08 23:55:30,487:  
INFO: 2020-07-08 23:55:30,487: Saving best parameters in /home/seanny/Dropbox/potentials/_3d/traj_3d/2-wps.pth.tar
INFO: 2020-07-09 00:02:57,171: Iterations: 110
INFO: 2020-07-09 00:02:57,172: Time steps: 3604480
INFO: 2020-07-09 00:02:57,172: Reward: -172.45067
INFO: 2020-07-09 00:02:57,172:  
INFO: 2020-07-09 00:02:57,172: Saving best parameters in /home/seanny/Dropbox/potentials/_3d/traj_3d/2-wps.pth.tar
INFO: 2020-07-09 00:10:23,075: Iterations: 120
INFO: 2020-07-09 00:10:23,076: Time steps: 3932160
INFO: 2020-07-09 00:10:23,076: Reward: -128.53757
INFO: 2020-07-09 00:10:23,076:  
INFO: 2020-07-09 00:10:23,076: Saving best parameters in /home/seanny/Dropbox/potentials/_3d/traj_3d/2-wps.pth.tar
INFO: 2020-07-09 00:17:46,135: Iterations: 130
INFO: 2020-07-09 00:17:46,135: Time steps: 4259840
INFO: 2020-07-09 00:17:46,135: Reward: -106.84113
INFO: 2020-07-09 00:17:46,135:  
INFO: 2020-07-09 00:17:46,135: Saving best parameters in /home/seanny/Dropbox/potentials/_3d/traj_3d/2-wps.pth.tar
INFO: 2020-07-09 00:25:12,912: Iterations: 140
INFO: 2020-07-09 00:25:12,912: Time steps: 4587520
INFO: 2020-07-09 00:25:12,912: Reward: -105.00554
INFO: 2020-07-09 00:25:12,912:  
INFO: 2020-07-09 00:25:12,912: Saving best parameters in /home/seanny/Dropbox/potentials/_3d/traj_3d/2-wps.pth.tar
INFO: 2020-07-09 00:32:40,943: Iterations: 150
INFO: 2020-07-09 00:32:40,943: Time steps: 4915200
INFO: 2020-07-09 00:32:40,943: Reward: -104.97390
INFO: 2020-07-09 00:32:40,944:  
INFO: 2020-07-09 00:32:40,944: Saving best parameters in /home/seanny/Dropbox/potentials/_3d/traj_3d/2-wps.pth.tar
INFO: 2020-07-09 00:40:07,401: Iterations: 160
INFO: 2020-07-09 00:40:07,401: Time steps: 5242880
INFO: 2020-07-09 00:40:07,401: Reward: -118.45213
INFO: 2020-07-09 00:40:07,401:  
INFO: 2020-07-09 00:47:35,018: Iterations: 170
INFO: 2020-07-09 00:47:35,018: Time steps: 5570560
INFO: 2020-07-09 00:47:35,018: Reward: -119.06000
INFO: 2020-07-09 00:47:35,019:  
INFO: 2020-07-09 00:54:55,727: Iterations: 180
INFO: 2020-07-09 00:54:55,727: Time steps: 5898240
INFO: 2020-07-09 00:54:55,727: Reward: -116.78131
INFO: 2020-07-09 00:54:55,727:  
INFO: 2020-07-09 01:02:20,728: Iterations: 190
INFO: 2020-07-09 01:02:20,728: Time steps: 6225920
INFO: 2020-07-09 01:02:20,728: Reward: -112.84912
INFO: 2020-07-09 01:02:20,728:  
INFO: 2020-07-09 01:09:47,880: Iterations: 200
INFO: 2020-07-09 01:09:47,881: Time steps: 6553600
INFO: 2020-07-09 01:09:47,881: Reward: -101.01189
INFO: 2020-07-09 01:09:47,881:  
INFO: 2020-07-09 01:09:47,881: Saving best parameters in /home/seanny/Dropbox/potentials/_3d/traj_3d/2-wps.pth.tar
INFO: 2020-07-09 01:17:14,495: Iterations: 210
INFO: 2020-07-09 01:17:14,495: Time steps: 6881280
INFO: 2020-07-09 01:17:14,495: Reward: -105.39750
INFO: 2020-07-09 01:17:14,495:  
INFO: 2020-07-09 01:24:41,755: Iterations: 220
INFO: 2020-07-09 01:24:41,755: Time steps: 7208960
INFO: 2020-07-09 01:24:41,755: Reward: -85.93040
INFO: 2020-07-09 01:24:41,755:  
INFO: 2020-07-09 01:24:41,755: Saving best parameters in /home/seanny/Dropbox/potentials/_3d/traj_3d/2-wps.pth.tar
INFO: 2020-07-09 01:32:07,440: Iterations: 230
INFO: 2020-07-09 01:32:07,441: Time steps: 7536640
INFO: 2020-07-09 01:32:07,441: Reward: -91.70660
INFO: 2020-07-09 01:32:07,441:  
INFO: 2020-07-09 01:39:31,251: Iterations: 240
INFO: 2020-07-09 01:39:31,252: Time steps: 7864320
INFO: 2020-07-09 01:39:31,252: Reward: -92.82039
INFO: 2020-07-09 01:39:31,252:  
INFO: 2020-07-09 01:46:59,143: Iterations: 250
INFO: 2020-07-09 01:46:59,143: Time steps: 8192000
INFO: 2020-07-09 01:46:59,143: Reward: -105.02120
INFO: 2020-07-09 01:46:59,143:  
INFO: 2020-07-09 01:54:24,911: Iterations: 260
INFO: 2020-07-09 01:54:24,911: Time steps: 8519680
INFO: 2020-07-09 01:54:24,911: Reward: -96.02955
INFO: 2020-07-09 01:54:24,911:  
INFO: 2020-07-09 02:01:47,644: Iterations: 270
INFO: 2020-07-09 02:01:47,644: Time steps: 8847360
INFO: 2020-07-09 02:01:47,644: Reward: -109.52068
INFO: 2020-07-09 02:01:47,644:  
INFO: 2020-07-09 02:09:10,556: Iterations: 280
INFO: 2020-07-09 02:09:10,556: Time steps: 9175040
INFO: 2020-07-09 02:09:10,557: Reward: -71.86306
INFO: 2020-07-09 02:09:10,557:  
INFO: 2020-07-09 02:09:10,557: Saving best parameters in /home/seanny/Dropbox/potentials/_3d/traj_3d/2-wps.pth.tar
INFO: 2020-07-09 02:16:34,125: Iterations: 290
INFO: 2020-07-09 02:16:34,125: Time steps: 9502720
INFO: 2020-07-09 02:16:34,125: Reward: -105.38956
INFO: 2020-07-09 02:16:34,125:  
INFO: 2020-07-09 02:23:59,660: Iterations: 300
INFO: 2020-07-09 02:23:59,660: Time steps: 9830400
INFO: 2020-07-09 02:23:59,660: Reward: -104.76704
INFO: 2020-07-09 02:23:59,660:  
INFO: 2020-07-09 02:31:23,087: Iterations: 310
INFO: 2020-07-09 02:31:23,088: Time steps: 10158080
INFO: 2020-07-09 02:31:23,088: Reward: -111.65103
INFO: 2020-07-09 02:31:23,088:  
INFO: 2020-07-09 02:38:46,495: Iterations: 320
INFO: 2020-07-09 02:38:46,495: Time steps: 10485760
INFO: 2020-07-09 02:38:46,495: Reward: -76.48662
INFO: 2020-07-09 02:38:46,495:  
INFO: 2020-07-09 02:46:08,774: Iterations: 330
INFO: 2020-07-09 02:46:08,775: Time steps: 10813440
INFO: 2020-07-09 02:46:08,775: Reward: -90.83828
INFO: 2020-07-09 02:46:08,775:  
INFO: 2020-07-09 02:53:32,452: Iterations: 340
INFO: 2020-07-09 02:53:32,452: Time steps: 11141120
INFO: 2020-07-09 02:53:32,452: Reward: -92.16255
INFO: 2020-07-09 02:53:32,453:  
INFO: 2020-07-09 03:00:55,786: Iterations: 350
INFO: 2020-07-09 03:00:55,786: Time steps: 11468800
INFO: 2020-07-09 03:00:55,786: Reward: -89.20068
INFO: 2020-07-09 03:00:55,786:  
INFO: 2020-07-09 03:08:17,405: Iterations: 360
INFO: 2020-07-09 03:08:17,405: Time steps: 11796480
INFO: 2020-07-09 03:08:17,405: Reward: -83.14476
INFO: 2020-07-09 03:08:17,405:  
INFO: 2020-07-09 03:15:41,139: Iterations: 370
INFO: 2020-07-09 03:15:41,139: Time steps: 12124160
INFO: 2020-07-09 03:15:41,139: Reward: -91.35152
INFO: 2020-07-09 03:15:41,139:  
INFO: 2020-07-09 03:23:08,773: Iterations: 380
INFO: 2020-07-09 03:23:08,773: Time steps: 12451840
INFO: 2020-07-09 03:23:08,773: Reward: -66.35562
INFO: 2020-07-09 03:23:08,773:  
INFO: 2020-07-09 03:23:08,773: Saving best parameters in /home/seanny/Dropbox/potentials/_3d/traj_3d/2-wps.pth.tar
INFO: 2020-07-09 03:30:32,605: Iterations: 390
INFO: 2020-07-09 03:30:32,605: Time steps: 12779520
INFO: 2020-07-09 03:30:32,605: Reward: -81.34216
INFO: 2020-07-09 03:30:32,605:  
INFO: 2020-07-09 03:37:54,761: Iterations: 400
INFO: 2020-07-09 03:37:54,761: Time steps: 13107200
INFO: 2020-07-09 03:37:54,761: Reward: -85.44938
INFO: 2020-07-09 03:37:54,761:  
INFO: 2020-07-09 03:45:19,347: Iterations: 410
INFO: 2020-07-09 03:45:19,347: Time steps: 13434880
INFO: 2020-07-09 03:45:19,348: Reward: -81.92932
INFO: 2020-07-09 03:45:19,348:  
INFO: 2020-07-09 03:52:42,669: Iterations: 420
INFO: 2020-07-09 03:52:42,669: Time steps: 13762560
INFO: 2020-07-09 03:52:42,669: Reward: -68.89673
INFO: 2020-07-09 03:52:42,669:  
INFO: 2020-07-09 04:00:07,584: Iterations: 430
INFO: 2020-07-09 04:00:07,584: Time steps: 14090240
INFO: 2020-07-09 04:00:07,584: Reward: -74.06753
INFO: 2020-07-09 04:00:07,585:  
INFO: 2020-07-09 04:07:29,433: Iterations: 440
INFO: 2020-07-09 04:07:29,434: Time steps: 14417920
INFO: 2020-07-09 04:07:29,434: Reward: -80.03234
INFO: 2020-07-09 04:07:29,434:  
INFO: 2020-07-09 04:14:51,014: Iterations: 450
INFO: 2020-07-09 04:14:51,014: Time steps: 14745600
INFO: 2020-07-09 04:14:51,014: Reward: -91.46044
INFO: 2020-07-09 04:14:51,014:  
INFO: 2020-07-09 04:22:15,142: Iterations: 460
INFO: 2020-07-09 04:22:15,142: Time steps: 15073280
INFO: 2020-07-09 04:22:15,142: Reward: -85.36985
INFO: 2020-07-09 04:22:15,142:  
INFO: 2020-07-09 04:29:38,216: Iterations: 470
INFO: 2020-07-09 04:29:38,216: Time steps: 15400960
INFO: 2020-07-09 04:29:38,216: Reward: -102.74377
INFO: 2020-07-09 04:29:38,216:  
INFO: 2020-07-09 04:36:58,429: Iterations: 480
INFO: 2020-07-09 04:36:58,429: Time steps: 15728640
INFO: 2020-07-09 04:36:58,429: Reward: -77.01241
INFO: 2020-07-09 04:36:58,429:  
INFO: 2020-07-09 04:44:18,633: Iterations: 490
INFO: 2020-07-09 04:44:18,634: Time steps: 16056320
INFO: 2020-07-09 04:44:18,634: Reward: -83.39801
INFO: 2020-07-09 04:44:18,634:  
INFO: 2020-07-09 04:51:41,702: Iterations: 500
INFO: 2020-07-09 04:51:41,703: Time steps: 16384000
INFO: 2020-07-09 04:51:41,703: Reward: -73.48876
INFO: 2020-07-09 04:51:41,703:  
INFO: 2020-07-09 04:59:01,722: Iterations: 510
INFO: 2020-07-09 04:59:01,723: Time steps: 16711680
INFO: 2020-07-09 04:59:01,723: Reward: -80.50067
INFO: 2020-07-09 04:59:01,723:  
INFO: 2020-07-09 05:06:22,297: Iterations: 520
INFO: 2020-07-09 05:06:22,297: Time steps: 17039360
INFO: 2020-07-09 05:06:22,297: Reward: -66.75613
INFO: 2020-07-09 05:06:22,297:  
INFO: 2020-07-09 05:13:42,957: Iterations: 530
INFO: 2020-07-09 05:13:42,957: Time steps: 17367040
INFO: 2020-07-09 05:13:42,957: Reward: -93.13229
INFO: 2020-07-09 05:13:42,957:  
INFO: 2020-07-09 05:21:04,498: Iterations: 540
INFO: 2020-07-09 05:21:04,499: Time steps: 17694720
INFO: 2020-07-09 05:21:04,499: Reward: -52.33356
INFO: 2020-07-09 05:21:04,499:  
INFO: 2020-07-09 05:21:04,499: Saving best parameters in /home/seanny/Dropbox/potentials/_3d/traj_3d/2-wps.pth.tar
INFO: 2020-07-09 05:28:26,631: Iterations: 550
INFO: 2020-07-09 05:28:26,631: Time steps: 18022400
INFO: 2020-07-09 05:28:26,631: Reward: -62.61293
INFO: 2020-07-09 05:28:26,631:  
INFO: 2020-07-09 05:35:49,921: Iterations: 560
INFO: 2020-07-09 05:35:49,921: Time steps: 18350080
INFO: 2020-07-09 05:35:49,921: Reward: -66.12777
INFO: 2020-07-09 05:35:49,921:  
INFO: 2020-07-09 05:43:14,069: Iterations: 570
INFO: 2020-07-09 05:43:14,070: Time steps: 18677760
INFO: 2020-07-09 05:43:14,070: Reward: -73.98149
INFO: 2020-07-09 05:43:14,070:  
INFO: 2020-07-09 05:50:36,538: Iterations: 580
INFO: 2020-07-09 05:50:36,539: Time steps: 19005440
INFO: 2020-07-09 05:50:36,539: Reward: -60.51599
INFO: 2020-07-09 05:50:36,539:  
INFO: 2020-07-09 05:57:58,182: Iterations: 590
INFO: 2020-07-09 05:57:58,182: Time steps: 19333120
INFO: 2020-07-09 05:57:58,182: Reward: -55.85355
INFO: 2020-07-09 05:57:58,182:  
INFO: 2020-07-09 06:05:20,557: Iterations: 600
INFO: 2020-07-09 06:05:20,557: Time steps: 19660800
INFO: 2020-07-09 06:05:20,557: Reward: -73.05683
INFO: 2020-07-09 06:05:20,557:  
INFO: 2020-07-09 06:12:40,760: Iterations: 610
INFO: 2020-07-09 06:12:40,760: Time steps: 19988480
INFO: 2020-07-09 06:12:40,760: Reward: -51.45900
INFO: 2020-07-09 06:12:40,760:  
INFO: 2020-07-09 06:12:40,760: Saving best parameters in /home/seanny/Dropbox/potentials/_3d/traj_3d/2-wps.pth.tar
INFO: 2020-07-09 06:20:00,323: Iterations: 620
INFO: 2020-07-09 06:20:00,323: Time steps: 20316160
INFO: 2020-07-09 06:20:00,324: Reward: -45.01418
INFO: 2020-07-09 06:20:00,324:  
INFO: 2020-07-09 06:20:00,324: Saving best parameters in /home/seanny/Dropbox/potentials/_3d/traj_3d/2-wps.pth.tar
INFO: 2020-07-09 06:27:20,197: Iterations: 630
INFO: 2020-07-09 06:27:20,197: Time steps: 20643840
INFO: 2020-07-09 06:27:20,197: Reward: -61.89827
INFO: 2020-07-09 06:27:20,198:  
INFO: 2020-07-09 06:34:40,380: Iterations: 640
INFO: 2020-07-09 06:34:40,380: Time steps: 20971520
INFO: 2020-07-09 06:34:40,380: Reward: -58.23770
INFO: 2020-07-09 06:34:40,381:  
INFO: 2020-07-09 06:42:00,652: Iterations: 650
INFO: 2020-07-09 06:42:00,652: Time steps: 21299200
INFO: 2020-07-09 06:42:00,652: Reward: -45.88013
INFO: 2020-07-09 06:42:00,653:  
INFO: 2020-07-09 06:49:22,021: Iterations: 660
INFO: 2020-07-09 06:49:22,021: Time steps: 21626880
INFO: 2020-07-09 06:49:22,021: Reward: -65.17347
INFO: 2020-07-09 06:49:22,021:  
INFO: 2020-07-09 06:56:41,227: Iterations: 670
INFO: 2020-07-09 06:56:41,227: Time steps: 21954560
INFO: 2020-07-09 06:56:41,227: Reward: -76.78443
INFO: 2020-07-09 06:56:41,227:  
INFO: 2020-07-09 07:04:01,827: Iterations: 680
INFO: 2020-07-09 07:04:01,827: Time steps: 22282240
INFO: 2020-07-09 07:04:01,827: Reward: -55.96885
INFO: 2020-07-09 07:04:01,827:  
INFO: 2020-07-09 07:11:22,082: Iterations: 690
INFO: 2020-07-09 07:11:22,082: Time steps: 22609920
INFO: 2020-07-09 07:11:22,082: Reward: -39.27143
INFO: 2020-07-09 07:11:22,082:  
INFO: 2020-07-09 07:11:22,083: Saving best parameters in /home/seanny/Dropbox/potentials/_3d/traj_3d/2-wps.pth.tar
INFO: 2020-07-09 07:18:43,209: Iterations: 700
INFO: 2020-07-09 07:18:43,209: Time steps: 22937600
INFO: 2020-07-09 07:18:43,209: Reward: -51.44582
INFO: 2020-07-09 07:18:43,209:  
INFO: 2020-07-09 07:26:04,603: Iterations: 710
INFO: 2020-07-09 07:26:04,603: Time steps: 23265280
INFO: 2020-07-09 07:26:04,603: Reward: -43.88620
INFO: 2020-07-09 07:26:04,604:  
INFO: 2020-07-09 07:33:23,728: Iterations: 720
INFO: 2020-07-09 07:33:23,728: Time steps: 23592960
INFO: 2020-07-09 07:33:23,728: Reward: -22.47464
INFO: 2020-07-09 07:33:23,728:  
INFO: 2020-07-09 07:33:23,729: Saving best parameters in /home/seanny/Dropbox/potentials/_3d/traj_3d/2-wps.pth.tar
INFO: 2020-07-09 07:40:44,326: Iterations: 730
INFO: 2020-07-09 07:40:44,326: Time steps: 23920640
INFO: 2020-07-09 07:40:44,326: Reward: -49.47125
INFO: 2020-07-09 07:40:44,326:  
INFO: 2020-07-09 07:48:03,786: Iterations: 740
INFO: 2020-07-09 07:48:03,786: Time steps: 24248320
INFO: 2020-07-09 07:48:03,786: Reward: -53.63699
INFO: 2020-07-09 07:48:03,787:  
INFO: 2020-07-09 07:55:23,356: Iterations: 750
INFO: 2020-07-09 07:55:23,356: Time steps: 24576000
INFO: 2020-07-09 07:55:23,356: Reward: -38.27125
INFO: 2020-07-09 07:55:23,356:  
INFO: 2020-07-09 08:02:43,224: Iterations: 760
INFO: 2020-07-09 08:02:43,224: Time steps: 24903680
INFO: 2020-07-09 08:02:43,224: Reward: -54.33402
INFO: 2020-07-09 08:02:43,224:  
INFO: 2020-07-09 08:10:02,110: Iterations: 770
INFO: 2020-07-09 08:10:02,110: Time steps: 25231360
INFO: 2020-07-09 08:10:02,110: Reward: -15.47997
INFO: 2020-07-09 08:10:02,110:  
INFO: 2020-07-09 08:10:02,110: Saving best parameters in /home/seanny/Dropbox/potentials/_3d/traj_3d/2-wps.pth.tar
INFO: 2020-07-09 08:17:21,973: Iterations: 780
INFO: 2020-07-09 08:17:21,973: Time steps: 25559040
INFO: 2020-07-09 08:17:21,973: Reward: -53.87559
INFO: 2020-07-09 08:17:21,973:  
INFO: 2020-07-09 08:24:41,949: Iterations: 790
INFO: 2020-07-09 08:24:41,949: Time steps: 25886720
INFO: 2020-07-09 08:24:41,950: Reward: -27.78609
INFO: 2020-07-09 08:24:41,950:  
INFO: 2020-07-09 08:32:01,048: Iterations: 800
INFO: 2020-07-09 08:32:01,048: Time steps: 26214400
INFO: 2020-07-09 08:32:01,048: Reward: -38.41394
INFO: 2020-07-09 08:32:01,049:  
INFO: 2020-07-09 08:39:24,180: Iterations: 810
INFO: 2020-07-09 08:39:24,180: Time steps: 26542080
INFO: 2020-07-09 08:39:24,180: Reward: -48.40768
INFO: 2020-07-09 08:39:24,180:  
INFO: 2020-07-09 08:46:44,260: Iterations: 820
INFO: 2020-07-09 08:46:44,260: Time steps: 26869760
INFO: 2020-07-09 08:46:44,260: Reward: -29.08872
INFO: 2020-07-09 08:46:44,260:  
INFO: 2020-07-09 08:54:05,381: Iterations: 830
INFO: 2020-07-09 08:54:05,381: Time steps: 27197440
INFO: 2020-07-09 08:54:05,381: Reward: -48.26083
INFO: 2020-07-09 08:54:05,381:  
INFO: 2020-07-09 09:01:27,056: Iterations: 840
INFO: 2020-07-09 09:01:27,056: Time steps: 27525120
INFO: 2020-07-09 09:01:27,056: Reward: -36.58338
INFO: 2020-07-09 09:01:27,056:  
INFO: 2020-07-09 09:08:47,522: Iterations: 850
INFO: 2020-07-09 09:08:47,522: Time steps: 27852800
INFO: 2020-07-09 09:08:47,522: Reward: -64.32309
INFO: 2020-07-09 09:08:47,522:  
INFO: 2020-07-09 09:16:07,974: Iterations: 860
INFO: 2020-07-09 09:16:07,974: Time steps: 28180480
INFO: 2020-07-09 09:16:07,974: Reward: -25.30541
INFO: 2020-07-09 09:16:07,974:  
INFO: 2020-07-09 09:23:30,764: Iterations: 870
INFO: 2020-07-09 09:23:30,764: Time steps: 28508160
INFO: 2020-07-09 09:23:30,764: Reward: -22.18493
INFO: 2020-07-09 09:23:30,764:  
INFO: 2020-07-09 09:30:52,396: Iterations: 880
INFO: 2020-07-09 09:30:52,396: Time steps: 28835840
INFO: 2020-07-09 09:30:52,397: Reward: -46.70491
INFO: 2020-07-09 09:30:52,397:  
INFO: 2020-07-09 09:38:13,635: Iterations: 890
INFO: 2020-07-09 09:38:13,636: Time steps: 29163520
INFO: 2020-07-09 09:38:13,636: Reward: -35.39020
INFO: 2020-07-09 09:38:13,636:  
INFO: 2020-07-09 09:45:34,367: Iterations: 900
INFO: 2020-07-09 09:45:34,367: Time steps: 29491200
INFO: 2020-07-09 09:45:34,367: Reward: -19.13954
INFO: 2020-07-09 09:45:34,367:  
INFO: 2020-07-09 09:52:54,917: Iterations: 910
INFO: 2020-07-09 09:52:54,917: Time steps: 29818880
INFO: 2020-07-09 09:52:54,917: Reward: -1.61920
INFO: 2020-07-09 09:52:54,917:  
INFO: 2020-07-09 09:52:54,917: Saving best parameters in /home/seanny/Dropbox/potentials/_3d/traj_3d/2-wps.pth.tar
INFO: 2020-07-09 10:00:16,305: Iterations: 920
INFO: 2020-07-09 10:00:16,305: Time steps: 30146560
INFO: 2020-07-09 10:00:16,305: Reward: -3.93349
INFO: 2020-07-09 10:00:16,305:  
INFO: 2020-07-09 10:07:35,907: Iterations: 930
INFO: 2020-07-09 10:07:35,908: Time steps: 30474240
INFO: 2020-07-09 10:07:35,908: Reward: -17.77311
INFO: 2020-07-09 10:07:35,908:  
INFO: 2020-07-09 10:14:56,479: Iterations: 940
INFO: 2020-07-09 10:14:56,479: Time steps: 30801920
INFO: 2020-07-09 10:14:56,479: Reward: -7.25721
INFO: 2020-07-09 10:14:56,479:  
INFO: 2020-07-09 10:22:19,592: Iterations: 950
INFO: 2020-07-09 10:22:19,592: Time steps: 31129600
INFO: 2020-07-09 10:22:19,592: Reward: -7.66270
INFO: 2020-07-09 10:22:19,593:  
INFO: 2020-07-09 10:29:40,161: Iterations: 960
INFO: 2020-07-09 10:29:40,161: Time steps: 31457280
INFO: 2020-07-09 10:29:40,161: Reward: -16.67243
INFO: 2020-07-09 10:29:40,161:  
INFO: 2020-07-09 10:37:00,576: Iterations: 970
INFO: 2020-07-09 10:37:00,576: Time steps: 31784960
INFO: 2020-07-09 10:37:00,576: Reward: -36.48339
INFO: 2020-07-09 10:37:00,576:  
INFO: 2020-07-09 10:44:22,958: Iterations: 980
INFO: 2020-07-09 10:44:22,958: Time steps: 32112640
INFO: 2020-07-09 10:44:22,958: Reward: -16.76693
INFO: 2020-07-09 10:44:22,958:  
INFO: 2020-07-09 10:51:45,326: Iterations: 990
INFO: 2020-07-09 10:51:45,326: Time steps: 32440320
INFO: 2020-07-09 10:51:45,326: Reward: -13.71881
INFO: 2020-07-09 10:51:45,326:  
INFO: 2020-07-09 10:59:07,107: Iterations: 1000
INFO: 2020-07-09 10:59:07,107: Time steps: 32768000
INFO: 2020-07-09 10:59:07,107: Reward: -6.25189
INFO: 2020-07-09 10:59:07,107:  
INFO: 2020-07-09 11:06:28,009: Iterations: 1010
INFO: 2020-07-09 11:06:28,009: Time steps: 33095680
INFO: 2020-07-09 11:06:28,009: Reward: -7.32767
INFO: 2020-07-09 11:06:28,009:  
INFO: 2020-07-09 11:13:49,713: Iterations: 1020
INFO: 2020-07-09 11:13:49,713: Time steps: 33423360
INFO: 2020-07-09 11:13:49,714: Reward: 8.92556
INFO: 2020-07-09 11:13:49,714:  
INFO: 2020-07-09 11:13:49,714: Saving best parameters in /home/seanny/Dropbox/potentials/_3d/traj_3d/2-wps.pth.tar
INFO: 2020-07-09 11:21:12,365: Iterations: 1030
INFO: 2020-07-09 11:21:12,365: Time steps: 33751040
INFO: 2020-07-09 11:21:12,365: Reward: -26.17641
INFO: 2020-07-09 11:21:12,365:  
INFO: 2020-07-09 11:28:35,429: Iterations: 1040
INFO: 2020-07-09 11:28:35,429: Time steps: 34078720
INFO: 2020-07-09 11:28:35,429: Reward: -29.92752
INFO: 2020-07-09 11:28:35,429:  
INFO: 2020-07-09 11:35:54,950: Iterations: 1050
INFO: 2020-07-09 11:35:54,950: Time steps: 34406400
INFO: 2020-07-09 11:35:54,950: Reward: 6.12529
INFO: 2020-07-09 11:35:54,950:  
INFO: 2020-07-09 11:43:15,476: Iterations: 1060
INFO: 2020-07-09 11:43:15,476: Time steps: 34734080
INFO: 2020-07-09 11:43:15,476: Reward: 3.69804
INFO: 2020-07-09 11:43:15,476:  
INFO: 2020-07-09 11:50:34,867: Iterations: 1070
INFO: 2020-07-09 11:50:34,867: Time steps: 35061760
INFO: 2020-07-09 11:50:34,867: Reward: -15.48618
INFO: 2020-07-09 11:50:34,867:  
INFO: 2020-07-09 11:57:54,778: Iterations: 1080
INFO: 2020-07-09 11:57:54,778: Time steps: 35389440
INFO: 2020-07-09 11:57:54,778: Reward: 6.48990
INFO: 2020-07-09 11:57:54,778:  
INFO: 2020-07-09 12:05:14,805: Iterations: 1090
INFO: 2020-07-09 12:05:14,805: Time steps: 35717120
INFO: 2020-07-09 12:05:14,805: Reward: 17.97212
INFO: 2020-07-09 12:05:14,806:  
INFO: 2020-07-09 12:05:14,806: Saving best parameters in /home/seanny/Dropbox/potentials/_3d/traj_3d/2-wps.pth.tar
INFO: 2020-07-09 12:12:35,598: Iterations: 1100
INFO: 2020-07-09 12:12:35,598: Time steps: 36044800
INFO: 2020-07-09 12:12:35,598: Reward: 20.45345
INFO: 2020-07-09 12:12:35,598:  
INFO: 2020-07-09 12:12:35,598: Saving best parameters in /home/seanny/Dropbox/potentials/_3d/traj_3d/2-wps.pth.tar
INFO: 2020-07-09 12:19:57,653: Iterations: 1110
INFO: 2020-07-09 12:19:57,653: Time steps: 36372480
INFO: 2020-07-09 12:19:57,654: Reward: -15.85648
INFO: 2020-07-09 12:19:57,654:  
INFO: 2020-07-09 12:27:19,033: Iterations: 1120
INFO: 2020-07-09 12:27:19,034: Time steps: 36700160
INFO: 2020-07-09 12:27:19,034: Reward: -12.78070
INFO: 2020-07-09 12:27:19,034:  
INFO: 2020-07-09 12:34:39,899: Iterations: 1130
INFO: 2020-07-09 12:34:39,899: Time steps: 37027840
INFO: 2020-07-09 12:34:39,899: Reward: -11.04913
INFO: 2020-07-09 12:34:39,899:  
INFO: 2020-07-09 12:41:59,977: Iterations: 1140
INFO: 2020-07-09 12:41:59,977: Time steps: 37355520
INFO: 2020-07-09 12:41:59,977: Reward: -9.16673
INFO: 2020-07-09 12:41:59,977:  
INFO: 2020-07-09 12:49:20,797: Iterations: 1150
INFO: 2020-07-09 12:49:20,797: Time steps: 37683200
INFO: 2020-07-09 12:49:20,797: Reward: 52.73989
INFO: 2020-07-09 12:49:20,797:  
INFO: 2020-07-09 12:49:20,797: Saving best parameters in /home/seanny/Dropbox/potentials/_3d/traj_3d/2-wps.pth.tar
INFO: 2020-07-09 12:56:40,075: Iterations: 1160
INFO: 2020-07-09 12:56:40,076: Time steps: 38010880
INFO: 2020-07-09 12:56:40,076: Reward: 32.63237
INFO: 2020-07-09 12:56:40,076:  
INFO: 2020-07-09 13:03:59,280: Iterations: 1170
INFO: 2020-07-09 13:03:59,281: Time steps: 38338560
INFO: 2020-07-09 13:03:59,281: Reward: 27.33913
INFO: 2020-07-09 13:03:59,281:  
INFO: 2020-07-09 13:11:19,128: Iterations: 1180
INFO: 2020-07-09 13:11:19,129: Time steps: 38666240
INFO: 2020-07-09 13:11:19,129: Reward: 63.97458
INFO: 2020-07-09 13:11:19,129:  
INFO: 2020-07-09 13:11:19,129: Saving best parameters in /home/seanny/Dropbox/potentials/_3d/traj_3d/2-wps.pth.tar
INFO: 2020-07-09 13:18:38,432: Iterations: 1190
INFO: 2020-07-09 13:18:38,432: Time steps: 38993920
INFO: 2020-07-09 13:18:38,432: Reward: -13.86705
INFO: 2020-07-09 13:18:38,432:  
INFO: 2020-07-09 13:25:58,974: Iterations: 1200
INFO: 2020-07-09 13:25:58,974: Time steps: 39321600
INFO: 2020-07-09 13:25:58,974: Reward: 22.86200
INFO: 2020-07-09 13:25:58,974:  
INFO: 2020-07-09 13:33:19,490: Iterations: 1210
INFO: 2020-07-09 13:33:19,490: Time steps: 39649280
INFO: 2020-07-09 13:33:19,490: Reward: 0.67944
INFO: 2020-07-09 13:33:19,491:  
INFO: 2020-07-09 13:40:39,470: Iterations: 1220
INFO: 2020-07-09 13:40:39,470: Time steps: 39976960
INFO: 2020-07-09 13:40:39,470: Reward: 71.80464
INFO: 2020-07-09 13:40:39,470:  
INFO: 2020-07-09 13:40:39,470: Saving best parameters in /home/seanny/Dropbox/potentials/_3d/traj_3d/2-wps.pth.tar
INFO: 2020-07-09 13:47:59,384: Iterations: 1230
INFO: 2020-07-09 13:47:59,385: Time steps: 40304640
INFO: 2020-07-09 13:47:59,385: Reward: 18.35621
INFO: 2020-07-09 13:47:59,385:  
INFO: 2020-07-09 13:55:20,410: Iterations: 1240
INFO: 2020-07-09 13:55:20,410: Time steps: 40632320
INFO: 2020-07-09 13:55:20,410: Reward: 54.47340
INFO: 2020-07-09 13:55:20,411:  
INFO: 2020-07-09 14:02:39,999: Iterations: 1250
INFO: 2020-07-09 14:02:39,999: Time steps: 40960000
INFO: 2020-07-09 14:02:39,999: Reward: 30.62258
INFO: 2020-07-09 14:02:39,999:  
INFO: 2020-07-09 14:09:58,978: Iterations: 1260
INFO: 2020-07-09 14:09:58,978: Time steps: 41287680
INFO: 2020-07-09 14:09:58,979: Reward: 40.76503
INFO: 2020-07-09 14:09:58,979:  
INFO: 2020-07-09 14:17:18,823: Iterations: 1270
INFO: 2020-07-09 14:17:18,823: Time steps: 41615360
INFO: 2020-07-09 14:17:18,823: Reward: 54.08533
INFO: 2020-07-09 14:17:18,823:  
INFO: 2020-07-09 14:24:38,646: Iterations: 1280
INFO: 2020-07-09 14:24:38,646: Time steps: 41943040
INFO: 2020-07-09 14:24:38,646: Reward: 24.33592
INFO: 2020-07-09 14:24:38,646:  
INFO: 2020-07-09 14:31:58,453: Iterations: 1290
INFO: 2020-07-09 14:31:58,453: Time steps: 42270720
INFO: 2020-07-09 14:31:58,453: Reward: 43.66788
INFO: 2020-07-09 14:31:58,453:  
INFO: 2020-07-09 14:39:17,375: Iterations: 1300
INFO: 2020-07-09 14:39:17,376: Time steps: 42598400
INFO: 2020-07-09 14:39:17,376: Reward: 31.40467
INFO: 2020-07-09 14:39:17,376:  
INFO: 2020-07-09 14:46:35,488: Iterations: 1310
INFO: 2020-07-09 14:46:35,488: Time steps: 42926080
INFO: 2020-07-09 14:46:35,489: Reward: 13.40795
INFO: 2020-07-09 14:46:35,489:  
INFO: 2020-07-09 14:53:56,370: Iterations: 1320
INFO: 2020-07-09 14:53:56,370: Time steps: 43253760
INFO: 2020-07-09 14:53:56,370: Reward: 21.25453
INFO: 2020-07-09 14:53:56,370:  
INFO: 2020-07-09 15:01:16,512: Iterations: 1330
INFO: 2020-07-09 15:01:16,512: Time steps: 43581440
INFO: 2020-07-09 15:01:16,512: Reward: 41.27577
INFO: 2020-07-09 15:01:16,512:  
INFO: 2020-07-09 15:08:36,300: Iterations: 1340
INFO: 2020-07-09 15:08:36,300: Time steps: 43909120
INFO: 2020-07-09 15:08:36,300: Reward: -2.64943
INFO: 2020-07-09 15:08:36,301:  
INFO: 2020-07-09 15:15:57,384: Iterations: 1350
INFO: 2020-07-09 15:15:57,385: Time steps: 44236800
INFO: 2020-07-09 15:15:57,385: Reward: 51.77541
INFO: 2020-07-09 15:15:57,385:  
INFO: 2020-07-09 15:23:19,322: Iterations: 1360
INFO: 2020-07-09 15:23:19,323: Time steps: 44564480
INFO: 2020-07-09 15:23:19,323: Reward: 49.81819
INFO: 2020-07-09 15:23:19,323:  
INFO: 2020-07-09 15:30:41,046: Iterations: 1370
INFO: 2020-07-09 15:30:41,046: Time steps: 44892160
INFO: 2020-07-09 15:30:41,046: Reward: 57.97504
INFO: 2020-07-09 15:30:41,046:  
INFO: 2020-07-09 15:38:01,528: Iterations: 1380
INFO: 2020-07-09 15:38:01,528: Time steps: 45219840
INFO: 2020-07-09 15:38:01,528: Reward: 107.15778
INFO: 2020-07-09 15:38:01,528:  
INFO: 2020-07-09 15:38:01,528: Saving best parameters in /home/seanny/Dropbox/potentials/_3d/traj_3d/2-wps.pth.tar
INFO: 2020-07-09 15:45:22,177: Iterations: 1390
INFO: 2020-07-09 15:45:22,177: Time steps: 45547520
INFO: 2020-07-09 15:45:22,178: Reward: 80.43969
INFO: 2020-07-09 15:45:22,178:  
INFO: 2020-07-09 15:52:41,084: Iterations: 1400
INFO: 2020-07-09 15:52:41,084: Time steps: 45875200
INFO: 2020-07-09 15:52:41,084: Reward: 42.74073
INFO: 2020-07-09 15:52:41,084:  
INFO: 2020-07-09 16:00:02,190: Iterations: 1410
INFO: 2020-07-09 16:00:02,190: Time steps: 46202880
INFO: 2020-07-09 16:00:02,190: Reward: 45.03290
INFO: 2020-07-09 16:00:02,191:  
INFO: 2020-07-09 16:07:22,383: Iterations: 1420
INFO: 2020-07-09 16:07:22,383: Time steps: 46530560
INFO: 2020-07-09 16:07:22,383: Reward: 72.33348
INFO: 2020-07-09 16:07:22,384:  
INFO: 2020-07-09 16:14:42,686: Iterations: 1430
INFO: 2020-07-09 16:14:42,687: Time steps: 46858240
INFO: 2020-07-09 16:14:42,687: Reward: 103.61845
INFO: 2020-07-09 16:14:42,687:  
INFO: 2020-07-09 16:22:02,467: Iterations: 1440
INFO: 2020-07-09 16:22:02,467: Time steps: 47185920
INFO: 2020-07-09 16:22:02,467: Reward: 35.86392
INFO: 2020-07-09 16:22:02,467:  
INFO: 2020-07-09 16:29:20,704: Iterations: 1450
INFO: 2020-07-09 16:29:20,704: Time steps: 47513600
INFO: 2020-07-09 16:29:20,705: Reward: 56.82209
INFO: 2020-07-09 16:29:20,705:  
INFO: 2020-07-09 16:36:40,141: Iterations: 1460
INFO: 2020-07-09 16:36:40,142: Time steps: 47841280
INFO: 2020-07-09 16:36:40,142: Reward: 71.37125
INFO: 2020-07-09 16:36:40,142:  
INFO: 2020-07-09 16:43:58,859: Iterations: 1470
INFO: 2020-07-09 16:43:58,859: Time steps: 48168960
INFO: 2020-07-09 16:43:58,860: Reward: 123.77835
INFO: 2020-07-09 16:43:58,860:  
INFO: 2020-07-09 16:43:58,860: Saving best parameters in /home/seanny/Dropbox/potentials/_3d/traj_3d/2-wps.pth.tar
INFO: 2020-07-09 16:51:17,033: Iterations: 1480
INFO: 2020-07-09 16:51:17,034: Time steps: 48496640
INFO: 2020-07-09 16:51:17,034: Reward: 49.65009
INFO: 2020-07-09 16:51:17,034:  
INFO: 2020-07-09 16:58:35,651: Iterations: 1490
INFO: 2020-07-09 16:58:35,651: Time steps: 48824320
INFO: 2020-07-09 16:58:35,651: Reward: 87.89047
INFO: 2020-07-09 16:58:35,651:  
INFO: 2020-07-09 17:05:53,682: Iterations: 1500
INFO: 2020-07-09 17:05:53,682: Time steps: 49152000
INFO: 2020-07-09 17:05:53,682: Reward: 100.63268
INFO: 2020-07-09 17:05:53,682:  
INFO: 2020-07-09 17:13:12,158: Iterations: 1510
INFO: 2020-07-09 17:13:12,159: Time steps: 49479680
INFO: 2020-07-09 17:13:12,159: Reward: 107.78965
INFO: 2020-07-09 17:13:12,159:  
INFO: 2020-07-09 17:20:32,424: Iterations: 1520
INFO: 2020-07-09 17:20:32,424: Time steps: 49807360
INFO: 2020-07-09 17:20:32,424: Reward: 76.33008
INFO: 2020-07-09 17:20:32,424:  
INFO: 2020-07-09 17:27:52,598: Iterations: 1530
INFO: 2020-07-09 17:27:52,598: Time steps: 50135040
INFO: 2020-07-09 17:27:52,598: Reward: 75.03494
INFO: 2020-07-09 17:27:52,599:  
INFO: 2020-07-09 17:35:13,071: Iterations: 1540
INFO: 2020-07-09 17:35:13,071: Time steps: 50462720
INFO: 2020-07-09 17:35:13,071: Reward: 93.87465
INFO: 2020-07-09 17:35:13,071:  
INFO: 2020-07-09 17:42:32,425: Iterations: 1550
INFO: 2020-07-09 17:42:32,425: Time steps: 50790400
INFO: 2020-07-09 17:42:32,425: Reward: 61.12601
INFO: 2020-07-09 17:42:32,425:  
INFO: 2020-07-09 17:49:51,603: Iterations: 1560
INFO: 2020-07-09 17:49:51,603: Time steps: 51118080
INFO: 2020-07-09 17:49:51,603: Reward: 59.31552
INFO: 2020-07-09 17:49:51,603:  
INFO: 2020-07-09 17:57:10,974: Iterations: 1570
INFO: 2020-07-09 17:57:10,974: Time steps: 51445760
INFO: 2020-07-09 17:57:10,974: Reward: 103.36026
INFO: 2020-07-09 17:57:10,974:  
INFO: 2020-07-09 18:04:29,526: Iterations: 1580
INFO: 2020-07-09 18:04:29,526: Time steps: 51773440
INFO: 2020-07-09 18:04:29,526: Reward: 83.48530
INFO: 2020-07-09 18:04:29,527:  
INFO: 2020-07-09 18:11:49,185: Iterations: 1590
INFO: 2020-07-09 18:11:49,185: Time steps: 52101120
INFO: 2020-07-09 18:11:49,186: Reward: 53.92034
INFO: 2020-07-09 18:11:49,186:  
INFO: 2020-07-09 18:19:07,988: Iterations: 1600
INFO: 2020-07-09 18:19:07,988: Time steps: 52428800
INFO: 2020-07-09 18:19:07,988: Reward: 103.75031
INFO: 2020-07-09 18:19:07,988:  
INFO: 2020-07-09 18:26:27,634: Iterations: 1610
INFO: 2020-07-09 18:26:27,635: Time steps: 52756480
INFO: 2020-07-09 18:26:27,635: Reward: 106.80604
INFO: 2020-07-09 18:26:27,635:  
INFO: 2020-07-09 18:33:46,852: Iterations: 1620
INFO: 2020-07-09 18:33:46,853: Time steps: 53084160
INFO: 2020-07-09 18:33:46,853: Reward: 87.47968
INFO: 2020-07-09 18:33:46,853:  
INFO: 2020-07-09 18:41:07,552: Iterations: 1630
INFO: 2020-07-09 18:41:07,552: Time steps: 53411840
INFO: 2020-07-09 18:41:07,552: Reward: 116.49109
INFO: 2020-07-09 18:41:07,552:  
INFO: 2020-07-09 18:48:26,218: Iterations: 1640
INFO: 2020-07-09 18:48:26,218: Time steps: 53739520
INFO: 2020-07-09 18:48:26,218: Reward: 63.74001
INFO: 2020-07-09 18:48:26,218:  
INFO: 2020-07-09 18:55:45,132: Iterations: 1650
INFO: 2020-07-09 18:55:45,132: Time steps: 54067200
INFO: 2020-07-09 18:55:45,132: Reward: 83.11367
INFO: 2020-07-09 18:55:45,132:  
INFO: 2020-07-09 19:03:14,217: Iterations: 1660
INFO: 2020-07-09 19:03:14,217: Time steps: 54394880
INFO: 2020-07-09 19:03:14,218: Reward: 65.95714
INFO: 2020-07-09 19:03:14,218:  
INFO: 2020-07-09 19:10:37,863: Iterations: 1670
INFO: 2020-07-09 19:10:37,864: Time steps: 54722560
INFO: 2020-07-09 19:10:37,864: Reward: 30.11239
INFO: 2020-07-09 19:10:37,864:  
INFO: 2020-07-09 19:18:00,327: Iterations: 1680
INFO: 2020-07-09 19:18:00,327: Time steps: 55050240
INFO: 2020-07-09 19:18:00,327: Reward: 77.24828
INFO: 2020-07-09 19:18:00,328:  
INFO: 2020-07-09 19:25:53,417: Iterations: 1690
INFO: 2020-07-09 19:25:53,417: Time steps: 55377920
INFO: 2020-07-09 19:25:53,417: Reward: 84.86260
INFO: 2020-07-09 19:25:53,418:  
INFO: 2020-07-09 19:33:13,825: Iterations: 1700
INFO: 2020-07-09 19:33:13,825: Time steps: 55705600
INFO: 2020-07-09 19:33:13,825: Reward: 118.41573
INFO: 2020-07-09 19:33:13,825:  
INFO: 2020-07-09 19:40:33,365: Iterations: 1710
INFO: 2020-07-09 19:40:33,365: Time steps: 56033280
INFO: 2020-07-09 19:40:33,365: Reward: 74.46975
INFO: 2020-07-09 19:40:33,365:  
INFO: 2020-07-09 19:47:53,112: Iterations: 1720
INFO: 2020-07-09 19:47:53,112: Time steps: 56360960
INFO: 2020-07-09 19:47:53,112: Reward: 143.05431
INFO: 2020-07-09 19:47:53,112:  
INFO: 2020-07-09 19:47:53,112: Saving best parameters in /home/seanny/Dropbox/potentials/_3d/traj_3d/2-wps.pth.tar
INFO: 2020-07-09 19:55:14,216: Iterations: 1730
INFO: 2020-07-09 19:55:14,216: Time steps: 56688640
INFO: 2020-07-09 19:55:14,216: Reward: 85.84592
INFO: 2020-07-09 19:55:14,216:  
INFO: 2020-07-09 20:02:34,025: Iterations: 1740
INFO: 2020-07-09 20:02:34,025: Time steps: 57016320
INFO: 2020-07-09 20:02:34,025: Reward: 68.92631
INFO: 2020-07-09 20:02:34,025:  
INFO: 2020-07-09 20:09:54,686: Iterations: 1750
INFO: 2020-07-09 20:09:54,686: Time steps: 57344000
INFO: 2020-07-09 20:09:54,686: Reward: 107.19247
INFO: 2020-07-09 20:09:54,686:  
INFO: 2020-07-09 20:17:15,628: Iterations: 1760
INFO: 2020-07-09 20:17:15,628: Time steps: 57671680
INFO: 2020-07-09 20:17:15,628: Reward: 117.14683
INFO: 2020-07-09 20:17:15,628:  
INFO: 2020-07-09 20:24:36,651: Iterations: 1770
INFO: 2020-07-09 20:24:36,651: Time steps: 57999360
INFO: 2020-07-09 20:24:36,651: Reward: 79.00040
INFO: 2020-07-09 20:24:36,651:  
INFO: 2020-07-09 20:31:55,570: Iterations: 1780
INFO: 2020-07-09 20:31:55,570: Time steps: 58327040
INFO: 2020-07-09 20:31:55,570: Reward: 54.46465
INFO: 2020-07-09 20:31:55,570:  
INFO: 2020-07-09 20:39:15,871: Iterations: 1790
INFO: 2020-07-09 20:39:15,871: Time steps: 58654720
INFO: 2020-07-09 20:39:15,871: Reward: 67.43712
INFO: 2020-07-09 20:39:15,872:  
INFO: 2020-07-09 20:46:34,636: Iterations: 1800
INFO: 2020-07-09 20:46:34,636: Time steps: 58982400
INFO: 2020-07-09 20:46:34,636: Reward: 110.13871
INFO: 2020-07-09 20:46:34,636:  
INFO: 2020-07-09 20:53:54,746: Iterations: 1810
INFO: 2020-07-09 20:53:54,747: Time steps: 59310080
INFO: 2020-07-09 20:53:54,747: Reward: 105.95810
INFO: 2020-07-09 20:53:54,747:  
INFO: 2020-07-09 21:01:17,305: Iterations: 1820
INFO: 2020-07-09 21:01:17,305: Time steps: 59637760
INFO: 2020-07-09 21:01:17,305: Reward: 55.72331
INFO: 2020-07-09 21:01:17,305:  
INFO: 2020-07-09 21:08:37,455: Iterations: 1830
INFO: 2020-07-09 21:08:37,455: Time steps: 59965440
INFO: 2020-07-09 21:08:37,455: Reward: 95.19145
INFO: 2020-07-09 21:08:37,455:  
INFO: 2020-07-09 21:15:55,788: Iterations: 1840
INFO: 2020-07-09 21:15:55,788: Time steps: 60293120
INFO: 2020-07-09 21:15:55,788: Reward: 114.35828
INFO: 2020-07-09 21:15:55,788:  
INFO: 2020-07-09 21:23:16,018: Iterations: 1850
INFO: 2020-07-09 21:23:16,018: Time steps: 60620800
INFO: 2020-07-09 21:23:16,018: Reward: 104.80939
INFO: 2020-07-09 21:23:16,018:  
INFO: 2020-07-09 21:30:35,479: Iterations: 1860
INFO: 2020-07-09 21:30:35,479: Time steps: 60948480
INFO: 2020-07-09 21:30:35,479: Reward: 133.68769
INFO: 2020-07-09 21:30:35,479:  
INFO: 2020-07-09 21:37:54,458: Iterations: 1870
INFO: 2020-07-09 21:37:54,458: Time steps: 61276160
INFO: 2020-07-09 21:37:54,458: Reward: 116.63697
INFO: 2020-07-09 21:37:54,458:  
INFO: 2020-07-09 21:45:12,771: Iterations: 1880
INFO: 2020-07-09 21:45:12,771: Time steps: 61603840
INFO: 2020-07-09 21:45:12,771: Reward: 136.89618
INFO: 2020-07-09 21:45:12,771:  
INFO: 2020-07-09 21:52:32,107: Iterations: 1890
INFO: 2020-07-09 21:52:32,107: Time steps: 61931520
INFO: 2020-07-09 21:52:32,107: Reward: 100.08654
INFO: 2020-07-09 21:52:32,107:  
INFO: 2020-07-09 21:59:50,640: Iterations: 1900
INFO: 2020-07-09 21:59:50,640: Time steps: 62259200
INFO: 2020-07-09 21:59:50,640: Reward: 80.81053
INFO: 2020-07-09 21:59:50,640:  
INFO: 2020-07-09 22:07:08,882: Iterations: 1910
INFO: 2020-07-09 22:07:08,882: Time steps: 62586880
INFO: 2020-07-09 22:07:08,882: Reward: 95.69652
INFO: 2020-07-09 22:07:08,882:  
INFO: 2020-07-09 22:14:27,373: Iterations: 1920
INFO: 2020-07-09 22:14:27,373: Time steps: 62914560
INFO: 2020-07-09 22:14:27,373: Reward: 97.74963
INFO: 2020-07-09 22:14:27,373:  
INFO: 2020-07-09 22:21:46,047: Iterations: 1930
INFO: 2020-07-09 22:21:46,047: Time steps: 63242240
INFO: 2020-07-09 22:21:46,047: Reward: 85.74972
INFO: 2020-07-09 22:21:46,047:  
INFO: 2020-07-09 22:29:05,255: Iterations: 1940
INFO: 2020-07-09 22:29:05,255: Time steps: 63569920
INFO: 2020-07-09 22:29:05,255: Reward: 102.57727
INFO: 2020-07-09 22:29:05,255:  
INFO: 2020-07-09 22:36:24,606: Iterations: 1950
INFO: 2020-07-09 22:36:24,606: Time steps: 63897600
INFO: 2020-07-09 22:36:24,606: Reward: 120.44997
INFO: 2020-07-09 22:36:24,606:  
INFO: 2020-07-09 22:43:43,383: Iterations: 1960
INFO: 2020-07-09 22:43:43,384: Time steps: 64225280
INFO: 2020-07-09 22:43:43,384: Reward: 81.81271
INFO: 2020-07-09 22:43:43,384:  
INFO: 2020-07-09 22:51:04,169: Iterations: 1970
INFO: 2020-07-09 22:51:04,169: Time steps: 64552960
INFO: 2020-07-09 22:51:04,169: Reward: 112.39166
INFO: 2020-07-09 22:51:04,169:  
INFO: 2020-07-09 22:58:22,805: Iterations: 1980
INFO: 2020-07-09 22:58:22,805: Time steps: 64880640
INFO: 2020-07-09 22:58:22,805: Reward: 91.55924
INFO: 2020-07-09 22:58:22,805:  
INFO: 2020-07-09 23:05:44,343: Iterations: 1990
INFO: 2020-07-09 23:05:44,343: Time steps: 65208320
INFO: 2020-07-09 23:05:44,343: Reward: 123.45005
INFO: 2020-07-09 23:05:44,344:  
INFO: 2020-07-09 23:13:03,738: Iterations: 2000
INFO: 2020-07-09 23:13:03,738: Time steps: 65536000
INFO: 2020-07-09 23:13:03,738: Reward: 78.20565
INFO: 2020-07-09 23:13:03,738:  
INFO: 2020-07-09 23:20:25,971: Iterations: 2010
INFO: 2020-07-09 23:20:25,971: Time steps: 65863680
INFO: 2020-07-09 23:20:25,971: Reward: 66.27234
INFO: 2020-07-09 23:20:25,971:  
INFO: 2020-07-09 23:27:46,372: Iterations: 2020
INFO: 2020-07-09 23:27:46,372: Time steps: 66191360
INFO: 2020-07-09 23:27:46,372: Reward: 113.10832
INFO: 2020-07-09 23:27:46,372:  
INFO: 2020-07-09 23:35:07,092: Iterations: 2030
INFO: 2020-07-09 23:35:07,092: Time steps: 66519040
INFO: 2020-07-09 23:35:07,092: Reward: 156.42967
INFO: 2020-07-09 23:35:07,092:  
INFO: 2020-07-09 23:35:07,092: Saving best parameters in /home/seanny/Dropbox/potentials/_3d/traj_3d/2-wps.pth.tar
INFO: 2020-07-09 23:42:28,029: Iterations: 2040
INFO: 2020-07-09 23:42:28,029: Time steps: 66846720
INFO: 2020-07-09 23:42:28,029: Reward: 122.20353
INFO: 2020-07-09 23:42:28,029:  
INFO: 2020-07-09 23:49:50,027: Iterations: 2050
INFO: 2020-07-09 23:49:50,028: Time steps: 67174400
INFO: 2020-07-09 23:49:50,028: Reward: 144.31259
INFO: 2020-07-09 23:49:50,028:  
INFO: 2020-07-09 23:57:10,781: Iterations: 2060
INFO: 2020-07-09 23:57:10,782: Time steps: 67502080
INFO: 2020-07-09 23:57:10,782: Reward: 88.54512
INFO: 2020-07-09 23:57:10,782:  
INFO: 2020-07-10 00:04:30,968: Iterations: 2070
INFO: 2020-07-10 00:04:30,968: Time steps: 67829760
INFO: 2020-07-10 00:04:30,968: Reward: 106.68754
INFO: 2020-07-10 00:04:30,968:  
INFO: 2020-07-10 00:11:51,178: Iterations: 2080
INFO: 2020-07-10 00:11:51,178: Time steps: 68157440
INFO: 2020-07-10 00:11:51,179: Reward: 104.74696
INFO: 2020-07-10 00:11:51,179:  
INFO: 2020-07-10 00:19:11,599: Iterations: 2090
INFO: 2020-07-10 00:19:11,599: Time steps: 68485120
INFO: 2020-07-10 00:19:11,599: Reward: 87.54734
INFO: 2020-07-10 00:19:11,599:  
INFO: 2020-07-10 00:26:31,783: Iterations: 2100
INFO: 2020-07-10 00:26:31,784: Time steps: 68812800
INFO: 2020-07-10 00:26:31,784: Reward: 80.20025
INFO: 2020-07-10 00:26:31,784:  
INFO: 2020-07-10 00:33:51,303: Iterations: 2110
INFO: 2020-07-10 00:33:51,303: Time steps: 69140480
INFO: 2020-07-10 00:33:51,303: Reward: 96.56421
INFO: 2020-07-10 00:33:51,303:  
INFO: 2020-07-10 00:41:09,920: Iterations: 2120
INFO: 2020-07-10 00:41:09,921: Time steps: 69468160
INFO: 2020-07-10 00:41:09,921: Reward: 148.95322
INFO: 2020-07-10 00:41:09,921:  
INFO: 2020-07-10 00:48:30,802: Iterations: 2130
INFO: 2020-07-10 00:48:30,802: Time steps: 69795840
INFO: 2020-07-10 00:48:30,802: Reward: 134.52452
INFO: 2020-07-10 00:48:30,802:  
INFO: 2020-07-10 00:55:49,520: Iterations: 2140
INFO: 2020-07-10 00:55:49,520: Time steps: 70123520
INFO: 2020-07-10 00:55:49,521: Reward: 88.86898
INFO: 2020-07-10 00:55:49,521:  
INFO: 2020-07-10 01:03:07,867: Iterations: 2150
INFO: 2020-07-10 01:03:07,867: Time steps: 70451200
INFO: 2020-07-10 01:03:07,867: Reward: 115.43631
INFO: 2020-07-10 01:03:07,867:  
INFO: 2020-07-10 01:10:27,905: Iterations: 2160
INFO: 2020-07-10 01:10:27,905: Time steps: 70778880
INFO: 2020-07-10 01:10:27,906: Reward: 143.11113
INFO: 2020-07-10 01:10:27,906:  
INFO: 2020-07-10 01:17:47,200: Iterations: 2170
INFO: 2020-07-10 01:17:47,200: Time steps: 71106560
INFO: 2020-07-10 01:17:47,200: Reward: 80.57540
INFO: 2020-07-10 01:17:47,200:  
INFO: 2020-07-10 01:25:07,583: Iterations: 2180
INFO: 2020-07-10 01:25:07,583: Time steps: 71434240
INFO: 2020-07-10 01:25:07,584: Reward: 66.89842
INFO: 2020-07-10 01:25:07,584:  
INFO: 2020-07-10 01:32:28,970: Iterations: 2190
INFO: 2020-07-10 01:32:28,970: Time steps: 71761920
INFO: 2020-07-10 01:32:28,970: Reward: 69.64413
INFO: 2020-07-10 01:32:28,970:  
INFO: 2020-07-10 01:39:50,486: Iterations: 2200
INFO: 2020-07-10 01:39:50,486: Time steps: 72089600
INFO: 2020-07-10 01:39:50,486: Reward: 117.46796
INFO: 2020-07-10 01:39:50,486:  
INFO: 2020-07-10 01:47:10,715: Iterations: 2210
INFO: 2020-07-10 01:47:10,715: Time steps: 72417280
INFO: 2020-07-10 01:47:10,715: Reward: 108.35518
INFO: 2020-07-10 01:47:10,715:  
INFO: 2020-07-10 01:54:31,442: Iterations: 2220
INFO: 2020-07-10 01:54:31,443: Time steps: 72744960
INFO: 2020-07-10 01:54:31,443: Reward: 116.63101
INFO: 2020-07-10 01:54:31,443:  
INFO: 2020-07-10 02:01:52,214: Iterations: 2230
INFO: 2020-07-10 02:01:52,214: Time steps: 73072640
INFO: 2020-07-10 02:01:52,214: Reward: 144.70302
INFO: 2020-07-10 02:01:52,214:  
INFO: 2020-07-10 02:09:12,737: Iterations: 2240
INFO: 2020-07-10 02:09:12,737: Time steps: 73400320
INFO: 2020-07-10 02:09:12,737: Reward: 139.69666
INFO: 2020-07-10 02:09:12,737:  
INFO: 2020-07-10 02:16:32,202: Iterations: 2250
INFO: 2020-07-10 02:16:32,202: Time steps: 73728000
INFO: 2020-07-10 02:16:32,202: Reward: 115.11533
INFO: 2020-07-10 02:16:32,202:  
INFO: 2020-07-10 02:23:55,145: Iterations: 2260
INFO: 2020-07-10 02:23:55,145: Time steps: 74055680
INFO: 2020-07-10 02:23:55,145: Reward: 117.59554
INFO: 2020-07-10 02:23:55,145:  
INFO: 2020-07-10 02:31:15,199: Iterations: 2270
INFO: 2020-07-10 02:31:15,199: Time steps: 74383360
INFO: 2020-07-10 02:31:15,199: Reward: 117.29347
INFO: 2020-07-10 02:31:15,199:  
INFO: 2020-07-10 02:38:37,033: Iterations: 2280
INFO: 2020-07-10 02:38:37,034: Time steps: 74711040
INFO: 2020-07-10 02:38:37,034: Reward: 143.12208
INFO: 2020-07-10 02:38:37,034:  
INFO: 2020-07-10 02:45:59,229: Iterations: 2290
INFO: 2020-07-10 02:45:59,229: Time steps: 75038720
INFO: 2020-07-10 02:45:59,229: Reward: 164.10396
INFO: 2020-07-10 02:45:59,229:  
INFO: 2020-07-10 02:45:59,229: Saving best parameters in /home/seanny/Dropbox/potentials/_3d/traj_3d/2-wps.pth.tar
INFO: 2020-07-10 02:53:22,064: Iterations: 2300
INFO: 2020-07-10 02:53:22,064: Time steps: 75366400
INFO: 2020-07-10 02:53:22,064: Reward: 155.12017
INFO: 2020-07-10 02:53:22,064:  
INFO: 2020-07-10 03:00:44,398: Iterations: 2310
INFO: 2020-07-10 03:00:44,399: Time steps: 75694080
INFO: 2020-07-10 03:00:44,399: Reward: 103.10856
INFO: 2020-07-10 03:00:44,399:  
INFO: 2020-07-10 03:08:04,660: Iterations: 2320
INFO: 2020-07-10 03:08:04,660: Time steps: 76021760
INFO: 2020-07-10 03:08:04,660: Reward: 98.28963
INFO: 2020-07-10 03:08:04,660:  
INFO: 2020-07-10 03:15:27,225: Iterations: 2330
INFO: 2020-07-10 03:15:27,226: Time steps: 76349440
INFO: 2020-07-10 03:15:27,226: Reward: 103.66474
INFO: 2020-07-10 03:15:27,226:  
INFO: 2020-07-10 03:22:49,494: Iterations: 2340
INFO: 2020-07-10 03:22:49,494: Time steps: 76677120
INFO: 2020-07-10 03:22:49,494: Reward: 119.69163
INFO: 2020-07-10 03:22:49,494:  
INFO: 2020-07-10 03:30:08,966: Iterations: 2350
INFO: 2020-07-10 03:30:08,966: Time steps: 77004800
INFO: 2020-07-10 03:30:08,966: Reward: 108.91453
INFO: 2020-07-10 03:30:08,966:  
INFO: 2020-07-10 03:37:27,427: Iterations: 2360
INFO: 2020-07-10 03:37:27,427: Time steps: 77332480
INFO: 2020-07-10 03:37:27,427: Reward: 104.79343
INFO: 2020-07-10 03:37:27,427:  
INFO: 2020-07-10 03:44:46,965: Iterations: 2370
INFO: 2020-07-10 03:44:46,965: Time steps: 77660160
INFO: 2020-07-10 03:44:46,965: Reward: 148.96533
INFO: 2020-07-10 03:44:46,965:  
INFO: 2020-07-10 03:52:07,600: Iterations: 2380
INFO: 2020-07-10 03:52:07,600: Time steps: 77987840
INFO: 2020-07-10 03:52:07,600: Reward: 110.17063
INFO: 2020-07-10 03:52:07,600:  
INFO: 2020-07-10 03:59:26,601: Iterations: 2390
INFO: 2020-07-10 03:59:26,601: Time steps: 78315520
INFO: 2020-07-10 03:59:26,601: Reward: 122.03435
INFO: 2020-07-10 03:59:26,602:  
INFO: 2020-07-10 04:06:45,359: Iterations: 2400
INFO: 2020-07-10 04:06:45,360: Time steps: 78643200
INFO: 2020-07-10 04:06:45,360: Reward: 111.56371
INFO: 2020-07-10 04:06:45,360:  
INFO: 2020-07-10 04:14:06,129: Iterations: 2410
INFO: 2020-07-10 04:14:06,129: Time steps: 78970880
INFO: 2020-07-10 04:14:06,129: Reward: 159.85156
INFO: 2020-07-10 04:14:06,129:  
INFO: 2020-07-10 04:21:30,545: Iterations: 2420
INFO: 2020-07-10 04:21:30,545: Time steps: 79298560
INFO: 2020-07-10 04:21:30,546: Reward: 99.70925
INFO: 2020-07-10 04:21:30,546:  
INFO: 2020-07-10 04:28:51,969: Iterations: 2430
INFO: 2020-07-10 04:28:51,969: Time steps: 79626240
INFO: 2020-07-10 04:28:51,969: Reward: 143.05905
INFO: 2020-07-10 04:28:51,969:  
INFO: 2020-07-10 04:36:14,286: Iterations: 2440
INFO: 2020-07-10 04:36:14,287: Time steps: 79953920
INFO: 2020-07-10 04:36:14,287: Reward: 165.38582
INFO: 2020-07-10 04:36:14,287:  
INFO: 2020-07-10 04:36:14,287: Saving best parameters in /home/seanny/Dropbox/potentials/_3d/traj_3d/2-wps.pth.tar
INFO: 2020-07-10 04:43:34,494: Iterations: 2450
INFO: 2020-07-10 04:43:34,494: Time steps: 80281600
INFO: 2020-07-10 04:43:34,494: Reward: 102.44693
INFO: 2020-07-10 04:43:34,495:  
INFO: 2020-07-10 04:50:54,895: Iterations: 2460
INFO: 2020-07-10 04:50:54,896: Time steps: 80609280
INFO: 2020-07-10 04:50:54,896: Reward: 117.47091
INFO: 2020-07-10 04:50:54,896:  
INFO: 2020-07-10 04:58:16,775: Iterations: 2470
INFO: 2020-07-10 04:58:16,775: Time steps: 80936960
INFO: 2020-07-10 04:58:16,776: Reward: 130.20460
INFO: 2020-07-10 04:58:16,776:  
INFO: 2020-07-10 05:05:36,414: Iterations: 2480
INFO: 2020-07-10 05:05:36,414: Time steps: 81264640
INFO: 2020-07-10 05:05:36,414: Reward: 111.29414
INFO: 2020-07-10 05:05:36,414:  
INFO: 2020-07-10 05:12:55,581: Iterations: 2490
INFO: 2020-07-10 05:12:55,581: Time steps: 81592320
INFO: 2020-07-10 05:12:55,582: Reward: 149.61985
INFO: 2020-07-10 05:12:55,582:  
INFO: 2020-07-10 05:20:15,441: Iterations: 2500
INFO: 2020-07-10 05:20:15,441: Time steps: 81920000
INFO: 2020-07-10 05:20:15,441: Reward: 96.60515
INFO: 2020-07-10 05:20:15,441:  
INFO: 2020-07-10 05:27:36,442: Iterations: 2510
INFO: 2020-07-10 05:27:36,442: Time steps: 82247680
INFO: 2020-07-10 05:27:36,442: Reward: 75.11908
INFO: 2020-07-10 05:27:36,442:  
INFO: 2020-07-10 05:34:59,320: Iterations: 2520
INFO: 2020-07-10 05:34:59,320: Time steps: 82575360
INFO: 2020-07-10 05:34:59,320: Reward: 153.25590
INFO: 2020-07-10 05:34:59,320:  
INFO: 2020-07-10 05:42:20,332: Iterations: 2530
INFO: 2020-07-10 05:42:20,332: Time steps: 82903040
INFO: 2020-07-10 05:42:20,332: Reward: 114.15775
INFO: 2020-07-10 05:42:20,333:  
INFO: 2020-07-10 05:49:42,289: Iterations: 2540
INFO: 2020-07-10 05:49:42,289: Time steps: 83230720
INFO: 2020-07-10 05:49:42,289: Reward: 159.84439
INFO: 2020-07-10 05:49:42,290:  
INFO: 2020-07-10 05:57:01,816: Iterations: 2550
INFO: 2020-07-10 05:57:01,816: Time steps: 83558400
INFO: 2020-07-10 05:57:01,816: Reward: 124.55629
INFO: 2020-07-10 05:57:01,816:  
INFO: 2020-07-10 06:04:21,705: Iterations: 2560
INFO: 2020-07-10 06:04:21,705: Time steps: 83886080
INFO: 2020-07-10 06:04:21,705: Reward: 143.41245
INFO: 2020-07-10 06:04:21,705:  
INFO: 2020-07-10 06:11:43,705: Iterations: 2570
INFO: 2020-07-10 06:11:43,706: Time steps: 84213760
INFO: 2020-07-10 06:11:43,706: Reward: 125.63759
INFO: 2020-07-10 06:11:43,706:  
INFO: 2020-07-10 06:19:06,208: Iterations: 2580
INFO: 2020-07-10 06:19:06,208: Time steps: 84541440
INFO: 2020-07-10 06:19:06,209: Reward: 168.39158
INFO: 2020-07-10 06:19:06,209:  
INFO: 2020-07-10 06:19:06,209: Saving best parameters in /home/seanny/Dropbox/potentials/_3d/traj_3d/2-wps.pth.tar
INFO: 2020-07-10 06:26:29,242: Iterations: 2590
INFO: 2020-07-10 06:26:29,242: Time steps: 84869120
INFO: 2020-07-10 06:26:29,242: Reward: 109.26552
INFO: 2020-07-10 06:26:29,242:  
INFO: 2020-07-10 06:33:49,021: Iterations: 2600
INFO: 2020-07-10 06:33:49,021: Time steps: 85196800
INFO: 2020-07-10 06:33:49,021: Reward: 149.16358
INFO: 2020-07-10 06:33:49,021:  
INFO: 2020-07-10 06:41:08,214: Iterations: 2610
INFO: 2020-07-10 06:41:08,214: Time steps: 85524480
INFO: 2020-07-10 06:41:08,214: Reward: 126.21614
INFO: 2020-07-10 06:41:08,214:  
INFO: 2020-07-10 06:48:33,907: Iterations: 2620
INFO: 2020-07-10 06:48:33,908: Time steps: 85852160
INFO: 2020-07-10 06:48:33,908: Reward: 105.91731
INFO: 2020-07-10 06:48:33,908:  
INFO: 2020-07-10 06:55:56,303: Iterations: 2630
INFO: 2020-07-10 06:55:56,304: Time steps: 86179840
INFO: 2020-07-10 06:55:56,304: Reward: 91.91303
INFO: 2020-07-10 06:55:56,304:  
INFO: 2020-07-10 07:03:17,456: Iterations: 2640
INFO: 2020-07-10 07:03:17,456: Time steps: 86507520
INFO: 2020-07-10 07:03:17,456: Reward: 149.17989
INFO: 2020-07-10 07:03:17,456:  
INFO: 2020-07-10 07:10:38,856: Iterations: 2650
INFO: 2020-07-10 07:10:38,857: Time steps: 86835200
INFO: 2020-07-10 07:10:38,857: Reward: 158.85907
INFO: 2020-07-10 07:10:38,857:  
INFO: 2020-07-10 07:17:57,942: Iterations: 2660
INFO: 2020-07-10 07:17:57,942: Time steps: 87162880
INFO: 2020-07-10 07:17:57,942: Reward: 138.13033
INFO: 2020-07-10 07:17:57,942:  
INFO: 2020-07-10 07:25:21,739: Iterations: 2670
INFO: 2020-07-10 07:25:21,740: Time steps: 87490560
INFO: 2020-07-10 07:25:21,740: Reward: 81.97667
INFO: 2020-07-10 07:25:21,740:  
INFO: 2020-07-10 07:32:45,626: Iterations: 2680
INFO: 2020-07-10 07:32:45,626: Time steps: 87818240
INFO: 2020-07-10 07:32:45,626: Reward: 94.07473
INFO: 2020-07-10 07:32:45,626:  
INFO: 2020-07-10 07:40:05,059: Iterations: 2690
INFO: 2020-07-10 07:40:05,059: Time steps: 88145920
INFO: 2020-07-10 07:40:05,059: Reward: 147.91071
INFO: 2020-07-10 07:40:05,060:  
INFO: 2020-07-10 07:47:23,909: Iterations: 2700
INFO: 2020-07-10 07:47:23,910: Time steps: 88473600
INFO: 2020-07-10 07:47:23,910: Reward: 131.95050
INFO: 2020-07-10 07:47:23,910:  
INFO: 2020-07-10 07:54:45,349: Iterations: 2710
INFO: 2020-07-10 07:54:45,349: Time steps: 88801280
INFO: 2020-07-10 07:54:45,349: Reward: 124.71797
INFO: 2020-07-10 07:54:45,349:  
INFO: 2020-07-10 08:02:06,455: Iterations: 2720
INFO: 2020-07-10 08:02:06,455: Time steps: 89128960
INFO: 2020-07-10 08:02:06,455: Reward: 155.22625
INFO: 2020-07-10 08:02:06,456:  
INFO: 2020-07-10 08:09:28,246: Iterations: 2730
INFO: 2020-07-10 08:09:28,247: Time steps: 89456640
INFO: 2020-07-10 08:09:28,247: Reward: 139.13639
INFO: 2020-07-10 08:09:28,247:  
INFO: 2020-07-10 08:16:46,651: Iterations: 2740
INFO: 2020-07-10 08:16:46,651: Time steps: 89784320
INFO: 2020-07-10 08:16:46,652: Reward: 165.51524
INFO: 2020-07-10 08:16:46,652:  
INFO: 2020-07-10 08:24:06,578: Iterations: 2750
INFO: 2020-07-10 08:24:06,578: Time steps: 90112000
INFO: 2020-07-10 08:24:06,578: Reward: 162.35575
INFO: 2020-07-10 08:24:06,579:  
INFO: 2020-07-10 08:31:25,451: Iterations: 2760
INFO: 2020-07-10 08:31:25,451: Time steps: 90439680
INFO: 2020-07-10 08:31:25,451: Reward: 145.17996
INFO: 2020-07-10 08:31:25,451:  
INFO: 2020-07-10 08:38:47,137: Iterations: 2770
INFO: 2020-07-10 08:38:47,138: Time steps: 90767360
INFO: 2020-07-10 08:38:47,138: Reward: 111.76790
INFO: 2020-07-10 08:38:47,138:  
INFO: 2020-07-10 08:46:07,915: Iterations: 2780
INFO: 2020-07-10 08:46:07,915: Time steps: 91095040
INFO: 2020-07-10 08:46:07,915: Reward: 133.08040
INFO: 2020-07-10 08:46:07,915:  
INFO: 2020-07-10 08:53:29,454: Iterations: 2790
INFO: 2020-07-10 08:53:29,454: Time steps: 91422720
INFO: 2020-07-10 08:53:29,454: Reward: 163.20327
INFO: 2020-07-10 08:53:29,454:  
INFO: 2020-07-10 09:00:50,743: Iterations: 2800
INFO: 2020-07-10 09:00:50,744: Time steps: 91750400
INFO: 2020-07-10 09:00:50,744: Reward: 163.44924
INFO: 2020-07-10 09:00:50,744:  
INFO: 2020-07-10 09:08:14,103: Iterations: 2810
INFO: 2020-07-10 09:08:14,103: Time steps: 92078080
INFO: 2020-07-10 09:08:14,103: Reward: 172.75494
INFO: 2020-07-10 09:08:14,103:  
INFO: 2020-07-10 09:08:14,103: Saving best parameters in /home/seanny/Dropbox/potentials/_3d/traj_3d/2-wps.pth.tar
INFO: 2020-07-10 09:15:43,683: Iterations: 2820
INFO: 2020-07-10 09:15:43,683: Time steps: 92405760
INFO: 2020-07-10 09:15:43,683: Reward: 81.41246
INFO: 2020-07-10 09:15:43,683:  
INFO: 2020-07-10 09:23:03,299: Iterations: 2830
INFO: 2020-07-10 09:23:03,299: Time steps: 92733440
INFO: 2020-07-10 09:23:03,299: Reward: 107.81137
INFO: 2020-07-10 09:23:03,299:  
INFO: 2020-07-10 09:30:23,597: Iterations: 2840
INFO: 2020-07-10 09:30:23,598: Time steps: 93061120
INFO: 2020-07-10 09:30:23,598: Reward: 137.82816
INFO: 2020-07-10 09:30:23,598:  
INFO: 2020-07-10 09:37:41,323: Iterations: 2850
INFO: 2020-07-10 09:37:41,323: Time steps: 93388800
INFO: 2020-07-10 09:37:41,323: Reward: 124.61161
INFO: 2020-07-10 09:37:41,323:  
INFO: 2020-07-10 09:45:43,333: Iterations: 2860
INFO: 2020-07-10 09:45:43,333: Time steps: 93716480
INFO: 2020-07-10 09:45:43,333: Reward: 159.49345
INFO: 2020-07-10 09:45:43,333:  
INFO: 2020-07-10 09:53:15,859: Iterations: 2870
INFO: 2020-07-10 09:53:15,859: Time steps: 94044160
INFO: 2020-07-10 09:53:15,859: Reward: 203.45649
INFO: 2020-07-10 09:53:15,859:  
INFO: 2020-07-10 09:53:15,859: Saving best parameters in /home/seanny/Dropbox/potentials/_3d/traj_3d/2-wps.pth.tar
INFO: 2020-07-10 10:00:40,287: Iterations: 2880
INFO: 2020-07-10 10:00:40,287: Time steps: 94371840
INFO: 2020-07-10 10:00:40,288: Reward: 140.98956
INFO: 2020-07-10 10:00:40,288:  
INFO: 2020-07-10 10:08:05,270: Iterations: 2890
INFO: 2020-07-10 10:08:05,270: Time steps: 94699520
INFO: 2020-07-10 10:08:05,270: Reward: 117.36409
INFO: 2020-07-10 10:08:05,270:  
INFO: 2020-07-10 10:15:30,335: Iterations: 2900
INFO: 2020-07-10 10:15:30,335: Time steps: 95027200
INFO: 2020-07-10 10:15:30,336: Reward: 190.93928
INFO: 2020-07-10 10:15:30,336:  
INFO: 2020-07-10 10:22:53,458: Iterations: 2910
INFO: 2020-07-10 10:22:53,458: Time steps: 95354880
INFO: 2020-07-10 10:22:53,458: Reward: 146.51196
INFO: 2020-07-10 10:22:53,459:  
INFO: 2020-07-10 10:30:15,813: Iterations: 2920
INFO: 2020-07-10 10:30:15,813: Time steps: 95682560
INFO: 2020-07-10 10:30:15,813: Reward: 201.66373
INFO: 2020-07-10 10:30:15,813:  
INFO: 2020-07-10 10:37:39,261: Iterations: 2930
INFO: 2020-07-10 10:37:39,261: Time steps: 96010240
INFO: 2020-07-10 10:37:39,262: Reward: 203.92512
INFO: 2020-07-10 10:37:39,262:  
INFO: 2020-07-10 10:37:39,262: Saving best parameters in /home/seanny/Dropbox/potentials/_3d/traj_3d/2-wps.pth.tar
INFO: 2020-07-10 10:45:02,278: Iterations: 2940
INFO: 2020-07-10 10:45:02,278: Time steps: 96337920
INFO: 2020-07-10 10:45:02,278: Reward: 162.19951
INFO: 2020-07-10 10:45:02,278:  
INFO: 2020-07-10 10:52:23,619: Iterations: 2950
INFO: 2020-07-10 10:52:23,619: Time steps: 96665600
INFO: 2020-07-10 10:52:23,619: Reward: 134.48086
INFO: 2020-07-10 10:52:23,619:  
INFO: 2020-07-10 10:59:47,428: Iterations: 2960
INFO: 2020-07-10 10:59:47,428: Time steps: 96993280
INFO: 2020-07-10 10:59:47,429: Reward: 156.42264
INFO: 2020-07-10 10:59:47,429:  
INFO: 2020-07-10 11:07:09,769: Iterations: 2970
INFO: 2020-07-10 11:07:09,769: Time steps: 97320960
INFO: 2020-07-10 11:07:09,769: Reward: 147.77768
INFO: 2020-07-10 11:07:09,769:  
INFO: 2020-07-10 11:14:36,256: Iterations: 2980
INFO: 2020-07-10 11:14:36,256: Time steps: 97648640
INFO: 2020-07-10 11:14:36,256: Reward: 157.52018
INFO: 2020-07-10 11:14:36,256:  
INFO: 2020-07-10 11:22:01,716: Iterations: 2990
INFO: 2020-07-10 11:22:01,716: Time steps: 97976320
INFO: 2020-07-10 11:22:01,716: Reward: 127.84899
INFO: 2020-07-10 11:22:01,716:  
INFO: 2020-07-10 11:29:27,141: Iterations: 3000
INFO: 2020-07-10 11:29:27,141: Time steps: 98304000
INFO: 2020-07-10 11:29:27,141: Reward: 143.04143
INFO: 2020-07-10 11:29:27,142:  
INFO: 2020-07-10 11:36:53,698: Iterations: 3010
INFO: 2020-07-10 11:36:53,698: Time steps: 98631680
INFO: 2020-07-10 11:36:53,698: Reward: 206.80541
INFO: 2020-07-10 11:36:53,698:  
INFO: 2020-07-10 11:36:53,698: Saving best parameters in /home/seanny/Dropbox/potentials/_3d/traj_3d/2-wps.pth.tar
INFO: 2020-07-10 11:44:18,489: Iterations: 3020
INFO: 2020-07-10 11:44:18,489: Time steps: 98959360
INFO: 2020-07-10 11:44:18,489: Reward: 155.82574
INFO: 2020-07-10 11:44:18,489:  
INFO: 2020-07-10 11:51:46,192: Iterations: 3030
INFO: 2020-07-10 11:51:46,192: Time steps: 99287040
INFO: 2020-07-10 11:51:46,193: Reward: 168.26726
INFO: 2020-07-10 11:51:46,193:  
INFO: 2020-07-10 11:59:09,736: Iterations: 3040
INFO: 2020-07-10 11:59:09,736: Time steps: 99614720
INFO: 2020-07-10 11:59:09,736: Reward: 151.20063
INFO: 2020-07-10 11:59:09,736:  
INFO: 2020-07-10 12:06:34,604: Iterations: 3050
INFO: 2020-07-10 12:06:34,604: Time steps: 99942400
INFO: 2020-07-10 12:06:34,604: Reward: 123.00457
INFO: 2020-07-10 12:06:34,604:  
INFO: 2020-07-10 12:14:00,892: Iterations: 3060
INFO: 2020-07-10 12:14:00,892: Time steps: 100270080
INFO: 2020-07-10 12:14:00,892: Reward: 155.36033
INFO: 2020-07-10 12:14:00,893:  
INFO: 2020-07-10 12:21:28,774: Iterations: 3070
INFO: 2020-07-10 12:21:28,774: Time steps: 100597760
INFO: 2020-07-10 12:21:28,775: Reward: 159.80027
INFO: 2020-07-10 12:21:28,775:  
INFO: 2020-07-10 12:28:54,679: Iterations: 3080
INFO: 2020-07-10 12:28:54,679: Time steps: 100925440
INFO: 2020-07-10 12:28:54,680: Reward: 131.81434
INFO: 2020-07-10 12:28:54,680:  
INFO: 2020-07-10 12:36:19,291: Iterations: 3090
INFO: 2020-07-10 12:36:19,291: Time steps: 101253120
INFO: 2020-07-10 12:36:19,291: Reward: 209.55417
INFO: 2020-07-10 12:36:19,291:  
INFO: 2020-07-10 12:36:19,291: Saving best parameters in /home/seanny/Dropbox/potentials/_3d/traj_3d/2-wps.pth.tar
INFO: 2020-07-10 12:43:43,900: Iterations: 3100
INFO: 2020-07-10 12:43:43,901: Time steps: 101580800
INFO: 2020-07-10 12:43:43,901: Reward: 175.66117
INFO: 2020-07-10 12:43:43,901:  
INFO: 2020-07-10 12:51:09,464: Iterations: 3110
INFO: 2020-07-10 12:51:09,464: Time steps: 101908480
INFO: 2020-07-10 12:51:09,464: Reward: 225.88231
INFO: 2020-07-10 12:51:09,464:  
INFO: 2020-07-10 12:51:09,465: Saving best parameters in /home/seanny/Dropbox/potentials/_3d/traj_3d/2-wps.pth.tar
INFO: 2020-07-10 12:58:35,214: Iterations: 3120
INFO: 2020-07-10 12:58:35,214: Time steps: 102236160
INFO: 2020-07-10 12:58:35,214: Reward: 146.50156
INFO: 2020-07-10 12:58:35,214:  
INFO: 2020-07-10 13:06:00,437: Iterations: 3130
INFO: 2020-07-10 13:06:00,437: Time steps: 102563840
INFO: 2020-07-10 13:06:00,437: Reward: 130.01075
INFO: 2020-07-10 13:06:00,437:  
INFO: 2020-07-10 13:13:22,442: Iterations: 3140
INFO: 2020-07-10 13:13:22,443: Time steps: 102891520
INFO: 2020-07-10 13:13:22,443: Reward: 105.00535
INFO: 2020-07-10 13:13:22,443:  
INFO: 2020-07-10 13:20:46,629: Iterations: 3150
INFO: 2020-07-10 13:20:46,629: Time steps: 103219200
INFO: 2020-07-10 13:20:46,629: Reward: 194.92821
INFO: 2020-07-10 13:20:46,629:  
INFO: 2020-07-10 13:28:12,749: Iterations: 3160
INFO: 2020-07-10 13:28:12,749: Time steps: 103546880
INFO: 2020-07-10 13:28:12,749: Reward: 140.37527
INFO: 2020-07-10 13:28:12,749:  
INFO: 2020-07-10 13:35:37,118: Iterations: 3170
INFO: 2020-07-10 13:35:37,118: Time steps: 103874560
INFO: 2020-07-10 13:35:37,118: Reward: 142.30074
INFO: 2020-07-10 13:35:37,118:  
INFO: 2020-07-10 13:43:02,653: Iterations: 3180
INFO: 2020-07-10 13:43:02,653: Time steps: 104202240
INFO: 2020-07-10 13:43:02,653: Reward: 152.26786
INFO: 2020-07-10 13:43:02,653:  
INFO: 2020-07-10 13:50:26,177: Iterations: 3190
INFO: 2020-07-10 13:50:26,177: Time steps: 104529920
INFO: 2020-07-10 13:50:26,178: Reward: 159.46028
INFO: 2020-07-10 13:50:26,178:  
INFO: 2020-07-10 13:57:49,824: Iterations: 3200
INFO: 2020-07-10 13:57:49,824: Time steps: 104857600
INFO: 2020-07-10 13:57:49,824: Reward: 181.51420
INFO: 2020-07-10 13:57:49,824:  
INFO: 2020-07-10 14:05:14,739: Iterations: 3210
INFO: 2020-07-10 14:05:14,739: Time steps: 105185280
INFO: 2020-07-10 14:05:14,739: Reward: 182.57270
INFO: 2020-07-10 14:05:14,739:  
INFO: 2020-07-10 14:12:38,517: Iterations: 3220
INFO: 2020-07-10 14:12:38,517: Time steps: 105512960
INFO: 2020-07-10 14:12:38,518: Reward: 185.99922
INFO: 2020-07-10 14:12:38,518:  
INFO: 2020-07-10 14:20:03,655: Iterations: 3230
INFO: 2020-07-10 14:20:03,655: Time steps: 105840640
INFO: 2020-07-10 14:20:03,655: Reward: 163.78760
INFO: 2020-07-10 14:20:03,655:  
INFO: 2020-07-10 14:27:29,722: Iterations: 3240
INFO: 2020-07-10 14:27:29,722: Time steps: 106168320
INFO: 2020-07-10 14:27:29,722: Reward: 158.71982
INFO: 2020-07-10 14:27:29,722:  
INFO: 2020-07-10 14:34:52,353: Iterations: 3250
INFO: 2020-07-10 14:34:52,353: Time steps: 106496000
INFO: 2020-07-10 14:34:52,353: Reward: 157.06947
INFO: 2020-07-10 14:34:52,353:  
INFO: 2020-07-10 14:42:15,837: Iterations: 3260
INFO: 2020-07-10 14:42:15,837: Time steps: 106823680
INFO: 2020-07-10 14:42:15,837: Reward: 203.28551
INFO: 2020-07-10 14:42:15,837:  
INFO: 2020-07-10 14:49:40,234: Iterations: 3270
INFO: 2020-07-10 14:49:40,234: Time steps: 107151360
INFO: 2020-07-10 14:49:40,234: Reward: 150.19441
INFO: 2020-07-10 14:49:40,234:  
INFO: 2020-07-10 14:57:05,003: Iterations: 3280
INFO: 2020-07-10 14:57:05,003: Time steps: 107479040
INFO: 2020-07-10 14:57:05,003: Reward: 197.28688
INFO: 2020-07-10 14:57:05,003:  
INFO: 2020-07-10 15:04:28,419: Iterations: 3290
INFO: 2020-07-10 15:04:28,419: Time steps: 107806720
INFO: 2020-07-10 15:04:28,419: Reward: 119.73964
INFO: 2020-07-10 15:04:28,419:  
INFO: 2020-07-10 15:11:53,994: Iterations: 3300
INFO: 2020-07-10 15:11:53,995: Time steps: 108134400
INFO: 2020-07-10 15:11:53,995: Reward: 178.00936
INFO: 2020-07-10 15:11:53,995:  
INFO: 2020-07-10 15:19:18,228: Iterations: 3310
INFO: 2020-07-10 15:19:18,229: Time steps: 108462080
INFO: 2020-07-10 15:19:18,229: Reward: 131.36041
INFO: 2020-07-10 15:19:18,229:  
INFO: 2020-07-10 15:26:39,838: Iterations: 3320
INFO: 2020-07-10 15:26:39,838: Time steps: 108789760
INFO: 2020-07-10 15:26:39,838: Reward: 185.33109
INFO: 2020-07-10 15:26:39,838:  
INFO: 2020-07-10 15:34:02,099: Iterations: 3330
INFO: 2020-07-10 15:34:02,099: Time steps: 109117440
INFO: 2020-07-10 15:34:02,100: Reward: 164.16571
INFO: 2020-07-10 15:34:02,100:  
INFO: 2020-07-10 15:41:22,839: Iterations: 3340
INFO: 2020-07-10 15:41:22,839: Time steps: 109445120
INFO: 2020-07-10 15:41:22,839: Reward: 154.81407
INFO: 2020-07-10 15:41:22,839:  
INFO: 2020-07-10 15:48:43,124: Iterations: 3350
INFO: 2020-07-10 15:48:43,124: Time steps: 109772800
INFO: 2020-07-10 15:48:43,124: Reward: 228.58041
INFO: 2020-07-10 15:48:43,124:  
INFO: 2020-07-10 15:48:43,124: Saving best parameters in /home/seanny/Dropbox/potentials/_3d/traj_3d/2-wps.pth.tar
INFO: 2020-07-10 15:56:04,053: Iterations: 3360
INFO: 2020-07-10 15:56:04,053: Time steps: 110100480
INFO: 2020-07-10 15:56:04,053: Reward: 140.95041
INFO: 2020-07-10 15:56:04,053:  
INFO: 2020-07-10 16:03:24,174: Iterations: 3370
INFO: 2020-07-10 16:03:24,174: Time steps: 110428160
INFO: 2020-07-10 16:03:24,174: Reward: 138.09025
INFO: 2020-07-10 16:03:24,174:  
INFO: 2020-07-10 16:10:43,286: Iterations: 3380
INFO: 2020-07-10 16:10:43,286: Time steps: 110755840
INFO: 2020-07-10 16:10:43,286: Reward: 128.86711
INFO: 2020-07-10 16:10:43,286:  
INFO: 2020-07-10 16:18:02,258: Iterations: 3390
INFO: 2020-07-10 16:18:02,258: Time steps: 111083520
INFO: 2020-07-10 16:18:02,259: Reward: 182.20709
INFO: 2020-07-10 16:18:02,259:  
INFO: 2020-07-10 16:25:25,559: Iterations: 3400
INFO: 2020-07-10 16:25:25,559: Time steps: 111411200
INFO: 2020-07-10 16:25:25,559: Reward: 191.11205
INFO: 2020-07-10 16:25:25,559:  
INFO: 2020-07-10 16:32:46,046: Iterations: 3410
INFO: 2020-07-10 16:32:46,046: Time steps: 111738880
INFO: 2020-07-10 16:32:46,046: Reward: 125.77748
INFO: 2020-07-10 16:32:46,046:  
INFO: 2020-07-10 16:40:07,320: Iterations: 3420
INFO: 2020-07-10 16:40:07,320: Time steps: 112066560
INFO: 2020-07-10 16:40:07,320: Reward: 165.28508
INFO: 2020-07-10 16:40:07,320:  
INFO: 2020-07-10 16:47:28,070: Iterations: 3430
INFO: 2020-07-10 16:47:28,070: Time steps: 112394240
INFO: 2020-07-10 16:47:28,070: Reward: 211.77612
INFO: 2020-07-10 16:47:28,070:  
INFO: 2020-07-10 16:54:51,596: Iterations: 3440
INFO: 2020-07-10 16:54:51,596: Time steps: 112721920
INFO: 2020-07-10 16:54:51,596: Reward: 208.51416
INFO: 2020-07-10 16:54:51,596:  
INFO: 2020-07-10 17:02:13,372: Iterations: 3450
INFO: 2020-07-10 17:02:13,372: Time steps: 113049600
INFO: 2020-07-10 17:02:13,373: Reward: 177.12699
INFO: 2020-07-10 17:02:13,373:  
INFO: 2020-07-10 17:09:36,672: Iterations: 3460
INFO: 2020-07-10 17:09:36,673: Time steps: 113377280
INFO: 2020-07-10 17:09:36,673: Reward: 170.38981
INFO: 2020-07-10 17:09:36,673:  
INFO: 2020-07-10 17:16:58,467: Iterations: 3470
INFO: 2020-07-10 17:16:58,467: Time steps: 113704960
INFO: 2020-07-10 17:16:58,467: Reward: 206.27968
INFO: 2020-07-10 17:16:58,467:  
INFO: 2020-07-10 17:24:20,533: Iterations: 3480
INFO: 2020-07-10 17:24:20,533: Time steps: 114032640
INFO: 2020-07-10 17:24:20,534: Reward: 151.51214
INFO: 2020-07-10 17:24:20,534:  
INFO: 2020-07-10 17:31:41,572: Iterations: 3490
INFO: 2020-07-10 17:31:41,572: Time steps: 114360320
INFO: 2020-07-10 17:31:41,572: Reward: 181.88118
INFO: 2020-07-10 17:31:41,572:  
INFO: 2020-07-10 17:39:02,003: Iterations: 3500
INFO: 2020-07-10 17:39:02,003: Time steps: 114688000
INFO: 2020-07-10 17:39:02,003: Reward: 159.48401
INFO: 2020-07-10 17:39:02,004:  
INFO: 2020-07-10 17:46:25,102: Iterations: 3510
INFO: 2020-07-10 17:46:25,102: Time steps: 115015680
INFO: 2020-07-10 17:46:25,102: Reward: 176.59094
INFO: 2020-07-10 17:46:25,102:  
INFO: 2020-07-10 17:53:46,983: Iterations: 3520
INFO: 2020-07-10 17:53:46,983: Time steps: 115343360
INFO: 2020-07-10 17:53:46,983: Reward: 152.73997
INFO: 2020-07-10 17:53:46,984:  
INFO: 2020-07-10 18:01:28,593: Iterations: 3530
INFO: 2020-07-10 18:01:28,594: Time steps: 115671040
INFO: 2020-07-10 18:01:28,594: Reward: 186.51054
INFO: 2020-07-10 18:01:28,594:  
INFO: 2020-07-10 18:10:58,285: Iterations: 3540
INFO: 2020-07-10 18:10:58,285: Time steps: 115998720
INFO: 2020-07-10 18:10:58,285: Reward: 205.62081
INFO: 2020-07-10 18:10:58,285:  
INFO: 2020-07-10 18:20:00,936: Iterations: 3550
INFO: 2020-07-10 18:20:00,936: Time steps: 116326400
INFO: 2020-07-10 18:20:00,936: Reward: 170.39853
INFO: 2020-07-10 18:20:00,936:  
INFO: 2020-07-10 18:28:35,111: Iterations: 3560
INFO: 2020-07-10 18:28:35,111: Time steps: 116654080
INFO: 2020-07-10 18:28:35,111: Reward: 211.24061
INFO: 2020-07-10 18:28:35,111:  
INFO: 2020-07-10 18:37:37,834: Iterations: 3570
INFO: 2020-07-10 18:37:37,834: Time steps: 116981760
INFO: 2020-07-10 18:37:37,835: Reward: 158.92166
INFO: 2020-07-10 18:37:37,835:  
