INFO: 2020-06-28 17:58:02,077:  
INFO: 2020-06-28 17:58:02,078: Initializing Hard Goals 3D Waypoint Navigation Environment
INFO: 2020-06-28 17:58:02,078: Working directory is /home/seanny/Dropbox/potentials/_3d/traj_3d/
INFO: 2020-06-28 17:58:02,078:  
INFO: 2020-06-28 17:58:02,078: ----------------------------------------------
INFO: 2020-06-28 17:58:02,078: Experiment Settings
INFO: 2020-06-28 17:58:02,078: ----------------------------------------------
INFO: 2020-06-28 17:58:02,078: Number of workers: 16
INFO: 2020-06-28 17:58:02,078: Batch size: 512
INFO: 2020-06-28 17:58:02,078: Iterations: 500
INFO: 2020-06-28 17:58:02,078: Log interval: 10
INFO: 2020-06-28 17:58:02,078: Experiment runs: 500
INFO: 2020-06-28 17:58:02,078: Number of test runs: 30
INFO: 2020-06-28 17:58:02,078: ----------------------------------------------
INFO: 2020-06-28 17:58:02,078: Network Parameters
INFO: 2020-06-28 17:58:02,078: ----------------------------------------------
INFO: 2020-06-28 17:58:02,078: Network input dim: 67
INFO: 2020-06-28 17:58:02,079: Network hidden dim: 512
INFO: 2020-06-28 17:58:02,079: Network layers: 2
INFO: 2020-06-28 17:58:02,079: Network output dim: 4
INFO: 2020-06-28 17:58:02,079: ----------------------------------------------
INFO: 2020-06-28 17:58:02,079: Environment Parameters
INFO: 2020-06-28 17:58:02,079: ----------------------------------------------
INFO: 2020-06-28 17:58:02,079: Trajectory length: 7
INFO: 2020-06-28 17:58:02,079: Obs future waypoints: 2
INFO: 2020-06-28 17:59:08,174:  
INFO: 2020-06-28 17:59:08,175: Initializing Hard Goals 3D Waypoint Navigation Environment
INFO: 2020-06-28 17:59:08,175: Working directory is /home/seanny/Dropbox/potentials/_3d/traj_3d/
INFO: 2020-06-28 17:59:08,175:  
INFO: 2020-06-28 17:59:08,175: ----------------------------------------------
INFO: 2020-06-28 17:59:08,175: Experiment Settings
INFO: 2020-06-28 17:59:08,175: ----------------------------------------------
INFO: 2020-06-28 17:59:08,175: Number of workers: 16
INFO: 2020-06-28 17:59:08,175: Batch size: 512
INFO: 2020-06-28 17:59:08,175: Iterations: 500
INFO: 2020-06-28 17:59:08,175: Log interval: 10
INFO: 2020-06-28 17:59:08,175: Experiment runs: 500
INFO: 2020-06-28 17:59:08,175: Number of test runs: 30
INFO: 2020-06-28 17:59:08,175: ----------------------------------------------
INFO: 2020-06-28 17:59:08,175: Network Parameters
INFO: 2020-06-28 17:59:08,175: ----------------------------------------------
INFO: 2020-06-28 17:59:08,175: Network input dim: 67
INFO: 2020-06-28 17:59:08,175: Network hidden dim: 512
INFO: 2020-06-28 17:59:08,175: Network layers: 2
INFO: 2020-06-28 17:59:08,176: Network output dim: 4
INFO: 2020-06-28 17:59:08,176: ----------------------------------------------
INFO: 2020-06-28 17:59:08,176: Environment Parameters
INFO: 2020-06-28 17:59:08,176: ----------------------------------------------
INFO: 2020-06-28 17:59:08,176: Trajectory length: 7
INFO: 2020-06-28 17:59:08,176: Obs future waypoints: 2
INFO: 2020-06-28 17:59:08,176: Distribution temperature: 150
INFO: 2020-06-28 18:00:02,210:  
INFO: 2020-06-28 18:00:02,210: Initializing Hard Goals 3D Waypoint Navigation Environment
INFO: 2020-06-28 18:00:02,210: Working directory is /home/seanny/Dropbox/potentials/_3d/traj_3d/
INFO: 2020-06-28 18:00:02,210:  
INFO: 2020-06-28 18:00:02,210: ----------------------------------------------
INFO: 2020-06-28 18:00:02,210: Experiment Settings
INFO: 2020-06-28 18:00:02,210: ----------------------------------------------
INFO: 2020-06-28 18:00:02,210: Number of workers: 16
INFO: 2020-06-28 18:00:02,210: Batch size: 512
INFO: 2020-06-28 18:00:02,210: Iterations: 500
INFO: 2020-06-28 18:00:02,210: Log interval: 10
INFO: 2020-06-28 18:00:02,210: Experiment runs: 500
INFO: 2020-06-28 18:00:02,210: Number of test runs: 30
INFO: 2020-06-28 18:00:02,211: ----------------------------------------------
INFO: 2020-06-28 18:00:02,211: Network Parameters
INFO: 2020-06-28 18:00:02,211: ----------------------------------------------
INFO: 2020-06-28 18:00:02,211: Network input dim: 67
INFO: 2020-06-28 18:00:02,211: Network hidden dim: 512
INFO: 2020-06-28 18:00:02,211: Network layers: 2
INFO: 2020-06-28 18:00:02,211: Network output dim: 4
INFO: 2020-06-28 18:00:02,211: ----------------------------------------------
INFO: 2020-06-28 18:00:02,211: Environment Parameters
INFO: 2020-06-28 18:00:02,211: ----------------------------------------------
INFO: 2020-06-28 18:00:02,211: Trajectory length: 7
INFO: 2020-06-28 18:00:02,211: Obs future waypoints: 2
INFO: 2020-06-28 18:00:02,211: Distribution temperature: 150
INFO: 2020-06-28 18:00:02,211: Waypoint distance bounds: 1, 2.5
INFO: 2020-06-28 18:00:02,211: Maximum spread: 1.5707963267948966
INFO: 2020-06-28 18:00:54,152:  
INFO: 2020-06-28 18:00:54,152: Initializing Hard Goals 3D Waypoint Navigation Environment
INFO: 2020-06-28 18:00:54,152: Working directory is /home/seanny/Dropbox/potentials/_3d/traj_3d/
INFO: 2020-06-28 18:00:54,152:  
INFO: 2020-06-28 18:00:54,152: ----------------------------------------------
INFO: 2020-06-28 18:00:54,152: Experiment Settings
INFO: 2020-06-28 18:00:54,152: ----------------------------------------------
INFO: 2020-06-28 18:00:54,152: Number of workers: 16
INFO: 2020-06-28 18:00:54,152: Batch size: 512
INFO: 2020-06-28 18:00:54,153: Iterations: 500
INFO: 2020-06-28 18:00:54,153: Log interval: 10
INFO: 2020-06-28 18:00:54,153: Experiment runs: 500
INFO: 2020-06-28 18:00:54,153: Number of test runs: 30
INFO: 2020-06-28 18:00:54,153: ----------------------------------------------
INFO: 2020-06-28 18:00:54,153: Network Parameters
INFO: 2020-06-28 18:00:54,153: ----------------------------------------------
INFO: 2020-06-28 18:00:54,153: Network input dim: 67
INFO: 2020-06-28 18:00:54,153: Network hidden dim: 512
INFO: 2020-06-28 18:00:54,153: Network layers: 2
INFO: 2020-06-28 18:00:54,153: Network output dim: 4
INFO: 2020-06-28 18:00:54,153: ----------------------------------------------
INFO: 2020-06-28 18:00:54,153: Environment Parameters
INFO: 2020-06-28 18:00:54,154: ----------------------------------------------
INFO: 2020-06-28 18:00:54,154: Trajectory length: 7
INFO: 2020-06-28 18:00:54,154: Obs future waypoints: 2
INFO: 2020-06-28 18:00:54,154: Distribution temperature: 150
INFO: 2020-06-28 18:00:54,154: Waypoint distance bounds: 1, 2.5
INFO: 2020-06-28 18:00:54,154: Maximum spread: 1.5707963267948966
INFO: 2020-06-28 18:04:33,813:  
INFO: 2020-06-28 18:04:33,813: Initializing Hard Goals 3D Waypoint Navigation Environment
INFO: 2020-06-28 18:04:33,813: Working directory is /home/seanny/Dropbox/potentials/_3d/traj_3d/
INFO: 2020-06-28 18:04:33,813:  
INFO: 2020-06-28 18:04:33,813: ----------------------------------------------
INFO: 2020-06-28 18:04:33,813: Experiment Settings
INFO: 2020-06-28 18:04:33,813: ----------------------------------------------
INFO: 2020-06-28 18:04:33,813: Number of workers: 16
INFO: 2020-06-28 18:04:33,813: Batch size: 512
INFO: 2020-06-28 18:04:33,813: Iterations: 500
INFO: 2020-06-28 18:04:33,813: Log interval: 10
INFO: 2020-06-28 18:04:33,814: Experiment runs: 500
INFO: 2020-06-28 18:04:33,814: Number of test runs: 30
INFO: 2020-06-28 18:04:33,814: ----------------------------------------------
INFO: 2020-06-28 18:04:33,814: Network Parameters
INFO: 2020-06-28 18:04:33,814: ----------------------------------------------
INFO: 2020-06-28 18:04:33,814: Network input dim: 67
INFO: 2020-06-28 18:04:33,814: Network hidden dim: 512
INFO: 2020-06-28 18:04:33,814: Network layers: 2
INFO: 2020-06-28 18:04:33,814: Network output dim: 4
INFO: 2020-06-28 18:04:33,814: ----------------------------------------------
INFO: 2020-06-28 18:04:33,814: Environment Parameters
INFO: 2020-06-28 18:04:33,814: ----------------------------------------------
INFO: 2020-06-28 18:04:33,814: Trajectory length: 7
INFO: 2020-06-28 18:04:33,814: Obs future waypoints: 2
INFO: 2020-06-28 18:04:33,814: Distribution temperature: 150
INFO: 2020-06-28 18:04:33,814: Waypoint distance bounds: 1, 2.5
INFO: 2020-06-28 18:04:33,814: Maximum spread: 1.5707963267948966
INFO: 2020-06-28 18:04:52,665:  
INFO: 2020-06-28 18:04:52,665: Initializing Hard Goals 3D Waypoint Navigation Environment
INFO: 2020-06-28 18:04:52,665: Working directory is /home/seanny/Dropbox/potentials/_3d/traj_3d/
INFO: 2020-06-28 18:04:52,665:  
INFO: 2020-06-28 18:04:52,665: ----------------------------------------------
INFO: 2020-06-28 18:04:52,665: Experiment Settings
INFO: 2020-06-28 18:04:52,666: ----------------------------------------------
INFO: 2020-06-28 18:04:52,666: Number of workers: 16
INFO: 2020-06-28 18:04:52,666: Batch size: 512
INFO: 2020-06-28 18:04:52,666: Iterations: 500
INFO: 2020-06-28 18:04:52,666: Log interval: 10
INFO: 2020-06-28 18:04:52,666: Experiment runs: 500
INFO: 2020-06-28 18:04:52,666: Number of test runs: 30
INFO: 2020-06-28 18:04:52,666: ----------------------------------------------
INFO: 2020-06-28 18:04:52,666: Network Parameters
INFO: 2020-06-28 18:04:52,666: ----------------------------------------------
INFO: 2020-06-28 18:04:52,666: Network input dim: 67
INFO: 2020-06-28 18:04:52,666: Network hidden dim: 512
INFO: 2020-06-28 18:04:52,666: Network layers: 2
INFO: 2020-06-28 18:04:52,666: Network output dim: 4
INFO: 2020-06-28 18:04:52,666: ----------------------------------------------
INFO: 2020-06-28 18:04:52,666: Environment Parameters
INFO: 2020-06-28 18:04:52,666: ----------------------------------------------
INFO: 2020-06-28 18:04:52,667: Trajectory length: 7
INFO: 2020-06-28 18:04:52,667: Obs future waypoints: 2
INFO: 2020-06-28 18:04:52,667: Distribution temperature: 150
INFO: 2020-06-28 18:04:52,667: Waypoint distance bounds: 1, 2.5
INFO: 2020-06-28 18:04:52,667: Maximum spread: 1.5707963267948966
INFO: 2020-06-28 18:07:34,764:  
INFO: 2020-06-28 18:07:34,765: Initializing Hard Goals 3D Waypoint Navigation Environment
INFO: 2020-06-28 18:07:34,765: Working directory is /home/seanny/Dropbox/potentials/_3d/traj_3d/
INFO: 2020-06-28 18:07:34,765:  
INFO: 2020-06-28 18:07:34,765: ----------------------------------------------
INFO: 2020-06-28 18:07:34,765: Experiment Settings
INFO: 2020-06-28 18:07:34,765: ----------------------------------------------
INFO: 2020-06-28 18:07:34,765: Number of workers: 16
INFO: 2020-06-28 18:07:34,765: Batch size: 512
INFO: 2020-06-28 18:07:34,765: Iterations: 500
INFO: 2020-06-28 18:07:34,765: Log interval: 10
INFO: 2020-06-28 18:07:34,765: Experiment runs: 500
INFO: 2020-06-28 18:07:34,765: Number of test runs: 30
INFO: 2020-06-28 18:07:34,766: ----------------------------------------------
INFO: 2020-06-28 18:07:34,766: Network Parameters
INFO: 2020-06-28 18:07:34,766: ----------------------------------------------
INFO: 2020-06-28 18:07:34,766: Network input dim: 67
INFO: 2020-06-28 18:07:34,766: Network hidden dim: 512
INFO: 2020-06-28 18:07:34,766: Network layers: 2
INFO: 2020-06-28 18:07:34,766: Network output dim: 4
INFO: 2020-06-28 18:07:34,766: ----------------------------------------------
INFO: 2020-06-28 18:07:34,766: Environment Parameters
INFO: 2020-06-28 18:07:34,766: ----------------------------------------------
INFO: 2020-06-28 18:07:34,766: Trajectory length: 7
INFO: 2020-06-28 18:07:34,766: Obs future waypoints: 2
INFO: 2020-06-28 18:07:34,766: Distribution temperature: 150
INFO: 2020-06-28 18:07:34,766: Waypoint distance bounds: 1, 2.5
INFO: 2020-06-28 18:07:34,766: Maximum spread: 1.5707963267948966
INFO: 2020-06-28 18:10:45,293:  
INFO: 2020-06-28 18:10:45,293: Initializing Hard Goals 3D Waypoint Navigation Environment
INFO: 2020-06-28 18:10:45,293: Working directory is /home/seanny/Dropbox/potentials/_3d/traj_3d/
INFO: 2020-06-28 18:10:45,293:  
INFO: 2020-06-28 18:10:45,293: ----------------------------------------------
INFO: 2020-06-28 18:10:45,294: Experiment Settings
INFO: 2020-06-28 18:10:45,294: ----------------------------------------------
INFO: 2020-06-28 18:10:45,294: Number of workers: 16
INFO: 2020-06-28 18:10:45,294: Batch size: 512
INFO: 2020-06-28 18:10:45,294: Iterations: 500
INFO: 2020-06-28 18:10:45,294: Log interval: 10
INFO: 2020-06-28 18:10:45,294: Experiment runs: 500
INFO: 2020-06-28 18:10:45,294: Number of test runs: 30
INFO: 2020-06-28 18:10:45,294: ----------------------------------------------
INFO: 2020-06-28 18:10:45,294: Network Parameters
INFO: 2020-06-28 18:10:45,294: ----------------------------------------------
INFO: 2020-06-28 18:10:45,294: Network input dim: 67
INFO: 2020-06-28 18:10:45,294: Network hidden dim: 512
INFO: 2020-06-28 18:10:45,294: Network layers: 2
INFO: 2020-06-28 18:10:45,294: Network output dim: 4
INFO: 2020-06-28 18:10:45,294: ----------------------------------------------
INFO: 2020-06-28 18:10:45,294: Environment Parameters
INFO: 2020-06-28 18:10:45,294: ----------------------------------------------
INFO: 2020-06-28 18:10:45,294: Trajectory length: 7
INFO: 2020-06-28 18:10:45,294: Obs future waypoints: 2
INFO: 2020-06-28 18:10:45,294: Distribution temperature: 150
INFO: 2020-06-28 18:10:45,295: Waypoint distance bounds: 1, 2.5
INFO: 2020-06-28 18:10:45,295: Maximum spread: 1.5707963267948966
INFO: 2020-06-28 18:12:53,924:  
INFO: 2020-06-28 18:12:53,924: Initializing Hard Goals 3D Waypoint Navigation Environment
INFO: 2020-06-28 18:12:53,925: Working directory is /home/seanny/Dropbox/potentials/_3d/traj_3d/
INFO: 2020-06-28 18:12:53,925:  
INFO: 2020-06-28 18:12:53,925: ----------------------------------------------
INFO: 2020-06-28 18:12:53,925: Experiment Settings
INFO: 2020-06-28 18:12:53,925: ----------------------------------------------
INFO: 2020-06-28 18:12:53,925: Number of workers: 16
INFO: 2020-06-28 18:12:53,925: Batch size: 512
INFO: 2020-06-28 18:12:53,925: Iterations: 500
INFO: 2020-06-28 18:12:53,925: Log interval: 10
INFO: 2020-06-28 18:12:53,925: Experiment runs: 500
INFO: 2020-06-28 18:12:53,925: Number of test runs: 30
INFO: 2020-06-28 18:12:53,925: ----------------------------------------------
INFO: 2020-06-28 18:12:53,925: Network Parameters
INFO: 2020-06-28 18:12:53,925: ----------------------------------------------
INFO: 2020-06-28 18:12:53,925: Network input dim: 67
INFO: 2020-06-28 18:12:53,925: Network hidden dim: 512
INFO: 2020-06-28 18:12:53,925: Network layers: 2
INFO: 2020-06-28 18:12:53,925: Network output dim: 4
INFO: 2020-06-28 18:12:53,925: ----------------------------------------------
INFO: 2020-06-28 18:12:53,925: Environment Parameters
INFO: 2020-06-28 18:12:53,926: ----------------------------------------------
INFO: 2020-06-28 18:12:53,926: Trajectory length: 7
INFO: 2020-06-28 18:12:53,926: Obs future waypoints: 2
INFO: 2020-06-28 18:12:53,926: Distribution temperature: 150
INFO: 2020-06-28 18:12:53,926: Waypoint distance bounds: 1, 2.5
INFO: 2020-06-28 18:12:53,926: Maximum spread: 1.5707963267948966
INFO: 2020-06-28 18:13:58,379:  
INFO: 2020-06-28 18:13:58,379: Initializing Hard Goals 3D Waypoint Navigation Environment
INFO: 2020-06-28 18:13:58,379: Working directory is /home/seanny/Dropbox/potentials/_3d/traj_3d/
INFO: 2020-06-28 18:13:58,379:  
INFO: 2020-06-28 18:13:58,379: ----------------------------------------------
INFO: 2020-06-28 18:13:58,379: Experiment Settings
INFO: 2020-06-28 18:13:58,379: ----------------------------------------------
INFO: 2020-06-28 18:13:58,379: Number of workers: 16
INFO: 2020-06-28 18:13:58,379: Batch size: 512
INFO: 2020-06-28 18:13:58,379: Iterations: 500
INFO: 2020-06-28 18:13:58,379: Log interval: 10
INFO: 2020-06-28 18:13:58,379: Experiment runs: 500
INFO: 2020-06-28 18:13:58,379: Number of test runs: 30
INFO: 2020-06-28 18:13:58,379: ----------------------------------------------
INFO: 2020-06-28 18:13:58,380: Network Parameters
INFO: 2020-06-28 18:13:58,380: ----------------------------------------------
INFO: 2020-06-28 18:13:58,380: Network input dim: 67
INFO: 2020-06-28 18:13:58,380: Network hidden dim: 512
INFO: 2020-06-28 18:13:58,380: Network layers: 2
INFO: 2020-06-28 18:13:58,380: Network output dim: 4
INFO: 2020-06-28 18:13:58,380: ----------------------------------------------
INFO: 2020-06-28 18:13:58,380: Environment Parameters
INFO: 2020-06-28 18:13:58,380: ----------------------------------------------
INFO: 2020-06-28 18:13:58,380: Trajectory length: 7
INFO: 2020-06-28 18:13:58,380: Obs future waypoints: 2
INFO: 2020-06-28 18:13:58,380: Distribution temperature: 150
INFO: 2020-06-28 18:13:58,380: Waypoint distance bounds: 1, 2.5
INFO: 2020-06-28 18:13:58,380: Maximum spread: 1.5707963267948966
INFO: 2020-06-28 18:14:57,887:  
INFO: 2020-06-28 18:14:57,888: Initializing Hard Goals 3D Waypoint Navigation Environment
INFO: 2020-06-28 18:14:57,888: Working directory is /home/seanny/Dropbox/potentials/_3d/traj_3d/
INFO: 2020-06-28 18:14:57,888:  
INFO: 2020-06-28 18:14:57,888: ----------------------------------------------
INFO: 2020-06-28 18:14:57,888: Experiment Settings
INFO: 2020-06-28 18:14:57,888: ----------------------------------------------
INFO: 2020-06-28 18:14:57,888: Number of workers: 16
INFO: 2020-06-28 18:14:57,888: Batch size: 512
INFO: 2020-06-28 18:14:57,888: Iterations: 500
INFO: 2020-06-28 18:14:57,888: Log interval: 10
INFO: 2020-06-28 18:14:57,888: Experiment runs: 500
INFO: 2020-06-28 18:14:57,888: Number of test runs: 30
INFO: 2020-06-28 18:14:57,888: ----------------------------------------------
INFO: 2020-06-28 18:14:57,888: Network Parameters
INFO: 2020-06-28 18:14:57,888: ----------------------------------------------
INFO: 2020-06-28 18:14:57,888: Network input dim: 67
INFO: 2020-06-28 18:14:57,888: Network hidden dim: 512
INFO: 2020-06-28 18:14:57,889: Network layers: 2
INFO: 2020-06-28 18:14:57,889: Network output dim: 4
INFO: 2020-06-28 18:14:57,889: ----------------------------------------------
INFO: 2020-06-28 18:14:57,889: Environment Parameters
INFO: 2020-06-28 18:14:57,889: ----------------------------------------------
INFO: 2020-06-28 18:14:57,889: Trajectory length: 7
INFO: 2020-06-28 18:14:57,889: Obs future waypoints: 2
INFO: 2020-06-28 18:14:57,889: Distribution temperature: 150
INFO: 2020-06-28 18:14:57,889: Waypoint distance bounds: 1, 2.5
INFO: 2020-06-28 18:14:57,889: Maximum spread: 1.5707963267948966
INFO: 2020-06-28 18:17:33,471:  
INFO: 2020-06-28 18:17:33,471: Initializing Hard Goals 3D Waypoint Navigation Environment
INFO: 2020-06-28 18:17:33,472: Working directory is /home/seanny/Dropbox/potentials/_3d/traj_3d/
INFO: 2020-06-28 18:17:33,472:  
INFO: 2020-06-28 18:17:33,472: ----------------------------------------------
INFO: 2020-06-28 18:17:33,472: Experiment Settings
INFO: 2020-06-28 18:17:33,472: ----------------------------------------------
INFO: 2020-06-28 18:17:33,472: Number of workers: 16
INFO: 2020-06-28 18:17:33,472: Batch size: 512
INFO: 2020-06-28 18:17:33,472: Iterations: 500
INFO: 2020-06-28 18:17:33,472: Log interval: 10
INFO: 2020-06-28 18:17:33,472: Experiment runs: 500
INFO: 2020-06-28 18:17:33,472: Number of test runs: 30
INFO: 2020-06-28 18:17:33,472: ----------------------------------------------
INFO: 2020-06-28 18:17:33,472: Network Parameters
INFO: 2020-06-28 18:17:33,472: ----------------------------------------------
INFO: 2020-06-28 18:17:33,473: Network input dim: 67
INFO: 2020-06-28 18:17:33,473: Network hidden dim: 512
INFO: 2020-06-28 18:17:33,473: Network layers: 2
INFO: 2020-06-28 18:17:33,473: Network output dim: 4
INFO: 2020-06-28 18:17:33,473: ----------------------------------------------
INFO: 2020-06-28 18:17:33,473: Environment Parameters
INFO: 2020-06-28 18:17:33,473: ----------------------------------------------
INFO: 2020-06-28 18:17:33,473: Trajectory length: 7
INFO: 2020-06-28 18:17:33,473: Obs future waypoints: 2
INFO: 2020-06-28 18:17:33,473: Distribution temperature: 150
INFO: 2020-06-28 18:17:33,473: Waypoint distance bounds: 1, 2.5
INFO: 2020-06-28 18:17:33,473: Maximum spread: 1.5707963267948966
INFO: 2020-06-28 18:19:37,832:  
INFO: 2020-06-28 18:19:37,832: Iterations: 0
INFO: 2020-06-28 18:19:37,832: Time steps: 0
INFO: 2020-06-28 18:19:37,832: Reward: -2795.83835
INFO: 2020-06-28 18:19:37,832:  
INFO: 2020-06-28 18:23:47,768: Iterations: 10
INFO: 2020-06-28 18:23:47,768: Time steps: 81920
INFO: 2020-06-28 18:23:47,768: Reward: -2547.19842
INFO: 2020-06-28 18:23:47,769:  
INFO: 2020-06-28 18:23:47,769: Saving best parameters in /home/seanny/Dropbox/potentials/_3d/traj_3d/2-wps.pth.tar
INFO: 2020-06-28 18:27:48,074: Iterations: 20
INFO: 2020-06-28 18:27:48,074: Time steps: 163840
INFO: 2020-06-28 18:27:48,074: Reward: -2776.04164
INFO: 2020-06-28 18:27:48,075:  
INFO: 2020-06-28 18:31:43,958: Iterations: 30
INFO: 2020-06-28 18:31:43,958: Time steps: 245760
INFO: 2020-06-28 18:31:43,959: Reward: -2429.54267
INFO: 2020-06-28 18:31:43,959:  
INFO: 2020-06-28 18:31:43,959: Saving best parameters in /home/seanny/Dropbox/potentials/_3d/traj_3d/2-wps.pth.tar
INFO: 2020-06-28 18:35:43,085: Iterations: 40
INFO: 2020-06-28 18:35:43,085: Time steps: 327680
INFO: 2020-06-28 18:35:43,085: Reward: -2842.33603
INFO: 2020-06-28 18:35:43,085:  
INFO: 2020-06-28 18:39:47,182: Iterations: 50
INFO: 2020-06-28 18:39:47,182: Time steps: 409600
INFO: 2020-06-28 18:39:47,182: Reward: -2573.61064
INFO: 2020-06-28 18:39:47,183:  
INFO: 2020-06-28 18:43:41,732: Iterations: 60
INFO: 2020-06-28 18:43:41,733: Time steps: 491520
INFO: 2020-06-28 18:43:41,733: Reward: -2300.72862
INFO: 2020-06-28 18:43:41,734:  
INFO: 2020-06-28 18:43:41,734: Saving best parameters in /home/seanny/Dropbox/potentials/_3d/traj_3d/2-wps.pth.tar
INFO: 2020-06-28 18:47:54,217: Iterations: 70
INFO: 2020-06-28 18:47:54,218: Time steps: 573440
INFO: 2020-06-28 18:47:54,218: Reward: -2729.31637
INFO: 2020-06-28 18:47:54,218:  
INFO: 2020-06-28 18:51:52,972: Iterations: 80
INFO: 2020-06-28 18:51:52,972: Time steps: 655360
INFO: 2020-06-28 18:51:52,972: Reward: -2393.46207
INFO: 2020-06-28 18:51:52,973:  
INFO: 2020-06-28 18:55:49,472: Iterations: 90
INFO: 2020-06-28 18:55:49,473: Time steps: 737280
INFO: 2020-06-28 18:55:49,473: Reward: -2290.11424
INFO: 2020-06-28 18:55:49,473:  
INFO: 2020-06-28 18:55:49,473: Saving best parameters in /home/seanny/Dropbox/potentials/_3d/traj_3d/2-wps.pth.tar
INFO: 2020-06-28 18:59:49,458: Iterations: 100
INFO: 2020-06-28 18:59:49,458: Time steps: 819200
INFO: 2020-06-28 18:59:49,459: Reward: -2879.46392
INFO: 2020-06-28 18:59:49,459:  
INFO: 2020-06-28 19:03:46,746: Iterations: 110
INFO: 2020-06-28 19:03:46,747: Time steps: 901120
INFO: 2020-06-28 19:03:46,747: Reward: -2732.93478
INFO: 2020-06-28 19:03:46,748:  
INFO: 2020-06-28 19:07:51,647: Iterations: 120
INFO: 2020-06-28 19:07:51,648: Time steps: 983040
INFO: 2020-06-28 19:07:51,648: Reward: -2549.65096
INFO: 2020-06-28 19:07:51,648:  
INFO: 2020-06-28 19:12:02,835: Iterations: 130
INFO: 2020-06-28 19:12:02,835: Time steps: 1064960
INFO: 2020-06-28 19:12:02,835: Reward: -2836.53222
INFO: 2020-06-28 19:12:02,836:  
INFO: 2020-06-28 19:16:02,449: Iterations: 140
INFO: 2020-06-28 19:16:02,449: Time steps: 1146880
INFO: 2020-06-28 19:16:02,449: Reward: -2831.90213
INFO: 2020-06-28 19:16:02,449:  
INFO: 2020-06-28 19:20:09,507: Iterations: 150
INFO: 2020-06-28 19:20:09,507: Time steps: 1228800
INFO: 2020-06-28 19:20:09,507: Reward: -3037.80163
INFO: 2020-06-28 19:20:09,507:  
INFO: 2020-06-28 19:24:12,673: Iterations: 160
INFO: 2020-06-28 19:24:12,674: Time steps: 1310720
INFO: 2020-06-28 19:24:12,674: Reward: -2327.43122
INFO: 2020-06-28 19:24:12,674:  
INFO: 2020-06-28 19:28:18,796: Iterations: 170
INFO: 2020-06-28 19:28:18,797: Time steps: 1392640
INFO: 2020-06-28 19:28:18,797: Reward: -2393.66278
INFO: 2020-06-28 19:28:18,798:  
INFO: 2020-06-28 19:32:21,874: Iterations: 180
INFO: 2020-06-28 19:32:21,874: Time steps: 1474560
INFO: 2020-06-28 19:32:21,875: Reward: -2437.30153
INFO: 2020-06-28 19:32:21,875:  
INFO: 2020-06-28 19:36:29,605: Iterations: 190
INFO: 2020-06-28 19:36:29,606: Time steps: 1556480
INFO: 2020-06-28 19:36:29,606: Reward: -1884.78309
INFO: 2020-06-28 19:36:29,606:  
INFO: 2020-06-28 19:36:29,607: Saving best parameters in /home/seanny/Dropbox/potentials/_3d/traj_3d/2-wps.pth.tar
INFO: 2020-06-28 19:40:30,955: Iterations: 200
INFO: 2020-06-28 19:40:30,956: Time steps: 1638400
INFO: 2020-06-28 19:40:30,956: Reward: -2344.74123
INFO: 2020-06-28 19:40:30,957:  
INFO: 2020-06-28 19:44:34,067: Iterations: 210
INFO: 2020-06-28 19:44:34,068: Time steps: 1720320
INFO: 2020-06-28 19:44:34,068: Reward: -2062.44458
INFO: 2020-06-28 19:44:34,068:  
INFO: 2020-06-28 19:48:38,772: Iterations: 220
INFO: 2020-06-28 19:48:38,772: Time steps: 1802240
INFO: 2020-06-28 19:48:38,772: Reward: -2495.42021
INFO: 2020-06-28 19:48:38,773:  
INFO: 2020-06-28 19:52:42,210: Iterations: 230
INFO: 2020-06-28 19:52:42,211: Time steps: 1884160
INFO: 2020-06-28 19:52:42,211: Reward: -2647.18657
INFO: 2020-06-28 19:52:42,211:  
INFO: 2020-06-28 19:56:40,112: Iterations: 240
INFO: 2020-06-28 19:56:40,112: Time steps: 1966080
INFO: 2020-06-28 19:56:40,112: Reward: -2240.13180
INFO: 2020-06-28 19:56:40,113:  
INFO: 2020-06-28 20:00:39,056: Iterations: 250
INFO: 2020-06-28 20:00:39,057: Time steps: 2048000
INFO: 2020-06-28 20:00:39,057: Reward: -2070.49232
INFO: 2020-06-28 20:00:39,057:  
INFO: 2020-06-28 20:04:38,392: Iterations: 260
INFO: 2020-06-28 20:04:38,393: Time steps: 2129920
INFO: 2020-06-28 20:04:38,393: Reward: -1939.66576
INFO: 2020-06-28 20:04:38,393:  
INFO: 2020-06-28 20:08:39,313: Iterations: 270
INFO: 2020-06-28 20:08:39,314: Time steps: 2211840
INFO: 2020-06-28 20:08:39,314: Reward: -2220.84175
INFO: 2020-06-28 20:08:39,314:  
INFO: 2020-06-28 20:12:46,825: Iterations: 280
INFO: 2020-06-28 20:12:46,826: Time steps: 2293760
INFO: 2020-06-28 20:12:46,826: Reward: -2577.10112
INFO: 2020-06-28 20:12:46,827:  
INFO: 2020-06-28 20:16:51,222: Iterations: 290
INFO: 2020-06-28 20:16:51,222: Time steps: 2375680
INFO: 2020-06-28 20:16:51,223: Reward: -1655.24064
INFO: 2020-06-28 20:16:51,223:  
INFO: 2020-06-28 20:16:51,223: Saving best parameters in /home/seanny/Dropbox/potentials/_3d/traj_3d/2-wps.pth.tar
INFO: 2020-06-28 20:20:55,455: Iterations: 300
INFO: 2020-06-28 20:20:55,455: Time steps: 2457600
INFO: 2020-06-28 20:20:55,456: Reward: -2733.90495
INFO: 2020-06-28 20:20:55,456:  
INFO: 2020-06-28 20:24:54,756: Iterations: 310
INFO: 2020-06-28 20:24:54,757: Time steps: 2539520
INFO: 2020-06-28 20:24:54,757: Reward: -2534.74700
INFO: 2020-06-28 20:24:54,757:  
INFO: 2020-06-28 20:29:00,236: Iterations: 320
INFO: 2020-06-28 20:29:00,236: Time steps: 2621440
INFO: 2020-06-28 20:29:00,237: Reward: -2935.47419
INFO: 2020-06-28 20:29:00,237:  
INFO: 2020-06-28 20:33:14,278: Iterations: 330
INFO: 2020-06-28 20:33:14,278: Time steps: 2703360
INFO: 2020-06-28 20:33:14,278: Reward: -2467.30348
INFO: 2020-06-28 20:33:14,278:  
INFO: 2020-06-28 20:37:13,470: Iterations: 340
INFO: 2020-06-28 20:37:13,471: Time steps: 2785280
INFO: 2020-06-28 20:37:13,471: Reward: -2245.01824
INFO: 2020-06-28 20:37:13,471:  
INFO: 2020-06-28 20:41:15,705: Iterations: 350
INFO: 2020-06-28 20:41:15,706: Time steps: 2867200
INFO: 2020-06-28 20:41:15,706: Reward: -2657.70693
INFO: 2020-06-28 20:41:15,706:  
INFO: 2020-06-28 20:45:26,066: Iterations: 360
INFO: 2020-06-28 20:45:26,067: Time steps: 2949120
INFO: 2020-06-28 20:45:26,067: Reward: -2974.83818
INFO: 2020-06-28 20:45:26,067:  
INFO: 2020-06-28 20:49:24,902: Iterations: 370
INFO: 2020-06-28 20:49:24,903: Time steps: 3031040
INFO: 2020-06-28 20:49:24,903: Reward: -2159.36288
INFO: 2020-06-28 20:49:24,903:  
INFO: 2020-06-28 20:53:22,833: Iterations: 380
INFO: 2020-06-28 20:53:22,834: Time steps: 3112960
INFO: 2020-06-28 20:53:22,834: Reward: -2447.73589
INFO: 2020-06-28 20:53:22,834:  
INFO: 2020-06-28 20:57:23,071: Iterations: 390
INFO: 2020-06-28 20:57:23,072: Time steps: 3194880
INFO: 2020-06-28 20:57:23,072: Reward: -1942.29532
INFO: 2020-06-28 20:57:23,073:  
INFO: 2020-06-28 21:01:31,720: Iterations: 400
INFO: 2020-06-28 21:01:31,720: Time steps: 3276800
INFO: 2020-06-28 21:01:31,721: Reward: -2713.01132
INFO: 2020-06-28 21:01:31,721:  
INFO: 2020-06-28 21:05:33,078: Iterations: 410
INFO: 2020-06-28 21:05:33,078: Time steps: 3358720
INFO: 2020-06-28 21:05:33,078: Reward: -2807.64075
INFO: 2020-06-28 21:05:33,079:  
INFO: 2020-06-28 21:09:32,587: Iterations: 420
INFO: 2020-06-28 21:09:32,588: Time steps: 3440640
INFO: 2020-06-28 21:09:32,588: Reward: -2091.93365
INFO: 2020-06-28 21:09:32,588:  
INFO: 2020-06-28 21:13:37,124: Iterations: 430
INFO: 2020-06-28 21:13:37,125: Time steps: 3522560
INFO: 2020-06-28 21:13:37,125: Reward: -2612.69569
INFO: 2020-06-28 21:13:37,125:  
INFO: 2020-06-28 21:17:41,643: Iterations: 440
INFO: 2020-06-28 21:17:41,644: Time steps: 3604480
INFO: 2020-06-28 21:17:41,644: Reward: -2517.72505
INFO: 2020-06-28 21:17:41,645:  
INFO: 2020-06-28 21:21:37,474: Iterations: 450
INFO: 2020-06-28 21:21:37,474: Time steps: 3686400
INFO: 2020-06-28 21:21:37,474: Reward: -2018.22170
INFO: 2020-06-28 21:21:37,474:  
INFO: 2020-06-28 21:25:41,416: Iterations: 460
INFO: 2020-06-28 21:25:41,416: Time steps: 3768320
INFO: 2020-06-28 21:25:41,417: Reward: -1962.06246
INFO: 2020-06-28 21:25:41,417:  
INFO: 2020-06-28 21:29:40,333: Iterations: 470
INFO: 2020-06-28 21:29:40,334: Time steps: 3850240
INFO: 2020-06-28 21:29:40,334: Reward: -1892.51779
INFO: 2020-06-28 21:29:40,334:  
INFO: 2020-06-28 21:33:39,458: Iterations: 480
INFO: 2020-06-28 21:33:39,458: Time steps: 3932160
INFO: 2020-06-28 21:33:39,458: Reward: -2063.25277
INFO: 2020-06-28 21:33:39,459:  
INFO: 2020-06-28 21:37:37,973: Iterations: 490
INFO: 2020-06-28 21:37:37,973: Time steps: 4014080
INFO: 2020-06-28 21:37:37,974: Reward: -2329.02480
INFO: 2020-06-28 21:37:37,974:  
INFO: 2020-06-28 21:41:35,643: Iterations: 500
INFO: 2020-06-28 21:41:35,644: Time steps: 4096000
INFO: 2020-06-28 21:41:35,644: Reward: -2424.24885
INFO: 2020-06-28 21:41:35,644:  
INFO: 2020-06-28 21:41:35,645: Saving final model as /home/seanny/Dropbox/potentials/_3d/traj_3d/2-wps_2020-06-28 21:41:35.645083_final.pth.tar
