INFO: 2020-07-30 18:57:01,046:  
INFO: 2020-07-30 18:57:01,046: Initializing Hard Goals 2D Waypoint Navigation Environment
INFO: 2020-07-30 18:57:01,046: Working directory is /home/seanny/Dropbox/potentials/_2d/fan_2d/
INFO: 2020-07-30 18:57:01,046:  
INFO: 2020-07-30 18:57:01,046: ----------------------------------------------
INFO: 2020-07-30 18:57:01,046: Experiment Settings
INFO: 2020-07-30 18:57:01,046: ----------------------------------------------
INFO: 2020-07-30 18:57:01,047: Number of workers: 64
INFO: 2020-07-30 18:57:01,047: Batch size: 1024
INFO: 2020-07-30 18:57:01,047: Iterations: 2500
INFO: 2020-07-30 18:57:01,047: Log interval: 10
INFO: 2020-07-30 18:57:01,047: Experiment runs: 2500
INFO: 2020-07-30 18:57:01,047: Number of test runs: 30
INFO: 2020-07-30 18:57:01,047: ----------------------------------------------
INFO: 2020-07-30 18:57:01,047: Network Parameters
INFO: 2020-07-30 18:57:01,047: ----------------------------------------------
INFO: 2020-07-30 18:57:01,047: Network input dim: 22
INFO: 2020-07-30 18:57:01,047: Network hidden dim: 512
INFO: 2020-07-30 18:57:01,047: Network layers: 2
INFO: 2020-07-30 18:57:01,047: Network output dim: 2
INFO: 2020-07-30 18:57:01,047: ----------------------------------------------
INFO: 2020-07-30 18:57:01,047: Environment Parameters
INFO: 2020-07-30 18:57:01,047: ----------------------------------------------
INFO: 2020-07-30 18:57:01,047: Trajectory length: 2
INFO: 2020-07-30 18:57:01,047: Obs future waypoints: 1
INFO: 2020-07-30 18:57:01,047: Distribution temperature: 150
INFO: 2020-07-30 18:57:01,047: Waypoint distance bounds: 1, 2.5
INFO: 2020-07-30 18:57:01,047: Maximum spread: 1.5707963267948966
INFO: 2020-07-30 18:57:01,978:  
INFO: 2020-07-30 18:57:01,978: Iterations: 0
INFO: 2020-07-30 18:57:01,978: Time steps: 0
INFO: 2020-07-30 18:57:01,978: Reward: -600.04650
INFO: 2020-07-30 18:57:01,978: Test sigma: 1.00913
INFO: 2020-07-30 18:57:01,978:  
INFO: 2020-07-30 19:11:14,936: Iterations: 10
INFO: 2020-07-30 19:11:14,936: Time steps: 655360
INFO: 2020-07-30 19:11:14,936: Reward: -609.83144
INFO: 2020-07-30 19:11:14,936: Test sigma: 1.04518
INFO: 2020-07-30 19:11:14,936:  
INFO: 2020-07-30 19:25:24,396: Iterations: 20
INFO: 2020-07-30 19:25:24,396: Time steps: 1310720
INFO: 2020-07-30 19:25:24,396: Reward: -615.63010
INFO: 2020-07-30 19:25:24,396: Test sigma: 0.96421
INFO: 2020-07-30 19:25:24,397:  
INFO: 2020-07-30 19:39:34,384: Iterations: 30
INFO: 2020-07-30 19:39:34,384: Time steps: 1966080
INFO: 2020-07-30 19:39:34,384: Reward: -602.64743
INFO: 2020-07-30 19:39:34,384: Test sigma: 0.88607
INFO: 2020-07-30 19:39:34,384:  
INFO: 2020-07-30 19:53:39,419: Iterations: 40
INFO: 2020-07-30 19:53:39,419: Time steps: 2621440
INFO: 2020-07-30 19:53:39,419: Reward: -606.60772
INFO: 2020-07-30 19:53:39,419: Test sigma: 0.85542
INFO: 2020-07-30 19:53:39,419:  
INFO: 2020-07-30 20:07:43,333: Iterations: 50
INFO: 2020-07-30 20:07:43,333: Time steps: 3276800
INFO: 2020-07-30 20:07:43,333: Reward: -602.91910
INFO: 2020-07-30 20:07:43,333: Test sigma: 0.72551
INFO: 2020-07-30 20:07:43,333:  
INFO: 2020-07-30 20:21:49,439: Iterations: 60
INFO: 2020-07-30 20:21:49,439: Time steps: 3932160
INFO: 2020-07-30 20:21:49,439: Reward: -602.31316
INFO: 2020-07-30 20:21:49,439: Test sigma: 0.73779
INFO: 2020-07-30 20:21:49,439:  
INFO: 2020-07-30 20:35:50,865: Iterations: 70
INFO: 2020-07-30 20:35:50,866: Time steps: 4587520
INFO: 2020-07-30 20:35:50,866: Reward: -602.05445
INFO: 2020-07-30 20:35:50,866: Test sigma: 0.64855
INFO: 2020-07-30 20:35:50,866:  
INFO: 2020-07-30 20:42:39,170:  
INFO: 2020-07-30 20:42:39,170: Initializing Hard Goals 2D Waypoint Navigation Environment
INFO: 2020-07-30 20:42:39,170: Working directory is /home/seanny/Dropbox/potentials/_2d/fan_2d/
INFO: 2020-07-30 20:42:39,170:  
INFO: 2020-07-30 20:42:39,170: ----------------------------------------------
INFO: 2020-07-30 20:42:39,171: Experiment Settings
INFO: 2020-07-30 20:42:39,171: ----------------------------------------------
INFO: 2020-07-30 20:42:39,171: Number of workers: 64
INFO: 2020-07-30 20:42:39,171: Batch size: 1024
INFO: 2020-07-30 20:42:39,171: Iterations: 2500
INFO: 2020-07-30 20:42:39,171: Log interval: 10
INFO: 2020-07-30 20:42:39,171: Experiment runs: 2500
INFO: 2020-07-30 20:42:39,171: Number of test runs: 30
INFO: 2020-07-30 20:42:39,171: ----------------------------------------------
INFO: 2020-07-30 20:42:39,171: Network Parameters
INFO: 2020-07-30 20:42:39,171: ----------------------------------------------
INFO: 2020-07-30 20:42:39,171: Network input dim: 22
INFO: 2020-07-30 20:42:39,171: Network hidden dim: 512
INFO: 2020-07-30 20:42:39,171: Network layers: 2
INFO: 2020-07-30 20:42:39,171: Network output dim: 2
INFO: 2020-07-30 20:42:39,171: ----------------------------------------------
INFO: 2020-07-30 20:42:39,171: Environment Parameters
INFO: 2020-07-30 20:42:39,171: ----------------------------------------------
INFO: 2020-07-30 20:42:39,172: Trajectory length: 2
INFO: 2020-07-30 20:42:39,172: Obs future waypoints: 1
INFO: 2020-07-30 20:42:39,172: Distribution temperature: 150
INFO: 2020-07-30 20:42:39,172: Waypoint distance bounds: 1, 2.5
INFO: 2020-07-30 20:42:39,172: Maximum spread: 1.5707963267948966
INFO: 2020-07-30 20:42:40,108:  
INFO: 2020-07-30 20:42:40,108: Iterations: 0
INFO: 2020-07-30 20:42:40,108: Time steps: 0
INFO: 2020-07-30 20:42:40,108: Reward: -657.07001
INFO: 2020-07-30 20:42:40,108: Test sigma: 1.02714
INFO: 2020-07-30 20:42:40,108:  
INFO: 2020-07-30 20:56:56,246: Iterations: 10
INFO: 2020-07-30 20:56:56,246: Time steps: 655360
INFO: 2020-07-30 20:56:56,246: Reward: -601.47976
INFO: 2020-07-30 20:56:56,246: Test sigma: 0.94567
INFO: 2020-07-30 20:56:56,246:  
INFO: 2020-07-30 20:56:56,246: Saving best parameters in /home/seanny/Dropbox/potentials/_2d/fan_2d/2-wps-0.1.pth.tar
INFO: 2020-07-30 21:11:07,258: Iterations: 20
INFO: 2020-07-30 21:11:07,258: Time steps: 1310720
INFO: 2020-07-30 21:11:07,258: Reward: -665.75259
INFO: 2020-07-30 21:11:07,258: Test sigma: 0.86919
INFO: 2020-07-30 21:11:07,258:  
INFO: 2020-07-30 21:24:46,689:  
INFO: 2020-07-30 21:24:46,689: Initializing Hard Goals 2D Waypoint Navigation Environment
INFO: 2020-07-30 21:24:46,689: Working directory is /home/seanny/Dropbox/potentials/_2d/fan_2d/
INFO: 2020-07-30 21:24:46,689:  
INFO: 2020-07-30 21:24:46,689: ----------------------------------------------
INFO: 2020-07-30 21:24:46,689: Experiment Settings
INFO: 2020-07-30 21:24:46,690: ----------------------------------------------
INFO: 2020-07-30 21:24:46,690: Number of workers: 64
INFO: 2020-07-30 21:24:46,690: Batch size: 1024
INFO: 2020-07-30 21:24:46,690: Iterations: 2500
INFO: 2020-07-30 21:24:46,690: Log interval: 10
INFO: 2020-07-30 21:24:46,690: Experiment runs: 2500
INFO: 2020-07-30 21:24:46,690: Number of test runs: 30
INFO: 2020-07-30 21:24:46,690: ----------------------------------------------
INFO: 2020-07-30 21:24:46,690: Network Parameters
INFO: 2020-07-30 21:24:46,690: ----------------------------------------------
INFO: 2020-07-30 21:24:46,690: Network input dim: 22
INFO: 2020-07-30 21:24:46,690: Network hidden dim: 512
INFO: 2020-07-30 21:24:46,690: Network layers: 2
INFO: 2020-07-30 21:24:46,690: Network output dim: 2
INFO: 2020-07-30 21:24:46,690: ----------------------------------------------
INFO: 2020-07-30 21:24:46,690: Environment Parameters
INFO: 2020-07-30 21:24:46,690: ----------------------------------------------
INFO: 2020-07-30 21:24:46,690: Trajectory length: 2
INFO: 2020-07-30 21:24:46,690: Obs future waypoints: 1
INFO: 2020-07-30 21:24:46,690: Distribution temperature: 150
INFO: 2020-07-30 21:24:46,691: Waypoint distance bounds: 1, 2.5
INFO: 2020-07-30 21:24:46,691: Maximum spread: 1.5707963267948966
INFO: 2020-07-30 21:24:47,640:  
INFO: 2020-07-30 21:24:47,640: Iterations: 0
INFO: 2020-07-30 21:24:47,640: Time steps: 0
INFO: 2020-07-30 21:24:47,640: Reward: -60.72784
INFO: 2020-07-30 21:24:47,640: Test sigma: 0.97007
INFO: 2020-07-30 21:24:47,640:  
INFO: 2020-07-30 21:25:18,556:  
INFO: 2020-07-30 21:25:18,557: Initializing Hard Goals 2D Waypoint Navigation Environment
INFO: 2020-07-30 21:25:18,557: Working directory is /home/seanny/Dropbox/potentials/_2d/fan_2d/
INFO: 2020-07-30 21:25:18,557:  
INFO: 2020-07-30 21:25:18,557: ----------------------------------------------
INFO: 2020-07-30 21:25:18,557: Experiment Settings
INFO: 2020-07-30 21:25:18,557: ----------------------------------------------
INFO: 2020-07-30 21:25:18,557: Number of workers: 16
INFO: 2020-07-30 21:25:18,557: Batch size: 1024
INFO: 2020-07-30 21:25:18,557: Iterations: 2500
INFO: 2020-07-30 21:25:18,557: Log interval: 10
INFO: 2020-07-30 21:25:18,557: Experiment runs: 2500
INFO: 2020-07-30 21:25:18,558: Number of test runs: 30
INFO: 2020-07-30 21:25:18,558: ----------------------------------------------
INFO: 2020-07-30 21:25:18,558: Network Parameters
INFO: 2020-07-30 21:25:18,558: ----------------------------------------------
INFO: 2020-07-30 21:25:18,558: Network input dim: 22
INFO: 2020-07-30 21:25:18,558: Network hidden dim: 512
INFO: 2020-07-30 21:25:18,558: Network layers: 2
INFO: 2020-07-30 21:25:18,558: Network output dim: 2
INFO: 2020-07-30 21:25:18,558: ----------------------------------------------
INFO: 2020-07-30 21:25:18,558: Environment Parameters
INFO: 2020-07-30 21:25:18,558: ----------------------------------------------
INFO: 2020-07-30 21:25:18,558: Trajectory length: 2
INFO: 2020-07-30 21:25:18,559: Obs future waypoints: 1
INFO: 2020-07-30 21:25:18,559: Distribution temperature: 150
INFO: 2020-07-30 21:25:18,559: Waypoint distance bounds: 1, 2.5
INFO: 2020-07-30 21:25:18,559: Maximum spread: 1.5707963267948966
INFO: 2020-07-30 21:25:19,500:  
INFO: 2020-07-30 21:25:19,500: Iterations: 0
INFO: 2020-07-30 21:25:19,500: Time steps: 0
INFO: 2020-07-30 21:25:19,500: Reward: -60.26630
INFO: 2020-07-30 21:25:19,500: Test sigma: 1.01902
INFO: 2020-07-30 21:25:19,500:  
INFO: 2020-07-30 21:29:21,399: Iterations: 10
INFO: 2020-07-30 21:29:21,399: Time steps: 163840
INFO: 2020-07-30 21:29:21,399: Reward: -61.90202
INFO: 2020-07-30 21:29:21,399: Test sigma: 0.86549
INFO: 2020-07-30 21:29:21,399:  
INFO: 2020-07-30 21:33:30,892: Iterations: 20
INFO: 2020-07-30 21:33:30,892: Time steps: 327680
INFO: 2020-07-30 21:33:30,892: Reward: -60.55121
INFO: 2020-07-30 21:33:30,892: Test sigma: 0.69214
INFO: 2020-07-30 21:33:30,893:  
INFO: 2020-07-30 21:38:04,929:  
INFO: 2020-07-30 21:38:04,929: Initializing Hard Goals 2D Waypoint Navigation Environment
INFO: 2020-07-30 21:38:04,930: Working directory is /home/seanny/Dropbox/potentials/_2d/fan_2d/
INFO: 2020-07-30 21:38:04,930:  
INFO: 2020-07-30 21:38:04,930: ----------------------------------------------
INFO: 2020-07-30 21:38:04,930: Experiment Settings
INFO: 2020-07-30 21:38:04,930: ----------------------------------------------
INFO: 2020-07-30 21:38:04,930: Number of workers: 16
INFO: 2020-07-30 21:38:04,930: Batch size: 1024
INFO: 2020-07-30 21:38:04,930: Iterations: 2500
INFO: 2020-07-30 21:38:04,930: Log interval: 10
INFO: 2020-07-30 21:38:04,930: Experiment runs: 2500
INFO: 2020-07-30 21:38:04,930: Number of test runs: 30
INFO: 2020-07-30 21:38:04,930: ----------------------------------------------
INFO: 2020-07-30 21:38:04,931: Network Parameters
INFO: 2020-07-30 21:38:04,931: ----------------------------------------------
INFO: 2020-07-30 21:38:04,931: Network input dim: 22
INFO: 2020-07-30 21:38:04,931: Network hidden dim: 512
INFO: 2020-07-30 21:38:04,931: Network layers: 2
INFO: 2020-07-30 21:38:04,931: Network output dim: 2
INFO: 2020-07-30 21:38:04,931: ----------------------------------------------
INFO: 2020-07-30 21:38:04,931: Environment Parameters
INFO: 2020-07-30 21:38:04,931: ----------------------------------------------
INFO: 2020-07-30 21:38:04,931: Trajectory length: 2
INFO: 2020-07-30 21:38:04,931: Obs future waypoints: 1
INFO: 2020-07-30 21:38:04,931: Distribution temperature: 150
INFO: 2020-07-30 21:38:04,932: Waypoint distance bounds: 1, 2.5
INFO: 2020-07-30 21:38:04,932: Maximum spread: 1.5707963267948966
INFO: 2020-07-30 21:38:05,899:  
INFO: 2020-07-30 21:38:05,899: Iterations: 0
INFO: 2020-07-30 21:38:05,899: Time steps: 0
INFO: 2020-07-30 21:38:05,899: Reward: -60.26660
INFO: 2020-07-30 21:38:05,899: Test sigma: 1.01345
INFO: 2020-07-30 21:38:05,899:  
INFO: 2020-07-30 21:42:15,123: Iterations: 10
INFO: 2020-07-30 21:42:15,123: Time steps: 163840
INFO: 2020-07-30 21:42:15,123: Reward: -61.67680
INFO: 2020-07-30 21:42:15,123: Test sigma: 0.72676
INFO: 2020-07-30 21:42:15,124:  
INFO: 2020-07-30 21:46:23,739: Iterations: 20
INFO: 2020-07-30 21:46:23,739: Time steps: 327680
INFO: 2020-07-30 21:46:23,739: Reward: -61.25366
INFO: 2020-07-30 21:46:23,739: Test sigma: 0.54387
INFO: 2020-07-30 21:46:23,739:  
INFO: 2020-07-30 21:50:26,246: Iterations: 30
INFO: 2020-07-30 21:50:26,247: Time steps: 491520
INFO: 2020-07-30 21:50:26,247: Reward: -60.13279
INFO: 2020-07-30 21:50:26,247: Test sigma: 0.52153
INFO: 2020-07-30 21:50:26,247:  
INFO: 2020-07-30 21:50:26,247: Saving best parameters in /home/seanny/Dropbox/potentials/_2d/fan_2d/2-wps-0.1.pth.tar
INFO: 2020-07-30 21:55:15,567: Iterations: 40
INFO: 2020-07-30 21:55:15,568: Time steps: 655360
INFO: 2020-07-30 21:55:15,568: Reward: -60.04665
INFO: 2020-07-30 21:55:15,569: Test sigma: 0.49238
INFO: 2020-07-30 21:55:15,569:  
INFO: 2020-07-30 21:55:15,572: Saving best parameters in /home/seanny/Dropbox/potentials/_2d/fan_2d/2-wps-0.1.pth.tar
INFO: 2020-07-30 22:00:35,069: Iterations: 50
INFO: 2020-07-30 22:00:35,069: Time steps: 819200
INFO: 2020-07-30 22:00:35,070: Reward: -61.02616
INFO: 2020-07-30 22:00:35,070: Test sigma: 0.45605
INFO: 2020-07-30 22:00:35,070:  
INFO: 2020-07-30 22:05:43,240:  
INFO: 2020-07-30 22:05:43,240: Initializing Hard Goals 2D Waypoint Navigation Environment
INFO: 2020-07-30 22:05:43,240: Working directory is /home/seanny/Dropbox/potentials/_2d/fan_2d/
INFO: 2020-07-30 22:05:43,240:  
INFO: 2020-07-30 22:05:43,240: ----------------------------------------------
INFO: 2020-07-30 22:05:43,240: Experiment Settings
INFO: 2020-07-30 22:05:43,240: ----------------------------------------------
INFO: 2020-07-30 22:05:43,240: Number of workers: 16
INFO: 2020-07-30 22:05:43,240: Batch size: 1024
INFO: 2020-07-30 22:05:43,241: Iterations: 2500
INFO: 2020-07-30 22:05:43,241: Log interval: 10
INFO: 2020-07-30 22:05:43,241: Experiment runs: 2500
INFO: 2020-07-30 22:05:43,241: Number of test runs: 30
INFO: 2020-07-30 22:05:43,241: ----------------------------------------------
INFO: 2020-07-30 22:05:43,241: Network Parameters
INFO: 2020-07-30 22:05:43,241: ----------------------------------------------
INFO: 2020-07-30 22:05:43,241: Network input dim: 22
INFO: 2020-07-30 22:05:43,241: Network hidden dim: 512
INFO: 2020-07-30 22:05:43,241: Network layers: 2
INFO: 2020-07-30 22:05:43,241: Network output dim: 2
INFO: 2020-07-30 22:05:43,241: ----------------------------------------------
INFO: 2020-07-30 22:05:43,241: Environment Parameters
INFO: 2020-07-30 22:05:43,241: ----------------------------------------------
INFO: 2020-07-30 22:05:43,241: Trajectory length: 2
INFO: 2020-07-30 22:05:43,241: Obs future waypoints: 1
INFO: 2020-07-30 22:05:43,241: Distribution temperature: 150
INFO: 2020-07-30 22:05:43,241: Waypoint distance bounds: 1, 2.5
INFO: 2020-07-30 22:05:43,242: Maximum spread: 1.5707963267948966
INFO: 2020-07-30 22:05:44,224:  
INFO: 2020-07-30 22:05:44,225: Iterations: 0
INFO: 2020-07-30 22:05:44,225: Time steps: 0
INFO: 2020-07-30 22:05:44,225: Reward: -40.57470
INFO: 2020-07-30 22:05:44,225: Test sigma: 1.03912
INFO: 2020-07-30 22:05:44,225:  
INFO: 2020-07-30 22:09:46,726: Iterations: 10
INFO: 2020-07-30 22:09:46,726: Time steps: 163840
INFO: 2020-07-30 22:09:46,726: Reward: 31.04675
INFO: 2020-07-30 22:09:46,726: Test sigma: 0.78855
INFO: 2020-07-30 22:09:46,726:  
INFO: 2020-07-30 22:09:46,726: Saving best parameters in /home/seanny/Dropbox/potentials/_2d/fan_2d/2-wps-0.1.pth.tar
INFO: 2020-07-30 22:13:48,675: Iterations: 20
INFO: 2020-07-30 22:13:48,675: Time steps: 327680
INFO: 2020-07-30 22:13:48,675: Reward: 42.03727
INFO: 2020-07-30 22:13:48,676: Test sigma: 0.67748
INFO: 2020-07-30 22:13:48,676:  
INFO: 2020-07-30 22:13:48,676: Saving best parameters in /home/seanny/Dropbox/potentials/_2d/fan_2d/2-wps-0.1.pth.tar
INFO: 2020-07-30 22:14:22,533:  
INFO: 2020-07-30 22:14:22,533: Initializing Hard Goals 2D Waypoint Navigation Environment
INFO: 2020-07-30 22:14:22,533: Working directory is /home/seanny/Dropbox/potentials/_2d/fan_2d/
INFO: 2020-07-30 22:14:22,533:  
INFO: 2020-07-30 22:14:22,533: ----------------------------------------------
INFO: 2020-07-30 22:14:22,533: Experiment Settings
INFO: 2020-07-30 22:14:22,533: ----------------------------------------------
INFO: 2020-07-30 22:14:22,534: Number of workers: 16
INFO: 2020-07-30 22:14:22,534: Batch size: 1024
INFO: 2020-07-30 22:14:22,534: Iterations: 2500
INFO: 2020-07-30 22:14:22,534: Log interval: 10
INFO: 2020-07-30 22:14:22,534: Experiment runs: 2500
INFO: 2020-07-30 22:14:22,534: Number of test runs: 30
INFO: 2020-07-30 22:14:22,534: ----------------------------------------------
INFO: 2020-07-30 22:14:22,534: Network Parameters
INFO: 2020-07-30 22:14:22,534: ----------------------------------------------
INFO: 2020-07-30 22:14:22,534: Network input dim: 22
INFO: 2020-07-30 22:14:22,534: Network hidden dim: 512
INFO: 2020-07-30 22:14:22,534: Network layers: 2
INFO: 2020-07-30 22:14:22,534: Network output dim: 2
INFO: 2020-07-30 22:14:22,534: ----------------------------------------------
INFO: 2020-07-30 22:14:22,534: Environment Parameters
INFO: 2020-07-30 22:14:22,534: ----------------------------------------------
INFO: 2020-07-30 22:14:22,534: Trajectory length: 2
INFO: 2020-07-30 22:14:22,534: Obs future waypoints: 1
INFO: 2020-07-30 22:14:22,535: Distribution temperature: 150
INFO: 2020-07-30 22:14:22,535: Waypoint distance bounds: 1, 2.5
INFO: 2020-07-30 22:14:22,535: Maximum spread: 1.5707963267948966
INFO: 2020-07-30 22:14:23,485:  
INFO: 2020-07-30 22:14:23,485: Iterations: 0
INFO: 2020-07-30 22:14:23,485: Time steps: 0
INFO: 2020-07-30 22:14:23,485: Reward: -76.83807
INFO: 2020-07-30 22:14:23,486: Test sigma: 1.01516
INFO: 2020-07-30 22:14:23,486:  
INFO: 2020-07-30 22:18:23,591: Iterations: 10
INFO: 2020-07-30 22:18:23,592: Time steps: 163840
INFO: 2020-07-30 22:18:23,592: Reward: -61.87922
INFO: 2020-07-30 22:18:23,592: Test sigma: 0.76179
INFO: 2020-07-30 22:18:23,592:  
INFO: 2020-07-30 22:18:23,592: Saving best parameters in /home/seanny/Dropbox/potentials/_2d/fan_2d/2-wps-0.1.pth.tar
INFO: 2020-07-30 22:22:25,463: Iterations: 20
INFO: 2020-07-30 22:22:25,463: Time steps: 327680
INFO: 2020-07-30 22:22:25,463: Reward: -60.88231
INFO: 2020-07-30 22:22:25,463: Test sigma: 0.60895
INFO: 2020-07-30 22:22:25,463:  
INFO: 2020-07-30 22:22:25,463: Saving best parameters in /home/seanny/Dropbox/potentials/_2d/fan_2d/2-wps-0.1.pth.tar
INFO: 2020-07-30 22:26:27,783: Iterations: 30
INFO: 2020-07-30 22:26:27,784: Time steps: 491520
INFO: 2020-07-30 22:26:27,784: Reward: -60.50441
INFO: 2020-07-30 22:26:27,784: Test sigma: 0.57228
INFO: 2020-07-30 22:26:27,784:  
INFO: 2020-07-30 22:26:27,784: Saving best parameters in /home/seanny/Dropbox/potentials/_2d/fan_2d/2-wps-0.1.pth.tar
INFO: 2020-07-30 22:30:29,247: Iterations: 40
INFO: 2020-07-30 22:30:29,247: Time steps: 655360
INFO: 2020-07-30 22:30:29,247: Reward: -60.36068
INFO: 2020-07-30 22:30:29,247: Test sigma: 0.53167
INFO: 2020-07-30 22:30:29,247:  
INFO: 2020-07-30 22:30:29,248: Saving best parameters in /home/seanny/Dropbox/potentials/_2d/fan_2d/2-wps-0.1.pth.tar
INFO: 2020-07-30 22:34:31,620: Iterations: 50
INFO: 2020-07-30 22:34:31,620: Time steps: 819200
INFO: 2020-07-30 22:34:31,620: Reward: -60.32724
INFO: 2020-07-30 22:34:31,620: Test sigma: 0.52797
INFO: 2020-07-30 22:34:31,620:  
INFO: 2020-07-30 22:34:31,620: Saving best parameters in /home/seanny/Dropbox/potentials/_2d/fan_2d/2-wps-0.1.pth.tar
INFO: 2020-07-30 22:38:33,548: Iterations: 60
INFO: 2020-07-30 22:38:33,548: Time steps: 983040
INFO: 2020-07-30 22:38:33,548: Reward: -60.34345
INFO: 2020-07-30 22:38:33,548: Test sigma: 0.51071
INFO: 2020-07-30 22:38:33,548:  
INFO: 2020-07-30 22:42:35,961: Iterations: 70
INFO: 2020-07-30 22:42:35,961: Time steps: 1146880
INFO: 2020-07-30 22:42:35,961: Reward: -60.92106
INFO: 2020-07-30 22:42:35,961: Test sigma: 0.48217
INFO: 2020-07-30 22:42:35,961:  
INFO: 2020-07-30 22:46:37,770: Iterations: 80
INFO: 2020-07-30 22:46:37,771: Time steps: 1310720
INFO: 2020-07-30 22:46:37,771: Reward: -63.01575
INFO: 2020-07-30 22:46:37,771: Test sigma: 0.48670
INFO: 2020-07-30 22:46:37,771:  
INFO: 2020-07-30 22:50:40,114: Iterations: 90
INFO: 2020-07-30 22:50:40,114: Time steps: 1474560
INFO: 2020-07-30 22:50:40,114: Reward: -64.33274
INFO: 2020-07-30 22:50:40,114: Test sigma: 0.50123
INFO: 2020-07-30 22:50:40,114:  
INFO: 2020-07-30 22:54:42,864: Iterations: 100
INFO: 2020-07-30 22:54:42,864: Time steps: 1638400
INFO: 2020-07-30 22:54:42,864: Reward: -63.46858
INFO: 2020-07-30 22:54:42,864: Test sigma: 0.51391
INFO: 2020-07-30 22:54:42,865:  
INFO: 2020-07-30 22:58:44,961: Iterations: 110
INFO: 2020-07-30 22:58:44,961: Time steps: 1802240
INFO: 2020-07-30 22:58:44,961: Reward: -62.40553
INFO: 2020-07-30 22:58:44,961: Test sigma: 0.49303
INFO: 2020-07-30 22:58:44,962:  
INFO: 2020-07-30 23:02:46,784: Iterations: 120
INFO: 2020-07-30 23:02:46,784: Time steps: 1966080
INFO: 2020-07-30 23:02:46,784: Reward: -62.14165
INFO: 2020-07-30 23:02:46,784: Test sigma: 0.46571
INFO: 2020-07-30 23:02:46,784:  
INFO: 2020-07-30 23:06:48,923: Iterations: 130
INFO: 2020-07-30 23:06:48,924: Time steps: 2129920
INFO: 2020-07-30 23:06:48,924: Reward: -62.06828
INFO: 2020-07-30 23:06:48,924: Test sigma: 0.47091
INFO: 2020-07-30 23:06:48,924:  
INFO: 2020-07-30 23:10:51,757: Iterations: 140
INFO: 2020-07-30 23:10:51,757: Time steps: 2293760
INFO: 2020-07-30 23:10:51,757: Reward: -62.01285
INFO: 2020-07-30 23:10:51,757: Test sigma: 0.43354
INFO: 2020-07-30 23:10:51,757:  
INFO: 2020-07-30 23:14:54,256: Iterations: 150
INFO: 2020-07-30 23:14:54,257: Time steps: 2457600
INFO: 2020-07-30 23:14:54,257: Reward: -61.73874
INFO: 2020-07-30 23:14:54,257: Test sigma: 0.38418
INFO: 2020-07-30 23:14:54,257:  
INFO: 2020-07-30 23:18:56,409: Iterations: 160
INFO: 2020-07-30 23:18:56,409: Time steps: 2621440
INFO: 2020-07-30 23:18:56,409: Reward: -61.60752
INFO: 2020-07-30 23:18:56,409: Test sigma: 0.43851
INFO: 2020-07-30 23:18:56,409:  
INFO: 2020-07-30 23:22:59,258: Iterations: 170
INFO: 2020-07-30 23:22:59,258: Time steps: 2785280
INFO: 2020-07-30 23:22:59,258: Reward: -61.64888
INFO: 2020-07-30 23:22:59,258: Test sigma: 0.44998
INFO: 2020-07-30 23:22:59,259:  
INFO: 2020-07-30 23:27:02,043: Iterations: 180
INFO: 2020-07-30 23:27:02,043: Time steps: 2949120
INFO: 2020-07-30 23:27:02,043: Reward: -62.62677
INFO: 2020-07-30 23:27:02,043: Test sigma: 0.45945
INFO: 2020-07-30 23:27:02,043:  
INFO: 2020-07-30 23:31:05,115: Iterations: 190
INFO: 2020-07-30 23:31:05,115: Time steps: 3112960
INFO: 2020-07-30 23:31:05,115: Reward: -62.44155
INFO: 2020-07-30 23:31:05,115: Test sigma: 0.45599
INFO: 2020-07-30 23:31:05,115:  
INFO: 2020-07-30 23:35:07,775: Iterations: 200
INFO: 2020-07-30 23:35:07,775: Time steps: 3276800
INFO: 2020-07-30 23:35:07,775: Reward: -61.73557
INFO: 2020-07-30 23:35:07,775: Test sigma: 0.42527
INFO: 2020-07-30 23:35:07,775:  
INFO: 2020-07-30 23:39:10,921: Iterations: 210
INFO: 2020-07-30 23:39:10,922: Time steps: 3440640
INFO: 2020-07-30 23:39:10,922: Reward: -61.59341
INFO: 2020-07-30 23:39:10,922: Test sigma: 0.40660
INFO: 2020-07-30 23:39:10,922:  
INFO: 2020-07-30 23:43:13,866: Iterations: 220
INFO: 2020-07-30 23:43:13,866: Time steps: 3604480
INFO: 2020-07-30 23:43:13,866: Reward: -61.19835
INFO: 2020-07-30 23:43:13,866: Test sigma: 0.43396
INFO: 2020-07-30 23:43:13,866:  
INFO: 2020-07-30 23:47:16,427: Iterations: 230
INFO: 2020-07-30 23:47:16,427: Time steps: 3768320
INFO: 2020-07-30 23:47:16,427: Reward: -60.96900
INFO: 2020-07-30 23:47:16,427: Test sigma: 0.42695
INFO: 2020-07-30 23:47:16,427:  
INFO: 2020-07-30 23:51:19,105: Iterations: 240
INFO: 2020-07-30 23:51:19,105: Time steps: 3932160
INFO: 2020-07-30 23:51:19,105: Reward: -61.16591
INFO: 2020-07-30 23:51:19,105: Test sigma: 0.41897
INFO: 2020-07-30 23:51:19,105:  
INFO: 2020-07-30 23:55:21,425: Iterations: 250
INFO: 2020-07-30 23:55:21,426: Time steps: 4096000
INFO: 2020-07-30 23:55:21,426: Reward: -60.93166
INFO: 2020-07-30 23:55:21,426: Test sigma: 0.41269
INFO: 2020-07-30 23:55:21,426:  
INFO: 2020-07-30 23:59:24,440: Iterations: 260
INFO: 2020-07-30 23:59:24,440: Time steps: 4259840
INFO: 2020-07-30 23:59:24,440: Reward: -61.22458
INFO: 2020-07-30 23:59:24,440: Test sigma: 0.37815
INFO: 2020-07-30 23:59:24,440:  
INFO: 2020-07-31 00:03:27,443: Iterations: 270
INFO: 2020-07-31 00:03:27,444: Time steps: 4423680
INFO: 2020-07-31 00:03:27,444: Reward: -61.81347
INFO: 2020-07-31 00:03:27,444: Test sigma: 0.38712
INFO: 2020-07-31 00:03:27,444:  
INFO: 2020-07-31 00:07:30,316: Iterations: 280
INFO: 2020-07-31 00:07:30,316: Time steps: 4587520
INFO: 2020-07-31 00:07:30,316: Reward: -62.33298
INFO: 2020-07-31 00:07:30,316: Test sigma: 0.39511
INFO: 2020-07-31 00:07:30,316:  
INFO: 2020-07-31 00:11:33,971: Iterations: 290
INFO: 2020-07-31 00:11:33,971: Time steps: 4751360
INFO: 2020-07-31 00:11:33,971: Reward: -62.71758
INFO: 2020-07-31 00:11:33,971: Test sigma: 0.41540
INFO: 2020-07-31 00:11:33,971:  
INFO: 2020-07-31 00:15:36,581: Iterations: 300
INFO: 2020-07-31 00:15:36,581: Time steps: 4915200
INFO: 2020-07-31 00:15:36,581: Reward: -62.78451
INFO: 2020-07-31 00:15:36,581: Test sigma: 0.39787
INFO: 2020-07-31 00:15:36,581:  
INFO: 2020-07-31 00:19:39,455: Iterations: 310
INFO: 2020-07-31 00:19:39,456: Time steps: 5079040
INFO: 2020-07-31 00:19:39,456: Reward: -62.46525
INFO: 2020-07-31 00:19:39,456: Test sigma: 0.39223
INFO: 2020-07-31 00:19:39,456:  
INFO: 2020-07-31 00:23:42,172: Iterations: 320
INFO: 2020-07-31 00:23:42,172: Time steps: 5242880
INFO: 2020-07-31 00:23:42,172: Reward: -62.84318
INFO: 2020-07-31 00:23:42,172: Test sigma: 0.35975
INFO: 2020-07-31 00:23:42,172:  
INFO: 2020-07-31 00:27:44,704: Iterations: 330
INFO: 2020-07-31 00:27:44,704: Time steps: 5406720
INFO: 2020-07-31 00:27:44,704: Reward: -63.00969
INFO: 2020-07-31 00:27:44,704: Test sigma: 0.42125
INFO: 2020-07-31 00:27:44,704:  
INFO: 2020-07-31 00:31:47,530: Iterations: 340
INFO: 2020-07-31 00:31:47,530: Time steps: 5570560
INFO: 2020-07-31 00:31:47,531: Reward: -62.93312
INFO: 2020-07-31 00:31:47,531: Test sigma: 0.43483
INFO: 2020-07-31 00:31:47,531:  
INFO: 2020-07-31 00:35:50,078: Iterations: 350
INFO: 2020-07-31 00:35:50,078: Time steps: 5734400
INFO: 2020-07-31 00:35:50,079: Reward: -62.79763
INFO: 2020-07-31 00:35:50,079: Test sigma: 0.40682
INFO: 2020-07-31 00:35:50,079:  
INFO: 2020-07-31 00:39:54,264: Iterations: 360
INFO: 2020-07-31 00:39:54,265: Time steps: 5898240
INFO: 2020-07-31 00:39:54,265: Reward: -63.60671
INFO: 2020-07-31 00:39:54,265: Test sigma: 0.43022
INFO: 2020-07-31 00:39:54,265:  
INFO: 2020-07-31 00:43:56,919: Iterations: 370
INFO: 2020-07-31 00:43:56,919: Time steps: 6062080
INFO: 2020-07-31 00:43:56,919: Reward: -62.80201
INFO: 2020-07-31 00:43:56,920: Test sigma: 0.43388
INFO: 2020-07-31 00:43:56,920:  
INFO: 2020-07-31 00:47:59,185: Iterations: 380
INFO: 2020-07-31 00:47:59,186: Time steps: 6225920
INFO: 2020-07-31 00:47:59,186: Reward: -63.50704
INFO: 2020-07-31 00:47:59,186: Test sigma: 0.42539
INFO: 2020-07-31 00:47:59,186:  
INFO: 2020-07-31 00:52:02,251: Iterations: 390
INFO: 2020-07-31 00:52:02,251: Time steps: 6389760
INFO: 2020-07-31 00:52:02,252: Reward: -63.76690
INFO: 2020-07-31 00:52:02,252: Test sigma: 0.43911
INFO: 2020-07-31 00:52:02,252:  
INFO: 2020-07-31 00:56:01,756: Iterations: 400
INFO: 2020-07-31 00:56:01,756: Time steps: 6553600
INFO: 2020-07-31 00:56:01,757: Reward: -65.33710
INFO: 2020-07-31 00:56:01,757: Test sigma: 0.46566
INFO: 2020-07-31 00:56:01,757:  
INFO: 2020-07-31 01:00:01,405: Iterations: 410
INFO: 2020-07-31 01:00:01,405: Time steps: 6717440
INFO: 2020-07-31 01:00:01,405: Reward: -65.62836
INFO: 2020-07-31 01:00:01,405: Test sigma: 0.46797
INFO: 2020-07-31 01:00:01,405:  
INFO: 2020-07-31 01:04:01,499: Iterations: 420
INFO: 2020-07-31 01:04:01,500: Time steps: 6881280
INFO: 2020-07-31 01:04:01,500: Reward: -65.10693
INFO: 2020-07-31 01:04:01,500: Test sigma: 0.46614
INFO: 2020-07-31 01:04:01,500:  
INFO: 2020-07-31 01:08:01,847: Iterations: 430
INFO: 2020-07-31 01:08:01,847: Time steps: 7045120
INFO: 2020-07-31 01:08:01,847: Reward: -64.89291
INFO: 2020-07-31 01:08:01,847: Test sigma: 0.45432
INFO: 2020-07-31 01:08:01,847:  
INFO: 2020-07-31 01:12:02,526: Iterations: 440
INFO: 2020-07-31 01:12:02,526: Time steps: 7208960
INFO: 2020-07-31 01:12:02,526: Reward: -64.79268
INFO: 2020-07-31 01:12:02,526: Test sigma: 0.49279
INFO: 2020-07-31 01:12:02,526:  
INFO: 2020-07-31 01:16:01,358: Iterations: 450
INFO: 2020-07-31 01:16:01,358: Time steps: 7372800
INFO: 2020-07-31 01:16:01,358: Reward: -64.89067
INFO: 2020-07-31 01:16:01,358: Test sigma: 0.51100
INFO: 2020-07-31 01:16:01,358:  
INFO: 2020-07-31 01:20:00,527: Iterations: 460
INFO: 2020-07-31 01:20:00,527: Time steps: 7536640
INFO: 2020-07-31 01:20:00,528: Reward: -65.57053
INFO: 2020-07-31 01:20:00,528: Test sigma: 0.53918
INFO: 2020-07-31 01:20:00,528:  
INFO: 2020-07-31 01:24:00,071: Iterations: 470
INFO: 2020-07-31 01:24:00,071: Time steps: 7700480
INFO: 2020-07-31 01:24:00,072: Reward: -65.37327
INFO: 2020-07-31 01:24:00,072: Test sigma: 0.50295
INFO: 2020-07-31 01:24:00,072:  
INFO: 2020-07-31 01:27:58,588: Iterations: 480
INFO: 2020-07-31 01:27:58,588: Time steps: 7864320
INFO: 2020-07-31 01:27:58,588: Reward: -65.28473
INFO: 2020-07-31 01:27:58,588: Test sigma: 0.49496
INFO: 2020-07-31 01:27:58,588:  
INFO: 2020-07-31 01:31:57,299: Iterations: 490
INFO: 2020-07-31 01:31:57,299: Time steps: 8028160
INFO: 2020-07-31 01:31:57,300: Reward: -65.36723
INFO: 2020-07-31 01:31:57,300: Test sigma: 0.49786
INFO: 2020-07-31 01:31:57,300:  
INFO: 2020-07-31 01:35:57,124: Iterations: 500
INFO: 2020-07-31 01:35:57,125: Time steps: 8192000
INFO: 2020-07-31 01:35:57,125: Reward: -66.41309
INFO: 2020-07-31 01:35:57,125: Test sigma: 0.49885
INFO: 2020-07-31 01:35:57,125:  
INFO: 2020-07-31 01:39:57,306: Iterations: 510
INFO: 2020-07-31 01:39:57,306: Time steps: 8355840
INFO: 2020-07-31 01:39:57,306: Reward: -66.49834
INFO: 2020-07-31 01:39:57,306: Test sigma: 0.48557
INFO: 2020-07-31 01:39:57,306:  
INFO: 2020-07-31 01:43:56,376: Iterations: 520
INFO: 2020-07-31 01:43:56,376: Time steps: 8519680
INFO: 2020-07-31 01:43:56,376: Reward: -68.54264
INFO: 2020-07-31 01:43:56,377: Test sigma: 0.48799
INFO: 2020-07-31 01:43:56,377:  
INFO: 2020-07-31 01:47:55,648: Iterations: 530
INFO: 2020-07-31 01:47:55,649: Time steps: 8683520
INFO: 2020-07-31 01:47:55,649: Reward: -67.53733
INFO: 2020-07-31 01:47:55,649: Test sigma: 0.50959
INFO: 2020-07-31 01:47:55,649:  
INFO: 2020-07-31 01:51:55,531: Iterations: 540
INFO: 2020-07-31 01:51:55,531: Time steps: 8847360
INFO: 2020-07-31 01:51:55,532: Reward: -67.94846
INFO: 2020-07-31 01:51:55,532: Test sigma: 0.51608
INFO: 2020-07-31 01:51:55,532:  
INFO: 2020-07-31 01:55:54,794: Iterations: 550
INFO: 2020-07-31 01:55:54,794: Time steps: 9011200
INFO: 2020-07-31 01:55:54,795: Reward: -65.41289
INFO: 2020-07-31 01:55:54,795: Test sigma: 0.51299
INFO: 2020-07-31 01:55:54,795:  
INFO: 2020-07-31 01:59:54,192: Iterations: 560
INFO: 2020-07-31 01:59:54,192: Time steps: 9175040
INFO: 2020-07-31 01:59:54,193: Reward: -67.12967
INFO: 2020-07-31 01:59:54,193: Test sigma: 0.52004
INFO: 2020-07-31 01:59:54,193:  
INFO: 2020-07-31 02:03:53,783: Iterations: 570
INFO: 2020-07-31 02:03:53,783: Time steps: 9338880
INFO: 2020-07-31 02:03:53,783: Reward: -69.59430
INFO: 2020-07-31 02:03:53,783: Test sigma: 0.54765
INFO: 2020-07-31 02:03:53,783:  
INFO: 2020-07-31 02:07:52,968: Iterations: 580
INFO: 2020-07-31 02:07:52,968: Time steps: 9502720
INFO: 2020-07-31 02:07:52,968: Reward: -67.46430
INFO: 2020-07-31 02:07:52,968: Test sigma: 0.53620
INFO: 2020-07-31 02:07:52,968:  
INFO: 2020-07-31 02:11:54,099: Iterations: 590
INFO: 2020-07-31 02:11:54,099: Time steps: 9666560
INFO: 2020-07-31 02:11:54,099: Reward: -65.79776
INFO: 2020-07-31 02:11:54,099: Test sigma: 0.54998
INFO: 2020-07-31 02:11:54,099:  
INFO: 2020-07-31 02:15:53,420: Iterations: 600
INFO: 2020-07-31 02:15:53,420: Time steps: 9830400
INFO: 2020-07-31 02:15:53,420: Reward: -65.99592
INFO: 2020-07-31 02:15:53,420: Test sigma: 0.53827
INFO: 2020-07-31 02:15:53,420:  
INFO: 2020-07-31 02:19:54,034: Iterations: 610
INFO: 2020-07-31 02:19:54,034: Time steps: 9994240
INFO: 2020-07-31 02:19:54,034: Reward: -67.76754
INFO: 2020-07-31 02:19:54,034: Test sigma: 0.53479
INFO: 2020-07-31 02:19:54,034:  
INFO: 2020-07-31 02:23:55,161: Iterations: 620
INFO: 2020-07-31 02:23:55,162: Time steps: 10158080
INFO: 2020-07-31 02:23:55,162: Reward: -67.73453
INFO: 2020-07-31 02:23:55,162: Test sigma: 0.52395
INFO: 2020-07-31 02:23:55,162:  
INFO: 2020-07-31 02:27:55,233: Iterations: 630
INFO: 2020-07-31 02:27:55,233: Time steps: 10321920
INFO: 2020-07-31 02:27:55,233: Reward: -66.93562
INFO: 2020-07-31 02:27:55,233: Test sigma: 0.49390
INFO: 2020-07-31 02:27:55,233:  
INFO: 2020-07-31 02:31:55,078: Iterations: 640
INFO: 2020-07-31 02:31:55,078: Time steps: 10485760
INFO: 2020-07-31 02:31:55,078: Reward: -66.25858
INFO: 2020-07-31 02:31:55,078: Test sigma: 0.49578
INFO: 2020-07-31 02:31:55,078:  
INFO: 2020-07-31 02:35:55,717: Iterations: 650
INFO: 2020-07-31 02:35:55,718: Time steps: 10649600
INFO: 2020-07-31 02:35:55,718: Reward: -67.15527
INFO: 2020-07-31 02:35:55,718: Test sigma: 0.48203
INFO: 2020-07-31 02:35:55,718:  
INFO: 2020-07-31 02:39:56,135: Iterations: 660
INFO: 2020-07-31 02:39:56,135: Time steps: 10813440
INFO: 2020-07-31 02:39:56,135: Reward: -65.58768
INFO: 2020-07-31 02:39:56,135: Test sigma: 0.50616
INFO: 2020-07-31 02:39:56,135:  
INFO: 2020-07-31 02:43:55,826: Iterations: 670
INFO: 2020-07-31 02:43:55,826: Time steps: 10977280
INFO: 2020-07-31 02:43:55,827: Reward: -65.59839
INFO: 2020-07-31 02:43:55,827: Test sigma: 0.50945
INFO: 2020-07-31 02:43:55,827:  
INFO: 2020-07-31 02:47:55,900: Iterations: 680
INFO: 2020-07-31 02:47:55,900: Time steps: 11141120
INFO: 2020-07-31 02:47:55,900: Reward: -64.95134
INFO: 2020-07-31 02:47:55,900: Test sigma: 0.49099
INFO: 2020-07-31 02:47:55,900:  
INFO: 2020-07-31 02:51:56,668: Iterations: 690
INFO: 2020-07-31 02:51:56,669: Time steps: 11304960
INFO: 2020-07-31 02:51:56,669: Reward: -64.30806
INFO: 2020-07-31 02:51:56,669: Test sigma: 0.50061
INFO: 2020-07-31 02:51:56,669:  
INFO: 2020-07-31 02:55:56,355: Iterations: 700
INFO: 2020-07-31 02:55:56,355: Time steps: 11468800
INFO: 2020-07-31 02:55:56,355: Reward: -64.26085
INFO: 2020-07-31 02:55:56,355: Test sigma: 0.50992
INFO: 2020-07-31 02:55:56,355:  
INFO: 2020-07-31 02:59:55,612: Iterations: 710
INFO: 2020-07-31 02:59:55,612: Time steps: 11632640
INFO: 2020-07-31 02:59:55,612: Reward: -63.98259
INFO: 2020-07-31 02:59:55,612: Test sigma: 0.51165
INFO: 2020-07-31 02:59:55,613:  
INFO: 2020-07-31 03:03:54,946: Iterations: 720
INFO: 2020-07-31 03:03:54,946: Time steps: 11796480
INFO: 2020-07-31 03:03:54,946: Reward: -63.98874
INFO: 2020-07-31 03:03:54,947: Test sigma: 0.50213
INFO: 2020-07-31 03:03:54,947:  
INFO: 2020-07-31 03:07:54,793: Iterations: 730
INFO: 2020-07-31 03:07:54,793: Time steps: 11960320
INFO: 2020-07-31 03:07:54,794: Reward: -64.12914
INFO: 2020-07-31 03:07:54,794: Test sigma: 0.51276
INFO: 2020-07-31 03:07:54,794:  
INFO: 2020-07-31 03:11:56,905: Iterations: 740
INFO: 2020-07-31 03:11:56,905: Time steps: 12124160
INFO: 2020-07-31 03:11:56,905: Reward: -64.69141
INFO: 2020-07-31 03:11:56,905: Test sigma: 0.54704
INFO: 2020-07-31 03:11:56,905:  
INFO: 2020-07-31 03:15:56,119: Iterations: 750
INFO: 2020-07-31 03:15:56,119: Time steps: 12288000
INFO: 2020-07-31 03:15:56,120: Reward: -65.75400
INFO: 2020-07-31 03:15:56,120: Test sigma: 0.53779
INFO: 2020-07-31 03:15:56,120:  
INFO: 2020-07-31 03:19:55,592: Iterations: 760
INFO: 2020-07-31 03:19:55,592: Time steps: 12451840
INFO: 2020-07-31 03:19:55,592: Reward: -65.49339
INFO: 2020-07-31 03:19:55,592: Test sigma: 0.52928
INFO: 2020-07-31 03:19:55,592:  
INFO: 2020-07-31 03:23:56,661: Iterations: 770
INFO: 2020-07-31 03:23:56,661: Time steps: 12615680
INFO: 2020-07-31 03:23:56,661: Reward: -65.94221
INFO: 2020-07-31 03:23:56,661: Test sigma: 0.53548
INFO: 2020-07-31 03:23:56,661:  
INFO: 2020-07-31 03:27:56,321: Iterations: 780
INFO: 2020-07-31 03:27:56,321: Time steps: 12779520
INFO: 2020-07-31 03:27:56,321: Reward: -65.87974
INFO: 2020-07-31 03:27:56,322: Test sigma: 0.55761
INFO: 2020-07-31 03:27:56,322:  
INFO: 2020-07-31 03:31:57,029: Iterations: 790
INFO: 2020-07-31 03:31:57,029: Time steps: 12943360
INFO: 2020-07-31 03:31:57,029: Reward: -69.47415
INFO: 2020-07-31 03:31:57,029: Test sigma: 0.56576
INFO: 2020-07-31 03:31:57,029:  
INFO: 2020-07-31 03:35:58,538: Iterations: 800
INFO: 2020-07-31 03:35:58,539: Time steps: 13107200
INFO: 2020-07-31 03:35:58,539: Reward: -68.66875
INFO: 2020-07-31 03:35:58,539: Test sigma: 0.55660
INFO: 2020-07-31 03:35:58,539:  
INFO: 2020-07-31 03:39:59,936: Iterations: 810
INFO: 2020-07-31 03:39:59,936: Time steps: 13271040
INFO: 2020-07-31 03:39:59,936: Reward: -67.49529
INFO: 2020-07-31 03:39:59,936: Test sigma: 0.53276
INFO: 2020-07-31 03:39:59,937:  
INFO: 2020-07-31 03:44:01,596: Iterations: 820
INFO: 2020-07-31 03:44:01,596: Time steps: 13434880
INFO: 2020-07-31 03:44:01,596: Reward: -66.82898
INFO: 2020-07-31 03:44:01,596: Test sigma: 0.52147
INFO: 2020-07-31 03:44:01,596:  
INFO: 2020-07-31 03:48:01,221: Iterations: 830
INFO: 2020-07-31 03:48:01,221: Time steps: 13598720
INFO: 2020-07-31 03:48:01,221: Reward: -66.57892
INFO: 2020-07-31 03:48:01,221: Test sigma: 0.54213
INFO: 2020-07-31 03:48:01,221:  
INFO: 2020-07-31 03:52:00,957: Iterations: 840
INFO: 2020-07-31 03:52:00,957: Time steps: 13762560
INFO: 2020-07-31 03:52:00,957: Reward: -69.02551
INFO: 2020-07-31 03:52:00,957: Test sigma: 0.55776
INFO: 2020-07-31 03:52:00,957:  
INFO: 2020-07-31 03:56:00,394: Iterations: 850
INFO: 2020-07-31 03:56:00,395: Time steps: 13926400
INFO: 2020-07-31 03:56:00,395: Reward: -71.04241
INFO: 2020-07-31 03:56:00,395: Test sigma: 0.55246
INFO: 2020-07-31 03:56:00,395:  
INFO: 2020-07-31 04:00:01,351: Iterations: 860
INFO: 2020-07-31 04:00:01,351: Time steps: 14090240
INFO: 2020-07-31 04:00:01,351: Reward: -72.59010
INFO: 2020-07-31 04:00:01,352: Test sigma: 0.54334
INFO: 2020-07-31 04:00:01,352:  
INFO: 2020-07-31 04:04:01,028: Iterations: 870
INFO: 2020-07-31 04:04:01,028: Time steps: 14254080
INFO: 2020-07-31 04:04:01,028: Reward: -69.95828
INFO: 2020-07-31 04:04:01,028: Test sigma: 0.52752
INFO: 2020-07-31 04:04:01,028:  
INFO: 2020-07-31 04:08:01,396: Iterations: 880
INFO: 2020-07-31 04:08:01,396: Time steps: 14417920
INFO: 2020-07-31 04:08:01,396: Reward: -72.03460
INFO: 2020-07-31 04:08:01,396: Test sigma: 0.53817
INFO: 2020-07-31 04:08:01,396:  
INFO: 2020-07-31 04:12:02,721: Iterations: 890
INFO: 2020-07-31 04:12:02,721: Time steps: 14581760
INFO: 2020-07-31 04:12:02,721: Reward: -72.24561
INFO: 2020-07-31 04:12:02,721: Test sigma: 0.55844
INFO: 2020-07-31 04:12:02,721:  
INFO: 2020-07-31 04:16:02,111: Iterations: 900
INFO: 2020-07-31 04:16:02,111: Time steps: 14745600
INFO: 2020-07-31 04:16:02,111: Reward: -72.25733
INFO: 2020-07-31 04:16:02,111: Test sigma: 0.54583
INFO: 2020-07-31 04:16:02,111:  
INFO: 2020-07-31 04:20:01,787: Iterations: 910
INFO: 2020-07-31 04:20:01,788: Time steps: 14909440
INFO: 2020-07-31 04:20:01,788: Reward: -73.94189
INFO: 2020-07-31 04:20:01,788: Test sigma: 0.54136
INFO: 2020-07-31 04:20:01,788:  
INFO: 2020-07-31 04:24:02,753: Iterations: 920
INFO: 2020-07-31 04:24:02,753: Time steps: 15073280
INFO: 2020-07-31 04:24:02,753: Reward: -74.09487
INFO: 2020-07-31 04:24:02,753: Test sigma: 0.57059
INFO: 2020-07-31 04:24:02,753:  
INFO: 2020-07-31 04:28:03,860: Iterations: 930
INFO: 2020-07-31 04:28:03,860: Time steps: 15237120
INFO: 2020-07-31 04:28:03,860: Reward: -73.11638
INFO: 2020-07-31 04:28:03,860: Test sigma: 0.56088
INFO: 2020-07-31 04:28:03,860:  
INFO: 2020-07-31 04:32:03,296: Iterations: 940
INFO: 2020-07-31 04:32:03,297: Time steps: 15400960
INFO: 2020-07-31 04:32:03,297: Reward: -71.77297
INFO: 2020-07-31 04:32:03,297: Test sigma: 0.55571
INFO: 2020-07-31 04:32:03,297:  
INFO: 2020-07-31 04:36:03,116: Iterations: 950
INFO: 2020-07-31 04:36:03,116: Time steps: 15564800
INFO: 2020-07-31 04:36:03,116: Reward: -72.78855
INFO: 2020-07-31 04:36:03,116: Test sigma: 0.55244
INFO: 2020-07-31 04:36:03,117:  
INFO: 2020-07-31 04:40:03,669: Iterations: 960
INFO: 2020-07-31 04:40:03,669: Time steps: 15728640
INFO: 2020-07-31 04:40:03,669: Reward: -74.05788
INFO: 2020-07-31 04:40:03,669: Test sigma: 0.56773
INFO: 2020-07-31 04:40:03,669:  
INFO: 2020-07-31 04:44:04,965: Iterations: 970
INFO: 2020-07-31 04:44:04,965: Time steps: 15892480
INFO: 2020-07-31 04:44:04,965: Reward: -75.35513
INFO: 2020-07-31 04:44:04,965: Test sigma: 0.56146
INFO: 2020-07-31 04:44:04,965:  
INFO: 2020-07-31 04:48:04,470: Iterations: 980
INFO: 2020-07-31 04:48:04,470: Time steps: 16056320
INFO: 2020-07-31 04:48:04,470: Reward: -75.12765
INFO: 2020-07-31 04:48:04,470: Test sigma: 0.55274
INFO: 2020-07-31 04:48:04,470:  
INFO: 2020-07-31 04:52:03,736: Iterations: 990
INFO: 2020-07-31 04:52:03,736: Time steps: 16220160
INFO: 2020-07-31 04:52:03,736: Reward: -74.52982
INFO: 2020-07-31 04:52:03,736: Test sigma: 0.53968
INFO: 2020-07-31 04:52:03,736:  
INFO: 2020-07-31 04:56:05,139: Iterations: 1000
INFO: 2020-07-31 04:56:05,140: Time steps: 16384000
INFO: 2020-07-31 04:56:05,140: Reward: -75.52157
INFO: 2020-07-31 04:56:05,140: Test sigma: 0.52048
INFO: 2020-07-31 04:56:05,140:  
INFO: 2020-07-31 05:00:05,188: Iterations: 1010
INFO: 2020-07-31 05:00:05,189: Time steps: 16547840
INFO: 2020-07-31 05:00:05,189: Reward: -76.05605
INFO: 2020-07-31 05:00:05,189: Test sigma: 0.51591
INFO: 2020-07-31 05:00:05,189:  
INFO: 2020-07-31 05:04:04,104: Iterations: 1020
INFO: 2020-07-31 05:04:04,104: Time steps: 16711680
INFO: 2020-07-31 05:04:04,104: Reward: -75.29904
INFO: 2020-07-31 05:04:04,104: Test sigma: 0.50788
INFO: 2020-07-31 05:04:04,105:  
INFO: 2020-07-31 05:08:03,365: Iterations: 1030
INFO: 2020-07-31 05:08:03,366: Time steps: 16875520
INFO: 2020-07-31 05:08:03,366: Reward: -75.57534
INFO: 2020-07-31 05:08:03,366: Test sigma: 0.48887
INFO: 2020-07-31 05:08:03,366:  
INFO: 2020-07-31 05:12:03,848: Iterations: 1040
INFO: 2020-07-31 05:12:03,848: Time steps: 17039360
INFO: 2020-07-31 05:12:03,848: Reward: -76.63124
INFO: 2020-07-31 05:12:03,848: Test sigma: 0.48264
INFO: 2020-07-31 05:12:03,848:  
INFO: 2020-07-31 05:16:05,253: Iterations: 1050
INFO: 2020-07-31 05:16:05,253: Time steps: 17203200
INFO: 2020-07-31 05:16:05,254: Reward: -79.53921
INFO: 2020-07-31 05:16:05,254: Test sigma: 0.47596
INFO: 2020-07-31 05:16:05,254:  
INFO: 2020-07-31 05:20:06,011: Iterations: 1060
INFO: 2020-07-31 05:20:06,011: Time steps: 17367040
INFO: 2020-07-31 05:20:06,011: Reward: -80.01207
INFO: 2020-07-31 05:20:06,011: Test sigma: 0.47637
INFO: 2020-07-31 05:20:06,012:  
INFO: 2020-07-31 05:24:08,107: Iterations: 1070
INFO: 2020-07-31 05:24:08,107: Time steps: 17530880
INFO: 2020-07-31 05:24:08,107: Reward: -79.24265
INFO: 2020-07-31 05:24:08,107: Test sigma: 0.48524
INFO: 2020-07-31 05:24:08,107:  
INFO: 2020-07-31 05:28:08,374: Iterations: 1080
INFO: 2020-07-31 05:28:08,375: Time steps: 17694720
INFO: 2020-07-31 05:28:08,375: Reward: -79.41192
INFO: 2020-07-31 05:28:08,375: Test sigma: 0.49365
INFO: 2020-07-31 05:28:08,375:  
INFO: 2020-07-31 05:32:08,721: Iterations: 1090
INFO: 2020-07-31 05:32:08,721: Time steps: 17858560
INFO: 2020-07-31 05:32:08,721: Reward: -77.40190
INFO: 2020-07-31 05:32:08,721: Test sigma: 0.48413
INFO: 2020-07-31 05:32:08,721:  
INFO: 2020-07-31 05:36:08,860: Iterations: 1100
INFO: 2020-07-31 05:36:08,861: Time steps: 18022400
INFO: 2020-07-31 05:36:08,861: Reward: -77.87141
INFO: 2020-07-31 05:36:08,861: Test sigma: 0.47625
INFO: 2020-07-31 05:36:08,861:  
INFO: 2020-07-31 05:40:10,422: Iterations: 1110
INFO: 2020-07-31 05:40:10,422: Time steps: 18186240
INFO: 2020-07-31 05:40:10,422: Reward: -79.31512
INFO: 2020-07-31 05:40:10,422: Test sigma: 0.47799
INFO: 2020-07-31 05:40:10,422:  
INFO: 2020-07-31 05:44:12,142: Iterations: 1120
INFO: 2020-07-31 05:44:12,142: Time steps: 18350080
INFO: 2020-07-31 05:44:12,142: Reward: -76.67965
INFO: 2020-07-31 05:44:12,142: Test sigma: 0.47137
INFO: 2020-07-31 05:44:12,142:  
INFO: 2020-07-31 05:48:12,981: Iterations: 1130
INFO: 2020-07-31 05:48:12,981: Time steps: 18513920
INFO: 2020-07-31 05:48:12,981: Reward: -77.71797
INFO: 2020-07-31 05:48:12,981: Test sigma: 0.46853
INFO: 2020-07-31 05:48:12,981:  
INFO: 2020-07-31 05:52:13,575: Iterations: 1140
INFO: 2020-07-31 05:52:13,575: Time steps: 18677760
INFO: 2020-07-31 05:52:13,575: Reward: -77.81160
INFO: 2020-07-31 05:52:13,576: Test sigma: 0.46698
INFO: 2020-07-31 05:52:13,576:  
INFO: 2020-07-31 05:56:15,284: Iterations: 1150
INFO: 2020-07-31 05:56:15,284: Time steps: 18841600
INFO: 2020-07-31 05:56:15,284: Reward: -79.15065
INFO: 2020-07-31 05:56:15,285: Test sigma: 0.45670
INFO: 2020-07-31 05:56:15,285:  
INFO: 2020-07-31 06:00:14,229: Iterations: 1160
INFO: 2020-07-31 06:00:14,230: Time steps: 19005440
INFO: 2020-07-31 06:00:14,230: Reward: -81.21395
INFO: 2020-07-31 06:00:14,230: Test sigma: 0.45700
INFO: 2020-07-31 06:00:14,230:  
INFO: 2020-07-31 06:04:16,180: Iterations: 1170
INFO: 2020-07-31 06:04:16,180: Time steps: 19169280
INFO: 2020-07-31 06:04:16,180: Reward: -78.32290
INFO: 2020-07-31 06:04:16,181: Test sigma: 0.45669
INFO: 2020-07-31 06:04:16,181:  
INFO: 2020-07-31 06:08:17,069: Iterations: 1180
INFO: 2020-07-31 06:08:17,070: Time steps: 19333120
INFO: 2020-07-31 06:08:17,070: Reward: -77.82364
INFO: 2020-07-31 06:08:17,070: Test sigma: 0.45344
INFO: 2020-07-31 06:08:17,070:  
INFO: 2020-07-31 06:12:18,898: Iterations: 1190
INFO: 2020-07-31 06:12:18,899: Time steps: 19496960
INFO: 2020-07-31 06:12:18,899: Reward: -76.93598
INFO: 2020-07-31 06:12:18,899: Test sigma: 0.44633
INFO: 2020-07-31 06:12:18,899:  
INFO: 2020-07-31 06:16:21,483: Iterations: 1200
INFO: 2020-07-31 06:16:21,483: Time steps: 19660800
INFO: 2020-07-31 06:16:21,483: Reward: -75.59559
INFO: 2020-07-31 06:16:21,483: Test sigma: 0.45696
INFO: 2020-07-31 06:16:21,483:  
INFO: 2020-07-31 06:20:24,797: Iterations: 1210
INFO: 2020-07-31 06:20:24,798: Time steps: 19824640
INFO: 2020-07-31 06:20:24,798: Reward: -76.79224
INFO: 2020-07-31 06:20:24,798: Test sigma: 0.45462
INFO: 2020-07-31 06:20:24,798:  
INFO: 2020-07-31 06:24:24,481: Iterations: 1220
INFO: 2020-07-31 06:24:24,481: Time steps: 19988480
INFO: 2020-07-31 06:24:24,481: Reward: -77.15113
INFO: 2020-07-31 06:24:24,481: Test sigma: 0.44435
INFO: 2020-07-31 06:24:24,481:  
INFO: 2020-07-31 06:28:25,914: Iterations: 1230
INFO: 2020-07-31 06:28:25,914: Time steps: 20152320
INFO: 2020-07-31 06:28:25,915: Reward: -77.29463
INFO: 2020-07-31 06:28:25,915: Test sigma: 0.44889
INFO: 2020-07-31 06:28:25,915:  
INFO: 2020-07-31 06:32:25,602: Iterations: 1240
INFO: 2020-07-31 06:32:25,603: Time steps: 20316160
INFO: 2020-07-31 06:32:25,603: Reward: -78.75503
INFO: 2020-07-31 06:32:25,603: Test sigma: 0.44110
INFO: 2020-07-31 06:32:25,603:  
INFO: 2020-07-31 06:36:26,420: Iterations: 1250
INFO: 2020-07-31 06:36:26,420: Time steps: 20480000
INFO: 2020-07-31 06:36:26,420: Reward: -78.81124
INFO: 2020-07-31 06:36:26,420: Test sigma: 0.44424
INFO: 2020-07-31 06:36:26,420:  
INFO: 2020-07-31 06:40:26,729: Iterations: 1260
INFO: 2020-07-31 06:40:26,729: Time steps: 20643840
INFO: 2020-07-31 06:40:26,729: Reward: -79.33151
INFO: 2020-07-31 06:40:26,729: Test sigma: 0.43437
INFO: 2020-07-31 06:40:26,729:  
INFO: 2020-07-31 06:44:25,668: Iterations: 1270
INFO: 2020-07-31 06:44:25,668: Time steps: 20807680
INFO: 2020-07-31 06:44:25,668: Reward: -80.08476
INFO: 2020-07-31 06:44:25,668: Test sigma: 0.43456
INFO: 2020-07-31 06:44:25,668:  
INFO: 2020-07-31 06:48:26,328: Iterations: 1280
INFO: 2020-07-31 06:48:26,328: Time steps: 20971520
INFO: 2020-07-31 06:48:26,328: Reward: -79.95885
INFO: 2020-07-31 06:48:26,328: Test sigma: 0.42116
INFO: 2020-07-31 06:48:26,328:  
INFO: 2020-07-31 06:52:26,789: Iterations: 1290
INFO: 2020-07-31 06:52:26,790: Time steps: 21135360
INFO: 2020-07-31 06:52:26,790: Reward: -81.05143
INFO: 2020-07-31 06:52:26,790: Test sigma: 0.39802
INFO: 2020-07-31 06:52:26,790:  
INFO: 2020-07-31 06:56:28,027: Iterations: 1300
INFO: 2020-07-31 06:56:28,027: Time steps: 21299200
INFO: 2020-07-31 06:56:28,027: Reward: -82.76593
INFO: 2020-07-31 06:56:28,027: Test sigma: 0.39202
INFO: 2020-07-31 06:56:28,027:  
INFO: 2020-07-31 07:00:28,966: Iterations: 1310
INFO: 2020-07-31 07:00:28,966: Time steps: 21463040
INFO: 2020-07-31 07:00:28,967: Reward: -81.60883
INFO: 2020-07-31 07:00:28,967: Test sigma: 0.38315
INFO: 2020-07-31 07:00:28,967:  
INFO: 2020-07-31 07:04:31,740: Iterations: 1320
INFO: 2020-07-31 07:04:31,741: Time steps: 21626880
INFO: 2020-07-31 07:04:31,741: Reward: -82.94385
INFO: 2020-07-31 07:04:31,741: Test sigma: 0.37922
INFO: 2020-07-31 07:04:31,741:  
INFO: 2020-07-31 07:08:33,831: Iterations: 1330
INFO: 2020-07-31 07:08:33,832: Time steps: 21790720
INFO: 2020-07-31 07:08:33,832: Reward: -84.13218
INFO: 2020-07-31 07:08:33,832: Test sigma: 0.35657
INFO: 2020-07-31 07:08:33,832:  
INFO: 2020-07-31 07:12:34,873: Iterations: 1340
INFO: 2020-07-31 07:12:34,873: Time steps: 21954560
INFO: 2020-07-31 07:12:34,873: Reward: -84.76846
INFO: 2020-07-31 07:12:34,873: Test sigma: 0.35034
INFO: 2020-07-31 07:12:34,873:  
INFO: 2020-07-31 07:16:35,957: Iterations: 1350
INFO: 2020-07-31 07:16:35,957: Time steps: 22118400
INFO: 2020-07-31 07:16:35,958: Reward: -83.59211
INFO: 2020-07-31 07:16:35,958: Test sigma: 0.35794
INFO: 2020-07-31 07:16:35,958:  
INFO: 2020-07-31 07:20:36,868: Iterations: 1360
INFO: 2020-07-31 07:20:36,868: Time steps: 22282240
INFO: 2020-07-31 07:20:36,868: Reward: -83.69597
INFO: 2020-07-31 07:20:36,868: Test sigma: 0.33540
INFO: 2020-07-31 07:20:36,868:  
INFO: 2020-07-31 07:24:39,444: Iterations: 1370
INFO: 2020-07-31 07:24:39,444: Time steps: 22446080
INFO: 2020-07-31 07:24:39,445: Reward: -81.61275
INFO: 2020-07-31 07:24:39,445: Test sigma: 0.32800
INFO: 2020-07-31 07:24:39,445:  
INFO: 2020-07-31 07:28:39,294: Iterations: 1380
INFO: 2020-07-31 07:28:39,294: Time steps: 22609920
INFO: 2020-07-31 07:28:39,294: Reward: -82.68925
INFO: 2020-07-31 07:28:39,294: Test sigma: 0.33132
INFO: 2020-07-31 07:28:39,294:  
INFO: 2020-07-31 07:32:40,139: Iterations: 1390
INFO: 2020-07-31 07:32:40,139: Time steps: 22773760
INFO: 2020-07-31 07:32:40,139: Reward: -82.50367
INFO: 2020-07-31 07:32:40,139: Test sigma: 0.32560
INFO: 2020-07-31 07:32:40,139:  
INFO: 2020-07-31 07:36:41,340: Iterations: 1400
INFO: 2020-07-31 07:36:41,340: Time steps: 22937600
INFO: 2020-07-31 07:36:41,340: Reward: -83.17513
INFO: 2020-07-31 07:36:41,340: Test sigma: 0.33226
INFO: 2020-07-31 07:36:41,340:  
INFO: 2020-07-31 07:40:41,838: Iterations: 1410
INFO: 2020-07-31 07:40:41,839: Time steps: 23101440
INFO: 2020-07-31 07:40:41,839: Reward: -82.24066
INFO: 2020-07-31 07:40:41,839: Test sigma: 0.33121
INFO: 2020-07-31 07:40:41,839:  
INFO: 2020-07-31 07:44:42,443: Iterations: 1420
INFO: 2020-07-31 07:44:42,444: Time steps: 23265280
INFO: 2020-07-31 07:44:42,444: Reward: -82.03920
INFO: 2020-07-31 07:44:42,444: Test sigma: 0.33151
INFO: 2020-07-31 07:44:42,444:  
INFO: 2020-07-31 07:48:45,079: Iterations: 1430
INFO: 2020-07-31 07:48:45,079: Time steps: 23429120
INFO: 2020-07-31 07:48:45,080: Reward: -81.63535
INFO: 2020-07-31 07:48:45,080: Test sigma: 0.34160
INFO: 2020-07-31 07:48:45,080:  
INFO: 2020-07-31 07:52:45,442: Iterations: 1440
INFO: 2020-07-31 07:52:45,442: Time steps: 23592960
INFO: 2020-07-31 07:52:45,442: Reward: -82.17029
INFO: 2020-07-31 07:52:45,442: Test sigma: 0.33536
INFO: 2020-07-31 07:52:45,442:  
INFO: 2020-07-31 07:56:46,189: Iterations: 1450
INFO: 2020-07-31 07:56:46,189: Time steps: 23756800
INFO: 2020-07-31 07:56:46,189: Reward: -83.30041
INFO: 2020-07-31 07:56:46,189: Test sigma: 0.31496
INFO: 2020-07-31 07:56:46,190:  
INFO: 2020-07-31 08:00:47,848: Iterations: 1460
INFO: 2020-07-31 08:00:47,848: Time steps: 23920640
INFO: 2020-07-31 08:00:47,848: Reward: -81.85583
INFO: 2020-07-31 08:00:47,848: Test sigma: 0.32238
INFO: 2020-07-31 08:00:47,848:  
INFO: 2020-07-31 08:04:49,870: Iterations: 1470
INFO: 2020-07-31 08:04:49,870: Time steps: 24084480
INFO: 2020-07-31 08:04:49,870: Reward: -81.42179
INFO: 2020-07-31 08:04:49,870: Test sigma: 0.31549
INFO: 2020-07-31 08:04:49,870:  
INFO: 2020-07-31 08:08:50,464: Iterations: 1480
INFO: 2020-07-31 08:08:50,464: Time steps: 24248320
INFO: 2020-07-31 08:08:50,464: Reward: -80.90146
INFO: 2020-07-31 08:08:50,464: Test sigma: 0.30731
INFO: 2020-07-31 08:08:50,464:  
INFO: 2020-07-31 08:12:51,072: Iterations: 1490
INFO: 2020-07-31 08:12:51,072: Time steps: 24412160
INFO: 2020-07-31 08:12:51,072: Reward: -79.94113
INFO: 2020-07-31 08:12:51,072: Test sigma: 0.31080
INFO: 2020-07-31 08:12:51,073:  
INFO: 2020-07-31 08:16:51,482: Iterations: 1500
INFO: 2020-07-31 08:16:51,482: Time steps: 24576000
INFO: 2020-07-31 08:16:51,482: Reward: -79.28612
INFO: 2020-07-31 08:16:51,482: Test sigma: 0.31074
INFO: 2020-07-31 08:16:51,483:  
INFO: 2020-07-31 08:20:52,474: Iterations: 1510
INFO: 2020-07-31 08:20:52,474: Time steps: 24739840
INFO: 2020-07-31 08:20:52,474: Reward: -78.23092
INFO: 2020-07-31 08:20:52,474: Test sigma: 0.30921
INFO: 2020-07-31 08:20:52,474:  
INFO: 2020-07-31 08:24:53,426: Iterations: 1520
INFO: 2020-07-31 08:24:53,426: Time steps: 24903680
INFO: 2020-07-31 08:24:53,427: Reward: -78.97253
INFO: 2020-07-31 08:24:53,427: Test sigma: 0.29869
INFO: 2020-07-31 08:24:53,427:  
INFO: 2020-07-31 08:28:53,033: Iterations: 1530
INFO: 2020-07-31 08:28:53,034: Time steps: 25067520
INFO: 2020-07-31 08:28:53,034: Reward: -79.38520
INFO: 2020-07-31 08:28:53,034: Test sigma: 0.30116
INFO: 2020-07-31 08:28:53,034:  
INFO: 2020-07-31 08:32:52,733: Iterations: 1540
INFO: 2020-07-31 08:32:52,733: Time steps: 25231360
INFO: 2020-07-31 08:32:52,733: Reward: -80.77859
INFO: 2020-07-31 08:32:52,733: Test sigma: 0.30430
INFO: 2020-07-31 08:32:52,733:  
INFO: 2020-07-31 08:36:52,181: Iterations: 1550
INFO: 2020-07-31 08:36:52,181: Time steps: 25395200
INFO: 2020-07-31 08:36:52,181: Reward: -80.40044
INFO: 2020-07-31 08:36:52,181: Test sigma: 0.30257
INFO: 2020-07-31 08:36:52,181:  
INFO: 2020-07-31 08:40:53,001: Iterations: 1560
INFO: 2020-07-31 08:40:53,001: Time steps: 25559040
INFO: 2020-07-31 08:40:53,001: Reward: -83.14227
INFO: 2020-07-31 08:40:53,001: Test sigma: 0.29622
INFO: 2020-07-31 08:40:53,001:  
INFO: 2020-07-31 08:44:52,699: Iterations: 1570
INFO: 2020-07-31 08:44:52,699: Time steps: 25722880
INFO: 2020-07-31 08:44:52,699: Reward: -81.23539
INFO: 2020-07-31 08:44:52,699: Test sigma: 0.29654
INFO: 2020-07-31 08:44:52,699:  
INFO: 2020-07-31 08:48:53,416: Iterations: 1580
INFO: 2020-07-31 08:48:53,416: Time steps: 25886720
INFO: 2020-07-31 08:48:53,416: Reward: -80.81177
INFO: 2020-07-31 08:48:53,416: Test sigma: 0.29970
INFO: 2020-07-31 08:48:53,417:  
INFO: 2020-07-31 08:52:52,517: Iterations: 1590
INFO: 2020-07-31 08:52:52,517: Time steps: 26050560
INFO: 2020-07-31 08:52:52,517: Reward: -81.07229
INFO: 2020-07-31 08:52:52,517: Test sigma: 0.28932
INFO: 2020-07-31 08:52:52,517:  
INFO: 2020-07-31 08:56:53,017: Iterations: 1600
INFO: 2020-07-31 08:56:53,017: Time steps: 26214400
INFO: 2020-07-31 08:56:53,017: Reward: -79.95982
INFO: 2020-07-31 08:56:53,017: Test sigma: 0.29033
INFO: 2020-07-31 08:56:53,017:  
INFO: 2020-07-31 09:00:53,950: Iterations: 1610
INFO: 2020-07-31 09:00:53,950: Time steps: 26378240
INFO: 2020-07-31 09:00:53,950: Reward: -80.58073
INFO: 2020-07-31 09:00:53,950: Test sigma: 0.29080
INFO: 2020-07-31 09:00:53,950:  
INFO: 2020-07-31 09:04:56,524: Iterations: 1620
INFO: 2020-07-31 09:04:56,525: Time steps: 26542080
INFO: 2020-07-31 09:04:56,525: Reward: -81.19300
INFO: 2020-07-31 09:04:56,525: Test sigma: 0.29300
INFO: 2020-07-31 09:04:56,525:  
INFO: 2020-07-31 09:08:58,329: Iterations: 1630
INFO: 2020-07-31 09:08:58,329: Time steps: 26705920
INFO: 2020-07-31 09:08:58,329: Reward: -81.91120
INFO: 2020-07-31 09:08:58,329: Test sigma: 0.29471
INFO: 2020-07-31 09:08:58,329:  
INFO: 2020-07-31 09:12:59,283: Iterations: 1640
INFO: 2020-07-31 09:12:59,283: Time steps: 26869760
INFO: 2020-07-31 09:12:59,283: Reward: -81.91660
INFO: 2020-07-31 09:12:59,283: Test sigma: 0.29921
INFO: 2020-07-31 09:12:59,283:  
INFO: 2020-07-31 09:17:00,328: Iterations: 1650
INFO: 2020-07-31 09:17:00,328: Time steps: 27033600
INFO: 2020-07-31 09:17:00,328: Reward: -81.22187
INFO: 2020-07-31 09:17:00,328: Test sigma: 0.30283
INFO: 2020-07-31 09:17:00,328:  
INFO: 2020-07-31 09:21:01,963: Iterations: 1660
INFO: 2020-07-31 09:21:01,963: Time steps: 27197440
INFO: 2020-07-31 09:21:01,964: Reward: -83.05938
INFO: 2020-07-31 09:21:01,964: Test sigma: 0.29412
INFO: 2020-07-31 09:21:01,964:  
INFO: 2020-07-31 09:25:01,547: Iterations: 1670
INFO: 2020-07-31 09:25:01,547: Time steps: 27361280
INFO: 2020-07-31 09:25:01,547: Reward: -82.21861
INFO: 2020-07-31 09:25:01,547: Test sigma: 0.29620
INFO: 2020-07-31 09:25:01,547:  
INFO: 2020-07-31 09:29:03,209: Iterations: 1680
INFO: 2020-07-31 09:29:03,209: Time steps: 27525120
INFO: 2020-07-31 09:29:03,209: Reward: -82.29750
INFO: 2020-07-31 09:29:03,209: Test sigma: 0.29692
INFO: 2020-07-31 09:29:03,209:  
INFO: 2020-07-31 09:33:04,903: Iterations: 1690
INFO: 2020-07-31 09:33:04,903: Time steps: 27688960
INFO: 2020-07-31 09:33:04,903: Reward: -81.48178
INFO: 2020-07-31 09:33:04,904: Test sigma: 0.29833
INFO: 2020-07-31 09:33:04,904:  
INFO: 2020-07-31 09:37:05,661: Iterations: 1700
INFO: 2020-07-31 09:37:05,661: Time steps: 27852800
INFO: 2020-07-31 09:37:05,661: Reward: -79.44482
INFO: 2020-07-31 09:37:05,662: Test sigma: 0.29728
INFO: 2020-07-31 09:37:05,662:  
INFO: 2020-07-31 09:41:06,641: Iterations: 1710
INFO: 2020-07-31 09:41:06,641: Time steps: 28016640
INFO: 2020-07-31 09:41:06,641: Reward: -79.38753
INFO: 2020-07-31 09:41:06,642: Test sigma: 0.29346
INFO: 2020-07-31 09:41:06,642:  
INFO: 2020-07-31 09:45:07,622: Iterations: 1720
INFO: 2020-07-31 09:45:07,622: Time steps: 28180480
INFO: 2020-07-31 09:45:07,622: Reward: -80.50018
INFO: 2020-07-31 09:45:07,622: Test sigma: 0.29313
INFO: 2020-07-31 09:45:07,622:  
INFO: 2020-07-31 09:49:08,569: Iterations: 1730
INFO: 2020-07-31 09:49:08,570: Time steps: 28344320
INFO: 2020-07-31 09:49:08,570: Reward: -79.94614
INFO: 2020-07-31 09:49:08,570: Test sigma: 0.29857
INFO: 2020-07-31 09:49:08,570:  
INFO: 2020-07-31 09:53:08,796: Iterations: 1740
INFO: 2020-07-31 09:53:08,797: Time steps: 28508160
INFO: 2020-07-31 09:53:08,797: Reward: -79.91796
INFO: 2020-07-31 09:53:08,797: Test sigma: 0.30851
INFO: 2020-07-31 09:53:08,797:  
INFO: 2020-07-31 09:57:10,023: Iterations: 1750
INFO: 2020-07-31 09:57:10,023: Time steps: 28672000
INFO: 2020-07-31 09:57:10,023: Reward: -81.15257
INFO: 2020-07-31 09:57:10,023: Test sigma: 0.29993
INFO: 2020-07-31 09:57:10,023:  
INFO: 2020-07-31 10:01:11,332: Iterations: 1760
INFO: 2020-07-31 10:01:11,333: Time steps: 28835840
INFO: 2020-07-31 10:01:11,333: Reward: -80.05684
INFO: 2020-07-31 10:01:11,333: Test sigma: 0.29409
INFO: 2020-07-31 10:01:11,333:  
INFO: 2020-07-31 10:05:13,591: Iterations: 1770
INFO: 2020-07-31 10:05:13,591: Time steps: 28999680
INFO: 2020-07-31 10:05:13,591: Reward: -79.02120
INFO: 2020-07-31 10:05:13,591: Test sigma: 0.29928
INFO: 2020-07-31 10:05:13,591:  
INFO: 2020-07-31 10:09:14,988: Iterations: 1780
INFO: 2020-07-31 10:09:14,989: Time steps: 29163520
INFO: 2020-07-31 10:09:14,989: Reward: -79.09281
INFO: 2020-07-31 10:09:14,989: Test sigma: 0.29870
INFO: 2020-07-31 10:09:14,989:  
INFO: 2020-07-31 10:13:14,743: Iterations: 1790
INFO: 2020-07-31 10:13:14,743: Time steps: 29327360
INFO: 2020-07-31 10:13:14,743: Reward: -79.31410
INFO: 2020-07-31 10:13:14,743: Test sigma: 0.29642
INFO: 2020-07-31 10:13:14,743:  
INFO: 2020-07-31 10:17:14,470: Iterations: 1800
INFO: 2020-07-31 10:17:14,470: Time steps: 29491200
INFO: 2020-07-31 10:17:14,470: Reward: -78.52957
INFO: 2020-07-31 10:17:14,470: Test sigma: 0.28201
INFO: 2020-07-31 10:17:14,471:  
INFO: 2020-07-31 10:21:17,568: Iterations: 1810
INFO: 2020-07-31 10:21:17,568: Time steps: 29655040
INFO: 2020-07-31 10:21:17,568: Reward: -78.26335
INFO: 2020-07-31 10:21:17,568: Test sigma: 0.28489
INFO: 2020-07-31 10:21:17,568:  
INFO: 2020-07-31 10:25:17,054: Iterations: 1820
INFO: 2020-07-31 10:25:17,054: Time steps: 29818880
INFO: 2020-07-31 10:25:17,054: Reward: -79.06349
INFO: 2020-07-31 10:25:17,054: Test sigma: 0.28140
INFO: 2020-07-31 10:25:17,054:  
INFO: 2020-07-31 10:29:18,087: Iterations: 1830
INFO: 2020-07-31 10:29:18,087: Time steps: 29982720
INFO: 2020-07-31 10:29:18,087: Reward: -76.46109
INFO: 2020-07-31 10:29:18,087: Test sigma: 0.28593
INFO: 2020-07-31 10:29:18,087:  
INFO: 2020-07-31 10:33:17,846: Iterations: 1840
INFO: 2020-07-31 10:33:17,847: Time steps: 30146560
INFO: 2020-07-31 10:33:17,847: Reward: -78.49133
INFO: 2020-07-31 10:33:17,847: Test sigma: 0.28601
INFO: 2020-07-31 10:33:17,847:  
INFO: 2020-07-31 10:37:19,475: Iterations: 1850
INFO: 2020-07-31 10:37:19,475: Time steps: 30310400
INFO: 2020-07-31 10:37:19,475: Reward: -78.94446
INFO: 2020-07-31 10:37:19,475: Test sigma: 0.28565
INFO: 2020-07-31 10:37:19,475:  
INFO: 2020-07-31 10:41:20,736: Iterations: 1860
INFO: 2020-07-31 10:41:20,737: Time steps: 30474240
INFO: 2020-07-31 10:41:20,737: Reward: -81.56164
INFO: 2020-07-31 10:41:20,737: Test sigma: 0.27675
INFO: 2020-07-31 10:41:20,737:  
INFO: 2020-07-31 10:45:22,913: Iterations: 1870
INFO: 2020-07-31 10:45:22,913: Time steps: 30638080
INFO: 2020-07-31 10:45:22,913: Reward: -79.78593
INFO: 2020-07-31 10:45:22,913: Test sigma: 0.28026
INFO: 2020-07-31 10:45:22,914:  
INFO: 2020-07-31 10:49:23,339: Iterations: 1880
INFO: 2020-07-31 10:49:23,339: Time steps: 30801920
INFO: 2020-07-31 10:49:23,339: Reward: -81.12536
INFO: 2020-07-31 10:49:23,339: Test sigma: 0.27620
INFO: 2020-07-31 10:49:23,339:  
INFO: 2020-07-31 10:53:24,716: Iterations: 1890
INFO: 2020-07-31 10:53:24,717: Time steps: 30965760
INFO: 2020-07-31 10:53:24,717: Reward: -80.47962
INFO: 2020-07-31 10:53:24,717: Test sigma: 0.27471
INFO: 2020-07-31 10:53:24,717:  
INFO: 2020-07-31 10:57:25,891: Iterations: 1900
INFO: 2020-07-31 10:57:25,891: Time steps: 31129600
INFO: 2020-07-31 10:57:25,891: Reward: -83.61394
INFO: 2020-07-31 10:57:25,891: Test sigma: 0.27766
INFO: 2020-07-31 10:57:25,891:  
INFO: 2020-07-31 11:01:25,184: Iterations: 1910
INFO: 2020-07-31 11:01:25,184: Time steps: 31293440
INFO: 2020-07-31 11:01:25,184: Reward: -82.90390
INFO: 2020-07-31 11:01:25,184: Test sigma: 0.28043
INFO: 2020-07-31 11:01:25,184:  
INFO: 2020-07-31 11:05:25,246: Iterations: 1920
INFO: 2020-07-31 11:05:25,246: Time steps: 31457280
INFO: 2020-07-31 11:05:25,246: Reward: -81.72397
INFO: 2020-07-31 11:05:25,246: Test sigma: 0.28043
INFO: 2020-07-31 11:05:25,247:  
INFO: 2020-07-31 11:09:25,601: Iterations: 1930
INFO: 2020-07-31 11:09:25,602: Time steps: 31621120
INFO: 2020-07-31 11:09:25,602: Reward: -82.27940
INFO: 2020-07-31 11:09:25,602: Test sigma: 0.28152
INFO: 2020-07-31 11:09:25,602:  
INFO: 2020-07-31 11:13:27,071: Iterations: 1940
INFO: 2020-07-31 11:13:27,071: Time steps: 31784960
INFO: 2020-07-31 11:13:27,072: Reward: -80.26929
INFO: 2020-07-31 11:13:27,072: Test sigma: 0.27316
INFO: 2020-07-31 11:13:27,072:  
INFO: 2020-07-31 11:17:25,720: Iterations: 1950
INFO: 2020-07-31 11:17:25,720: Time steps: 31948800
INFO: 2020-07-31 11:17:25,720: Reward: -81.59624
INFO: 2020-07-31 11:17:25,720: Test sigma: 0.27433
INFO: 2020-07-31 11:17:25,720:  
INFO: 2020-07-31 11:21:25,099: Iterations: 1960
INFO: 2020-07-31 11:21:25,099: Time steps: 32112640
INFO: 2020-07-31 11:21:25,100: Reward: -81.74258
INFO: 2020-07-31 11:21:25,100: Test sigma: 0.27843
INFO: 2020-07-31 11:21:25,100:  
INFO: 2020-07-31 11:25:25,854: Iterations: 1970
INFO: 2020-07-31 11:25:25,854: Time steps: 32276480
INFO: 2020-07-31 11:25:25,854: Reward: -82.52141
INFO: 2020-07-31 11:25:25,854: Test sigma: 0.27903
INFO: 2020-07-31 11:25:25,854:  
INFO: 2020-07-31 11:29:26,445: Iterations: 1980
INFO: 2020-07-31 11:29:26,445: Time steps: 32440320
INFO: 2020-07-31 11:29:26,445: Reward: -83.08038
INFO: 2020-07-31 11:29:26,445: Test sigma: 0.28335
INFO: 2020-07-31 11:29:26,445:  
INFO: 2020-07-31 11:33:26,496: Iterations: 1990
INFO: 2020-07-31 11:33:26,496: Time steps: 32604160
INFO: 2020-07-31 11:33:26,496: Reward: -83.10986
INFO: 2020-07-31 11:33:26,496: Test sigma: 0.27573
INFO: 2020-07-31 11:33:26,496:  
INFO: 2020-07-31 11:37:26,986: Iterations: 2000
INFO: 2020-07-31 11:37:26,987: Time steps: 32768000
INFO: 2020-07-31 11:37:26,987: Reward: -83.09219
INFO: 2020-07-31 11:37:26,987: Test sigma: 0.27794
INFO: 2020-07-31 11:37:26,987:  
INFO: 2020-07-31 11:41:27,936: Iterations: 2010
INFO: 2020-07-31 11:41:27,936: Time steps: 32931840
INFO: 2020-07-31 11:41:27,936: Reward: -82.75321
INFO: 2020-07-31 11:41:27,936: Test sigma: 0.27238
INFO: 2020-07-31 11:41:27,936:  
INFO: 2020-07-31 11:45:27,007: Iterations: 2020
INFO: 2020-07-31 11:45:27,007: Time steps: 33095680
INFO: 2020-07-31 11:45:27,008: Reward: -82.22805
INFO: 2020-07-31 11:45:27,008: Test sigma: 0.27147
INFO: 2020-07-31 11:45:27,008:  
INFO: 2020-07-31 11:49:26,767: Iterations: 2030
INFO: 2020-07-31 11:49:26,767: Time steps: 33259520
INFO: 2020-07-31 11:49:26,767: Reward: -82.17783
INFO: 2020-07-31 11:49:26,767: Test sigma: 0.26375
INFO: 2020-07-31 11:49:26,767:  
INFO: 2020-07-31 11:53:28,790: Iterations: 2040
INFO: 2020-07-31 11:53:28,791: Time steps: 33423360
INFO: 2020-07-31 11:53:28,791: Reward: -83.16841
INFO: 2020-07-31 11:53:28,791: Test sigma: 0.27132
INFO: 2020-07-31 11:53:28,791:  
INFO: 2020-07-31 11:57:29,907: Iterations: 2050
INFO: 2020-07-31 11:57:29,907: Time steps: 33587200
INFO: 2020-07-31 11:57:29,907: Reward: -82.97548
INFO: 2020-07-31 11:57:29,907: Test sigma: 0.27043
INFO: 2020-07-31 11:57:29,907:  
INFO: 2020-07-31 12:01:31,838: Iterations: 2060
INFO: 2020-07-31 12:01:31,838: Time steps: 33751040
INFO: 2020-07-31 12:01:31,838: Reward: -83.45415
INFO: 2020-07-31 12:01:31,838: Test sigma: 0.27199
INFO: 2020-07-31 12:01:31,838:  
INFO: 2020-07-31 12:05:31,483: Iterations: 2070
INFO: 2020-07-31 12:05:31,483: Time steps: 33914880
INFO: 2020-07-31 12:05:31,483: Reward: -84.08522
INFO: 2020-07-31 12:05:31,484: Test sigma: 0.27176
INFO: 2020-07-31 12:05:31,484:  
INFO: 2020-07-31 12:09:33,690: Iterations: 2080
INFO: 2020-07-31 12:09:33,691: Time steps: 34078720
INFO: 2020-07-31 12:09:33,691: Reward: -83.87702
INFO: 2020-07-31 12:09:33,691: Test sigma: 0.26542
INFO: 2020-07-31 12:09:33,691:  
INFO: 2020-07-31 12:13:34,021: Iterations: 2090
INFO: 2020-07-31 12:13:34,022: Time steps: 34242560
INFO: 2020-07-31 12:13:34,022: Reward: -83.07014
INFO: 2020-07-31 12:13:34,022: Test sigma: 0.26042
INFO: 2020-07-31 12:13:34,022:  
INFO: 2020-07-31 12:17:35,380: Iterations: 2100
INFO: 2020-07-31 12:17:35,380: Time steps: 34406400
INFO: 2020-07-31 12:17:35,380: Reward: -82.90971
INFO: 2020-07-31 12:17:35,381: Test sigma: 0.25283
INFO: 2020-07-31 12:17:35,381:  
INFO: 2020-07-31 12:21:36,561: Iterations: 2110
INFO: 2020-07-31 12:21:36,561: Time steps: 34570240
INFO: 2020-07-31 12:21:36,561: Reward: -82.46714
INFO: 2020-07-31 12:21:36,561: Test sigma: 0.25572
INFO: 2020-07-31 12:21:36,561:  
INFO: 2020-07-31 12:25:35,820: Iterations: 2120
INFO: 2020-07-31 12:25:35,820: Time steps: 34734080
INFO: 2020-07-31 12:25:35,820: Reward: -82.15885
INFO: 2020-07-31 12:25:35,820: Test sigma: 0.26223
INFO: 2020-07-31 12:25:35,820:  
INFO: 2020-07-31 12:29:36,022: Iterations: 2130
INFO: 2020-07-31 12:29:36,022: Time steps: 34897920
INFO: 2020-07-31 12:29:36,022: Reward: -81.84644
INFO: 2020-07-31 12:29:36,022: Test sigma: 0.26248
INFO: 2020-07-31 12:29:36,022:  
INFO: 2020-07-31 12:33:35,980: Iterations: 2140
INFO: 2020-07-31 12:33:35,980: Time steps: 35061760
INFO: 2020-07-31 12:33:35,980: Reward: -81.85364
INFO: 2020-07-31 12:33:35,980: Test sigma: 0.26124
INFO: 2020-07-31 12:33:35,981:  
INFO: 2020-07-31 12:37:34,901: Iterations: 2150
INFO: 2020-07-31 12:37:34,902: Time steps: 35225600
INFO: 2020-07-31 12:37:34,902: Reward: -82.31736
INFO: 2020-07-31 12:37:34,902: Test sigma: 0.25503
INFO: 2020-07-31 12:37:34,902:  
INFO: 2020-07-31 12:41:34,848: Iterations: 2160
INFO: 2020-07-31 12:41:34,848: Time steps: 35389440
INFO: 2020-07-31 12:41:34,848: Reward: -82.84663
INFO: 2020-07-31 12:41:34,848: Test sigma: 0.25169
INFO: 2020-07-31 12:41:34,848:  
INFO: 2020-07-31 12:45:33,692: Iterations: 2170
INFO: 2020-07-31 12:45:33,692: Time steps: 35553280
INFO: 2020-07-31 12:45:33,692: Reward: -81.64809
INFO: 2020-07-31 12:45:33,692: Test sigma: 0.26067
INFO: 2020-07-31 12:45:33,692:  
INFO: 2020-07-31 12:49:32,598: Iterations: 2180
INFO: 2020-07-31 12:49:32,598: Time steps: 35717120
INFO: 2020-07-31 12:49:32,598: Reward: -80.86992
INFO: 2020-07-31 12:49:32,598: Test sigma: 0.25410
INFO: 2020-07-31 12:49:32,598:  
INFO: 2020-07-31 12:53:33,278: Iterations: 2190
INFO: 2020-07-31 12:53:33,278: Time steps: 35880960
INFO: 2020-07-31 12:53:33,278: Reward: -81.44467
INFO: 2020-07-31 12:53:33,278: Test sigma: 0.25228
INFO: 2020-07-31 12:53:33,278:  
INFO: 2020-07-31 12:57:33,325: Iterations: 2200
INFO: 2020-07-31 12:57:33,325: Time steps: 36044800
INFO: 2020-07-31 12:57:33,326: Reward: -81.92535
INFO: 2020-07-31 12:57:33,326: Test sigma: 0.25294
INFO: 2020-07-31 12:57:33,326:  
INFO: 2020-07-31 13:01:32,052: Iterations: 2210
INFO: 2020-07-31 13:01:32,053: Time steps: 36208640
INFO: 2020-07-31 13:01:32,053: Reward: -82.61549
INFO: 2020-07-31 13:01:32,053: Test sigma: 0.24786
INFO: 2020-07-31 13:01:32,053:  
INFO: 2020-07-31 13:05:33,142: Iterations: 2220
INFO: 2020-07-31 13:05:33,143: Time steps: 36372480
INFO: 2020-07-31 13:05:33,143: Reward: -81.74081
INFO: 2020-07-31 13:05:33,143: Test sigma: 0.25132
INFO: 2020-07-31 13:05:33,143:  
INFO: 2020-07-31 13:09:34,016: Iterations: 2230
INFO: 2020-07-31 13:09:34,016: Time steps: 36536320
INFO: 2020-07-31 13:09:34,016: Reward: -81.91727
INFO: 2020-07-31 13:09:34,016: Test sigma: 0.25766
INFO: 2020-07-31 13:09:34,016:  
INFO: 2020-07-31 13:13:34,693: Iterations: 2240
INFO: 2020-07-31 13:13:34,693: Time steps: 36700160
INFO: 2020-07-31 13:13:34,693: Reward: -80.84857
INFO: 2020-07-31 13:13:34,693: Test sigma: 0.24969
INFO: 2020-07-31 13:13:34,693:  
INFO: 2020-07-31 13:17:36,458: Iterations: 2250
INFO: 2020-07-31 13:17:36,458: Time steps: 36864000
INFO: 2020-07-31 13:17:36,459: Reward: -81.01408
INFO: 2020-07-31 13:17:36,459: Test sigma: 0.25244
INFO: 2020-07-31 13:17:36,459:  
INFO: 2020-07-31 13:21:37,163: Iterations: 2260
INFO: 2020-07-31 13:21:37,163: Time steps: 37027840
INFO: 2020-07-31 13:21:37,163: Reward: -81.53474
INFO: 2020-07-31 13:21:37,163: Test sigma: 0.25433
INFO: 2020-07-31 13:21:37,164:  
INFO: 2020-07-31 13:25:38,766: Iterations: 2270
INFO: 2020-07-31 13:25:38,767: Time steps: 37191680
INFO: 2020-07-31 13:25:38,767: Reward: -80.97341
INFO: 2020-07-31 13:25:38,767: Test sigma: 0.25233
INFO: 2020-07-31 13:25:38,767:  
INFO: 2020-07-31 13:29:39,643: Iterations: 2280
INFO: 2020-07-31 13:29:39,644: Time steps: 37355520
INFO: 2020-07-31 13:29:39,644: Reward: -81.96239
INFO: 2020-07-31 13:29:39,644: Test sigma: 0.24122
INFO: 2020-07-31 13:29:39,644:  
INFO: 2020-07-31 13:33:39,989: Iterations: 2290
INFO: 2020-07-31 13:33:39,989: Time steps: 37519360
INFO: 2020-07-31 13:33:39,989: Reward: -82.91786
INFO: 2020-07-31 13:33:39,989: Test sigma: 0.24439
INFO: 2020-07-31 13:33:39,989:  
INFO: 2020-07-31 13:37:40,557: Iterations: 2300
INFO: 2020-07-31 13:37:40,557: Time steps: 37683200
INFO: 2020-07-31 13:37:40,557: Reward: -83.65155
INFO: 2020-07-31 13:37:40,557: Test sigma: 0.23823
INFO: 2020-07-31 13:37:40,557:  
INFO: 2020-07-31 13:41:40,659: Iterations: 2310
INFO: 2020-07-31 13:41:40,659: Time steps: 37847040
INFO: 2020-07-31 13:41:40,659: Reward: -83.24498
INFO: 2020-07-31 13:41:40,659: Test sigma: 0.23771
INFO: 2020-07-31 13:41:40,659:  
INFO: 2020-07-31 13:45:41,232: Iterations: 2320
INFO: 2020-07-31 13:45:41,232: Time steps: 38010880
INFO: 2020-07-31 13:45:41,232: Reward: -82.67344
INFO: 2020-07-31 13:45:41,232: Test sigma: 0.24109
INFO: 2020-07-31 13:45:41,232:  
INFO: 2020-07-31 13:49:41,343: Iterations: 2330
INFO: 2020-07-31 13:49:41,344: Time steps: 38174720
INFO: 2020-07-31 13:49:41,344: Reward: -82.21476
INFO: 2020-07-31 13:49:41,344: Test sigma: 0.23297
INFO: 2020-07-31 13:49:41,344:  
INFO: 2020-07-31 13:53:41,449: Iterations: 2340
INFO: 2020-07-31 13:53:41,449: Time steps: 38338560
INFO: 2020-07-31 13:53:41,449: Reward: -82.19578
INFO: 2020-07-31 13:53:41,449: Test sigma: 0.22721
INFO: 2020-07-31 13:53:41,449:  
INFO: 2020-07-31 13:57:40,391: Iterations: 2350
INFO: 2020-07-31 13:57:40,391: Time steps: 38502400
INFO: 2020-07-31 13:57:40,391: Reward: -82.00112
INFO: 2020-07-31 13:57:40,391: Test sigma: 0.24090
INFO: 2020-07-31 13:57:40,391:  
INFO: 2020-07-31 14:01:39,905: Iterations: 2360
INFO: 2020-07-31 14:01:39,905: Time steps: 38666240
INFO: 2020-07-31 14:01:39,905: Reward: -81.33340
INFO: 2020-07-31 14:01:39,905: Test sigma: 0.23480
INFO: 2020-07-31 14:01:39,905:  
INFO: 2020-07-31 14:05:40,548: Iterations: 2370
INFO: 2020-07-31 14:05:40,548: Time steps: 38830080
INFO: 2020-07-31 14:05:40,548: Reward: -81.87731
INFO: 2020-07-31 14:05:40,549: Test sigma: 0.23292
INFO: 2020-07-31 14:05:40,549:  
INFO: 2020-07-31 14:09:42,622: Iterations: 2380
INFO: 2020-07-31 14:09:42,622: Time steps: 38993920
INFO: 2020-07-31 14:09:42,622: Reward: -82.41182
INFO: 2020-07-31 14:09:42,622: Test sigma: 0.23394
INFO: 2020-07-31 14:09:42,622:  
INFO: 2020-07-31 14:13:44,725: Iterations: 2390
INFO: 2020-07-31 14:13:44,725: Time steps: 39157760
INFO: 2020-07-31 14:13:44,725: Reward: -83.73847
INFO: 2020-07-31 14:13:44,725: Test sigma: 0.23787
INFO: 2020-07-31 14:13:44,725:  
INFO: 2020-07-31 14:17:45,912: Iterations: 2400
INFO: 2020-07-31 14:17:45,912: Time steps: 39321600
INFO: 2020-07-31 14:17:45,912: Reward: -82.97249
INFO: 2020-07-31 14:17:45,912: Test sigma: 0.22921
INFO: 2020-07-31 14:17:45,912:  
INFO: 2020-07-31 14:21:46,358: Iterations: 2410
INFO: 2020-07-31 14:21:46,359: Time steps: 39485440
INFO: 2020-07-31 14:21:46,359: Reward: -83.02734
INFO: 2020-07-31 14:21:46,359: Test sigma: 0.22927
INFO: 2020-07-31 14:21:46,359:  
INFO: 2020-07-31 14:25:47,913: Iterations: 2420
INFO: 2020-07-31 14:25:47,913: Time steps: 39649280
INFO: 2020-07-31 14:25:47,913: Reward: -83.08651
INFO: 2020-07-31 14:25:47,913: Test sigma: 0.23358
INFO: 2020-07-31 14:25:47,913:  
INFO: 2020-07-31 14:29:48,218: Iterations: 2430
INFO: 2020-07-31 14:29:48,219: Time steps: 39813120
INFO: 2020-07-31 14:29:48,219: Reward: -82.52031
INFO: 2020-07-31 14:29:48,219: Test sigma: 0.23576
INFO: 2020-07-31 14:29:48,219:  
INFO: 2020-07-31 14:33:48,948: Iterations: 2440
INFO: 2020-07-31 14:33:48,948: Time steps: 39976960
INFO: 2020-07-31 14:33:48,948: Reward: -83.48117
INFO: 2020-07-31 14:33:48,948: Test sigma: 0.23097
INFO: 2020-07-31 14:33:48,948:  
INFO: 2020-07-31 14:37:49,281: Iterations: 2450
INFO: 2020-07-31 14:37:49,281: Time steps: 40140800
INFO: 2020-07-31 14:37:49,281: Reward: -83.35132
INFO: 2020-07-31 14:37:49,281: Test sigma: 0.23160
INFO: 2020-07-31 14:37:49,281:  
INFO: 2020-07-31 14:41:49,052: Iterations: 2460
INFO: 2020-07-31 14:41:49,053: Time steps: 40304640
INFO: 2020-07-31 14:41:49,053: Reward: -85.07852
INFO: 2020-07-31 14:41:49,053: Test sigma: 0.22353
INFO: 2020-07-31 14:41:49,053:  
INFO: 2020-07-31 14:45:50,190: Iterations: 2470
INFO: 2020-07-31 14:45:50,191: Time steps: 40468480
INFO: 2020-07-31 14:45:50,191: Reward: -84.99066
INFO: 2020-07-31 14:45:50,191: Test sigma: 0.23487
INFO: 2020-07-31 14:45:50,191:  
INFO: 2020-07-31 14:49:51,387: Iterations: 2480
INFO: 2020-07-31 14:49:51,387: Time steps: 40632320
INFO: 2020-07-31 14:49:51,387: Reward: -85.60312
INFO: 2020-07-31 14:49:51,387: Test sigma: 0.22357
INFO: 2020-07-31 14:49:51,387:  
INFO: 2020-07-31 14:53:52,548: Iterations: 2490
INFO: 2020-07-31 14:53:52,548: Time steps: 40796160
INFO: 2020-07-31 14:53:52,548: Reward: -83.62450
INFO: 2020-07-31 14:53:52,548: Test sigma: 0.21492
INFO: 2020-07-31 14:53:52,548:  
INFO: 2020-07-31 14:57:54,018: Iterations: 2500
INFO: 2020-07-31 14:57:54,018: Time steps: 40960000
INFO: 2020-07-31 14:57:54,018: Reward: -83.54427
INFO: 2020-07-31 14:57:54,018: Test sigma: 0.20784
INFO: 2020-07-31 14:57:54,018:  
INFO: 2020-07-31 14:57:54,018: Saving final model as /home/seanny/Dropbox/potentials/_2d/fan_2d/2-wps-0.1_2020-07-31 14:57:54.018877_final.pth.tar
