INFO: 2020-07-28 18:13:02,696:  
INFO: 2020-07-28 18:13:02,696: Initializing Hard Goals 2D Waypoint Navigation Environment
INFO: 2020-07-28 18:13:02,697: Working directory is /home/seanny/Dropbox/potentials/_2d/fan_2d/
INFO: 2020-07-28 18:13:02,697:  
INFO: 2020-07-28 18:13:02,697: ----------------------------------------------
INFO: 2020-07-28 18:13:02,697: Experiment Settings
INFO: 2020-07-28 18:13:02,697: ----------------------------------------------
INFO: 2020-07-28 18:13:02,697: Number of workers: 64
INFO: 2020-07-28 18:13:02,697: Batch size: 1024
INFO: 2020-07-28 18:13:02,697: Iterations: 2500
INFO: 2020-07-28 18:13:02,697: Log interval: 10
INFO: 2020-07-28 18:13:02,697: Experiment runs: 2500
INFO: 2020-07-28 18:13:02,697: Number of test runs: 30
INFO: 2020-07-28 18:13:02,697: ----------------------------------------------
INFO: 2020-07-28 18:13:02,697: Network Parameters
INFO: 2020-07-28 18:13:02,697: ----------------------------------------------
INFO: 2020-07-28 18:13:02,697: Network input dim: 22
INFO: 2020-07-28 18:13:02,697: Network hidden dim: 512
INFO: 2020-07-28 18:13:02,697: Network layers: 2
INFO: 2020-07-28 18:13:02,697: Network output dim: 2
INFO: 2020-07-28 18:13:02,697: ----------------------------------------------
INFO: 2020-07-28 18:13:02,697: Environment Parameters
INFO: 2020-07-28 18:13:02,698: ----------------------------------------------
INFO: 2020-07-28 18:13:02,698: Trajectory length: 2
INFO: 2020-07-28 18:13:02,698: Obs future waypoints: 1
INFO: 2020-07-28 18:13:02,698: Distribution temperature: 150
INFO: 2020-07-28 18:13:02,698: Waypoint distance bounds: 1, 2.5
INFO: 2020-07-28 18:13:02,698: Maximum spread: 1.5707963267948966
INFO: 2020-07-28 18:13:03,664:  
INFO: 2020-07-28 18:13:03,664: Iterations: 0
INFO: 2020-07-28 18:13:03,664: Time steps: 0
INFO: 2020-07-28 18:13:03,664: Reward: -69.87009
INFO: 2020-07-28 18:13:03,664: Test sigma: 0.99259
INFO: 2020-07-28 18:13:03,664:  
INFO: 2020-07-28 18:27:17,964: Iterations: 10
INFO: 2020-07-28 18:27:17,964: Time steps: 655360
INFO: 2020-07-28 18:27:17,964: Reward: 87.90955
INFO: 2020-07-28 18:27:17,964: Test sigma: 0.81233
INFO: 2020-07-28 18:27:17,964:  
INFO: 2020-07-28 18:27:17,964: Saving best parameters in /home/seanny/Dropbox/potentials/_2d/fan_2d/2-wps-0.1.pth.tar
INFO: 2020-07-28 18:41:35,475: Iterations: 20
INFO: 2020-07-28 18:41:35,475: Time steps: 1310720
INFO: 2020-07-28 18:41:35,475: Reward: 112.23321
INFO: 2020-07-28 18:41:35,475: Test sigma: 0.67637
INFO: 2020-07-28 18:41:35,475:  
INFO: 2020-07-28 18:41:35,476: Saving best parameters in /home/seanny/Dropbox/potentials/_2d/fan_2d/2-wps-0.1.pth.tar
INFO: 2020-07-28 18:55:36,871: Iterations: 30
INFO: 2020-07-28 18:55:36,871: Time steps: 1966080
INFO: 2020-07-28 18:55:36,871: Reward: 154.15401
INFO: 2020-07-28 18:55:36,871: Test sigma: 0.55926
INFO: 2020-07-28 18:55:36,871:  
INFO: 2020-07-28 18:55:36,872: Saving best parameters in /home/seanny/Dropbox/potentials/_2d/fan_2d/2-wps-0.1.pth.tar
INFO: 2020-07-28 19:09:38,230: Iterations: 40
INFO: 2020-07-28 19:09:38,230: Time steps: 2621440
INFO: 2020-07-28 19:09:38,230: Reward: 153.31181
INFO: 2020-07-28 19:09:38,230: Test sigma: 0.48033
INFO: 2020-07-28 19:09:38,230:  
INFO: 2020-07-28 19:23:39,889: Iterations: 50
INFO: 2020-07-28 19:23:39,889: Time steps: 3276800
INFO: 2020-07-28 19:23:39,889: Reward: 186.46910
INFO: 2020-07-28 19:23:39,890: Test sigma: 0.40402
INFO: 2020-07-28 19:23:39,890:  
INFO: 2020-07-28 19:23:39,890: Saving best parameters in /home/seanny/Dropbox/potentials/_2d/fan_2d/2-wps-0.1.pth.tar
INFO: 2020-07-28 19:37:48,075: Iterations: 60
INFO: 2020-07-28 19:37:48,075: Time steps: 3932160
INFO: 2020-07-28 19:37:48,075: Reward: 190.56921
INFO: 2020-07-28 19:37:48,075: Test sigma: 0.38993
INFO: 2020-07-28 19:37:48,075:  
INFO: 2020-07-28 19:37:48,075: Saving best parameters in /home/seanny/Dropbox/potentials/_2d/fan_2d/2-wps-0.1.pth.tar
INFO: 2020-07-28 19:51:50,752: Iterations: 70
INFO: 2020-07-28 19:51:50,752: Time steps: 4587520
INFO: 2020-07-28 19:51:50,752: Reward: 182.67184
INFO: 2020-07-28 19:51:50,752: Test sigma: 0.35230
INFO: 2020-07-28 19:51:50,752:  
INFO: 2020-07-28 20:05:54,423: Iterations: 80
INFO: 2020-07-28 20:05:54,424: Time steps: 5242880
INFO: 2020-07-28 20:05:54,424: Reward: 190.00534
INFO: 2020-07-28 20:05:54,424: Test sigma: 0.34135
INFO: 2020-07-28 20:05:54,424:  
INFO: 2020-07-28 20:19:57,726: Iterations: 90
INFO: 2020-07-28 20:19:57,727: Time steps: 5898240
INFO: 2020-07-28 20:19:57,727: Reward: 199.11650
INFO: 2020-07-28 20:19:57,727: Test sigma: 0.31420
INFO: 2020-07-28 20:19:57,727:  
INFO: 2020-07-28 20:19:57,727: Saving best parameters in /home/seanny/Dropbox/potentials/_2d/fan_2d/2-wps-0.1.pth.tar
INFO: 2020-07-28 20:34:02,004: Iterations: 100
INFO: 2020-07-28 20:34:02,004: Time steps: 6553600
INFO: 2020-07-28 20:34:02,004: Reward: 201.17265
INFO: 2020-07-28 20:34:02,004: Test sigma: 0.26962
INFO: 2020-07-28 20:34:02,004:  
INFO: 2020-07-28 20:34:02,004: Saving best parameters in /home/seanny/Dropbox/potentials/_2d/fan_2d/2-wps-0.1.pth.tar
INFO: 2020-07-28 20:48:04,971: Iterations: 110
INFO: 2020-07-28 20:48:04,971: Time steps: 7208960
INFO: 2020-07-28 20:48:04,971: Reward: 202.72405
INFO: 2020-07-28 20:48:04,971: Test sigma: 0.25781
INFO: 2020-07-28 20:48:04,971:  
INFO: 2020-07-28 20:48:04,972: Saving best parameters in /home/seanny/Dropbox/potentials/_2d/fan_2d/2-wps-0.1.pth.tar
INFO: 2020-07-28 21:02:34,519: Iterations: 120
INFO: 2020-07-28 21:02:34,519: Time steps: 7864320
INFO: 2020-07-28 21:02:34,519: Reward: 204.32017
INFO: 2020-07-28 21:02:34,519: Test sigma: 0.26392
INFO: 2020-07-28 21:02:34,519:  
INFO: 2020-07-28 21:02:34,520: Saving best parameters in /home/seanny/Dropbox/potentials/_2d/fan_2d/2-wps-0.1.pth.tar
INFO: 2020-07-28 21:16:38,020: Iterations: 130
INFO: 2020-07-28 21:16:38,020: Time steps: 8519680
INFO: 2020-07-28 21:16:38,020: Reward: 205.91842
INFO: 2020-07-28 21:16:38,020: Test sigma: 0.25208
INFO: 2020-07-28 21:16:38,020:  
INFO: 2020-07-28 21:16:38,020: Saving best parameters in /home/seanny/Dropbox/potentials/_2d/fan_2d/2-wps-0.1.pth.tar
INFO: 2020-07-28 21:30:42,308: Iterations: 140
INFO: 2020-07-28 21:30:42,309: Time steps: 9175040
INFO: 2020-07-28 21:30:42,309: Reward: 205.33459
INFO: 2020-07-28 21:30:42,309: Test sigma: 0.22366
INFO: 2020-07-28 21:30:42,309:  
INFO: 2020-07-28 21:44:47,588: Iterations: 150
INFO: 2020-07-28 21:44:47,588: Time steps: 9830400
INFO: 2020-07-28 21:44:47,588: Reward: 205.29165
INFO: 2020-07-28 21:44:47,588: Test sigma: 0.22567
INFO: 2020-07-28 21:44:47,588:  
INFO: 2020-07-28 21:58:51,337: Iterations: 160
INFO: 2020-07-28 21:58:51,337: Time steps: 10485760
INFO: 2020-07-28 21:58:51,337: Reward: 207.13408
INFO: 2020-07-28 21:58:51,337: Test sigma: 0.20525
INFO: 2020-07-28 21:58:51,337:  
INFO: 2020-07-28 21:58:51,337: Saving best parameters in /home/seanny/Dropbox/potentials/_2d/fan_2d/2-wps-0.1.pth.tar
INFO: 2020-07-28 22:11:38,281:  
INFO: 2020-07-28 22:11:38,281: Initializing Hard Goals 2D Waypoint Navigation Environment
INFO: 2020-07-28 22:11:38,281: Working directory is /home/seanny/Dropbox/potentials/_2d/fan_2d/
INFO: 2020-07-28 22:11:38,281:  
INFO: 2020-07-28 22:11:38,281: ----------------------------------------------
INFO: 2020-07-28 22:11:38,281: Experiment Settings
INFO: 2020-07-28 22:11:38,281: ----------------------------------------------
INFO: 2020-07-28 22:11:38,281: Number of workers: 64
INFO: 2020-07-28 22:11:38,281: Batch size: 1024
INFO: 2020-07-28 22:11:38,281: Iterations: 2500
INFO: 2020-07-28 22:11:38,281: Log interval: 10
INFO: 2020-07-28 22:11:38,281: Experiment runs: 2500
INFO: 2020-07-28 22:11:38,281: Number of test runs: 30
INFO: 2020-07-28 22:11:38,281: ----------------------------------------------
INFO: 2020-07-28 22:11:38,281: Network Parameters
INFO: 2020-07-28 22:11:38,282: ----------------------------------------------
INFO: 2020-07-28 22:11:38,282: Network input dim: 22
INFO: 2020-07-28 22:11:38,282: Network hidden dim: 512
INFO: 2020-07-28 22:11:38,282: Network layers: 2
INFO: 2020-07-28 22:11:38,282: Network output dim: 2
INFO: 2020-07-28 22:11:38,282: ----------------------------------------------
INFO: 2020-07-28 22:11:38,282: Environment Parameters
INFO: 2020-07-28 22:11:38,282: ----------------------------------------------
INFO: 2020-07-28 22:11:38,282: Trajectory length: 2
INFO: 2020-07-28 22:11:38,282: Obs future waypoints: 1
INFO: 2020-07-28 22:11:38,282: Distribution temperature: 150
INFO: 2020-07-28 22:11:38,282: Waypoint distance bounds: 1, 2.5
INFO: 2020-07-28 22:11:38,282: Maximum spread: 1.5707963267948966
INFO: 2020-07-28 22:11:39,230:  
INFO: 2020-07-28 22:11:39,230: Iterations: 0
INFO: 2020-07-28 22:11:39,230: Time steps: 0
INFO: 2020-07-28 22:11:39,230: Reward: -58.19450
INFO: 2020-07-28 22:11:39,230: Test sigma: 1.01411
INFO: 2020-07-28 22:11:39,230:  
INFO: 2020-07-28 22:25:37,577: Iterations: 10
INFO: 2020-07-28 22:25:37,578: Time steps: 655360
INFO: 2020-07-28 22:25:37,578: Reward: 113.70925
INFO: 2020-07-28 22:25:37,578: Test sigma: 0.73595
INFO: 2020-07-28 22:25:37,578:  
INFO: 2020-07-28 22:25:37,578: Saving best parameters in /home/seanny/Dropbox/potentials/_2d/fan_2d/2-wps-0.1.pth.tar
INFO: 2020-07-28 22:39:37,726: Iterations: 20
INFO: 2020-07-28 22:39:37,726: Time steps: 1310720
INFO: 2020-07-28 22:39:37,726: Reward: 131.52504
INFO: 2020-07-28 22:39:37,726: Test sigma: 0.64796
INFO: 2020-07-28 22:39:37,726:  
INFO: 2020-07-28 22:39:37,726: Saving best parameters in /home/seanny/Dropbox/potentials/_2d/fan_2d/2-wps-0.1.pth.tar
INFO: 2020-07-28 22:53:36,781: Iterations: 30
INFO: 2020-07-28 22:53:36,781: Time steps: 1966080
INFO: 2020-07-28 22:53:36,781: Reward: 101.78266
INFO: 2020-07-28 22:53:36,781: Test sigma: 0.55137
INFO: 2020-07-28 22:53:36,781:  
INFO: 2020-07-28 23:07:40,159: Iterations: 40
INFO: 2020-07-28 23:07:40,159: Time steps: 2621440
INFO: 2020-07-28 23:07:40,159: Reward: 105.44678
INFO: 2020-07-28 23:07:40,159: Test sigma: 0.46616
INFO: 2020-07-28 23:07:40,159:  
INFO: 2020-07-28 23:21:51,237: Iterations: 50
INFO: 2020-07-28 23:21:51,237: Time steps: 3276800
INFO: 2020-07-28 23:21:51,237: Reward: 112.55437
INFO: 2020-07-28 23:21:51,237: Test sigma: 0.47044
INFO: 2020-07-28 23:21:51,237:  
INFO: 2020-07-28 23:35:52,626: Iterations: 60
INFO: 2020-07-28 23:35:52,626: Time steps: 3932160
INFO: 2020-07-28 23:35:52,626: Reward: 131.50772
INFO: 2020-07-28 23:35:52,626: Test sigma: 0.42811
INFO: 2020-07-28 23:35:52,627:  
INFO: 2020-07-28 23:50:02,603: Iterations: 70
INFO: 2020-07-28 23:50:02,603: Time steps: 4587520
INFO: 2020-07-28 23:50:02,604: Reward: 124.93621
INFO: 2020-07-28 23:50:02,604: Test sigma: 0.40164
INFO: 2020-07-28 23:50:02,604:  
INFO: 2020-07-29 00:04:06,254: Iterations: 80
INFO: 2020-07-29 00:04:06,254: Time steps: 5242880
INFO: 2020-07-29 00:04:06,255: Reward: 118.69351
INFO: 2020-07-29 00:04:06,255: Test sigma: 0.36804
INFO: 2020-07-29 00:04:06,255:  
INFO: 2020-07-29 00:18:09,978: Iterations: 90
INFO: 2020-07-29 00:18:09,978: Time steps: 5898240
INFO: 2020-07-29 00:18:09,978: Reward: 139.14965
INFO: 2020-07-29 00:18:09,978: Test sigma: 0.34138
INFO: 2020-07-29 00:18:09,978:  
INFO: 2020-07-29 00:18:09,978: Saving best parameters in /home/seanny/Dropbox/potentials/_2d/fan_2d/2-wps-0.1.pth.tar
INFO: 2020-07-29 00:32:08,080: Iterations: 100
INFO: 2020-07-29 00:32:08,080: Time steps: 6553600
INFO: 2020-07-29 00:32:08,080: Reward: 127.36056
INFO: 2020-07-29 00:32:08,080: Test sigma: 0.30724
INFO: 2020-07-29 00:32:08,080:  
INFO: 2020-07-29 00:46:08,775: Iterations: 110
INFO: 2020-07-29 00:46:08,775: Time steps: 7208960
INFO: 2020-07-29 00:46:08,775: Reward: 164.31357
INFO: 2020-07-29 00:46:08,775: Test sigma: 0.29436
INFO: 2020-07-29 00:46:08,775:  
INFO: 2020-07-29 00:46:08,775: Saving best parameters in /home/seanny/Dropbox/potentials/_2d/fan_2d/2-wps-0.1.pth.tar
INFO: 2020-07-29 01:00:09,682: Iterations: 120
INFO: 2020-07-29 01:00:09,682: Time steps: 7864320
INFO: 2020-07-29 01:00:09,682: Reward: 166.77444
INFO: 2020-07-29 01:00:09,682: Test sigma: 0.26821
INFO: 2020-07-29 01:00:09,682:  
INFO: 2020-07-29 01:00:09,682: Saving best parameters in /home/seanny/Dropbox/potentials/_2d/fan_2d/2-wps-0.1.pth.tar
INFO: 2020-07-29 01:14:11,745: Iterations: 130
INFO: 2020-07-29 01:14:11,745: Time steps: 8519680
INFO: 2020-07-29 01:14:11,745: Reward: 181.66603
INFO: 2020-07-29 01:14:11,745: Test sigma: 0.26233
INFO: 2020-07-29 01:14:11,745:  
INFO: 2020-07-29 01:14:11,745: Saving best parameters in /home/seanny/Dropbox/potentials/_2d/fan_2d/2-wps-0.1.pth.tar
INFO: 2020-07-29 01:28:09,956: Iterations: 140
INFO: 2020-07-29 01:28:09,956: Time steps: 9175040
INFO: 2020-07-29 01:28:09,956: Reward: 172.63859
INFO: 2020-07-29 01:28:09,957: Test sigma: 0.24500
INFO: 2020-07-29 01:28:09,957:  
INFO: 2020-07-29 01:42:10,887: Iterations: 150
INFO: 2020-07-29 01:42:10,887: Time steps: 9830400
INFO: 2020-07-29 01:42:10,887: Reward: 191.69557
INFO: 2020-07-29 01:42:10,887: Test sigma: 0.23018
INFO: 2020-07-29 01:42:10,887:  
INFO: 2020-07-29 01:42:10,887: Saving best parameters in /home/seanny/Dropbox/potentials/_2d/fan_2d/2-wps-0.1.pth.tar
INFO: 2020-07-29 01:56:11,256: Iterations: 160
INFO: 2020-07-29 01:56:11,256: Time steps: 10485760
INFO: 2020-07-29 01:56:11,256: Reward: 160.99540
INFO: 2020-07-29 01:56:11,257: Test sigma: 0.24415
INFO: 2020-07-29 01:56:11,257:  
INFO: 2020-07-29 02:10:12,255: Iterations: 170
INFO: 2020-07-29 02:10:12,256: Time steps: 11141120
INFO: 2020-07-29 02:10:12,256: Reward: 180.09480
INFO: 2020-07-29 02:10:12,256: Test sigma: 0.22293
INFO: 2020-07-29 02:10:12,256:  
INFO: 2020-07-29 02:24:10,609: Iterations: 180
INFO: 2020-07-29 02:24:10,609: Time steps: 11796480
INFO: 2020-07-29 02:24:10,609: Reward: 178.15313
INFO: 2020-07-29 02:24:10,609: Test sigma: 0.20508
INFO: 2020-07-29 02:24:10,609:  
INFO: 2020-07-29 02:38:13,914: Iterations: 190
INFO: 2020-07-29 02:38:13,914: Time steps: 12451840
INFO: 2020-07-29 02:38:13,914: Reward: 189.50388
INFO: 2020-07-29 02:38:13,914: Test sigma: 0.18472
INFO: 2020-07-29 02:38:13,914:  
INFO: 2020-07-29 02:52:14,577: Iterations: 200
INFO: 2020-07-29 02:52:14,577: Time steps: 13107200
INFO: 2020-07-29 02:52:14,577: Reward: 163.02781
INFO: 2020-07-29 02:52:14,577: Test sigma: 0.18822
INFO: 2020-07-29 02:52:14,578:  
INFO: 2020-07-29 03:06:15,229: Iterations: 210
INFO: 2020-07-29 03:06:15,230: Time steps: 13762560
INFO: 2020-07-29 03:06:15,230: Reward: 200.45394
INFO: 2020-07-29 03:06:15,230: Test sigma: 0.17256
INFO: 2020-07-29 03:06:15,230:  
INFO: 2020-07-29 03:06:15,230: Saving best parameters in /home/seanny/Dropbox/potentials/_2d/fan_2d/2-wps-0.1.pth.tar
INFO: 2020-07-29 03:20:14,818: Iterations: 220
INFO: 2020-07-29 03:20:14,818: Time steps: 14417920
INFO: 2020-07-29 03:20:14,818: Reward: 172.37763
INFO: 2020-07-29 03:20:14,818: Test sigma: 0.15905
INFO: 2020-07-29 03:20:14,818:  
INFO: 2020-07-29 03:34:14,990: Iterations: 230
INFO: 2020-07-29 03:34:14,990: Time steps: 15073280
INFO: 2020-07-29 03:34:14,991: Reward: 159.84924
INFO: 2020-07-29 03:34:14,991: Test sigma: 0.16986
INFO: 2020-07-29 03:34:14,991:  
INFO: 2020-07-29 03:48:16,583: Iterations: 240
INFO: 2020-07-29 03:48:16,583: Time steps: 15728640
INFO: 2020-07-29 03:48:16,583: Reward: 146.14654
INFO: 2020-07-29 03:48:16,583: Test sigma: 0.16850
INFO: 2020-07-29 03:48:16,583:  
INFO: 2020-07-29 04:02:16,198: Iterations: 250
INFO: 2020-07-29 04:02:16,198: Time steps: 16384000
INFO: 2020-07-29 04:02:16,199: Reward: 198.81387
INFO: 2020-07-29 04:02:16,199: Test sigma: 0.15634
INFO: 2020-07-29 04:02:16,199:  
INFO: 2020-07-29 04:16:18,293: Iterations: 260
INFO: 2020-07-29 04:16:18,293: Time steps: 17039360
INFO: 2020-07-29 04:16:18,293: Reward: 172.45024
INFO: 2020-07-29 04:16:18,293: Test sigma: 0.16060
INFO: 2020-07-29 04:16:18,293:  
INFO: 2020-07-29 04:30:18,753: Iterations: 270
INFO: 2020-07-29 04:30:18,753: Time steps: 17694720
INFO: 2020-07-29 04:30:18,753: Reward: 155.46637
INFO: 2020-07-29 04:30:18,753: Test sigma: 0.15408
INFO: 2020-07-29 04:30:18,754:  
INFO: 2020-07-29 04:44:20,666: Iterations: 280
INFO: 2020-07-29 04:44:20,666: Time steps: 18350080
INFO: 2020-07-29 04:44:20,666: Reward: 175.96926
INFO: 2020-07-29 04:44:20,666: Test sigma: 0.16165
INFO: 2020-07-29 04:44:20,666:  
INFO: 2020-07-29 04:58:23,034: Iterations: 290
INFO: 2020-07-29 04:58:23,034: Time steps: 19005440
INFO: 2020-07-29 04:58:23,034: Reward: 173.43416
INFO: 2020-07-29 04:58:23,034: Test sigma: 0.16332
INFO: 2020-07-29 04:58:23,034:  
INFO: 2020-07-29 05:12:24,440: Iterations: 300
INFO: 2020-07-29 05:12:24,441: Time steps: 19660800
INFO: 2020-07-29 05:12:24,441: Reward: 164.15295
INFO: 2020-07-29 05:12:24,441: Test sigma: 0.16199
INFO: 2020-07-29 05:12:24,441:  
INFO: 2020-07-29 05:26:24,272: Iterations: 310
INFO: 2020-07-29 05:26:24,272: Time steps: 20316160
INFO: 2020-07-29 05:26:24,272: Reward: 182.86687
INFO: 2020-07-29 05:26:24,272: Test sigma: 0.16040
INFO: 2020-07-29 05:26:24,272:  
INFO: 2020-07-29 05:40:25,320: Iterations: 320
INFO: 2020-07-29 05:40:25,320: Time steps: 20971520
INFO: 2020-07-29 05:40:25,320: Reward: 176.43829
INFO: 2020-07-29 05:40:25,320: Test sigma: 0.16149
INFO: 2020-07-29 05:40:25,320:  
INFO: 2020-07-29 05:54:25,167: Iterations: 330
INFO: 2020-07-29 05:54:25,167: Time steps: 21626880
INFO: 2020-07-29 05:54:25,168: Reward: 203.05595
INFO: 2020-07-29 05:54:25,168: Test sigma: 0.14775
INFO: 2020-07-29 05:54:25,168:  
INFO: 2020-07-29 05:54:25,168: Saving best parameters in /home/seanny/Dropbox/potentials/_2d/fan_2d/2-wps-0.1.pth.tar
INFO: 2020-07-29 06:08:29,363: Iterations: 340
INFO: 2020-07-29 06:08:29,363: Time steps: 22282240
INFO: 2020-07-29 06:08:29,363: Reward: 219.86633
INFO: 2020-07-29 06:08:29,363: Test sigma: 0.13618
INFO: 2020-07-29 06:08:29,363:  
INFO: 2020-07-29 06:08:29,364: Saving best parameters in /home/seanny/Dropbox/potentials/_2d/fan_2d/2-wps-0.1.pth.tar
INFO: 2020-07-29 06:22:33,854: Iterations: 350
INFO: 2020-07-29 06:22:33,855: Time steps: 22937600
INFO: 2020-07-29 06:22:33,855: Reward: 197.90334
INFO: 2020-07-29 06:22:33,855: Test sigma: 0.13672
INFO: 2020-07-29 06:22:33,855:  
INFO: 2020-07-29 06:36:32,346: Iterations: 360
INFO: 2020-07-29 06:36:32,346: Time steps: 23592960
INFO: 2020-07-29 06:36:32,346: Reward: 204.46959
INFO: 2020-07-29 06:36:32,346: Test sigma: 0.13624
INFO: 2020-07-29 06:36:32,346:  
INFO: 2020-07-29 06:50:34,366: Iterations: 370
INFO: 2020-07-29 06:50:34,366: Time steps: 24248320
INFO: 2020-07-29 06:50:34,366: Reward: 194.94094
INFO: 2020-07-29 06:50:34,366: Test sigma: 0.14089
INFO: 2020-07-29 06:50:34,366:  
INFO: 2020-07-29 07:04:32,502: Iterations: 380
INFO: 2020-07-29 07:04:32,502: Time steps: 24903680
INFO: 2020-07-29 07:04:32,502: Reward: 185.43146
INFO: 2020-07-29 07:04:32,502: Test sigma: 0.13953
INFO: 2020-07-29 07:04:32,502:  
INFO: 2020-07-29 07:18:32,571: Iterations: 390
INFO: 2020-07-29 07:18:32,571: Time steps: 25559040
INFO: 2020-07-29 07:18:32,571: Reward: 169.29352
INFO: 2020-07-29 07:18:32,571: Test sigma: 0.14171
INFO: 2020-07-29 07:18:32,571:  
INFO: 2020-07-29 07:32:33,201: Iterations: 400
INFO: 2020-07-29 07:32:33,201: Time steps: 26214400
INFO: 2020-07-29 07:32:33,201: Reward: 189.94716
INFO: 2020-07-29 07:32:33,201: Test sigma: 0.13973
INFO: 2020-07-29 07:32:33,201:  
INFO: 2020-07-29 07:50:55,145: Iterations: 410
INFO: 2020-07-29 07:50:55,145: Time steps: 26869760
INFO: 2020-07-29 07:50:55,145: Reward: 175.75148
INFO: 2020-07-29 07:50:55,145: Test sigma: 0.13331
INFO: 2020-07-29 07:50:55,145:  
INFO: 2020-07-29 08:04:54,102: Iterations: 420
INFO: 2020-07-29 08:04:54,102: Time steps: 27525120
INFO: 2020-07-29 08:04:54,102: Reward: 165.28833
INFO: 2020-07-29 08:04:54,102: Test sigma: 0.13398
INFO: 2020-07-29 08:04:54,103:  
INFO: 2020-07-29 08:18:56,091: Iterations: 430
INFO: 2020-07-29 08:18:56,091: Time steps: 28180480
INFO: 2020-07-29 08:18:56,091: Reward: 180.07664
INFO: 2020-07-29 08:18:56,091: Test sigma: 0.13538
INFO: 2020-07-29 08:18:56,091:  
INFO: 2020-07-29 08:32:57,131: Iterations: 440
INFO: 2020-07-29 08:32:57,132: Time steps: 28835840
INFO: 2020-07-29 08:32:57,132: Reward: 193.56688
INFO: 2020-07-29 08:32:57,132: Test sigma: 0.13158
INFO: 2020-07-29 08:32:57,132:  
INFO: 2020-07-29 08:46:56,589: Iterations: 450
INFO: 2020-07-29 08:46:56,589: Time steps: 29491200
INFO: 2020-07-29 08:46:56,589: Reward: 172.74681
INFO: 2020-07-29 08:46:56,589: Test sigma: 0.13427
INFO: 2020-07-29 08:46:56,589:  
INFO: 2020-07-29 09:00:56,307: Iterations: 460
INFO: 2020-07-29 09:00:56,307: Time steps: 30146560
INFO: 2020-07-29 09:00:56,307: Reward: 171.99516
INFO: 2020-07-29 09:00:56,307: Test sigma: 0.13356
INFO: 2020-07-29 09:00:56,307:  
INFO: 2020-07-29 09:14:57,369: Iterations: 470
INFO: 2020-07-29 09:14:57,370: Time steps: 30801920
INFO: 2020-07-29 09:14:57,370: Reward: 208.81335
INFO: 2020-07-29 09:14:57,370: Test sigma: 0.12816
INFO: 2020-07-29 09:14:57,370:  
INFO: 2020-07-29 09:28:57,973: Iterations: 480
INFO: 2020-07-29 09:28:57,973: Time steps: 31457280
INFO: 2020-07-29 09:28:57,973: Reward: 195.03725
INFO: 2020-07-29 09:28:57,973: Test sigma: 0.12760
INFO: 2020-07-29 09:28:57,974:  
INFO: 2020-07-29 09:42:59,410: Iterations: 490
INFO: 2020-07-29 09:42:59,410: Time steps: 32112640
INFO: 2020-07-29 09:42:59,410: Reward: 202.42232
INFO: 2020-07-29 09:42:59,410: Test sigma: 0.12473
INFO: 2020-07-29 09:42:59,411:  
INFO: 2020-07-29 09:57:00,185: Iterations: 500
INFO: 2020-07-29 09:57:00,185: Time steps: 32768000
INFO: 2020-07-29 09:57:00,185: Reward: 201.41307
INFO: 2020-07-29 09:57:00,185: Test sigma: 0.11846
INFO: 2020-07-29 09:57:00,185:  
INFO: 2020-07-29 10:11:01,519: Iterations: 510
INFO: 2020-07-29 10:11:01,519: Time steps: 33423360
INFO: 2020-07-29 10:11:01,519: Reward: 197.98901
INFO: 2020-07-29 10:11:01,519: Test sigma: 0.11618
INFO: 2020-07-29 10:11:01,519:  
INFO: 2020-07-29 10:25:01,747: Iterations: 520
INFO: 2020-07-29 10:25:01,747: Time steps: 34078720
INFO: 2020-07-29 10:25:01,748: Reward: 180.31908
INFO: 2020-07-29 10:25:01,748: Test sigma: 0.11678
INFO: 2020-07-29 10:25:01,748:  
INFO: 2020-07-29 10:39:04,680: Iterations: 530
INFO: 2020-07-29 10:39:04,680: Time steps: 34734080
INFO: 2020-07-29 10:39:04,680: Reward: 190.45592
INFO: 2020-07-29 10:39:04,680: Test sigma: 0.11491
INFO: 2020-07-29 10:39:04,681:  
INFO: 2020-07-29 10:53:08,665: Iterations: 540
INFO: 2020-07-29 10:53:08,666: Time steps: 35389440
INFO: 2020-07-29 10:53:08,666: Reward: 173.99498
INFO: 2020-07-29 10:53:08,666: Test sigma: 0.11852
INFO: 2020-07-29 10:53:08,666:  
INFO: 2020-07-29 11:07:09,140: Iterations: 550
INFO: 2020-07-29 11:07:09,141: Time steps: 36044800
INFO: 2020-07-29 11:07:09,141: Reward: 171.30985
INFO: 2020-07-29 11:07:09,141: Test sigma: 0.11843
INFO: 2020-07-29 11:07:09,141:  
INFO: 2020-07-29 11:21:10,453: Iterations: 560
INFO: 2020-07-29 11:21:10,453: Time steps: 36700160
INFO: 2020-07-29 11:21:10,453: Reward: 148.37777
INFO: 2020-07-29 11:21:10,453: Test sigma: 0.12974
INFO: 2020-07-29 11:21:10,453:  
INFO: 2020-07-29 11:35:10,348: Iterations: 570
INFO: 2020-07-29 11:35:10,348: Time steps: 37355520
INFO: 2020-07-29 11:35:10,348: Reward: 165.93798
INFO: 2020-07-29 11:35:10,348: Test sigma: 0.12776
INFO: 2020-07-29 11:35:10,348:  
INFO: 2020-07-29 11:49:12,064: Iterations: 580
INFO: 2020-07-29 11:49:12,064: Time steps: 38010880
INFO: 2020-07-29 11:49:12,064: Reward: 201.66377
INFO: 2020-07-29 11:49:12,065: Test sigma: 0.11991
INFO: 2020-07-29 11:49:12,065:  
INFO: 2020-07-29 12:03:12,775: Iterations: 590
INFO: 2020-07-29 12:03:12,776: Time steps: 38666240
INFO: 2020-07-29 12:03:12,776: Reward: 186.68850
INFO: 2020-07-29 12:03:12,776: Test sigma: 0.12333
INFO: 2020-07-29 12:03:12,776:  
INFO: 2020-07-29 12:17:11,251: Iterations: 600
INFO: 2020-07-29 12:17:11,251: Time steps: 39321600
INFO: 2020-07-29 12:17:11,251: Reward: 169.40260
INFO: 2020-07-29 12:17:11,251: Test sigma: 0.12512
INFO: 2020-07-29 12:17:11,251:  
INFO: 2020-07-29 12:31:10,615: Iterations: 610
INFO: 2020-07-29 12:31:10,615: Time steps: 39976960
INFO: 2020-07-29 12:31:10,615: Reward: 178.06163
INFO: 2020-07-29 12:31:10,615: Test sigma: 0.12114
INFO: 2020-07-29 12:31:10,616:  
INFO: 2020-07-29 12:45:10,908: Iterations: 620
INFO: 2020-07-29 12:45:10,908: Time steps: 40632320
INFO: 2020-07-29 12:45:10,909: Reward: 189.81582
INFO: 2020-07-29 12:45:10,909: Test sigma: 0.11171
INFO: 2020-07-29 12:45:10,909:  
INFO: 2020-07-29 12:59:09,445: Iterations: 630
INFO: 2020-07-29 12:59:09,445: Time steps: 41287680
INFO: 2020-07-29 12:59:09,445: Reward: 157.88791
INFO: 2020-07-29 12:59:09,446: Test sigma: 0.11359
INFO: 2020-07-29 12:59:09,446:  
INFO: 2020-07-29 13:13:08,620: Iterations: 640
INFO: 2020-07-29 13:13:08,621: Time steps: 41943040
INFO: 2020-07-29 13:13:08,621: Reward: 192.29509
INFO: 2020-07-29 13:13:08,621: Test sigma: 0.10597
INFO: 2020-07-29 13:13:08,621:  
INFO: 2020-07-29 13:27:06,679: Iterations: 650
INFO: 2020-07-29 13:27:06,679: Time steps: 42598400
INFO: 2020-07-29 13:27:06,679: Reward: 184.51541
INFO: 2020-07-29 13:27:06,679: Test sigma: 0.10388
INFO: 2020-07-29 13:27:06,679:  
INFO: 2020-07-29 13:41:05,769: Iterations: 660
INFO: 2020-07-29 13:41:05,769: Time steps: 43253760
INFO: 2020-07-29 13:41:05,769: Reward: 178.03591
INFO: 2020-07-29 13:41:05,769: Test sigma: 0.10657
INFO: 2020-07-29 13:41:05,769:  
INFO: 2020-07-29 13:55:05,291: Iterations: 670
INFO: 2020-07-29 13:55:05,291: Time steps: 43909120
INFO: 2020-07-29 13:55:05,291: Reward: 178.36152
INFO: 2020-07-29 13:55:05,291: Test sigma: 0.11081
INFO: 2020-07-29 13:55:05,291:  
INFO: 2020-07-29 14:09:06,239: Iterations: 680
INFO: 2020-07-29 14:09:06,239: Time steps: 44564480
INFO: 2020-07-29 14:09:06,239: Reward: 192.79021
INFO: 2020-07-29 14:09:06,239: Test sigma: 0.11140
INFO: 2020-07-29 14:09:06,240:  
INFO: 2020-07-29 14:23:03,956: Iterations: 690
INFO: 2020-07-29 14:23:03,956: Time steps: 45219840
INFO: 2020-07-29 14:23:03,956: Reward: 183.97923
INFO: 2020-07-29 14:23:03,956: Test sigma: 0.10560
INFO: 2020-07-29 14:23:03,956:  
INFO: 2020-07-29 14:37:02,790: Iterations: 700
INFO: 2020-07-29 14:37:02,790: Time steps: 45875200
INFO: 2020-07-29 14:37:02,791: Reward: 177.27762
INFO: 2020-07-29 14:37:02,791: Test sigma: 0.10650
INFO: 2020-07-29 14:37:02,791:  
INFO: 2020-07-29 14:51:01,143: Iterations: 710
INFO: 2020-07-29 14:51:01,143: Time steps: 46530560
INFO: 2020-07-29 14:51:01,143: Reward: 193.45738
INFO: 2020-07-29 14:51:01,143: Test sigma: 0.10870
INFO: 2020-07-29 14:51:01,143:  
INFO: 2020-07-29 15:04:58,153: Iterations: 720
INFO: 2020-07-29 15:04:58,153: Time steps: 47185920
INFO: 2020-07-29 15:04:58,153: Reward: 172.16860
INFO: 2020-07-29 15:04:58,153: Test sigma: 0.11002
INFO: 2020-07-29 15:04:58,154:  
INFO: 2020-07-29 15:18:55,919: Iterations: 730
INFO: 2020-07-29 15:18:55,919: Time steps: 47841280
INFO: 2020-07-29 15:18:55,919: Reward: 169.02258
INFO: 2020-07-29 15:18:55,919: Test sigma: 0.10659
INFO: 2020-07-29 15:18:55,919:  
INFO: 2020-07-29 15:32:54,445: Iterations: 740
INFO: 2020-07-29 15:32:54,445: Time steps: 48496640
INFO: 2020-07-29 15:32:54,446: Reward: 189.95237
INFO: 2020-07-29 15:32:54,446: Test sigma: 0.10086
INFO: 2020-07-29 15:32:54,446:  
INFO: 2020-07-29 15:46:52,672: Iterations: 750
INFO: 2020-07-29 15:46:52,672: Time steps: 49152000
INFO: 2020-07-29 15:46:52,672: Reward: 151.10568
INFO: 2020-07-29 15:46:52,672: Test sigma: 0.10646
INFO: 2020-07-29 15:46:52,672:  
INFO: 2020-07-29 16:00:51,191: Iterations: 760
INFO: 2020-07-29 16:00:51,191: Time steps: 49807360
INFO: 2020-07-29 16:00:51,191: Reward: 204.44703
INFO: 2020-07-29 16:00:51,191: Test sigma: 0.09817
INFO: 2020-07-29 16:00:51,191:  
INFO: 2020-07-29 16:14:50,079: Iterations: 770
INFO: 2020-07-29 16:14:50,080: Time steps: 50462720
INFO: 2020-07-29 16:14:50,080: Reward: 180.37684
INFO: 2020-07-29 16:14:50,080: Test sigma: 0.09962
INFO: 2020-07-29 16:14:50,080:  
INFO: 2020-07-29 16:28:49,483: Iterations: 780
INFO: 2020-07-29 16:28:49,484: Time steps: 51118080
INFO: 2020-07-29 16:28:49,484: Reward: 213.53620
INFO: 2020-07-29 16:28:49,484: Test sigma: 0.09790
INFO: 2020-07-29 16:28:49,484:  
INFO: 2020-07-29 16:42:49,352: Iterations: 790
INFO: 2020-07-29 16:42:49,352: Time steps: 51773440
INFO: 2020-07-29 16:42:49,352: Reward: 177.92803
INFO: 2020-07-29 16:42:49,352: Test sigma: 0.10321
INFO: 2020-07-29 16:42:49,352:  
INFO: 2020-07-29 16:56:49,140: Iterations: 800
INFO: 2020-07-29 16:56:49,140: Time steps: 52428800
INFO: 2020-07-29 16:56:49,140: Reward: 196.44986
INFO: 2020-07-29 16:56:49,140: Test sigma: 0.10200
INFO: 2020-07-29 16:56:49,141:  
INFO: 2020-07-29 17:10:49,124: Iterations: 810
INFO: 2020-07-29 17:10:49,124: Time steps: 53084160
INFO: 2020-07-29 17:10:49,125: Reward: 183.80394
INFO: 2020-07-29 17:10:49,125: Test sigma: 0.10069
INFO: 2020-07-29 17:10:49,125:  
INFO: 2020-07-29 17:24:48,518: Iterations: 820
INFO: 2020-07-29 17:24:48,518: Time steps: 53739520
INFO: 2020-07-29 17:24:48,518: Reward: 203.63672
INFO: 2020-07-29 17:24:48,518: Test sigma: 0.09481
INFO: 2020-07-29 17:24:48,519:  
INFO: 2020-07-29 17:38:48,522: Iterations: 830
INFO: 2020-07-29 17:38:48,522: Time steps: 54394880
INFO: 2020-07-29 17:38:48,522: Reward: 206.49381
INFO: 2020-07-29 17:38:48,522: Test sigma: 0.09197
INFO: 2020-07-29 17:38:48,522:  
INFO: 2020-07-29 17:52:48,424: Iterations: 840
INFO: 2020-07-29 17:52:48,425: Time steps: 55050240
INFO: 2020-07-29 17:52:48,425: Reward: 197.13090
INFO: 2020-07-29 17:52:48,425: Test sigma: 0.09115
INFO: 2020-07-29 17:52:48,425:  
INFO: 2020-07-29 18:06:47,489: Iterations: 850
INFO: 2020-07-29 18:06:47,489: Time steps: 55705600
INFO: 2020-07-29 18:06:47,489: Reward: 190.97043
INFO: 2020-07-29 18:06:47,489: Test sigma: 0.09487
INFO: 2020-07-29 18:06:47,489:  
INFO: 2020-07-29 18:20:45,593: Iterations: 860
INFO: 2020-07-29 18:20:45,594: Time steps: 56360960
INFO: 2020-07-29 18:20:45,594: Reward: 163.41630
INFO: 2020-07-29 18:20:45,594: Test sigma: 0.09612
INFO: 2020-07-29 18:20:45,594:  
INFO: 2020-07-29 18:34:43,782: Iterations: 870
INFO: 2020-07-29 18:34:43,782: Time steps: 57016320
INFO: 2020-07-29 18:34:43,782: Reward: 176.39625
INFO: 2020-07-29 18:34:43,782: Test sigma: 0.09084
INFO: 2020-07-29 18:34:43,782:  
INFO: 2020-07-29 18:48:42,077: Iterations: 880
INFO: 2020-07-29 18:48:42,078: Time steps: 57671680
INFO: 2020-07-29 18:48:42,078: Reward: 206.69570
INFO: 2020-07-29 18:48:42,078: Test sigma: 0.08949
INFO: 2020-07-29 18:48:42,078:  
INFO: 2020-07-29 19:02:40,633: Iterations: 890
INFO: 2020-07-29 19:02:40,633: Time steps: 58327040
INFO: 2020-07-29 19:02:40,633: Reward: 194.96708
INFO: 2020-07-29 19:02:40,633: Test sigma: 0.08990
INFO: 2020-07-29 19:02:40,633:  
INFO: 2020-07-29 19:16:40,254: Iterations: 900
INFO: 2020-07-29 19:16:40,255: Time steps: 58982400
INFO: 2020-07-29 19:16:40,255: Reward: 189.32918
INFO: 2020-07-29 19:16:40,255: Test sigma: 0.08905
INFO: 2020-07-29 19:16:40,255:  
INFO: 2020-07-29 19:30:38,560: Iterations: 910
INFO: 2020-07-29 19:30:38,560: Time steps: 59637760
INFO: 2020-07-29 19:30:38,560: Reward: 179.07034
INFO: 2020-07-29 19:30:38,560: Test sigma: 0.08967
INFO: 2020-07-29 19:30:38,561:  
INFO: 2020-07-29 19:44:37,530: Iterations: 920
INFO: 2020-07-29 19:44:37,530: Time steps: 60293120
INFO: 2020-07-29 19:44:37,530: Reward: 223.38084
INFO: 2020-07-29 19:44:37,530: Test sigma: 0.08293
INFO: 2020-07-29 19:44:37,530:  
INFO: 2020-07-29 19:44:37,530: Saving best parameters in /home/seanny/Dropbox/potentials/_2d/fan_2d/2-wps-0.1.pth.tar
INFO: 2020-07-29 19:59:00,069: Iterations: 930
INFO: 2020-07-29 19:59:00,069: Time steps: 60948480
INFO: 2020-07-29 19:59:00,069: Reward: 201.49004
INFO: 2020-07-29 19:59:00,069: Test sigma: 0.08607
INFO: 2020-07-29 19:59:00,069:  
INFO: 2020-07-29 20:13:05,994: Iterations: 940
INFO: 2020-07-29 20:13:05,994: Time steps: 61603840
INFO: 2020-07-29 20:13:05,994: Reward: 177.97012
INFO: 2020-07-29 20:13:05,994: Test sigma: 0.08621
INFO: 2020-07-29 20:13:05,994:  
INFO: 2020-07-29 20:27:00,552: Iterations: 950
INFO: 2020-07-29 20:27:00,552: Time steps: 62259200
INFO: 2020-07-29 20:27:00,552: Reward: 191.07552
INFO: 2020-07-29 20:27:00,552: Test sigma: 0.08791
INFO: 2020-07-29 20:27:00,552:  
INFO: 2020-07-29 20:40:56,594: Iterations: 960
INFO: 2020-07-29 20:40:56,594: Time steps: 62914560
INFO: 2020-07-29 20:40:56,594: Reward: 168.41935
INFO: 2020-07-29 20:40:56,594: Test sigma: 0.08961
INFO: 2020-07-29 20:40:56,594:  
INFO: 2020-07-29 20:55:25,712: Iterations: 970
INFO: 2020-07-29 20:55:25,712: Time steps: 63569920
INFO: 2020-07-29 20:55:25,712: Reward: 196.90864
INFO: 2020-07-29 20:55:25,712: Test sigma: 0.08568
INFO: 2020-07-29 20:55:25,712:  
INFO: 2020-07-29 21:09:28,714: Iterations: 980
INFO: 2020-07-29 21:09:28,714: Time steps: 64225280
INFO: 2020-07-29 21:09:28,714: Reward: 181.07551
INFO: 2020-07-29 21:09:28,714: Test sigma: 0.08547
INFO: 2020-07-29 21:09:28,714:  
INFO: 2020-07-29 21:23:19,915: Iterations: 990
INFO: 2020-07-29 21:23:19,915: Time steps: 64880640
INFO: 2020-07-29 21:23:19,915: Reward: 186.39037
INFO: 2020-07-29 21:23:19,915: Test sigma: 0.08487
INFO: 2020-07-29 21:23:19,915:  
INFO: 2020-07-29 21:37:12,850: Iterations: 1000
INFO: 2020-07-29 21:37:12,851: Time steps: 65536000
INFO: 2020-07-29 21:37:12,851: Reward: 164.22759
INFO: 2020-07-29 21:37:12,851: Test sigma: 0.08792
INFO: 2020-07-29 21:37:12,851:  
INFO: 2020-07-29 21:51:06,078: Iterations: 1010
INFO: 2020-07-29 21:51:06,078: Time steps: 66191360
INFO: 2020-07-29 21:51:06,078: Reward: 167.53271
INFO: 2020-07-29 21:51:06,078: Test sigma: 0.08576
INFO: 2020-07-29 21:51:06,078:  
INFO: 2020-07-29 22:04:57,915: Iterations: 1020
INFO: 2020-07-29 22:04:57,915: Time steps: 66846720
INFO: 2020-07-29 22:04:57,915: Reward: 158.92498
INFO: 2020-07-29 22:04:57,915: Test sigma: 0.08444
INFO: 2020-07-29 22:04:57,915:  
INFO: 2020-07-29 22:18:49,089: Iterations: 1030
INFO: 2020-07-29 22:18:49,089: Time steps: 67502080
INFO: 2020-07-29 22:18:49,089: Reward: 168.71079
INFO: 2020-07-29 22:18:49,089: Test sigma: 0.08271
INFO: 2020-07-29 22:18:49,089:  
INFO: 2020-07-29 22:32:40,506: Iterations: 1040
INFO: 2020-07-29 22:32:40,506: Time steps: 68157440
INFO: 2020-07-29 22:32:40,506: Reward: 185.58757
INFO: 2020-07-29 22:32:40,506: Test sigma: 0.07871
INFO: 2020-07-29 22:32:40,506:  
INFO: 2020-07-29 22:46:33,246: Iterations: 1050
INFO: 2020-07-29 22:46:33,247: Time steps: 68812800
INFO: 2020-07-29 22:46:33,247: Reward: 214.75466
INFO: 2020-07-29 22:46:33,247: Test sigma: 0.07300
INFO: 2020-07-29 22:46:33,247:  
INFO: 2020-07-29 23:00:25,619: Iterations: 1060
INFO: 2020-07-29 23:00:25,619: Time steps: 69468160
INFO: 2020-07-29 23:00:25,620: Reward: 212.82097
INFO: 2020-07-29 23:00:25,620: Test sigma: 0.07482
INFO: 2020-07-29 23:00:25,620:  
INFO: 2020-07-29 23:14:17,961: Iterations: 1070
INFO: 2020-07-29 23:14:17,961: Time steps: 70123520
INFO: 2020-07-29 23:14:17,961: Reward: 185.34096
INFO: 2020-07-29 23:14:17,961: Test sigma: 0.07665
INFO: 2020-07-29 23:14:17,961:  
INFO: 2020-07-29 23:28:10,803: Iterations: 1080
INFO: 2020-07-29 23:28:10,803: Time steps: 70778880
INFO: 2020-07-29 23:28:10,803: Reward: 189.18359
INFO: 2020-07-29 23:28:10,803: Test sigma: 0.07609
INFO: 2020-07-29 23:28:10,803:  
INFO: 2020-07-29 23:42:03,932: Iterations: 1090
INFO: 2020-07-29 23:42:03,932: Time steps: 71434240
INFO: 2020-07-29 23:42:03,932: Reward: 173.94597
INFO: 2020-07-29 23:42:03,932: Test sigma: 0.07831
INFO: 2020-07-29 23:42:03,932:  
INFO: 2020-07-29 23:55:56,411: Iterations: 1100
INFO: 2020-07-29 23:55:56,411: Time steps: 72089600
INFO: 2020-07-29 23:55:56,411: Reward: 170.83161
INFO: 2020-07-29 23:55:56,411: Test sigma: 0.07852
INFO: 2020-07-29 23:55:56,411:  
INFO: 2020-07-30 00:09:49,555: Iterations: 1110
INFO: 2020-07-30 00:09:49,555: Time steps: 72744960
INFO: 2020-07-30 00:09:49,555: Reward: 206.36486
INFO: 2020-07-30 00:09:49,556: Test sigma: 0.07446
INFO: 2020-07-30 00:09:49,556:  
INFO: 2020-07-30 00:23:41,950: Iterations: 1120
INFO: 2020-07-30 00:23:41,950: Time steps: 73400320
INFO: 2020-07-30 00:23:41,950: Reward: 185.53728
INFO: 2020-07-30 00:23:41,951: Test sigma: 0.07922
INFO: 2020-07-30 00:23:41,951:  
INFO: 2020-07-30 00:37:34,690: Iterations: 1130
INFO: 2020-07-30 00:37:34,690: Time steps: 74055680
INFO: 2020-07-30 00:37:34,690: Reward: 211.47381
INFO: 2020-07-30 00:37:34,690: Test sigma: 0.07648
INFO: 2020-07-30 00:37:34,690:  
INFO: 2020-07-30 00:51:27,254: Iterations: 1140
INFO: 2020-07-30 00:51:27,254: Time steps: 74711040
INFO: 2020-07-30 00:51:27,254: Reward: 173.81692
INFO: 2020-07-30 00:51:27,254: Test sigma: 0.08010
INFO: 2020-07-30 00:51:27,254:  
INFO: 2020-07-30 01:05:18,639: Iterations: 1150
INFO: 2020-07-30 01:05:18,639: Time steps: 75366400
INFO: 2020-07-30 01:05:18,639: Reward: 155.20048
INFO: 2020-07-30 01:05:18,639: Test sigma: 0.08585
INFO: 2020-07-30 01:05:18,639:  
INFO: 2020-07-30 01:19:12,072: Iterations: 1160
INFO: 2020-07-30 01:19:12,072: Time steps: 76021760
INFO: 2020-07-30 01:19:12,072: Reward: 201.58877
INFO: 2020-07-30 01:19:12,072: Test sigma: 0.07917
INFO: 2020-07-30 01:19:12,072:  
INFO: 2020-07-30 01:33:05,035: Iterations: 1170
INFO: 2020-07-30 01:33:05,035: Time steps: 76677120
INFO: 2020-07-30 01:33:05,035: Reward: 218.73275
INFO: 2020-07-30 01:33:05,035: Test sigma: 0.07220
INFO: 2020-07-30 01:33:05,036:  
INFO: 2020-07-30 01:46:57,036: Iterations: 1180
INFO: 2020-07-30 01:46:57,036: Time steps: 77332480
INFO: 2020-07-30 01:46:57,036: Reward: 196.34530
INFO: 2020-07-30 01:46:57,037: Test sigma: 0.07574
INFO: 2020-07-30 01:46:57,037:  
INFO: 2020-07-30 02:00:48,852: Iterations: 1190
INFO: 2020-07-30 02:00:48,852: Time steps: 77987840
INFO: 2020-07-30 02:00:48,852: Reward: 179.93905
INFO: 2020-07-30 02:00:48,852: Test sigma: 0.07719
INFO: 2020-07-30 02:00:48,852:  
INFO: 2020-07-30 02:14:41,964: Iterations: 1200
INFO: 2020-07-30 02:14:41,964: Time steps: 78643200
INFO: 2020-07-30 02:14:41,964: Reward: 193.13902
INFO: 2020-07-30 02:14:41,964: Test sigma: 0.07341
INFO: 2020-07-30 02:14:41,965:  
INFO: 2020-07-30 02:28:33,364: Iterations: 1210
INFO: 2020-07-30 02:28:33,364: Time steps: 79298560
INFO: 2020-07-30 02:28:33,364: Reward: 205.98054
INFO: 2020-07-30 02:28:33,364: Test sigma: 0.07354
INFO: 2020-07-30 02:28:33,364:  
INFO: 2020-07-30 02:42:26,547: Iterations: 1220
INFO: 2020-07-30 02:42:26,547: Time steps: 79953920
INFO: 2020-07-30 02:42:26,547: Reward: 169.29886
INFO: 2020-07-30 02:42:26,547: Test sigma: 0.07818
INFO: 2020-07-30 02:42:26,547:  
INFO: 2020-07-30 02:56:16,239: Iterations: 1230
INFO: 2020-07-30 02:56:16,239: Time steps: 80609280
INFO: 2020-07-30 02:56:16,239: Reward: 181.92386
INFO: 2020-07-30 02:56:16,239: Test sigma: 0.07781
INFO: 2020-07-30 02:56:16,240:  
INFO: 2020-07-30 03:10:08,804: Iterations: 1240
INFO: 2020-07-30 03:10:08,804: Time steps: 81264640
INFO: 2020-07-30 03:10:08,804: Reward: 175.09923
INFO: 2020-07-30 03:10:08,804: Test sigma: 0.07610
INFO: 2020-07-30 03:10:08,804:  
INFO: 2020-07-30 03:24:00,446: Iterations: 1250
INFO: 2020-07-30 03:24:00,446: Time steps: 81920000
INFO: 2020-07-30 03:24:00,446: Reward: 194.79616
INFO: 2020-07-30 03:24:00,446: Test sigma: 0.07545
INFO: 2020-07-30 03:24:00,446:  
INFO: 2020-07-30 03:37:52,053: Iterations: 1260
INFO: 2020-07-30 03:37:52,053: Time steps: 82575360
INFO: 2020-07-30 03:37:52,053: Reward: 161.82411
INFO: 2020-07-30 03:37:52,053: Test sigma: 0.07881
INFO: 2020-07-30 03:37:52,053:  
INFO: 2020-07-30 03:51:43,546: Iterations: 1270
INFO: 2020-07-30 03:51:43,546: Time steps: 83230720
INFO: 2020-07-30 03:51:43,546: Reward: 177.48556
INFO: 2020-07-30 03:51:43,546: Test sigma: 0.07567
INFO: 2020-07-30 03:51:43,546:  
INFO: 2020-07-30 04:05:35,502: Iterations: 1280
INFO: 2020-07-30 04:05:35,502: Time steps: 83886080
INFO: 2020-07-30 04:05:35,502: Reward: 205.69061
INFO: 2020-07-30 04:05:35,502: Test sigma: 0.07397
INFO: 2020-07-30 04:05:35,502:  
INFO: 2020-07-30 04:19:27,499: Iterations: 1290
INFO: 2020-07-30 04:19:27,499: Time steps: 84541440
INFO: 2020-07-30 04:19:27,499: Reward: 179.73181
INFO: 2020-07-30 04:19:27,499: Test sigma: 0.07770
INFO: 2020-07-30 04:19:27,499:  
INFO: 2020-07-30 04:33:18,091: Iterations: 1300
INFO: 2020-07-30 04:33:18,091: Time steps: 85196800
INFO: 2020-07-30 04:33:18,092: Reward: 177.23673
INFO: 2020-07-30 04:33:18,092: Test sigma: 0.07748
INFO: 2020-07-30 04:33:18,092:  
INFO: 2020-07-30 04:47:09,665: Iterations: 1310
INFO: 2020-07-30 04:47:09,665: Time steps: 85852160
INFO: 2020-07-30 04:47:09,666: Reward: 177.90428
INFO: 2020-07-30 04:47:09,666: Test sigma: 0.07564
INFO: 2020-07-30 04:47:09,666:  
INFO: 2020-07-30 05:01:02,017: Iterations: 1320
INFO: 2020-07-30 05:01:02,017: Time steps: 86507520
INFO: 2020-07-30 05:01:02,018: Reward: 179.41857
INFO: 2020-07-30 05:01:02,018: Test sigma: 0.07470
INFO: 2020-07-30 05:01:02,018:  
INFO: 2020-07-30 05:14:55,172: Iterations: 1330
INFO: 2020-07-30 05:14:55,172: Time steps: 87162880
INFO: 2020-07-30 05:14:55,172: Reward: 185.00825
INFO: 2020-07-30 05:14:55,172: Test sigma: 0.07463
INFO: 2020-07-30 05:14:55,172:  
INFO: 2020-07-30 05:28:48,551: Iterations: 1340
INFO: 2020-07-30 05:28:48,551: Time steps: 87818240
INFO: 2020-07-30 05:28:48,551: Reward: 203.61117
INFO: 2020-07-30 05:28:48,551: Test sigma: 0.07166
INFO: 2020-07-30 05:28:48,551:  
INFO: 2020-07-30 05:42:41,513: Iterations: 1350
INFO: 2020-07-30 05:42:41,514: Time steps: 88473600
INFO: 2020-07-30 05:42:41,514: Reward: 147.44883
INFO: 2020-07-30 05:42:41,514: Test sigma: 0.07510
INFO: 2020-07-30 05:42:41,514:  
INFO: 2020-07-30 05:56:34,284: Iterations: 1360
INFO: 2020-07-30 05:56:34,285: Time steps: 89128960
INFO: 2020-07-30 05:56:34,285: Reward: 170.40429
INFO: 2020-07-30 05:56:34,285: Test sigma: 0.07406
INFO: 2020-07-30 05:56:34,285:  
INFO: 2020-07-30 06:10:26,480: Iterations: 1370
INFO: 2020-07-30 06:10:26,480: Time steps: 89784320
INFO: 2020-07-30 06:10:26,480: Reward: 202.78078
INFO: 2020-07-30 06:10:26,480: Test sigma: 0.07048
INFO: 2020-07-30 06:10:26,480:  
INFO: 2020-07-30 06:24:21,001: Iterations: 1380
INFO: 2020-07-30 06:24:21,001: Time steps: 90439680
INFO: 2020-07-30 06:24:21,001: Reward: 194.83441
INFO: 2020-07-30 06:24:21,001: Test sigma: 0.07113
INFO: 2020-07-30 06:24:21,001:  
INFO: 2020-07-30 06:38:14,255: Iterations: 1390
INFO: 2020-07-30 06:38:14,255: Time steps: 91095040
INFO: 2020-07-30 06:38:14,255: Reward: 173.39018
INFO: 2020-07-30 06:38:14,255: Test sigma: 0.07246
INFO: 2020-07-30 06:38:14,255:  
INFO: 2020-07-30 06:52:05,049: Iterations: 1400
INFO: 2020-07-30 06:52:05,049: Time steps: 91750400
INFO: 2020-07-30 06:52:05,049: Reward: 199.80996
INFO: 2020-07-30 06:52:05,049: Test sigma: 0.06965
INFO: 2020-07-30 06:52:05,049:  
INFO: 2020-07-30 07:05:56,148: Iterations: 1410
INFO: 2020-07-30 07:05:56,148: Time steps: 92405760
INFO: 2020-07-30 07:05:56,148: Reward: 205.31158
INFO: 2020-07-30 07:05:56,148: Test sigma: 0.06847
INFO: 2020-07-30 07:05:56,148:  
INFO: 2020-07-30 07:19:48,249: Iterations: 1420
INFO: 2020-07-30 07:19:48,249: Time steps: 93061120
INFO: 2020-07-30 07:19:48,249: Reward: 191.57858
INFO: 2020-07-30 07:19:48,249: Test sigma: 0.06990
INFO: 2020-07-30 07:19:48,250:  
INFO: 2020-07-30 07:33:38,255: Iterations: 1430
INFO: 2020-07-30 07:33:38,256: Time steps: 93716480
INFO: 2020-07-30 07:33:38,256: Reward: 195.84716
INFO: 2020-07-30 07:33:38,256: Test sigma: 0.06950
INFO: 2020-07-30 07:33:38,256:  
INFO: 2020-07-30 07:47:28,657: Iterations: 1440
INFO: 2020-07-30 07:47:28,657: Time steps: 94371840
INFO: 2020-07-30 07:47:28,657: Reward: 213.71789
INFO: 2020-07-30 07:47:28,657: Test sigma: 0.06596
INFO: 2020-07-30 07:47:28,657:  
INFO: 2020-07-30 08:01:18,677: Iterations: 1450
INFO: 2020-07-30 08:01:18,677: Time steps: 95027200
INFO: 2020-07-30 08:01:18,677: Reward: 180.94573
INFO: 2020-07-30 08:01:18,677: Test sigma: 0.06829
INFO: 2020-07-30 08:01:18,677:  
INFO: 2020-07-30 08:15:11,318: Iterations: 1460
INFO: 2020-07-30 08:15:11,319: Time steps: 95682560
INFO: 2020-07-30 08:15:11,319: Reward: 171.16974
INFO: 2020-07-30 08:15:11,319: Test sigma: 0.06924
INFO: 2020-07-30 08:15:11,319:  
INFO: 2020-07-30 08:29:03,850: Iterations: 1470
INFO: 2020-07-30 08:29:03,850: Time steps: 96337920
INFO: 2020-07-30 08:29:03,850: Reward: 198.49065
INFO: 2020-07-30 08:29:03,850: Test sigma: 0.06450
INFO: 2020-07-30 08:29:03,850:  
INFO: 2020-07-30 08:42:56,382: Iterations: 1480
INFO: 2020-07-30 08:42:56,382: Time steps: 96993280
INFO: 2020-07-30 08:42:56,382: Reward: 203.14252
INFO: 2020-07-30 08:42:56,382: Test sigma: 0.06420
INFO: 2020-07-30 08:42:56,382:  
INFO: 2020-07-30 08:56:49,510: Iterations: 1490
INFO: 2020-07-30 08:56:49,510: Time steps: 97648640
INFO: 2020-07-30 08:56:49,510: Reward: 197.86613
INFO: 2020-07-30 08:56:49,510: Test sigma: 0.06399
INFO: 2020-07-30 08:56:49,510:  
INFO: 2020-07-30 09:10:43,930: Iterations: 1500
INFO: 2020-07-30 09:10:43,930: Time steps: 98304000
INFO: 2020-07-30 09:10:43,930: Reward: 203.39698
INFO: 2020-07-30 09:10:43,930: Test sigma: 0.06352
INFO: 2020-07-30 09:10:43,930:  
INFO: 2020-07-30 09:24:37,252: Iterations: 1510
INFO: 2020-07-30 09:24:37,253: Time steps: 98959360
INFO: 2020-07-30 09:24:37,253: Reward: 173.34354
INFO: 2020-07-30 09:24:37,253: Test sigma: 0.06535
INFO: 2020-07-30 09:24:37,253:  
INFO: 2020-07-30 09:38:30,470: Iterations: 1520
INFO: 2020-07-30 09:38:30,470: Time steps: 99614720
INFO: 2020-07-30 09:38:30,470: Reward: 191.15574
INFO: 2020-07-30 09:38:30,470: Test sigma: 0.06446
INFO: 2020-07-30 09:38:30,470:  
INFO: 2020-07-30 09:52:25,259: Iterations: 1530
INFO: 2020-07-30 09:52:25,259: Time steps: 100270080
INFO: 2020-07-30 09:52:25,260: Reward: 174.10403
INFO: 2020-07-30 09:52:25,260: Test sigma: 0.06635
INFO: 2020-07-30 09:52:25,260:  
INFO: 2020-07-30 10:06:19,952: Iterations: 1540
INFO: 2020-07-30 10:06:19,953: Time steps: 100925440
INFO: 2020-07-30 10:06:19,953: Reward: 174.58830
INFO: 2020-07-30 10:06:19,953: Test sigma: 0.06636
INFO: 2020-07-30 10:06:19,953:  
INFO: 2020-07-30 10:20:14,154: Iterations: 1550
INFO: 2020-07-30 10:20:14,154: Time steps: 101580800
INFO: 2020-07-30 10:20:14,154: Reward: 196.25387
INFO: 2020-07-30 10:20:14,154: Test sigma: 0.06423
INFO: 2020-07-30 10:20:14,154:  
INFO: 2020-07-30 10:34:07,940: Iterations: 1560
INFO: 2020-07-30 10:34:07,940: Time steps: 102236160
INFO: 2020-07-30 10:34:07,940: Reward: 208.30962
INFO: 2020-07-30 10:34:07,940: Test sigma: 0.06311
INFO: 2020-07-30 10:34:07,941:  
INFO: 2020-07-30 10:48:01,146: Iterations: 1570
INFO: 2020-07-30 10:48:01,146: Time steps: 102891520
INFO: 2020-07-30 10:48:01,146: Reward: 192.15267
INFO: 2020-07-30 10:48:01,146: Test sigma: 0.06444
INFO: 2020-07-30 10:48:01,146:  
INFO: 2020-07-30 11:01:53,060: Iterations: 1580
INFO: 2020-07-30 11:01:53,061: Time steps: 103546880
INFO: 2020-07-30 11:01:53,061: Reward: 187.18504
INFO: 2020-07-30 11:01:53,061: Test sigma: 0.06476
INFO: 2020-07-30 11:01:53,061:  
INFO: 2020-07-30 11:15:44,583: Iterations: 1590
INFO: 2020-07-30 11:15:44,584: Time steps: 104202240
INFO: 2020-07-30 11:15:44,584: Reward: 174.21892
INFO: 2020-07-30 11:15:44,584: Test sigma: 0.06649
INFO: 2020-07-30 11:15:44,584:  
INFO: 2020-07-30 11:29:36,558: Iterations: 1600
INFO: 2020-07-30 11:29:36,559: Time steps: 104857600
INFO: 2020-07-30 11:29:36,559: Reward: 204.89771
INFO: 2020-07-30 11:29:36,559: Test sigma: 0.06391
INFO: 2020-07-30 11:29:36,559:  
INFO: 2020-07-30 11:43:29,089: Iterations: 1610
INFO: 2020-07-30 11:43:29,089: Time steps: 105512960
INFO: 2020-07-30 11:43:29,090: Reward: 172.03082
INFO: 2020-07-30 11:43:29,090: Test sigma: 0.06549
INFO: 2020-07-30 11:43:29,090:  
INFO: 2020-07-30 11:57:20,364: Iterations: 1620
INFO: 2020-07-30 11:57:20,365: Time steps: 106168320
INFO: 2020-07-30 11:57:20,365: Reward: 182.27518
INFO: 2020-07-30 11:57:20,365: Test sigma: 0.06558
INFO: 2020-07-30 11:57:20,365:  
INFO: 2020-07-30 12:11:11,818: Iterations: 1630
INFO: 2020-07-30 12:11:11,819: Time steps: 106823680
INFO: 2020-07-30 12:11:11,819: Reward: 234.45887
INFO: 2020-07-30 12:11:11,819: Test sigma: 0.06001
INFO: 2020-07-30 12:11:11,819:  
INFO: 2020-07-30 12:11:11,819: Saving best parameters in /home/seanny/Dropbox/potentials/_2d/fan_2d/2-wps-0.1.pth.tar
INFO: 2020-07-30 12:25:02,959: Iterations: 1640
INFO: 2020-07-30 12:25:02,959: Time steps: 107479040
INFO: 2020-07-30 12:25:02,960: Reward: 177.75590
INFO: 2020-07-30 12:25:02,960: Test sigma: 0.06347
INFO: 2020-07-30 12:25:02,960:  
INFO: 2020-07-30 12:38:53,727: Iterations: 1650
INFO: 2020-07-30 12:38:53,727: Time steps: 108134400
INFO: 2020-07-30 12:38:53,727: Reward: 188.52975
INFO: 2020-07-30 12:38:53,727: Test sigma: 0.06326
INFO: 2020-07-30 12:38:53,727:  
INFO: 2020-07-30 12:52:46,367: Iterations: 1660
INFO: 2020-07-30 12:52:46,367: Time steps: 108789760
INFO: 2020-07-30 12:52:46,367: Reward: 140.22486
INFO: 2020-07-30 12:52:46,367: Test sigma: 0.06701
INFO: 2020-07-30 12:52:46,367:  
INFO: 2020-07-30 13:06:37,865: Iterations: 1670
INFO: 2020-07-30 13:06:37,865: Time steps: 109445120
INFO: 2020-07-30 13:06:37,865: Reward: 176.71949
INFO: 2020-07-30 13:06:37,866: Test sigma: 0.06297
INFO: 2020-07-30 13:06:37,866:  
INFO: 2020-07-30 13:20:29,400: Iterations: 1680
INFO: 2020-07-30 13:20:29,401: Time steps: 110100480
INFO: 2020-07-30 13:20:29,401: Reward: 189.99170
INFO: 2020-07-30 13:20:29,401: Test sigma: 0.06158
INFO: 2020-07-30 13:20:29,401:  
INFO: 2020-07-30 13:34:20,986: Iterations: 1690
INFO: 2020-07-30 13:34:20,986: Time steps: 110755840
INFO: 2020-07-30 13:34:20,986: Reward: 163.87294
INFO: 2020-07-30 13:34:20,986: Test sigma: 0.06510
INFO: 2020-07-30 13:34:20,986:  
INFO: 2020-07-30 13:48:11,623: Iterations: 1700
INFO: 2020-07-30 13:48:11,623: Time steps: 111411200
INFO: 2020-07-30 13:48:11,623: Reward: 194.21940
INFO: 2020-07-30 13:48:11,623: Test sigma: 0.06282
INFO: 2020-07-30 13:48:11,623:  
INFO: 2020-07-30 14:02:01,763: Iterations: 1710
INFO: 2020-07-30 14:02:01,763: Time steps: 112066560
INFO: 2020-07-30 14:02:01,763: Reward: 165.85360
INFO: 2020-07-30 14:02:01,764: Test sigma: 0.06271
INFO: 2020-07-30 14:02:01,764:  
INFO: 2020-07-30 14:15:55,483: Iterations: 1720
INFO: 2020-07-30 14:15:55,483: Time steps: 112721920
INFO: 2020-07-30 14:15:55,483: Reward: 158.96884
INFO: 2020-07-30 14:15:55,483: Test sigma: 0.06368
INFO: 2020-07-30 14:15:55,483:  
INFO: 2020-07-30 14:29:47,663: Iterations: 1730
INFO: 2020-07-30 14:29:47,663: Time steps: 113377280
INFO: 2020-07-30 14:29:47,663: Reward: 185.58497
INFO: 2020-07-30 14:29:47,663: Test sigma: 0.05933
INFO: 2020-07-30 14:29:47,663:  
INFO: 2020-07-30 14:43:38,901: Iterations: 1740
INFO: 2020-07-30 14:43:38,901: Time steps: 114032640
INFO: 2020-07-30 14:43:38,901: Reward: 196.39621
INFO: 2020-07-30 14:43:38,901: Test sigma: 0.05857
INFO: 2020-07-30 14:43:38,901:  
INFO: 2020-07-30 14:57:30,678: Iterations: 1750
INFO: 2020-07-30 14:57:30,678: Time steps: 114688000
INFO: 2020-07-30 14:57:30,678: Reward: 164.85765
INFO: 2020-07-30 14:57:30,678: Test sigma: 0.06123
INFO: 2020-07-30 14:57:30,678:  
INFO: 2020-07-30 15:11:23,335: Iterations: 1760
INFO: 2020-07-30 15:11:23,335: Time steps: 115343360
INFO: 2020-07-30 15:11:23,335: Reward: 176.71805
INFO: 2020-07-30 15:11:23,335: Test sigma: 0.06040
INFO: 2020-07-30 15:11:23,335:  
INFO: 2020-07-30 15:25:14,585: Iterations: 1770
INFO: 2020-07-30 15:25:14,585: Time steps: 115998720
INFO: 2020-07-30 15:25:14,585: Reward: 183.48191
INFO: 2020-07-30 15:25:14,585: Test sigma: 0.06171
INFO: 2020-07-30 15:25:14,585:  
INFO: 2020-07-30 15:39:06,273: Iterations: 1780
INFO: 2020-07-30 15:39:06,273: Time steps: 116654080
INFO: 2020-07-30 15:39:06,273: Reward: 179.70908
INFO: 2020-07-30 15:39:06,273: Test sigma: 0.06008
INFO: 2020-07-30 15:39:06,273:  
INFO: 2020-07-30 15:52:58,407: Iterations: 1790
INFO: 2020-07-30 15:52:58,407: Time steps: 117309440
INFO: 2020-07-30 15:52:58,407: Reward: 199.77095
INFO: 2020-07-30 15:52:58,407: Test sigma: 0.05967
INFO: 2020-07-30 15:52:58,407:  
INFO: 2020-07-30 16:06:49,740: Iterations: 1800
INFO: 2020-07-30 16:06:49,740: Time steps: 117964800
INFO: 2020-07-30 16:06:49,740: Reward: 177.93081
INFO: 2020-07-30 16:06:49,740: Test sigma: 0.05912
INFO: 2020-07-30 16:06:49,740:  
INFO: 2020-07-30 16:20:41,104: Iterations: 1810
INFO: 2020-07-30 16:20:41,104: Time steps: 118620160
INFO: 2020-07-30 16:20:41,104: Reward: 205.08876
INFO: 2020-07-30 16:20:41,104: Test sigma: 0.05592
INFO: 2020-07-30 16:20:41,104:  
INFO: 2020-07-30 16:34:32,671: Iterations: 1820
INFO: 2020-07-30 16:34:32,671: Time steps: 119275520
INFO: 2020-07-30 16:34:32,672: Reward: 197.57817
INFO: 2020-07-30 16:34:32,672: Test sigma: 0.05815
INFO: 2020-07-30 16:34:32,672:  
INFO: 2020-07-30 16:48:25,541: Iterations: 1830
INFO: 2020-07-30 16:48:25,542: Time steps: 119930880
INFO: 2020-07-30 16:48:25,542: Reward: 174.55073
INFO: 2020-07-30 16:48:25,542: Test sigma: 0.05998
INFO: 2020-07-30 16:48:25,542:  
INFO: 2020-07-30 17:02:17,706: Iterations: 1840
INFO: 2020-07-30 17:02:17,706: Time steps: 120586240
INFO: 2020-07-30 17:02:17,707: Reward: 172.25062
INFO: 2020-07-30 17:02:17,707: Test sigma: 0.05907
INFO: 2020-07-30 17:02:17,707:  
INFO: 2020-07-30 17:16:11,649: Iterations: 1850
INFO: 2020-07-30 17:16:11,649: Time steps: 121241600
INFO: 2020-07-30 17:16:11,650: Reward: 183.55999
INFO: 2020-07-30 17:16:11,650: Test sigma: 0.05817
INFO: 2020-07-30 17:16:11,650:  
INFO: 2020-07-30 17:30:04,850: Iterations: 1860
INFO: 2020-07-30 17:30:04,850: Time steps: 121896960
INFO: 2020-07-30 17:30:04,850: Reward: 205.63752
INFO: 2020-07-30 17:30:04,850: Test sigma: 0.05636
INFO: 2020-07-30 17:30:04,850:  
INFO: 2020-07-30 17:43:56,961: Iterations: 1870
INFO: 2020-07-30 17:43:56,961: Time steps: 122552320
INFO: 2020-07-30 17:43:56,962: Reward: 183.88150
INFO: 2020-07-30 17:43:56,962: Test sigma: 0.05884
INFO: 2020-07-30 17:43:56,962:  
INFO: 2020-07-30 17:57:48,081: Iterations: 1880
INFO: 2020-07-30 17:57:48,081: Time steps: 123207680
INFO: 2020-07-30 17:57:48,081: Reward: 215.27001
INFO: 2020-07-30 17:57:48,081: Test sigma: 0.05676
INFO: 2020-07-30 17:57:48,082:  
INFO: 2020-07-30 18:11:40,465: Iterations: 1890
INFO: 2020-07-30 18:11:40,465: Time steps: 123863040
INFO: 2020-07-30 18:11:40,465: Reward: 157.87897
INFO: 2020-07-30 18:11:40,465: Test sigma: 0.06165
INFO: 2020-07-30 18:11:40,465:  
INFO: 2020-07-30 18:25:32,446: Iterations: 1900
INFO: 2020-07-30 18:25:32,446: Time steps: 124518400
INFO: 2020-07-30 18:25:32,446: Reward: 178.03875
INFO: 2020-07-30 18:25:32,446: Test sigma: 0.05632
INFO: 2020-07-30 18:25:32,446:  
INFO: 2020-07-30 18:39:24,624: Iterations: 1910
INFO: 2020-07-30 18:39:24,624: Time steps: 125173760
INFO: 2020-07-30 18:39:24,624: Reward: 212.61447
INFO: 2020-07-30 18:39:24,624: Test sigma: 0.05305
INFO: 2020-07-30 18:39:24,624:  
INFO: 2020-07-30 18:54:27,251: Iterations: 1920
INFO: 2020-07-30 18:54:27,251: Time steps: 125829120
INFO: 2020-07-30 18:54:27,251: Reward: 206.08508
INFO: 2020-07-30 18:54:27,251: Test sigma: 0.05543
INFO: 2020-07-30 18:54:27,251:  
