INFO: 2020-06-22 22:37:29,458:  
INFO: 2020-06-22 22:37:29,458: Initializing Learned Terminations 2D Waypoint Navigation Environment
INFO: 2020-06-22 22:37:29,458: Working directory is /home/seanny/Dropbox/potentials/_2d/term_2d/
INFO: 2020-06-22 22:37:29,458:  
INFO: 2020-06-22 22:37:29,458: ----------------------------------------------
INFO: 2020-06-22 22:37:29,458: Experiment Settings
INFO: 2020-06-22 22:37:29,458: ----------------------------------------------
INFO: 2020-06-22 22:37:29,458: Number of workers: 16
INFO: 2020-06-22 22:37:29,458: Batch size: 512
INFO: 2020-06-22 22:37:29,459: Iterations: 500
INFO: 2020-06-22 22:37:29,459: Log interval: 10
INFO: 2020-06-22 22:37:29,459: Experiment runs: 500
INFO: 2020-06-22 22:37:29,459: Number of test runs: 30
INFO: 2020-06-22 22:37:29,459: ----------------------------------------------
INFO: 2020-06-22 22:37:29,459: Network Parameters
INFO: 2020-06-22 22:37:29,459: ----------------------------------------------
INFO: 2020-06-22 22:37:29,459: Network input dim: 34
INFO: 2020-06-22 22:37:29,459: Network hidden dim: 512
INFO: 2020-06-22 22:37:29,459: Network layers: 2
INFO: 2020-06-22 22:37:29,459: Network output dim: 2
INFO: 2020-06-22 22:37:29,459: ----------------------------------------------
INFO: 2020-06-22 22:37:29,460: Environment Parameters
INFO: 2020-06-22 22:37:29,460: ----------------------------------------------
INFO: 2020-06-22 22:37:29,460: Trajectory length: 5
INFO: 2020-06-22 22:37:29,460: Obs future waypoints: 2
INFO: 2020-06-22 22:37:29,460: Distribution temperature: 150
INFO: 2020-06-22 22:37:29,460: Waypoint distance bounds: 1, 2.5
INFO: 2020-06-22 22:37:29,460: Maximum spread: 1.5707963267948966
INFO: 2020-06-22 22:37:40,051:  
INFO: 2020-06-22 22:37:40,051: Iterations: 0
INFO: 2020-06-22 22:37:40,051: Time steps: 0
INFO: 2020-06-22 22:37:40,052: Reward: -77.44999
INFO: 2020-06-22 22:37:40,052:  
INFO: 2020-06-22 22:40:33,799: Iterations: 10
INFO: 2020-06-22 22:40:33,799: Time steps: 81920
INFO: 2020-06-22 22:40:33,799: Reward: -20.46529
INFO: 2020-06-22 22:40:33,799: Term Reward: -81.87640
INFO: 2020-06-22 22:40:33,799:  
INFO: 2020-06-22 22:43:55,425: Iterations: 20
INFO: 2020-06-22 22:43:55,425: Time steps: 163840
INFO: 2020-06-22 22:43:55,425: Reward: 177.73989
INFO: 2020-06-22 22:43:55,425: Term Reward: -79.04735
INFO: 2020-06-22 22:43:55,426:  
INFO: 2020-06-22 22:47:47,532: Iterations: 30
INFO: 2020-06-22 22:47:47,532: Time steps: 245760
INFO: 2020-06-22 22:47:47,532: Reward: 352.65305
INFO: 2020-06-22 22:47:47,532: Term Reward: -44.28961
INFO: 2020-06-22 22:47:47,532:  
INFO: 2020-06-22 22:51:44,482: Iterations: 40
INFO: 2020-06-22 22:51:44,482: Time steps: 327680
INFO: 2020-06-22 22:51:44,482: Reward: 146.87370
INFO: 2020-06-22 22:51:44,482: Term Reward: -57.22666
INFO: 2020-06-22 22:51:44,482:  
INFO: 2020-06-22 22:55:30,985: Iterations: 50
INFO: 2020-06-22 22:55:30,985: Time steps: 409600
INFO: 2020-06-22 22:55:30,985: Reward: 237.08852
INFO: 2020-06-22 22:55:30,985: Term Reward: -22.77354
INFO: 2020-06-22 22:55:30,985:  
INFO: 2020-06-22 22:59:19,204: Iterations: 60
INFO: 2020-06-22 22:59:19,205: Time steps: 491520
INFO: 2020-06-22 22:59:19,205: Reward: 207.33438
INFO: 2020-06-22 22:59:19,205: Term Reward: -40.51655
INFO: 2020-06-22 22:59:19,205:  
INFO: 2020-06-22 23:03:17,549: Iterations: 70
INFO: 2020-06-22 23:03:17,550: Time steps: 573440
INFO: 2020-06-22 23:03:17,550: Reward: 193.65963
INFO: 2020-06-22 23:03:17,550: Term Reward: -28.42555
INFO: 2020-06-22 23:03:17,550:  
INFO: 2020-06-22 23:07:01,046: Iterations: 80
INFO: 2020-06-22 23:07:01,046: Time steps: 655360
INFO: 2020-06-22 23:07:01,046: Reward: 145.71778
INFO: 2020-06-22 23:07:01,046: Term Reward: -14.20346
INFO: 2020-06-22 23:07:01,046:  
INFO: 2020-06-22 23:10:42,070: Iterations: 90
INFO: 2020-06-22 23:10:42,070: Time steps: 737280
INFO: 2020-06-22 23:10:42,070: Reward: 136.56944
INFO: 2020-06-22 23:10:42,071: Term Reward: -30.45851
INFO: 2020-06-22 23:10:42,071:  
INFO: 2020-06-22 23:14:31,154: Iterations: 100
INFO: 2020-06-22 23:14:31,154: Time steps: 819200
INFO: 2020-06-22 23:14:31,154: Reward: 181.18949
INFO: 2020-06-22 23:14:31,154: Term Reward: -27.47442
INFO: 2020-06-22 23:14:31,155:  
INFO: 2020-06-22 23:18:14,741: Iterations: 110
INFO: 2020-06-22 23:18:14,741: Time steps: 901120
INFO: 2020-06-22 23:18:14,741: Reward: 222.02915
INFO: 2020-06-22 23:18:14,741: Term Reward: -31.70280
INFO: 2020-06-22 23:18:14,741:  
INFO: 2020-06-22 23:21:54,489: Iterations: 120
INFO: 2020-06-22 23:21:54,490: Time steps: 983040
INFO: 2020-06-22 23:21:54,490: Reward: 190.99242
INFO: 2020-06-22 23:21:54,490: Term Reward: -15.60823
INFO: 2020-06-22 23:21:54,490:  
INFO: 2020-06-22 23:25:43,147: Iterations: 130
INFO: 2020-06-22 23:25:43,147: Time steps: 1064960
INFO: 2020-06-22 23:25:43,147: Reward: 130.46089
INFO: 2020-06-22 23:25:43,147: Term Reward: -39.26294
INFO: 2020-06-22 23:25:43,147:  
INFO: 2020-06-22 23:29:19,673: Iterations: 140
INFO: 2020-06-22 23:29:19,673: Time steps: 1146880
INFO: 2020-06-22 23:29:19,673: Reward: 113.40059
INFO: 2020-06-22 23:29:19,673: Term Reward: -29.49970
INFO: 2020-06-22 23:29:19,673:  
INFO: 2020-06-22 23:33:15,852: Iterations: 150
INFO: 2020-06-22 23:33:15,852: Time steps: 1228800
INFO: 2020-06-22 23:33:15,852: Reward: 238.69350
INFO: 2020-06-22 23:33:15,852: Term Reward: -45.20320
INFO: 2020-06-22 23:33:15,853:  
INFO: 2020-06-22 23:36:58,726: Iterations: 160
INFO: 2020-06-22 23:36:58,726: Time steps: 1310720
INFO: 2020-06-22 23:36:58,726: Reward: 209.38534
INFO: 2020-06-22 23:36:58,726: Term Reward: -31.76388
INFO: 2020-06-22 23:36:58,726:  
INFO: 2020-06-22 23:41:23,256: Iterations: 170
INFO: 2020-06-22 23:41:23,256: Time steps: 1392640
INFO: 2020-06-22 23:41:23,256: Reward: 396.73014
INFO: 2020-06-22 23:41:23,256: Term Reward: -58.93977
INFO: 2020-06-22 23:41:23,256:  
INFO: 2020-06-22 23:46:06,375: Iterations: 180
INFO: 2020-06-22 23:46:06,375: Time steps: 1474560
INFO: 2020-06-22 23:46:06,375: Reward: 439.17307
INFO: 2020-06-22 23:46:06,375: Term Reward: -74.78695
INFO: 2020-06-22 23:46:06,375:  
INFO: 2020-06-22 23:50:25,203: Iterations: 190
INFO: 2020-06-22 23:50:25,203: Time steps: 1556480
INFO: 2020-06-22 23:50:25,203: Reward: 316.94374
INFO: 2020-06-22 23:50:25,203: Term Reward: -62.85931
INFO: 2020-06-22 23:50:25,203:  
INFO: 2020-06-22 23:54:50,575: Iterations: 200
INFO: 2020-06-22 23:54:50,575: Time steps: 1638400
INFO: 2020-06-22 23:54:50,576: Reward: 396.72495
INFO: 2020-06-22 23:54:50,576: Term Reward: -38.32446
INFO: 2020-06-22 23:54:50,576:  
INFO: 2020-06-22 23:59:26,945: Iterations: 210
INFO: 2020-06-22 23:59:26,946: Time steps: 1720320
INFO: 2020-06-22 23:59:26,946: Reward: 419.75901
INFO: 2020-06-22 23:59:26,946: Term Reward: -59.25400
INFO: 2020-06-22 23:59:26,946:  
INFO: 2020-06-23 00:03:55,586: Iterations: 220
INFO: 2020-06-23 00:03:55,586: Time steps: 1802240
INFO: 2020-06-23 00:03:55,586: Reward: 422.17969
INFO: 2020-06-23 00:03:55,586: Term Reward: -49.17620
INFO: 2020-06-23 00:03:55,586:  
INFO: 2020-06-23 00:08:30,090: Iterations: 230
INFO: 2020-06-23 00:08:30,091: Time steps: 1884160
INFO: 2020-06-23 00:08:30,091: Reward: 364.23275
INFO: 2020-06-23 00:08:30,091: Term Reward: -60.04330
INFO: 2020-06-23 00:08:30,091:  
INFO: 2020-06-23 00:12:31,040: Iterations: 240
INFO: 2020-06-23 00:12:31,040: Time steps: 1966080
INFO: 2020-06-23 00:12:31,040: Reward: 264.02002
INFO: 2020-06-23 00:12:31,040: Term Reward: -39.87857
INFO: 2020-06-23 00:12:31,040:  
INFO: 2020-06-23 00:16:51,516: Iterations: 250
INFO: 2020-06-23 00:16:51,516: Time steps: 2048000
INFO: 2020-06-23 00:16:51,517: Reward: 327.81314
INFO: 2020-06-23 00:16:51,517: Term Reward: -39.17358
INFO: 2020-06-23 00:16:51,517:  
INFO: 2020-06-23 00:20:55,475: Iterations: 260
INFO: 2020-06-23 00:20:55,475: Time steps: 2129920
INFO: 2020-06-23 00:20:55,475: Reward: 290.70106
INFO: 2020-06-23 00:20:55,475: Term Reward: -29.17984
INFO: 2020-06-23 00:20:55,476:  
INFO: 2020-06-23 00:25:02,232: Iterations: 270
INFO: 2020-06-23 00:25:02,232: Time steps: 2211840
INFO: 2020-06-23 00:25:02,232: Reward: 241.58405
INFO: 2020-06-23 00:25:02,232: Term Reward: -44.04844
INFO: 2020-06-23 00:25:02,232:  
INFO: 2020-06-23 00:28:57,602: Iterations: 280
INFO: 2020-06-23 00:28:57,602: Time steps: 2293760
INFO: 2020-06-23 00:28:57,602: Reward: 296.99218
INFO: 2020-06-23 00:28:57,602: Term Reward: -18.30778
INFO: 2020-06-23 00:28:57,602:  
INFO: 2020-06-23 00:32:49,823: Iterations: 290
INFO: 2020-06-23 00:32:49,823: Time steps: 2375680
INFO: 2020-06-23 00:32:49,823: Reward: 212.66775
INFO: 2020-06-23 00:32:49,823: Term Reward: -18.01948
INFO: 2020-06-23 00:32:49,823:  
INFO: 2020-06-23 00:36:52,722: Iterations: 300
INFO: 2020-06-23 00:36:52,722: Time steps: 2457600
INFO: 2020-06-23 00:36:52,723: Reward: 271.23750
INFO: 2020-06-23 00:36:52,723: Term Reward: -25.67559
INFO: 2020-06-23 00:36:52,723:  
INFO: 2020-06-23 00:41:01,048: Iterations: 310
INFO: 2020-06-23 00:41:01,048: Time steps: 2539520
INFO: 2020-06-23 00:41:01,048: Reward: 315.45734
INFO: 2020-06-23 00:41:01,048: Term Reward: -36.68174
INFO: 2020-06-23 00:41:01,048:  
INFO: 2020-06-23 00:44:54,569: Iterations: 320
INFO: 2020-06-23 00:44:54,569: Time steps: 2621440
INFO: 2020-06-23 00:44:54,569: Reward: 288.14801
INFO: 2020-06-23 00:44:54,569: Term Reward: -30.11183
INFO: 2020-06-23 00:44:54,569:  
INFO: 2020-06-23 00:48:56,726: Iterations: 330
INFO: 2020-06-23 00:48:56,727: Time steps: 2703360
INFO: 2020-06-23 00:48:56,727: Reward: 336.23025
INFO: 2020-06-23 00:48:56,727: Term Reward: -32.56654
INFO: 2020-06-23 00:48:56,727:  
INFO: 2020-06-23 00:53:10,369: Iterations: 340
INFO: 2020-06-23 00:53:10,369: Time steps: 2785280
INFO: 2020-06-23 00:53:10,369: Reward: 381.52351
INFO: 2020-06-23 00:53:10,369: Term Reward: -18.42629
INFO: 2020-06-23 00:53:10,369:  
INFO: 2020-06-23 00:57:24,121: Iterations: 350
INFO: 2020-06-23 00:57:24,121: Time steps: 2867200
INFO: 2020-06-23 00:57:24,121: Reward: 441.87225
INFO: 2020-06-23 00:57:24,121: Term Reward: -38.34663
INFO: 2020-06-23 00:57:24,121:  
INFO: 2020-06-23 01:01:44,970: Iterations: 360
INFO: 2020-06-23 01:01:44,970: Time steps: 2949120
INFO: 2020-06-23 01:01:44,970: Reward: 447.50198
INFO: 2020-06-23 01:01:44,970: Term Reward: -49.70356
INFO: 2020-06-23 01:01:44,970:  
INFO: 2020-06-23 01:06:14,311: Iterations: 370
INFO: 2020-06-23 01:06:14,312: Time steps: 3031040
INFO: 2020-06-23 01:06:14,312: Reward: 502.33972
INFO: 2020-06-23 01:06:14,312: Term Reward: -44.45353
INFO: 2020-06-23 01:06:14,312:  
INFO: 2020-06-23 01:10:15,933: Iterations: 380
INFO: 2020-06-23 01:10:15,934: Time steps: 3112960
INFO: 2020-06-23 01:10:15,934: Reward: 357.43886
INFO: 2020-06-23 01:10:15,934: Term Reward: -49.18619
INFO: 2020-06-23 01:10:15,934:  
INFO: 2020-06-23 01:14:26,359: Iterations: 390
INFO: 2020-06-23 01:14:26,359: Time steps: 3194880
INFO: 2020-06-23 01:14:26,359: Reward: 406.18645
INFO: 2020-06-23 01:14:26,359: Term Reward: -22.05631
INFO: 2020-06-23 01:14:26,359:  
INFO: 2020-06-23 01:18:29,201: Iterations: 400
INFO: 2020-06-23 01:18:29,201: Time steps: 3276800
INFO: 2020-06-23 01:18:29,201: Reward: 339.26411
INFO: 2020-06-23 01:18:29,201: Term Reward: -33.81767
INFO: 2020-06-23 01:18:29,201:  
INFO: 2020-06-23 01:23:00,735: Iterations: 410
INFO: 2020-06-23 01:23:00,735: Time steps: 3358720
INFO: 2020-06-23 01:23:00,735: Reward: 547.85245
INFO: 2020-06-23 01:23:00,735: Term Reward: -49.55331
INFO: 2020-06-23 01:23:00,735:  
INFO: 2020-06-23 01:27:35,547: Iterations: 420
INFO: 2020-06-23 01:27:35,547: Time steps: 3440640
INFO: 2020-06-23 01:27:35,547: Reward: 575.85241
INFO: 2020-06-23 01:27:35,547: Term Reward: -41.62037
INFO: 2020-06-23 01:27:35,547:  
INFO: 2020-06-23 01:32:00,070: Iterations: 430
INFO: 2020-06-23 01:32:00,071: Time steps: 3522560
INFO: 2020-06-23 01:32:00,071: Reward: 529.70854
INFO: 2020-06-23 01:32:00,071: Term Reward: -39.88730
INFO: 2020-06-23 01:32:00,071:  
INFO: 2020-06-23 01:36:30,431: Iterations: 440
INFO: 2020-06-23 01:36:30,431: Time steps: 3604480
INFO: 2020-06-23 01:36:30,431: Reward: 533.26841
INFO: 2020-06-23 01:36:30,431: Term Reward: -56.01480
INFO: 2020-06-23 01:36:30,431:  
INFO: 2020-06-23 01:41:00,566: Iterations: 450
INFO: 2020-06-23 01:41:00,567: Time steps: 3686400
INFO: 2020-06-23 01:41:00,567: Reward: 563.26765
INFO: 2020-06-23 01:41:00,567: Term Reward: -60.60658
INFO: 2020-06-23 01:41:00,567:  
INFO: 2020-06-23 01:45:28,021: Iterations: 460
INFO: 2020-06-23 01:45:28,021: Time steps: 3768320
INFO: 2020-06-23 01:45:28,022: Reward: 522.49076
INFO: 2020-06-23 01:45:28,022: Term Reward: -49.51619
INFO: 2020-06-23 01:45:28,022:  
INFO: 2020-06-23 01:49:52,232: Iterations: 470
INFO: 2020-06-23 01:49:52,232: Time steps: 3850240
INFO: 2020-06-23 01:49:52,232: Reward: 587.83921
INFO: 2020-06-23 01:49:52,232: Term Reward: -42.58428
INFO: 2020-06-23 01:49:52,232:  
INFO: 2020-06-23 01:54:16,128: Iterations: 480
INFO: 2020-06-23 01:54:16,129: Time steps: 3932160
INFO: 2020-06-23 01:54:16,129: Reward: 505.08324
INFO: 2020-06-23 01:54:16,129: Term Reward: -48.27275
INFO: 2020-06-23 01:54:16,129:  
INFO: 2020-06-23 01:58:37,837: Iterations: 490
INFO: 2020-06-23 01:58:37,837: Time steps: 4014080
INFO: 2020-06-23 01:58:37,837: Reward: 511.32742
INFO: 2020-06-23 01:58:37,837: Term Reward: -39.43787
INFO: 2020-06-23 01:58:37,837:  
INFO: 2020-06-23 02:03:07,954: Iterations: 500
INFO: 2020-06-23 02:03:07,955: Time steps: 4096000
INFO: 2020-06-23 02:03:07,955: Reward: 638.09474
INFO: 2020-06-23 02:03:07,955: Term Reward: -47.11897
INFO: 2020-06-23 02:03:07,955:  
