INFO: 2020-07-13 08:56:23,403:  
INFO: 2020-07-13 08:56:23,403: Initializing Soft Goals 3D Waypoint Navigation Environment
INFO: 2020-07-13 08:56:23,403: Working directory is /home/seanny/Dropbox/potentials/_3d/soft_3d/
INFO: 2020-07-13 08:56:23,403:  
INFO: 2020-07-13 08:56:23,403: ----------------------------------------------
INFO: 2020-07-13 08:56:23,404: Experiment Settings
INFO: 2020-07-13 08:56:23,404: ----------------------------------------------
INFO: 2020-07-13 08:56:23,404: Number of workers: 64
INFO: 2020-07-13 08:56:23,404: Batch size: 1024
INFO: 2020-07-13 08:56:23,404: Iterations: 5000
INFO: 2020-07-13 08:56:23,404: Log interval: 10
INFO: 2020-07-13 08:56:23,404: Experiment runs: 5000
INFO: 2020-07-13 08:56:23,404: Number of test runs: 30
INFO: 2020-07-13 08:56:23,404: ----------------------------------------------
INFO: 2020-07-13 08:56:23,404: Network Parameters
INFO: 2020-07-13 08:56:23,404: ----------------------------------------------
INFO: 2020-07-13 08:56:23,404: Network input dim: 67
INFO: 2020-07-13 08:56:23,404: Network hidden dim: 512
INFO: 2020-07-13 08:56:23,404: Network layers: 2
INFO: 2020-07-13 08:56:23,405: Network output dim: 4
INFO: 2020-07-13 08:56:23,405: ----------------------------------------------
INFO: 2020-07-13 08:56:23,405: Environment Parameters
INFO: 2020-07-13 08:56:23,405: ----------------------------------------------
INFO: 2020-07-13 08:56:23,405: Trajectory length: 5
INFO: 2020-07-13 08:56:23,405: Obs future waypoints: 2
INFO: 2020-07-13 08:56:23,405: Distribution temperature: 150
INFO: 2020-07-13 08:56:23,405: Waypoint distance bounds: 0.5, 1.5
INFO: 2020-07-13 08:56:23,405: Maximum spread: 1.5707963267948966
INFO: 2020-07-13 08:56:24,602:  
INFO: 2020-07-13 08:56:24,602: Iterations: 0
INFO: 2020-07-13 08:56:24,603: Time steps: 0
INFO: 2020-07-13 08:56:24,603: Reward: -516.20140
INFO: 2020-07-13 08:56:24,603: Test sigma: 0.97223
INFO: 2020-07-13 08:56:24,603:  
INFO: 2020-07-13 09:11:25,268: Iterations: 10
INFO: 2020-07-13 09:11:25,268: Time steps: 655360
INFO: 2020-07-13 09:11:25,268: Reward: -479.23567
INFO: 2020-07-13 09:11:25,268: Test sigma: 0.91481
INFO: 2020-07-13 09:11:25,268:  
INFO: 2020-07-13 09:11:25,268: Saving best parameters in /home/seanny/Dropbox/potentials/_3d/soft_3d/2-wps.pth.tar
INFO: 2020-07-13 09:26:15,165: Iterations: 20
INFO: 2020-07-13 09:26:15,165: Time steps: 1310720
INFO: 2020-07-13 09:26:15,165: Reward: -498.18086
INFO: 2020-07-13 09:26:15,165: Test sigma: 0.87800
INFO: 2020-07-13 09:26:15,165:  
INFO: 2020-07-13 09:41:02,640: Iterations: 30
INFO: 2020-07-13 09:41:02,641: Time steps: 1966080
INFO: 2020-07-13 09:41:02,641: Reward: -526.12726
INFO: 2020-07-13 09:41:02,641: Test sigma: 0.92383
INFO: 2020-07-13 09:41:02,641:  
INFO: 2020-07-13 09:55:48,353: Iterations: 40
INFO: 2020-07-13 09:55:48,353: Time steps: 2621440
INFO: 2020-07-13 09:55:48,353: Reward: -470.16424
INFO: 2020-07-13 09:55:48,353: Test sigma: 0.90791
INFO: 2020-07-13 09:55:48,353:  
INFO: 2020-07-13 09:55:48,353: Saving best parameters in /home/seanny/Dropbox/potentials/_3d/soft_3d/2-wps.pth.tar
INFO: 2020-07-13 10:10:34,884: Iterations: 50
INFO: 2020-07-13 10:10:34,884: Time steps: 3276800
INFO: 2020-07-13 10:10:34,884: Reward: -493.76100
INFO: 2020-07-13 10:10:34,884: Test sigma: 0.88314
INFO: 2020-07-13 10:10:34,884:  
INFO: 2020-07-13 10:25:16,490: Iterations: 60
INFO: 2020-07-13 10:25:16,490: Time steps: 3932160
INFO: 2020-07-13 10:25:16,490: Reward: -536.04885
INFO: 2020-07-13 10:25:16,490: Test sigma: 0.84544
INFO: 2020-07-13 10:25:16,490:  
INFO: 2020-07-13 10:39:58,381: Iterations: 70
INFO: 2020-07-13 10:39:58,381: Time steps: 4587520
INFO: 2020-07-13 10:39:58,381: Reward: -491.10166
INFO: 2020-07-13 10:39:58,381: Test sigma: 0.79794
INFO: 2020-07-13 10:39:58,381:  
INFO: 2020-07-13 10:54:37,953: Iterations: 80
INFO: 2020-07-13 10:54:37,953: Time steps: 5242880
INFO: 2020-07-13 10:54:37,953: Reward: -442.66846
INFO: 2020-07-13 10:54:37,953: Test sigma: 0.82995
INFO: 2020-07-13 10:54:37,954:  
INFO: 2020-07-13 10:54:37,954: Saving best parameters in /home/seanny/Dropbox/potentials/_3d/soft_3d/2-wps.pth.tar
INFO: 2020-07-13 11:09:20,211: Iterations: 90
INFO: 2020-07-13 11:09:20,211: Time steps: 5898240
INFO: 2020-07-13 11:09:20,211: Reward: -418.43534
INFO: 2020-07-13 11:09:20,211: Test sigma: 0.77417
INFO: 2020-07-13 11:09:20,211:  
INFO: 2020-07-13 11:09:20,212: Saving best parameters in /home/seanny/Dropbox/potentials/_3d/soft_3d/2-wps.pth.tar
INFO: 2020-07-13 11:24:03,247: Iterations: 100
INFO: 2020-07-13 11:24:03,248: Time steps: 6553600
INFO: 2020-07-13 11:24:03,248: Reward: -492.33067
INFO: 2020-07-13 11:24:03,248: Test sigma: 0.80127
INFO: 2020-07-13 11:24:03,248:  
INFO: 2020-07-13 11:38:39,554: Iterations: 110
INFO: 2020-07-13 11:38:39,555: Time steps: 7208960
INFO: 2020-07-13 11:38:39,555: Reward: -399.59317
INFO: 2020-07-13 11:38:39,555: Test sigma: 0.74795
INFO: 2020-07-13 11:38:39,555:  
INFO: 2020-07-13 11:38:39,555: Saving best parameters in /home/seanny/Dropbox/potentials/_3d/soft_3d/2-wps.pth.tar
INFO: 2020-07-13 11:53:18,334: Iterations: 120
INFO: 2020-07-13 11:53:18,334: Time steps: 7864320
INFO: 2020-07-13 11:53:18,334: Reward: -470.71676
INFO: 2020-07-13 11:53:18,334: Test sigma: 0.79322
INFO: 2020-07-13 11:53:18,334:  
INFO: 2020-07-13 12:07:58,070: Iterations: 130
INFO: 2020-07-13 12:07:58,070: Time steps: 8519680
INFO: 2020-07-13 12:07:58,070: Reward: -329.38383
INFO: 2020-07-13 12:07:58,070: Test sigma: 0.68887
INFO: 2020-07-13 12:07:58,070:  
INFO: 2020-07-13 12:07:58,070: Saving best parameters in /home/seanny/Dropbox/potentials/_3d/soft_3d/2-wps.pth.tar
INFO: 2020-07-13 12:22:33,542: Iterations: 140
INFO: 2020-07-13 12:22:33,542: Time steps: 9175040
INFO: 2020-07-13 12:22:33,542: Reward: -379.06546
INFO: 2020-07-13 12:22:33,542: Test sigma: 0.74197
INFO: 2020-07-13 12:22:33,542:  
INFO: 2020-07-13 12:37:10,553: Iterations: 150
INFO: 2020-07-13 12:37:10,553: Time steps: 9830400
INFO: 2020-07-13 12:37:10,553: Reward: -261.63477
INFO: 2020-07-13 12:37:10,553: Test sigma: 0.64055
INFO: 2020-07-13 12:37:10,553:  
INFO: 2020-07-13 12:37:10,553: Saving best parameters in /home/seanny/Dropbox/potentials/_3d/soft_3d/2-wps.pth.tar
INFO: 2020-07-13 12:51:42,534: Iterations: 160
INFO: 2020-07-13 12:51:42,534: Time steps: 10485760
INFO: 2020-07-13 12:51:42,534: Reward: -276.23673
INFO: 2020-07-13 12:51:42,534: Test sigma: 0.65215
INFO: 2020-07-13 12:51:42,534:  
INFO: 2020-07-13 13:06:17,381: Iterations: 170
INFO: 2020-07-13 13:06:17,381: Time steps: 11141120
INFO: 2020-07-13 13:06:17,382: Reward: -233.64872
INFO: 2020-07-13 13:06:17,382: Test sigma: 0.58633
INFO: 2020-07-13 13:06:17,382:  
INFO: 2020-07-13 13:06:17,382: Saving best parameters in /home/seanny/Dropbox/potentials/_3d/soft_3d/2-wps.pth.tar
INFO: 2020-07-13 13:20:52,862: Iterations: 180
INFO: 2020-07-13 13:20:52,863: Time steps: 11796480
INFO: 2020-07-13 13:20:52,863: Reward: -223.90954
INFO: 2020-07-13 13:20:52,863: Test sigma: 0.51945
INFO: 2020-07-13 13:20:52,863:  
INFO: 2020-07-13 13:20:52,863: Saving best parameters in /home/seanny/Dropbox/potentials/_3d/soft_3d/2-wps.pth.tar
INFO: 2020-07-13 13:35:27,629: Iterations: 190
INFO: 2020-07-13 13:35:27,630: Time steps: 12451840
INFO: 2020-07-13 13:35:27,630: Reward: -175.23471
INFO: 2020-07-13 13:35:27,630: Test sigma: 0.41602
INFO: 2020-07-13 13:35:27,630:  
INFO: 2020-07-13 13:35:27,630: Saving best parameters in /home/seanny/Dropbox/potentials/_3d/soft_3d/2-wps.pth.tar
INFO: 2020-07-13 13:50:03,709: Iterations: 200
INFO: 2020-07-13 13:50:03,709: Time steps: 13107200
INFO: 2020-07-13 13:50:03,709: Reward: -156.14832
INFO: 2020-07-13 13:50:03,709: Test sigma: 0.42502
INFO: 2020-07-13 13:50:03,710:  
INFO: 2020-07-13 13:50:03,710: Saving best parameters in /home/seanny/Dropbox/potentials/_3d/soft_3d/2-wps.pth.tar
INFO: 2020-07-13 14:04:36,717: Iterations: 210
INFO: 2020-07-13 14:04:36,717: Time steps: 13762560
INFO: 2020-07-13 14:04:36,717: Reward: -133.00235
INFO: 2020-07-13 14:04:36,717: Test sigma: 0.38647
INFO: 2020-07-13 14:04:36,717:  
INFO: 2020-07-13 14:04:36,717: Saving best parameters in /home/seanny/Dropbox/potentials/_3d/soft_3d/2-wps.pth.tar
INFO: 2020-07-13 14:19:12,727: Iterations: 220
INFO: 2020-07-13 14:19:12,728: Time steps: 14417920
INFO: 2020-07-13 14:19:12,728: Reward: -114.70945
INFO: 2020-07-13 14:19:12,728: Test sigma: 0.38647
INFO: 2020-07-13 14:19:12,728:  
INFO: 2020-07-13 14:19:12,728: Saving best parameters in /home/seanny/Dropbox/potentials/_3d/soft_3d/2-wps.pth.tar
INFO: 2020-07-13 14:33:46,534: Iterations: 230
INFO: 2020-07-13 14:33:46,535: Time steps: 15073280
INFO: 2020-07-13 14:33:46,535: Reward: -92.67104
INFO: 2020-07-13 14:33:46,535: Test sigma: 0.36518
INFO: 2020-07-13 14:33:46,535:  
INFO: 2020-07-13 14:33:46,535: Saving best parameters in /home/seanny/Dropbox/potentials/_3d/soft_3d/2-wps.pth.tar
INFO: 2020-07-13 14:48:20,113: Iterations: 240
INFO: 2020-07-13 14:48:20,113: Time steps: 15728640
INFO: 2020-07-13 14:48:20,113: Reward: -130.36577
INFO: 2020-07-13 14:48:20,113: Test sigma: 0.35413
INFO: 2020-07-13 14:48:20,113:  
INFO: 2020-07-13 15:02:54,314: Iterations: 250
INFO: 2020-07-13 15:02:54,314: Time steps: 16384000
INFO: 2020-07-13 15:02:54,314: Reward: -93.74388
INFO: 2020-07-13 15:02:54,314: Test sigma: 0.33666
INFO: 2020-07-13 15:02:54,314:  
INFO: 2020-07-13 15:17:29,365: Iterations: 260
INFO: 2020-07-13 15:17:29,365: Time steps: 17039360
INFO: 2020-07-13 15:17:29,365: Reward: -118.97750
INFO: 2020-07-13 15:17:29,365: Test sigma: 0.36565
INFO: 2020-07-13 15:17:29,365:  
INFO: 2020-07-13 15:32:04,540: Iterations: 270
INFO: 2020-07-13 15:32:04,540: Time steps: 17694720
INFO: 2020-07-13 15:32:04,540: Reward: -126.87438
INFO: 2020-07-13 15:32:04,540: Test sigma: 0.36094
INFO: 2020-07-13 15:32:04,540:  
INFO: 2020-07-13 15:46:39,162: Iterations: 280
INFO: 2020-07-13 15:46:39,162: Time steps: 18350080
INFO: 2020-07-13 15:46:39,162: Reward: -149.26033
INFO: 2020-07-13 15:46:39,162: Test sigma: 0.37242
INFO: 2020-07-13 15:46:39,163:  
INFO: 2020-07-13 16:01:13,916: Iterations: 290
INFO: 2020-07-13 16:01:13,916: Time steps: 19005440
INFO: 2020-07-13 16:01:13,916: Reward: -132.73434
INFO: 2020-07-13 16:01:13,916: Test sigma: 0.36589
INFO: 2020-07-13 16:01:13,916:  
INFO: 2020-07-13 16:15:47,947: Iterations: 300
INFO: 2020-07-13 16:15:47,947: Time steps: 19660800
INFO: 2020-07-13 16:15:47,947: Reward: -138.86595
INFO: 2020-07-13 16:15:47,947: Test sigma: 0.35407
INFO: 2020-07-13 16:15:47,947:  
INFO: 2020-07-13 16:30:22,732: Iterations: 310
INFO: 2020-07-13 16:30:22,732: Time steps: 20316160
INFO: 2020-07-13 16:30:22,732: Reward: -101.92699
INFO: 2020-07-13 16:30:22,732: Test sigma: 0.34110
INFO: 2020-07-13 16:30:22,732:  
INFO: 2020-07-13 16:44:55,679: Iterations: 320
INFO: 2020-07-13 16:44:55,679: Time steps: 20971520
INFO: 2020-07-13 16:44:55,679: Reward: -151.09755
INFO: 2020-07-13 16:44:55,680: Test sigma: 0.34977
INFO: 2020-07-13 16:44:55,680:  
INFO: 2020-07-13 16:59:31,786: Iterations: 330
INFO: 2020-07-13 16:59:31,786: Time steps: 21626880
INFO: 2020-07-13 16:59:31,786: Reward: -178.26378
INFO: 2020-07-13 16:59:31,787: Test sigma: 0.34991
INFO: 2020-07-13 16:59:31,787:  
INFO: 2020-07-13 17:14:08,148: Iterations: 340
INFO: 2020-07-13 17:14:08,148: Time steps: 22282240
INFO: 2020-07-13 17:14:08,148: Reward: -152.60271
INFO: 2020-07-13 17:14:08,148: Test sigma: 0.34418
INFO: 2020-07-13 17:14:08,148:  
INFO: 2020-07-13 17:28:43,444: Iterations: 350
INFO: 2020-07-13 17:28:43,444: Time steps: 22937600
INFO: 2020-07-13 17:28:43,444: Reward: -145.07816
INFO: 2020-07-13 17:28:43,444: Test sigma: 0.34962
INFO: 2020-07-13 17:28:43,444:  
INFO: 2020-07-13 17:43:15,837: Iterations: 360
INFO: 2020-07-13 17:43:15,837: Time steps: 23592960
INFO: 2020-07-13 17:43:15,837: Reward: -118.75283
INFO: 2020-07-13 17:43:15,837: Test sigma: 0.33875
INFO: 2020-07-13 17:43:15,837:  
INFO: 2020-07-13 17:57:49,571: Iterations: 370
INFO: 2020-07-13 17:57:49,571: Time steps: 24248320
INFO: 2020-07-13 17:57:49,572: Reward: -115.41771
INFO: 2020-07-13 17:57:49,572: Test sigma: 0.33301
INFO: 2020-07-13 17:57:49,572:  
INFO: 2020-07-13 18:12:24,145: Iterations: 380
INFO: 2020-07-13 18:12:24,145: Time steps: 24903680
INFO: 2020-07-13 18:12:24,145: Reward: -103.95204
INFO: 2020-07-13 18:12:24,145: Test sigma: 0.32873
INFO: 2020-07-13 18:12:24,145:  
INFO: 2020-07-13 18:26:57,844: Iterations: 390
INFO: 2020-07-13 18:26:57,844: Time steps: 25559040
INFO: 2020-07-13 18:26:57,845: Reward: -112.67812
INFO: 2020-07-13 18:26:57,845: Test sigma: 0.31499
INFO: 2020-07-13 18:26:57,845:  
INFO: 2020-07-13 18:41:33,181: Iterations: 400
INFO: 2020-07-13 18:41:33,181: Time steps: 26214400
INFO: 2020-07-13 18:41:33,181: Reward: -197.99091
INFO: 2020-07-13 18:41:33,181: Test sigma: 0.32214
INFO: 2020-07-13 18:41:33,181:  
INFO: 2020-07-13 18:56:06,750: Iterations: 410
INFO: 2020-07-13 18:56:06,750: Time steps: 26869760
INFO: 2020-07-13 18:56:06,751: Reward: -150.21947
INFO: 2020-07-13 18:56:06,751: Test sigma: 0.31770
INFO: 2020-07-13 18:56:06,751:  
INFO: 2020-07-13 19:10:41,497: Iterations: 420
INFO: 2020-07-13 19:10:41,497: Time steps: 27525120
INFO: 2020-07-13 19:10:41,498: Reward: -134.30280
INFO: 2020-07-13 19:10:41,498: Test sigma: 0.31301
INFO: 2020-07-13 19:10:41,498:  
INFO: 2020-07-13 19:25:17,934: Iterations: 430
INFO: 2020-07-13 19:25:17,934: Time steps: 28180480
INFO: 2020-07-13 19:25:17,935: Reward: -134.75260
INFO: 2020-07-13 19:25:17,935: Test sigma: 0.31857
INFO: 2020-07-13 19:25:17,935:  
INFO: 2020-07-13 19:39:52,561: Iterations: 440
INFO: 2020-07-13 19:39:52,561: Time steps: 28835840
INFO: 2020-07-13 19:39:52,561: Reward: -157.78963
INFO: 2020-07-13 19:39:52,562: Test sigma: 0.31100
INFO: 2020-07-13 19:39:52,562:  
INFO: 2020-07-13 19:54:27,011: Iterations: 450
INFO: 2020-07-13 19:54:27,012: Time steps: 29491200
INFO: 2020-07-13 19:54:27,012: Reward: -127.52728
INFO: 2020-07-13 19:54:27,012: Test sigma: 0.30314
INFO: 2020-07-13 19:54:27,012:  
INFO: 2020-07-13 20:09:02,381: Iterations: 460
INFO: 2020-07-13 20:09:02,381: Time steps: 30146560
INFO: 2020-07-13 20:09:02,381: Reward: -134.13780
INFO: 2020-07-13 20:09:02,381: Test sigma: 0.30467
INFO: 2020-07-13 20:09:02,381:  
INFO: 2020-07-13 20:23:41,623: Iterations: 470
INFO: 2020-07-13 20:23:41,624: Time steps: 30801920
INFO: 2020-07-13 20:23:41,624: Reward: -193.25256
INFO: 2020-07-13 20:23:41,624: Test sigma: 0.31725
INFO: 2020-07-13 20:23:41,624:  
INFO: 2020-07-13 20:38:17,919: Iterations: 480
INFO: 2020-07-13 20:38:17,920: Time steps: 31457280
INFO: 2020-07-13 20:38:17,920: Reward: -111.55910
INFO: 2020-07-13 20:38:17,920: Test sigma: 0.30011
INFO: 2020-07-13 20:38:17,920:  
INFO: 2020-07-13 20:52:54,986: Iterations: 490
INFO: 2020-07-13 20:52:54,986: Time steps: 32112640
INFO: 2020-07-13 20:52:54,986: Reward: -116.43182
INFO: 2020-07-13 20:52:54,986: Test sigma: 0.29971
INFO: 2020-07-13 20:52:54,986:  
INFO: 2020-07-13 21:07:33,618: Iterations: 500
INFO: 2020-07-13 21:07:33,618: Time steps: 32768000
INFO: 2020-07-13 21:07:33,619: Reward: -190.97937
INFO: 2020-07-13 21:07:33,619: Test sigma: 0.30824
INFO: 2020-07-13 21:07:33,619:  
INFO: 2020-07-13 21:22:17,779: Iterations: 510
INFO: 2020-07-13 21:22:17,779: Time steps: 33423360
INFO: 2020-07-13 21:22:17,779: Reward: -95.26607
INFO: 2020-07-13 21:22:17,779: Test sigma: 0.28182
INFO: 2020-07-13 21:22:17,779:  
INFO: 2020-07-13 21:36:54,724: Iterations: 520
INFO: 2020-07-13 21:36:54,724: Time steps: 34078720
INFO: 2020-07-13 21:36:54,724: Reward: -134.72121
INFO: 2020-07-13 21:36:54,724: Test sigma: 0.28791
INFO: 2020-07-13 21:36:54,724:  
INFO: 2020-07-13 21:51:27,897: Iterations: 530
INFO: 2020-07-13 21:51:27,898: Time steps: 34734080
INFO: 2020-07-13 21:51:27,898: Reward: -131.33901
INFO: 2020-07-13 21:51:27,898: Test sigma: 0.28287
INFO: 2020-07-13 21:51:27,898:  
INFO: 2020-07-13 22:06:02,279: Iterations: 540
INFO: 2020-07-13 22:06:02,279: Time steps: 35389440
INFO: 2020-07-13 22:06:02,280: Reward: -127.00675
INFO: 2020-07-13 22:06:02,280: Test sigma: 0.30013
INFO: 2020-07-13 22:06:02,280:  
INFO: 2020-07-13 22:20:45,935: Iterations: 550
INFO: 2020-07-13 22:20:45,935: Time steps: 36044800
INFO: 2020-07-13 22:20:45,935: Reward: -160.81170
INFO: 2020-07-13 22:20:45,935: Test sigma: 0.28887
INFO: 2020-07-13 22:20:45,935:  
INFO: 2020-07-13 22:35:25,792: Iterations: 560
INFO: 2020-07-13 22:35:25,792: Time steps: 36700160
INFO: 2020-07-13 22:35:25,792: Reward: -134.68927
INFO: 2020-07-13 22:35:25,792: Test sigma: 0.29857
INFO: 2020-07-13 22:35:25,792:  
INFO: 2020-07-13 22:50:01,556: Iterations: 570
INFO: 2020-07-13 22:50:01,556: Time steps: 37355520
INFO: 2020-07-13 22:50:01,556: Reward: -112.70524
INFO: 2020-07-13 22:50:01,556: Test sigma: 0.28652
INFO: 2020-07-13 22:50:01,556:  
INFO: 2020-07-13 23:04:43,705: Iterations: 580
INFO: 2020-07-13 23:04:43,706: Time steps: 38010880
INFO: 2020-07-13 23:04:43,706: Reward: -131.38227
INFO: 2020-07-13 23:04:43,706: Test sigma: 0.28460
INFO: 2020-07-13 23:04:43,706:  
INFO: 2020-07-13 23:19:31,137: Iterations: 590
INFO: 2020-07-13 23:19:31,137: Time steps: 38666240
INFO: 2020-07-13 23:19:31,137: Reward: -122.56752
INFO: 2020-07-13 23:19:31,137: Test sigma: 0.28608
INFO: 2020-07-13 23:19:31,137:  
INFO: 2020-07-13 23:34:13,532: Iterations: 600
INFO: 2020-07-13 23:34:13,532: Time steps: 39321600
INFO: 2020-07-13 23:34:13,533: Reward: -121.35365
INFO: 2020-07-13 23:34:13,533: Test sigma: 0.28617
INFO: 2020-07-13 23:34:13,533:  
INFO: 2020-07-13 23:48:52,010: Iterations: 610
INFO: 2020-07-13 23:48:52,010: Time steps: 39976960
INFO: 2020-07-13 23:48:52,010: Reward: -121.75123
INFO: 2020-07-13 23:48:52,010: Test sigma: 0.28160
INFO: 2020-07-13 23:48:52,010:  
INFO: 2020-07-14 00:03:35,628: Iterations: 620
INFO: 2020-07-14 00:03:35,628: Time steps: 40632320
INFO: 2020-07-14 00:03:35,628: Reward: -134.62149
INFO: 2020-07-14 00:03:35,628: Test sigma: 0.28220
INFO: 2020-07-14 00:03:35,629:  
INFO: 2020-07-14 00:18:16,570: Iterations: 630
INFO: 2020-07-14 00:18:16,570: Time steps: 41287680
INFO: 2020-07-14 00:18:16,571: Reward: -120.94182
INFO: 2020-07-14 00:18:16,571: Test sigma: 0.27365
INFO: 2020-07-14 00:18:16,571:  
INFO: 2020-07-14 00:33:00,289: Iterations: 640
INFO: 2020-07-14 00:33:00,289: Time steps: 41943040
INFO: 2020-07-14 00:33:00,289: Reward: -117.52438
INFO: 2020-07-14 00:33:00,289: Test sigma: 0.27649
INFO: 2020-07-14 00:33:00,289:  
INFO: 2020-07-14 00:47:42,682: Iterations: 650
INFO: 2020-07-14 00:47:42,682: Time steps: 42598400
INFO: 2020-07-14 00:47:42,682: Reward: -115.17716
INFO: 2020-07-14 00:47:42,682: Test sigma: 0.27725
INFO: 2020-07-14 00:47:42,682:  
INFO: 2020-07-14 01:02:18,455: Iterations: 660
INFO: 2020-07-14 01:02:18,456: Time steps: 43253760
INFO: 2020-07-14 01:02:18,456: Reward: -128.67310
INFO: 2020-07-14 01:02:18,456: Test sigma: 0.27550
INFO: 2020-07-14 01:02:18,456:  
INFO: 2020-07-14 01:16:56,312: Iterations: 670
INFO: 2020-07-14 01:16:56,312: Time steps: 43909120
INFO: 2020-07-14 01:16:56,312: Reward: -133.76569
INFO: 2020-07-14 01:16:56,312: Test sigma: 0.27781
INFO: 2020-07-14 01:16:56,312:  
INFO: 2020-07-14 01:31:40,548: Iterations: 680
INFO: 2020-07-14 01:31:40,548: Time steps: 44564480
INFO: 2020-07-14 01:31:40,548: Reward: -116.70697
INFO: 2020-07-14 01:31:40,548: Test sigma: 0.27036
INFO: 2020-07-14 01:31:40,548:  
INFO: 2020-07-14 01:46:21,208: Iterations: 690
INFO: 2020-07-14 01:46:21,208: Time steps: 45219840
INFO: 2020-07-14 01:46:21,208: Reward: -146.29843
INFO: 2020-07-14 01:46:21,209: Test sigma: 0.26729
INFO: 2020-07-14 01:46:21,209:  
INFO: 2020-07-14 02:01:05,400: Iterations: 700
INFO: 2020-07-14 02:01:05,400: Time steps: 45875200
INFO: 2020-07-14 02:01:05,400: Reward: -134.80837
INFO: 2020-07-14 02:01:05,400: Test sigma: 0.26064
INFO: 2020-07-14 02:01:05,400:  
INFO: 2020-07-14 02:15:48,705: Iterations: 710
INFO: 2020-07-14 02:15:48,706: Time steps: 46530560
INFO: 2020-07-14 02:15:48,706: Reward: -126.32392
INFO: 2020-07-14 02:15:48,706: Test sigma: 0.26451
INFO: 2020-07-14 02:15:48,706:  
INFO: 2020-07-14 02:30:31,528: Iterations: 720
INFO: 2020-07-14 02:30:31,528: Time steps: 47185920
INFO: 2020-07-14 02:30:31,529: Reward: -110.86921
INFO: 2020-07-14 02:30:31,529: Test sigma: 0.25579
INFO: 2020-07-14 02:30:31,529:  
INFO: 2020-07-14 02:45:15,128: Iterations: 730
INFO: 2020-07-14 02:45:15,129: Time steps: 47841280
INFO: 2020-07-14 02:45:15,129: Reward: -109.61710
INFO: 2020-07-14 02:45:15,129: Test sigma: 0.24468
INFO: 2020-07-14 02:45:15,129:  
INFO: 2020-07-14 02:59:58,664: Iterations: 740
INFO: 2020-07-14 02:59:58,664: Time steps: 48496640
INFO: 2020-07-14 02:59:58,664: Reward: -104.47580
INFO: 2020-07-14 02:59:58,664: Test sigma: 0.25494
INFO: 2020-07-14 02:59:58,664:  
INFO: 2020-07-14 03:14:40,733: Iterations: 750
INFO: 2020-07-14 03:14:40,733: Time steps: 49152000
INFO: 2020-07-14 03:14:40,733: Reward: -102.82651
INFO: 2020-07-14 03:14:40,733: Test sigma: 0.26176
INFO: 2020-07-14 03:14:40,733:  
INFO: 2020-07-14 03:29:26,144: Iterations: 760
INFO: 2020-07-14 03:29:26,144: Time steps: 49807360
INFO: 2020-07-14 03:29:26,144: Reward: -108.66320
INFO: 2020-07-14 03:29:26,144: Test sigma: 0.25925
INFO: 2020-07-14 03:29:26,144:  
INFO: 2020-07-14 03:44:09,787: Iterations: 770
INFO: 2020-07-14 03:44:09,787: Time steps: 50462720
INFO: 2020-07-14 03:44:09,787: Reward: -115.57848
INFO: 2020-07-14 03:44:09,787: Test sigma: 0.25655
INFO: 2020-07-14 03:44:09,787:  
INFO: 2020-07-14 03:58:54,167: Iterations: 780
INFO: 2020-07-14 03:58:54,168: Time steps: 51118080
INFO: 2020-07-14 03:58:54,168: Reward: -95.18525
INFO: 2020-07-14 03:58:54,168: Test sigma: 0.24822
INFO: 2020-07-14 03:58:54,168:  
INFO: 2020-07-14 04:13:38,632: Iterations: 790
INFO: 2020-07-14 04:13:38,633: Time steps: 51773440
INFO: 2020-07-14 04:13:38,633: Reward: -118.92959
INFO: 2020-07-14 04:13:38,633: Test sigma: 0.24727
INFO: 2020-07-14 04:13:38,633:  
INFO: 2020-07-14 04:28:22,727: Iterations: 800
INFO: 2020-07-14 04:28:22,727: Time steps: 52428800
INFO: 2020-07-14 04:28:22,727: Reward: -93.23805
INFO: 2020-07-14 04:28:22,728: Test sigma: 0.23883
INFO: 2020-07-14 04:28:22,728:  
INFO: 2020-07-14 04:43:05,873: Iterations: 810
INFO: 2020-07-14 04:43:05,874: Time steps: 53084160
INFO: 2020-07-14 04:43:05,874: Reward: -102.31819
INFO: 2020-07-14 04:43:05,874: Test sigma: 0.24477
INFO: 2020-07-14 04:43:05,874:  
INFO: 2020-07-14 04:57:50,087: Iterations: 820
INFO: 2020-07-14 04:57:50,087: Time steps: 53739520
INFO: 2020-07-14 04:57:50,087: Reward: -89.75538
INFO: 2020-07-14 04:57:50,087: Test sigma: 0.24425
INFO: 2020-07-14 04:57:50,087:  
INFO: 2020-07-14 04:57:50,087: Saving best parameters in /home/seanny/Dropbox/potentials/_3d/soft_3d/2-wps.pth.tar
INFO: 2020-07-14 05:12:35,219: Iterations: 830
INFO: 2020-07-14 05:12:35,219: Time steps: 54394880
INFO: 2020-07-14 05:12:35,219: Reward: -88.37041
INFO: 2020-07-14 05:12:35,219: Test sigma: 0.23374
INFO: 2020-07-14 05:12:35,219:  
INFO: 2020-07-14 05:12:35,219: Saving best parameters in /home/seanny/Dropbox/potentials/_3d/soft_3d/2-wps.pth.tar
INFO: 2020-07-14 05:27:21,800: Iterations: 840
INFO: 2020-07-14 05:27:21,800: Time steps: 55050240
INFO: 2020-07-14 05:27:21,800: Reward: -97.22793
INFO: 2020-07-14 05:27:21,800: Test sigma: 0.24163
INFO: 2020-07-14 05:27:21,800:  
INFO: 2020-07-14 05:42:07,172: Iterations: 850
INFO: 2020-07-14 05:42:07,172: Time steps: 55705600
INFO: 2020-07-14 05:42:07,172: Reward: -99.17836
INFO: 2020-07-14 05:42:07,172: Test sigma: 0.24127
INFO: 2020-07-14 05:42:07,172:  
INFO: 2020-07-14 05:56:51,797: Iterations: 860
INFO: 2020-07-14 05:56:51,797: Time steps: 56360960
INFO: 2020-07-14 05:56:51,797: Reward: -87.34149
INFO: 2020-07-14 05:56:51,797: Test sigma: 0.24003
INFO: 2020-07-14 05:56:51,797:  
INFO: 2020-07-14 05:56:51,797: Saving best parameters in /home/seanny/Dropbox/potentials/_3d/soft_3d/2-wps.pth.tar
INFO: 2020-07-14 06:11:37,509: Iterations: 870
INFO: 2020-07-14 06:11:37,509: Time steps: 57016320
INFO: 2020-07-14 06:11:37,509: Reward: -73.15855
INFO: 2020-07-14 06:11:37,509: Test sigma: 0.23168
INFO: 2020-07-14 06:11:37,509:  
INFO: 2020-07-14 06:11:37,509: Saving best parameters in /home/seanny/Dropbox/potentials/_3d/soft_3d/2-wps.pth.tar
INFO: 2020-07-14 06:26:22,820: Iterations: 880
INFO: 2020-07-14 06:26:22,820: Time steps: 57671680
INFO: 2020-07-14 06:26:22,820: Reward: -88.43543
INFO: 2020-07-14 06:26:22,821: Test sigma: 0.23861
INFO: 2020-07-14 06:26:22,821:  
INFO: 2020-07-14 06:41:06,323: Iterations: 890
INFO: 2020-07-14 06:41:06,323: Time steps: 58327040
INFO: 2020-07-14 06:41:06,323: Reward: -84.18956
INFO: 2020-07-14 06:41:06,323: Test sigma: 0.24120
INFO: 2020-07-14 06:41:06,323:  
INFO: 2020-07-14 06:55:53,561: Iterations: 900
INFO: 2020-07-14 06:55:53,561: Time steps: 58982400
INFO: 2020-07-14 06:55:53,561: Reward: -125.03693
INFO: 2020-07-14 06:55:53,561: Test sigma: 0.24402
INFO: 2020-07-14 06:55:53,561:  
INFO: 2020-07-14 07:10:37,558: Iterations: 910
INFO: 2020-07-14 07:10:37,558: Time steps: 59637760
INFO: 2020-07-14 07:10:37,559: Reward: -76.69221
INFO: 2020-07-14 07:10:37,559: Test sigma: 0.23564
INFO: 2020-07-14 07:10:37,559:  
INFO: 2020-07-14 07:25:23,022: Iterations: 920
INFO: 2020-07-14 07:25:23,023: Time steps: 60293120
INFO: 2020-07-14 07:25:23,023: Reward: -89.87895
INFO: 2020-07-14 07:25:23,023: Test sigma: 0.23729
INFO: 2020-07-14 07:25:23,023:  
INFO: 2020-07-14 07:40:05,015: Iterations: 930
INFO: 2020-07-14 07:40:05,015: Time steps: 60948480
INFO: 2020-07-14 07:40:05,015: Reward: -106.04001
INFO: 2020-07-14 07:40:05,015: Test sigma: 0.24497
INFO: 2020-07-14 07:40:05,015:  
INFO: 2020-07-14 07:54:47,528: Iterations: 940
INFO: 2020-07-14 07:54:47,528: Time steps: 61603840
INFO: 2020-07-14 07:54:47,528: Reward: -93.27261
INFO: 2020-07-14 07:54:47,528: Test sigma: 0.24609
INFO: 2020-07-14 07:54:47,528:  
INFO: 2020-07-14 08:09:28,228: Iterations: 950
INFO: 2020-07-14 08:09:28,228: Time steps: 62259200
INFO: 2020-07-14 08:09:28,228: Reward: -85.60859
INFO: 2020-07-14 08:09:28,228: Test sigma: 0.23532
INFO: 2020-07-14 08:09:28,228:  
INFO: 2020-07-14 08:24:10,362: Iterations: 960
INFO: 2020-07-14 08:24:10,363: Time steps: 62914560
INFO: 2020-07-14 08:24:10,363: Reward: -83.78434
INFO: 2020-07-14 08:24:10,363: Test sigma: 0.23069
INFO: 2020-07-14 08:24:10,363:  
INFO: 2020-07-14 08:38:53,785: Iterations: 970
INFO: 2020-07-14 08:38:53,785: Time steps: 63569920
INFO: 2020-07-14 08:38:53,785: Reward: -85.72211
INFO: 2020-07-14 08:38:53,785: Test sigma: 0.23149
INFO: 2020-07-14 08:38:53,785:  
INFO: 2020-07-14 08:53:39,533: Iterations: 980
INFO: 2020-07-14 08:53:39,533: Time steps: 64225280
INFO: 2020-07-14 08:53:39,533: Reward: -80.81739
INFO: 2020-07-14 08:53:39,533: Test sigma: 0.23288
INFO: 2020-07-14 08:53:39,533:  
INFO: 2020-07-14 09:08:24,881: Iterations: 990
INFO: 2020-07-14 09:08:24,882: Time steps: 64880640
INFO: 2020-07-14 09:08:24,892: Reward: -95.61771
INFO: 2020-07-14 09:08:24,892: Test sigma: 0.23813
INFO: 2020-07-14 09:08:24,892:  
INFO: 2020-07-14 09:23:11,040: Iterations: 1000
INFO: 2020-07-14 09:23:11,041: Time steps: 65536000
INFO: 2020-07-14 09:23:11,041: Reward: -91.55514
INFO: 2020-07-14 09:23:11,041: Test sigma: 0.23899
INFO: 2020-07-14 09:23:11,041:  
INFO: 2020-07-14 09:37:56,447: Iterations: 1010
INFO: 2020-07-14 09:37:56,448: Time steps: 66191360
INFO: 2020-07-14 09:37:56,448: Reward: -77.46337
INFO: 2020-07-14 09:37:56,448: Test sigma: 0.22710
INFO: 2020-07-14 09:37:56,448:  
INFO: 2020-07-14 09:52:39,664: Iterations: 1020
INFO: 2020-07-14 09:52:39,664: Time steps: 66846720
INFO: 2020-07-14 09:52:39,664: Reward: -79.02095
INFO: 2020-07-14 09:52:39,664: Test sigma: 0.23261
INFO: 2020-07-14 09:52:39,664:  
INFO: 2020-07-14 10:07:17,805: Iterations: 1030
INFO: 2020-07-14 10:07:17,806: Time steps: 67502080
INFO: 2020-07-14 10:07:17,806: Reward: -78.41997
INFO: 2020-07-14 10:07:17,806: Test sigma: 0.23044
INFO: 2020-07-14 10:07:17,806:  
INFO: 2020-07-14 10:21:56,980: Iterations: 1040
INFO: 2020-07-14 10:21:56,980: Time steps: 68157440
INFO: 2020-07-14 10:21:56,980: Reward: -95.50697
INFO: 2020-07-14 10:21:56,980: Test sigma: 0.22713
INFO: 2020-07-14 10:21:56,981:  
INFO: 2020-07-14 10:36:42,549: Iterations: 1050
INFO: 2020-07-14 10:36:42,549: Time steps: 68812800
INFO: 2020-07-14 10:36:42,549: Reward: -82.19087
INFO: 2020-07-14 10:36:42,549: Test sigma: 0.22973
INFO: 2020-07-14 10:36:42,549:  
INFO: 2020-07-14 10:51:25,591: Iterations: 1060
INFO: 2020-07-14 10:51:25,591: Time steps: 69468160
INFO: 2020-07-14 10:51:25,591: Reward: -91.19945
INFO: 2020-07-14 10:51:25,591: Test sigma: 0.22645
INFO: 2020-07-14 10:51:25,591:  
INFO: 2020-07-14 11:06:08,307: Iterations: 1070
INFO: 2020-07-14 11:06:08,307: Time steps: 70123520
INFO: 2020-07-14 11:06:08,307: Reward: -78.10074
INFO: 2020-07-14 11:06:08,307: Test sigma: 0.22976
INFO: 2020-07-14 11:06:08,307:  
INFO: 2020-07-14 11:20:48,441: Iterations: 1080
INFO: 2020-07-14 11:20:48,442: Time steps: 70778880
INFO: 2020-07-14 11:20:48,442: Reward: -76.93716
INFO: 2020-07-14 11:20:48,442: Test sigma: 0.23070
INFO: 2020-07-14 11:20:48,442:  
INFO: 2020-07-14 11:35:31,120: Iterations: 1090
INFO: 2020-07-14 11:35:31,120: Time steps: 71434240
INFO: 2020-07-14 11:35:31,121: Reward: -96.75257
INFO: 2020-07-14 11:35:31,121: Test sigma: 0.22968
INFO: 2020-07-14 11:35:31,121:  
INFO: 2020-07-14 11:50:08,819: Iterations: 1100
INFO: 2020-07-14 11:50:08,819: Time steps: 72089600
INFO: 2020-07-14 11:50:08,819: Reward: -90.61010
INFO: 2020-07-14 11:50:08,819: Test sigma: 0.22717
INFO: 2020-07-14 11:50:08,819:  
INFO: 2020-07-14 12:04:45,191: Iterations: 1110
INFO: 2020-07-14 12:04:45,192: Time steps: 72744960
INFO: 2020-07-14 12:04:45,192: Reward: -73.23004
INFO: 2020-07-14 12:04:45,192: Test sigma: 0.22585
INFO: 2020-07-14 12:04:45,192:  
INFO: 2020-07-14 12:19:30,195: Iterations: 1120
INFO: 2020-07-14 12:19:30,195: Time steps: 73400320
INFO: 2020-07-14 12:19:30,195: Reward: -76.15444
INFO: 2020-07-14 12:19:30,195: Test sigma: 0.22214
INFO: 2020-07-14 12:19:30,195:  
INFO: 2020-07-14 12:34:15,519: Iterations: 1130
INFO: 2020-07-14 12:34:15,520: Time steps: 74055680
INFO: 2020-07-14 12:34:15,520: Reward: -75.34333
INFO: 2020-07-14 12:34:15,520: Test sigma: 0.21829
INFO: 2020-07-14 12:34:15,520:  
INFO: 2020-07-14 12:48:57,097: Iterations: 1140
INFO: 2020-07-14 12:48:57,098: Time steps: 74711040
INFO: 2020-07-14 12:48:57,098: Reward: -83.80499
INFO: 2020-07-14 12:48:57,098: Test sigma: 0.22989
INFO: 2020-07-14 12:48:57,098:  
INFO: 2020-07-14 13:03:41,571: Iterations: 1150
INFO: 2020-07-14 13:03:41,572: Time steps: 75366400
INFO: 2020-07-14 13:03:41,572: Reward: -84.93464
INFO: 2020-07-14 13:03:41,572: Test sigma: 0.22436
INFO: 2020-07-14 13:03:41,572:  
INFO: 2020-07-14 13:18:27,098: Iterations: 1160
INFO: 2020-07-14 13:18:27,099: Time steps: 76021760
INFO: 2020-07-14 13:18:27,099: Reward: -76.15224
INFO: 2020-07-14 13:18:27,099: Test sigma: 0.22994
INFO: 2020-07-14 13:18:27,099:  
INFO: 2020-07-14 13:33:12,135: Iterations: 1170
INFO: 2020-07-14 13:33:12,135: Time steps: 76677120
INFO: 2020-07-14 13:33:12,135: Reward: -72.82848
INFO: 2020-07-14 13:33:12,135: Test sigma: 0.22987
INFO: 2020-07-14 13:33:12,135:  
INFO: 2020-07-14 13:33:12,135: Saving best parameters in /home/seanny/Dropbox/potentials/_3d/soft_3d/2-wps.pth.tar
INFO: 2020-07-14 13:47:57,298: Iterations: 1180
INFO: 2020-07-14 13:47:57,298: Time steps: 77332480
INFO: 2020-07-14 13:47:57,298: Reward: -71.43917
INFO: 2020-07-14 13:47:57,298: Test sigma: 0.23579
INFO: 2020-07-14 13:47:57,298:  
INFO: 2020-07-14 13:47:57,299: Saving best parameters in /home/seanny/Dropbox/potentials/_3d/soft_3d/2-wps.pth.tar
INFO: 2020-07-14 14:02:41,098: Iterations: 1190
INFO: 2020-07-14 14:02:41,098: Time steps: 77987840
INFO: 2020-07-14 14:02:41,098: Reward: -77.88105
INFO: 2020-07-14 14:02:41,098: Test sigma: 0.23137
INFO: 2020-07-14 14:02:41,098:  
INFO: 2020-07-14 14:17:23,330: Iterations: 1200
INFO: 2020-07-14 14:17:23,331: Time steps: 78643200
INFO: 2020-07-14 14:17:23,331: Reward: -69.54444
INFO: 2020-07-14 14:17:23,331: Test sigma: 0.22693
INFO: 2020-07-14 14:17:23,331:  
INFO: 2020-07-14 14:17:23,331: Saving best parameters in /home/seanny/Dropbox/potentials/_3d/soft_3d/2-wps.pth.tar
INFO: 2020-07-14 14:32:02,537: Iterations: 1210
INFO: 2020-07-14 14:32:02,537: Time steps: 79298560
INFO: 2020-07-14 14:32:02,537: Reward: -72.89993
INFO: 2020-07-14 14:32:02,537: Test sigma: 0.22745
INFO: 2020-07-14 14:32:02,537:  
INFO: 2020-07-14 14:46:36,834: Iterations: 1220
INFO: 2020-07-14 14:46:36,834: Time steps: 79953920
INFO: 2020-07-14 14:46:36,834: Reward: -73.90767
INFO: 2020-07-14 14:46:36,834: Test sigma: 0.22526
INFO: 2020-07-14 14:46:36,834:  
INFO: 2020-07-14 15:01:11,989: Iterations: 1230
INFO: 2020-07-14 15:01:11,990: Time steps: 80609280
INFO: 2020-07-14 15:01:11,990: Reward: -88.02619
INFO: 2020-07-14 15:01:11,990: Test sigma: 0.22310
INFO: 2020-07-14 15:01:11,990:  
INFO: 2020-07-14 15:15:52,333: Iterations: 1240
INFO: 2020-07-14 15:15:52,333: Time steps: 81264640
INFO: 2020-07-14 15:15:52,333: Reward: -75.27668
INFO: 2020-07-14 15:15:52,333: Test sigma: 0.22055
INFO: 2020-07-14 15:15:52,333:  
INFO: 2020-07-14 15:30:28,407: Iterations: 1250
INFO: 2020-07-14 15:30:28,407: Time steps: 81920000
INFO: 2020-07-14 15:30:28,407: Reward: -79.99024
INFO: 2020-07-14 15:30:28,407: Test sigma: 0.21401
INFO: 2020-07-14 15:30:28,407:  
INFO: 2020-07-14 15:45:04,975: Iterations: 1260
INFO: 2020-07-14 15:45:04,975: Time steps: 82575360
INFO: 2020-07-14 15:45:04,975: Reward: -72.06055
INFO: 2020-07-14 15:45:04,975: Test sigma: 0.23055
INFO: 2020-07-14 15:45:04,975:  
INFO: 2020-07-14 15:59:50,152: Iterations: 1270
INFO: 2020-07-14 15:59:50,152: Time steps: 83230720
INFO: 2020-07-14 15:59:50,152: Reward: -72.00456
INFO: 2020-07-14 15:59:50,152: Test sigma: 0.21600
INFO: 2020-07-14 15:59:50,152:  
INFO: 2020-07-14 16:14:29,797: Iterations: 1280
INFO: 2020-07-14 16:14:29,797: Time steps: 83886080
INFO: 2020-07-14 16:14:29,797: Reward: -71.34245
INFO: 2020-07-14 16:14:29,797: Test sigma: 0.22615
INFO: 2020-07-14 16:14:29,798:  
INFO: 2020-07-14 16:29:12,907: Iterations: 1290
INFO: 2020-07-14 16:29:12,907: Time steps: 84541440
INFO: 2020-07-14 16:29:12,907: Reward: -66.66758
INFO: 2020-07-14 16:29:12,907: Test sigma: 0.22686
INFO: 2020-07-14 16:29:12,907:  
INFO: 2020-07-14 16:29:12,907: Saving best parameters in /home/seanny/Dropbox/potentials/_3d/soft_3d/2-wps.pth.tar
INFO: 2020-07-14 16:43:56,700: Iterations: 1300
INFO: 2020-07-14 16:43:56,700: Time steps: 85196800
INFO: 2020-07-14 16:43:56,700: Reward: -74.72517
INFO: 2020-07-14 16:43:56,700: Test sigma: 0.22810
INFO: 2020-07-14 16:43:56,700:  
INFO: 2020-07-14 16:58:39,108: Iterations: 1310
INFO: 2020-07-14 16:58:39,108: Time steps: 85852160
INFO: 2020-07-14 16:58:39,108: Reward: -89.04370
INFO: 2020-07-14 16:58:39,108: Test sigma: 0.22900
INFO: 2020-07-14 16:58:39,108:  
INFO: 2020-07-14 17:13:18,488: Iterations: 1320
INFO: 2020-07-14 17:13:18,489: Time steps: 86507520
INFO: 2020-07-14 17:13:18,489: Reward: -81.07510
INFO: 2020-07-14 17:13:18,489: Test sigma: 0.22841
INFO: 2020-07-14 17:13:18,489:  
INFO: 2020-07-14 17:28:04,022: Iterations: 1330
INFO: 2020-07-14 17:28:04,022: Time steps: 87162880
INFO: 2020-07-14 17:28:04,022: Reward: -96.32827
INFO: 2020-07-14 17:28:04,022: Test sigma: 0.23218
INFO: 2020-07-14 17:28:04,022:  
INFO: 2020-07-14 17:42:49,612: Iterations: 1340
INFO: 2020-07-14 17:42:49,613: Time steps: 87818240
INFO: 2020-07-14 17:42:49,613: Reward: -80.03402
INFO: 2020-07-14 17:42:49,613: Test sigma: 0.22808
INFO: 2020-07-14 17:42:49,613:  
INFO: 2020-07-14 17:57:32,191: Iterations: 1350
INFO: 2020-07-14 17:57:32,192: Time steps: 88473600
INFO: 2020-07-14 17:57:32,192: Reward: -58.05145
INFO: 2020-07-14 17:57:32,192: Test sigma: 0.22979
INFO: 2020-07-14 17:57:32,192:  
INFO: 2020-07-14 17:57:32,192: Saving best parameters in /home/seanny/Dropbox/potentials/_3d/soft_3d/2-wps.pth.tar
INFO: 2020-07-14 18:12:14,848: Iterations: 1360
INFO: 2020-07-14 18:12:14,848: Time steps: 89128960
INFO: 2020-07-14 18:12:14,848: Reward: -83.84924
INFO: 2020-07-14 18:12:14,848: Test sigma: 0.23066
INFO: 2020-07-14 18:12:14,848:  
INFO: 2020-07-14 18:26:55,906: Iterations: 1370
INFO: 2020-07-14 18:26:55,906: Time steps: 89784320
INFO: 2020-07-14 18:26:55,906: Reward: -74.55032
INFO: 2020-07-14 18:26:55,907: Test sigma: 0.22760
INFO: 2020-07-14 18:26:55,907:  
INFO: 2020-07-14 18:41:39,702: Iterations: 1380
INFO: 2020-07-14 18:41:39,703: Time steps: 90439680
INFO: 2020-07-14 18:41:39,703: Reward: -76.77762
INFO: 2020-07-14 18:41:39,703: Test sigma: 0.23423
INFO: 2020-07-14 18:41:39,703:  
INFO: 2020-07-14 18:56:22,211: Iterations: 1390
INFO: 2020-07-14 18:56:22,211: Time steps: 91095040
INFO: 2020-07-14 18:56:22,211: Reward: -74.72398
INFO: 2020-07-14 18:56:22,211: Test sigma: 0.22206
INFO: 2020-07-14 18:56:22,211:  
INFO: 2020-07-14 19:11:04,900: Iterations: 1400
INFO: 2020-07-14 19:11:04,901: Time steps: 91750400
INFO: 2020-07-14 19:11:04,901: Reward: -79.25785
INFO: 2020-07-14 19:11:04,901: Test sigma: 0.23148
INFO: 2020-07-14 19:11:04,901:  
INFO: 2020-07-14 19:25:43,861: Iterations: 1410
INFO: 2020-07-14 19:25:43,861: Time steps: 92405760
INFO: 2020-07-14 19:25:43,861: Reward: -64.95054
INFO: 2020-07-14 19:25:43,861: Test sigma: 0.22095
INFO: 2020-07-14 19:25:43,861:  
INFO: 2020-07-14 19:40:24,163: Iterations: 1420
INFO: 2020-07-14 19:40:24,163: Time steps: 93061120
INFO: 2020-07-14 19:40:24,163: Reward: -76.61767
INFO: 2020-07-14 19:40:24,164: Test sigma: 0.23414
INFO: 2020-07-14 19:40:24,164:  
INFO: 2020-07-14 19:55:03,394: Iterations: 1430
INFO: 2020-07-14 19:55:03,395: Time steps: 93716480
INFO: 2020-07-14 19:55:03,395: Reward: -77.54040
INFO: 2020-07-14 19:55:03,395: Test sigma: 0.23048
INFO: 2020-07-14 19:55:03,395:  
INFO: 2020-07-14 20:09:48,648: Iterations: 1440
INFO: 2020-07-14 20:09:48,649: Time steps: 94371840
INFO: 2020-07-14 20:09:48,649: Reward: -77.39253
INFO: 2020-07-14 20:09:48,649: Test sigma: 0.22807
INFO: 2020-07-14 20:09:48,649:  
INFO: 2020-07-14 20:24:31,489: Iterations: 1450
INFO: 2020-07-14 20:24:31,489: Time steps: 95027200
INFO: 2020-07-14 20:24:31,489: Reward: -95.53705
INFO: 2020-07-14 20:24:31,489: Test sigma: 0.23544
INFO: 2020-07-14 20:24:31,489:  
INFO: 2020-07-14 20:39:17,111: Iterations: 1460
INFO: 2020-07-14 20:39:17,111: Time steps: 95682560
INFO: 2020-07-14 20:39:17,111: Reward: -68.32272
INFO: 2020-07-14 20:39:17,111: Test sigma: 0.22299
INFO: 2020-07-14 20:39:17,111:  
INFO: 2020-07-14 20:54:01,580: Iterations: 1470
INFO: 2020-07-14 20:54:01,580: Time steps: 96337920
INFO: 2020-07-14 20:54:01,580: Reward: -82.86706
INFO: 2020-07-14 20:54:01,580: Test sigma: 0.22512
INFO: 2020-07-14 20:54:01,580:  
INFO: 2020-07-14 21:08:47,855: Iterations: 1480
INFO: 2020-07-14 21:08:47,855: Time steps: 96993280
INFO: 2020-07-14 21:08:47,855: Reward: -65.94035
INFO: 2020-07-14 21:08:47,855: Test sigma: 0.23068
INFO: 2020-07-14 21:08:47,855:  
INFO: 2020-07-14 21:23:33,740: Iterations: 1490
INFO: 2020-07-14 21:23:33,740: Time steps: 97648640
INFO: 2020-07-14 21:23:33,740: Reward: -69.16006
INFO: 2020-07-14 21:23:33,740: Test sigma: 0.22458
INFO: 2020-07-14 21:23:33,740:  
INFO: 2020-07-14 21:38:16,251: Iterations: 1500
INFO: 2020-07-14 21:38:16,251: Time steps: 98304000
INFO: 2020-07-14 21:38:16,251: Reward: -94.58645
INFO: 2020-07-14 21:38:16,251: Test sigma: 0.23128
INFO: 2020-07-14 21:38:16,251:  
INFO: 2020-07-14 21:52:59,840: Iterations: 1510
INFO: 2020-07-14 21:52:59,840: Time steps: 98959360
INFO: 2020-07-14 21:52:59,840: Reward: -73.83020
INFO: 2020-07-14 21:52:59,841: Test sigma: 0.22782
INFO: 2020-07-14 21:52:59,841:  
INFO: 2020-07-14 22:07:44,911: Iterations: 1520
INFO: 2020-07-14 22:07:44,911: Time steps: 99614720
INFO: 2020-07-14 22:07:44,912: Reward: -63.29905
INFO: 2020-07-14 22:07:44,912: Test sigma: 0.22692
INFO: 2020-07-14 22:07:44,912:  
INFO: 2020-07-14 22:22:26,658: Iterations: 1530
INFO: 2020-07-14 22:22:26,658: Time steps: 100270080
INFO: 2020-07-14 22:22:26,658: Reward: -87.44737
INFO: 2020-07-14 22:22:26,658: Test sigma: 0.22997
INFO: 2020-07-14 22:22:26,658:  
INFO: 2020-07-14 22:37:10,493: Iterations: 1540
INFO: 2020-07-14 22:37:10,493: Time steps: 100925440
INFO: 2020-07-14 22:37:10,493: Reward: -66.88953
INFO: 2020-07-14 22:37:10,493: Test sigma: 0.23407
INFO: 2020-07-14 22:37:10,493:  
INFO: 2020-07-14 22:51:53,511: Iterations: 1550
INFO: 2020-07-14 22:51:53,512: Time steps: 101580800
INFO: 2020-07-14 22:51:53,512: Reward: -65.72435
INFO: 2020-07-14 22:51:53,512: Test sigma: 0.23238
INFO: 2020-07-14 22:51:53,512:  
INFO: 2020-07-14 23:06:37,229: Iterations: 1560
INFO: 2020-07-14 23:06:37,229: Time steps: 102236160
INFO: 2020-07-14 23:06:37,229: Reward: -68.44658
INFO: 2020-07-14 23:06:37,229: Test sigma: 0.22981
INFO: 2020-07-14 23:06:37,229:  
INFO: 2020-07-14 23:21:20,758: Iterations: 1570
INFO: 2020-07-14 23:21:20,758: Time steps: 102891520
INFO: 2020-07-14 23:21:20,758: Reward: -78.88195
INFO: 2020-07-14 23:21:20,759: Test sigma: 0.22555
INFO: 2020-07-14 23:21:20,759:  
INFO: 2020-07-14 23:36:07,476: Iterations: 1580
INFO: 2020-07-14 23:36:07,477: Time steps: 103546880
INFO: 2020-07-14 23:36:07,477: Reward: -79.38540
INFO: 2020-07-14 23:36:07,477: Test sigma: 0.22974
INFO: 2020-07-14 23:36:07,477:  
INFO: 2020-07-14 23:50:53,063: Iterations: 1590
INFO: 2020-07-14 23:50:53,063: Time steps: 104202240
INFO: 2020-07-14 23:50:53,063: Reward: -73.13999
INFO: 2020-07-14 23:50:53,063: Test sigma: 0.22571
INFO: 2020-07-14 23:50:53,063:  
INFO: 2020-07-15 00:05:38,993: Iterations: 1600
INFO: 2020-07-15 00:05:38,993: Time steps: 104857600
INFO: 2020-07-15 00:05:38,993: Reward: -76.14547
INFO: 2020-07-15 00:05:38,993: Test sigma: 0.21926
INFO: 2020-07-15 00:05:38,993:  
INFO: 2020-07-15 00:20:26,482: Iterations: 1610
INFO: 2020-07-15 00:20:26,482: Time steps: 105512960
INFO: 2020-07-15 00:20:26,483: Reward: -75.61475
INFO: 2020-07-15 00:20:26,483: Test sigma: 0.21699
INFO: 2020-07-15 00:20:26,483:  
INFO: 2020-07-15 00:35:12,432: Iterations: 1620
INFO: 2020-07-15 00:35:12,432: Time steps: 106168320
INFO: 2020-07-15 00:35:12,432: Reward: -58.40476
INFO: 2020-07-15 00:35:12,432: Test sigma: 0.21517
INFO: 2020-07-15 00:35:12,433:  
INFO: 2020-07-15 00:49:58,033: Iterations: 1630
INFO: 2020-07-15 00:49:58,034: Time steps: 106823680
INFO: 2020-07-15 00:49:58,034: Reward: -73.91356
INFO: 2020-07-15 00:49:58,034: Test sigma: 0.22166
INFO: 2020-07-15 00:49:58,034:  
INFO: 2020-07-15 01:04:42,784: Iterations: 1640
INFO: 2020-07-15 01:04:42,785: Time steps: 107479040
INFO: 2020-07-15 01:04:42,785: Reward: -69.57774
INFO: 2020-07-15 01:04:42,785: Test sigma: 0.21818
INFO: 2020-07-15 01:04:42,785:  
INFO: 2020-07-15 01:19:28,693: Iterations: 1650
INFO: 2020-07-15 01:19:28,693: Time steps: 108134400
INFO: 2020-07-15 01:19:28,693: Reward: -52.45739
INFO: 2020-07-15 01:19:28,693: Test sigma: 0.21936
INFO: 2020-07-15 01:19:28,693:  
INFO: 2020-07-15 01:19:28,694: Saving best parameters in /home/seanny/Dropbox/potentials/_3d/soft_3d/2-wps.pth.tar
INFO: 2020-07-15 01:34:14,082: Iterations: 1660
INFO: 2020-07-15 01:34:14,082: Time steps: 108789760
INFO: 2020-07-15 01:34:14,082: Reward: -75.69963
INFO: 2020-07-15 01:34:14,082: Test sigma: 0.21016
INFO: 2020-07-15 01:34:14,082:  
INFO: 2020-07-15 01:48:58,681: Iterations: 1670
INFO: 2020-07-15 01:48:58,681: Time steps: 109445120
INFO: 2020-07-15 01:48:58,681: Reward: -80.58568
INFO: 2020-07-15 01:48:58,681: Test sigma: 0.21902
INFO: 2020-07-15 01:48:58,681:  
INFO: 2020-07-15 02:03:45,148: Iterations: 1680
INFO: 2020-07-15 02:03:45,148: Time steps: 110100480
INFO: 2020-07-15 02:03:45,148: Reward: -62.13339
INFO: 2020-07-15 02:03:45,148: Test sigma: 0.21757
INFO: 2020-07-15 02:03:45,148:  
INFO: 2020-07-15 02:18:30,063: Iterations: 1690
INFO: 2020-07-15 02:18:30,064: Time steps: 110755840
INFO: 2020-07-15 02:18:30,064: Reward: -54.18454
INFO: 2020-07-15 02:18:30,064: Test sigma: 0.21566
INFO: 2020-07-15 02:18:30,064:  
INFO: 2020-07-15 02:33:12,773: Iterations: 1700
INFO: 2020-07-15 02:33:12,773: Time steps: 111411200
INFO: 2020-07-15 02:33:12,773: Reward: -67.59963
INFO: 2020-07-15 02:33:12,773: Test sigma: 0.21504
INFO: 2020-07-15 02:33:12,773:  
INFO: 2020-07-15 02:47:49,790: Iterations: 1710
INFO: 2020-07-15 02:47:49,790: Time steps: 112066560
INFO: 2020-07-15 02:47:49,790: Reward: -80.41637
INFO: 2020-07-15 02:47:49,790: Test sigma: 0.22559
INFO: 2020-07-15 02:47:49,790:  
INFO: 2020-07-15 03:02:28,802: Iterations: 1720
INFO: 2020-07-15 03:02:28,802: Time steps: 112721920
INFO: 2020-07-15 03:02:28,802: Reward: -68.59222
INFO: 2020-07-15 03:02:28,803: Test sigma: 0.21711
INFO: 2020-07-15 03:02:28,803:  
INFO: 2020-07-15 03:17:08,935: Iterations: 1730
INFO: 2020-07-15 03:17:08,935: Time steps: 113377280
INFO: 2020-07-15 03:17:08,935: Reward: -56.14412
INFO: 2020-07-15 03:17:08,935: Test sigma: 0.20970
INFO: 2020-07-15 03:17:08,935:  
INFO: 2020-07-15 03:31:45,458: Iterations: 1740
INFO: 2020-07-15 03:31:45,459: Time steps: 114032640
INFO: 2020-07-15 03:31:45,459: Reward: -62.32908
INFO: 2020-07-15 03:31:45,459: Test sigma: 0.20766
INFO: 2020-07-15 03:31:45,459:  
INFO: 2020-07-15 03:46:31,572: Iterations: 1750
INFO: 2020-07-15 03:46:31,572: Time steps: 114688000
INFO: 2020-07-15 03:46:31,572: Reward: -76.07245
INFO: 2020-07-15 03:46:31,572: Test sigma: 0.20913
INFO: 2020-07-15 03:46:31,572:  
INFO: 2020-07-15 04:01:11,542: Iterations: 1760
INFO: 2020-07-15 04:01:11,542: Time steps: 115343360
INFO: 2020-07-15 04:01:11,542: Reward: -55.46209
INFO: 2020-07-15 04:01:11,542: Test sigma: 0.20939
INFO: 2020-07-15 04:01:11,542:  
INFO: 2020-07-15 04:15:53,600: Iterations: 1770
INFO: 2020-07-15 04:15:53,600: Time steps: 115998720
INFO: 2020-07-15 04:15:53,600: Reward: -66.09500
INFO: 2020-07-15 04:15:53,600: Test sigma: 0.20980
INFO: 2020-07-15 04:15:53,600:  
INFO: 2020-07-15 04:30:43,607: Iterations: 1780
INFO: 2020-07-15 04:30:43,607: Time steps: 116654080
INFO: 2020-07-15 04:30:43,607: Reward: -57.37780
INFO: 2020-07-15 04:30:43,608: Test sigma: 0.20612
INFO: 2020-07-15 04:30:43,608:  
INFO: 2020-07-15 04:45:28,353: Iterations: 1790
INFO: 2020-07-15 04:45:28,353: Time steps: 117309440
INFO: 2020-07-15 04:45:28,353: Reward: -72.76175
INFO: 2020-07-15 04:45:28,353: Test sigma: 0.21289
INFO: 2020-07-15 04:45:28,353:  
INFO: 2020-07-15 05:00:13,741: Iterations: 1800
INFO: 2020-07-15 05:00:13,741: Time steps: 117964800
INFO: 2020-07-15 05:00:13,741: Reward: -54.20011
INFO: 2020-07-15 05:00:13,742: Test sigma: 0.20861
INFO: 2020-07-15 05:00:13,742:  
INFO: 2020-07-15 05:14:59,908: Iterations: 1810
INFO: 2020-07-15 05:14:59,908: Time steps: 118620160
INFO: 2020-07-15 05:14:59,908: Reward: -69.19410
INFO: 2020-07-15 05:14:59,908: Test sigma: 0.20705
INFO: 2020-07-15 05:14:59,908:  
INFO: 2020-07-15 05:29:47,650: Iterations: 1820
INFO: 2020-07-15 05:29:47,650: Time steps: 119275520
INFO: 2020-07-15 05:29:47,650: Reward: -61.00434
INFO: 2020-07-15 05:29:47,650: Test sigma: 0.20577
INFO: 2020-07-15 05:29:47,650:  
INFO: 2020-07-15 05:44:35,788: Iterations: 1830
INFO: 2020-07-15 05:44:35,789: Time steps: 119930880
INFO: 2020-07-15 05:44:35,789: Reward: -51.67054
INFO: 2020-07-15 05:44:35,789: Test sigma: 0.21588
INFO: 2020-07-15 05:44:35,789:  
INFO: 2020-07-15 05:44:35,789: Saving best parameters in /home/seanny/Dropbox/potentials/_3d/soft_3d/2-wps.pth.tar
INFO: 2020-07-15 05:59:21,598: Iterations: 1840
INFO: 2020-07-15 05:59:21,598: Time steps: 120586240
INFO: 2020-07-15 05:59:21,598: Reward: -76.01859
INFO: 2020-07-15 05:59:21,598: Test sigma: 0.21206
INFO: 2020-07-15 05:59:21,599:  
INFO: 2020-07-15 06:14:05,615: Iterations: 1850
INFO: 2020-07-15 06:14:05,615: Time steps: 121241600
INFO: 2020-07-15 06:14:05,616: Reward: -77.29994
INFO: 2020-07-15 06:14:05,616: Test sigma: 0.21177
INFO: 2020-07-15 06:14:05,616:  
INFO: 2020-07-15 06:28:52,231: Iterations: 1860
INFO: 2020-07-15 06:28:52,231: Time steps: 121896960
INFO: 2020-07-15 06:28:52,231: Reward: -74.45504
INFO: 2020-07-15 06:28:52,232: Test sigma: 0.21135
INFO: 2020-07-15 06:28:52,232:  
INFO: 2020-07-15 06:43:30,497: Iterations: 1870
INFO: 2020-07-15 06:43:30,497: Time steps: 122552320
INFO: 2020-07-15 06:43:30,497: Reward: -69.83085
INFO: 2020-07-15 06:43:30,497: Test sigma: 0.21295
INFO: 2020-07-15 06:43:30,497:  
INFO: 2020-07-15 06:58:09,436: Iterations: 1880
INFO: 2020-07-15 06:58:09,437: Time steps: 123207680
INFO: 2020-07-15 06:58:09,437: Reward: -71.37962
INFO: 2020-07-15 06:58:09,437: Test sigma: 0.20527
INFO: 2020-07-15 06:58:09,437:  
INFO: 2020-07-15 07:12:45,109: Iterations: 1890
INFO: 2020-07-15 07:12:45,109: Time steps: 123863040
INFO: 2020-07-15 07:12:45,109: Reward: -69.45094
INFO: 2020-07-15 07:12:45,110: Test sigma: 0.20675
INFO: 2020-07-15 07:12:45,110:  
INFO: 2020-07-15 07:27:22,106: Iterations: 1900
INFO: 2020-07-15 07:27:22,106: Time steps: 124518400
INFO: 2020-07-15 07:27:22,106: Reward: -77.93330
INFO: 2020-07-15 07:27:22,106: Test sigma: 0.19647
INFO: 2020-07-15 07:27:22,106:  
INFO: 2020-07-15 07:41:57,677: Iterations: 1910
INFO: 2020-07-15 07:41:57,677: Time steps: 125173760
INFO: 2020-07-15 07:41:57,677: Reward: -55.87771
INFO: 2020-07-15 07:41:57,677: Test sigma: 0.20234
INFO: 2020-07-15 07:41:57,677:  
INFO: 2020-07-15 07:56:38,618: Iterations: 1920
INFO: 2020-07-15 07:56:38,618: Time steps: 125829120
INFO: 2020-07-15 07:56:38,619: Reward: -58.60316
INFO: 2020-07-15 07:56:38,619: Test sigma: 0.21073
INFO: 2020-07-15 07:56:38,619:  
INFO: 2020-07-15 08:11:21,044: Iterations: 1930
INFO: 2020-07-15 08:11:21,044: Time steps: 126484480
INFO: 2020-07-15 08:11:21,044: Reward: -71.75851
INFO: 2020-07-15 08:11:21,044: Test sigma: 0.20233
INFO: 2020-07-15 08:11:21,044:  
INFO: 2020-07-15 08:26:06,182: Iterations: 1940
INFO: 2020-07-15 08:26:06,182: Time steps: 127139840
INFO: 2020-07-15 08:26:06,182: Reward: -57.26998
INFO: 2020-07-15 08:26:06,182: Test sigma: 0.20509
INFO: 2020-07-15 08:26:06,182:  
INFO: 2020-07-15 08:40:47,343: Iterations: 1950
INFO: 2020-07-15 08:40:47,343: Time steps: 127795200
INFO: 2020-07-15 08:40:47,343: Reward: -60.41655
INFO: 2020-07-15 08:40:47,343: Test sigma: 0.20008
INFO: 2020-07-15 08:40:47,343:  
INFO: 2020-07-15 08:55:31,751: Iterations: 1960
INFO: 2020-07-15 08:55:31,751: Time steps: 128450560
INFO: 2020-07-15 08:55:31,751: Reward: -40.41171
INFO: 2020-07-15 08:55:31,752: Test sigma: 0.20614
INFO: 2020-07-15 08:55:31,752:  
INFO: 2020-07-15 08:55:31,752: Saving best parameters in /home/seanny/Dropbox/potentials/_3d/soft_3d/2-wps.pth.tar
INFO: 2020-07-15 09:10:16,550: Iterations: 1970
INFO: 2020-07-15 09:10:16,550: Time steps: 129105920
INFO: 2020-07-15 09:10:16,550: Reward: -49.14269
INFO: 2020-07-15 09:10:16,550: Test sigma: 0.21377
INFO: 2020-07-15 09:10:16,550:  
INFO: 2020-07-15 09:25:01,636: Iterations: 1980
INFO: 2020-07-15 09:25:01,637: Time steps: 129761280
INFO: 2020-07-15 09:25:01,637: Reward: -70.49462
INFO: 2020-07-15 09:25:01,637: Test sigma: 0.20434
INFO: 2020-07-15 09:25:01,637:  
INFO: 2020-07-15 09:39:47,159: Iterations: 1990
INFO: 2020-07-15 09:39:47,159: Time steps: 130416640
INFO: 2020-07-15 09:39:47,159: Reward: -71.68156
INFO: 2020-07-15 09:39:47,159: Test sigma: 0.20997
INFO: 2020-07-15 09:39:47,159:  
INFO: 2020-07-15 09:54:32,304: Iterations: 2000
INFO: 2020-07-15 09:54:32,304: Time steps: 131072000
INFO: 2020-07-15 09:54:32,304: Reward: -41.01123
INFO: 2020-07-15 09:54:32,304: Test sigma: 0.20365
INFO: 2020-07-15 09:54:32,304:  
INFO: 2020-07-15 10:09:18,963: Iterations: 2010
INFO: 2020-07-15 10:09:18,963: Time steps: 131727360
INFO: 2020-07-15 10:09:18,963: Reward: -69.73099
INFO: 2020-07-15 10:09:18,963: Test sigma: 0.20794
INFO: 2020-07-15 10:09:18,964:  
INFO: 2020-07-15 10:24:05,635: Iterations: 2020
INFO: 2020-07-15 10:24:05,635: Time steps: 132382720
INFO: 2020-07-15 10:24:05,636: Reward: -69.47215
INFO: 2020-07-15 10:24:05,636: Test sigma: 0.19997
INFO: 2020-07-15 10:24:05,636:  
INFO: 2020-07-15 10:38:50,000: Iterations: 2030
INFO: 2020-07-15 10:38:50,001: Time steps: 133038080
INFO: 2020-07-15 10:38:50,001: Reward: -68.47561
INFO: 2020-07-15 10:38:50,001: Test sigma: 0.20252
INFO: 2020-07-15 10:38:50,001:  
INFO: 2020-07-15 10:53:36,713: Iterations: 2040
INFO: 2020-07-15 10:53:36,713: Time steps: 133693440
INFO: 2020-07-15 10:53:36,713: Reward: -80.86448
INFO: 2020-07-15 10:53:36,713: Test sigma: 0.21332
INFO: 2020-07-15 10:53:36,713:  
INFO: 2020-07-15 11:08:22,377: Iterations: 2050
INFO: 2020-07-15 11:08:22,377: Time steps: 134348800
INFO: 2020-07-15 11:08:22,378: Reward: -51.11535
INFO: 2020-07-15 11:08:22,378: Test sigma: 0.20544
INFO: 2020-07-15 11:08:22,378:  
INFO: 2020-07-15 11:23:08,693: Iterations: 2060
INFO: 2020-07-15 11:23:08,693: Time steps: 135004160
INFO: 2020-07-15 11:23:08,693: Reward: -58.54257
INFO: 2020-07-15 11:23:08,693: Test sigma: 0.20465
INFO: 2020-07-15 11:23:08,693:  
INFO: 2020-07-15 11:37:55,350: Iterations: 2070
INFO: 2020-07-15 11:37:55,350: Time steps: 135659520
INFO: 2020-07-15 11:37:55,350: Reward: -63.45666
INFO: 2020-07-15 11:37:55,350: Test sigma: 0.20017
INFO: 2020-07-15 11:37:55,350:  
INFO: 2020-07-15 11:52:36,044: Iterations: 2080
INFO: 2020-07-15 11:52:36,044: Time steps: 136314880
INFO: 2020-07-15 11:52:36,044: Reward: -45.02954
INFO: 2020-07-15 11:52:36,044: Test sigma: 0.19876
INFO: 2020-07-15 11:52:36,044:  
INFO: 2020-07-15 12:07:12,023: Iterations: 2090
INFO: 2020-07-15 12:07:12,023: Time steps: 136970240
INFO: 2020-07-15 12:07:12,023: Reward: -68.90506
INFO: 2020-07-15 12:07:12,024: Test sigma: 0.19444
INFO: 2020-07-15 12:07:12,024:  
INFO: 2020-07-15 12:21:47,109: Iterations: 2100
INFO: 2020-07-15 12:21:47,109: Time steps: 137625600
INFO: 2020-07-15 12:21:47,109: Reward: -62.91047
INFO: 2020-07-15 12:21:47,109: Test sigma: 0.20280
INFO: 2020-07-15 12:21:47,109:  
INFO: 2020-07-15 12:36:31,497: Iterations: 2110
INFO: 2020-07-15 12:36:31,497: Time steps: 138280960
INFO: 2020-07-15 12:36:31,498: Reward: -57.74721
INFO: 2020-07-15 12:36:31,498: Test sigma: 0.19552
INFO: 2020-07-15 12:36:31,498:  
INFO: 2020-07-15 12:51:17,886: Iterations: 2120
INFO: 2020-07-15 12:51:17,886: Time steps: 138936320
INFO: 2020-07-15 12:51:17,886: Reward: -54.81249
INFO: 2020-07-15 12:51:17,886: Test sigma: 0.20106
INFO: 2020-07-15 12:51:17,886:  
INFO: 2020-07-15 13:06:04,856: Iterations: 2130
INFO: 2020-07-15 13:06:04,856: Time steps: 139591680
INFO: 2020-07-15 13:06:04,856: Reward: -52.69932
INFO: 2020-07-15 13:06:04,857: Test sigma: 0.19533
INFO: 2020-07-15 13:06:04,857:  
INFO: 2020-07-15 13:20:43,641: Iterations: 2140
INFO: 2020-07-15 13:20:43,641: Time steps: 140247040
INFO: 2020-07-15 13:20:43,641: Reward: -59.63060
INFO: 2020-07-15 13:20:43,641: Test sigma: 0.19787
INFO: 2020-07-15 13:20:43,642:  
INFO: 2020-07-15 13:35:21,329: Iterations: 2150
INFO: 2020-07-15 13:35:21,329: Time steps: 140902400
INFO: 2020-07-15 13:35:21,329: Reward: -65.17659
INFO: 2020-07-15 13:35:21,329: Test sigma: 0.19543
INFO: 2020-07-15 13:35:21,329:  
INFO: 2020-07-15 13:49:58,139: Iterations: 2160
INFO: 2020-07-15 13:49:58,139: Time steps: 141557760
INFO: 2020-07-15 13:49:58,139: Reward: -48.84919
INFO: 2020-07-15 13:49:58,139: Test sigma: 0.19060
INFO: 2020-07-15 13:49:58,139:  
INFO: 2020-07-15 14:04:35,620: Iterations: 2170
INFO: 2020-07-15 14:04:35,620: Time steps: 142213120
INFO: 2020-07-15 14:04:35,620: Reward: -50.65059
INFO: 2020-07-15 14:04:35,620: Test sigma: 0.19243
INFO: 2020-07-15 14:04:35,620:  
INFO: 2020-07-15 14:19:11,908: Iterations: 2180
INFO: 2020-07-15 14:19:11,908: Time steps: 142868480
INFO: 2020-07-15 14:19:11,908: Reward: -38.77210
INFO: 2020-07-15 14:19:11,908: Test sigma: 0.19042
INFO: 2020-07-15 14:19:11,909:  
INFO: 2020-07-15 14:19:11,909: Saving best parameters in /home/seanny/Dropbox/potentials/_3d/soft_3d/2-wps.pth.tar
INFO: 2020-07-15 14:33:50,125: Iterations: 2190
INFO: 2020-07-15 14:33:50,125: Time steps: 143523840
INFO: 2020-07-15 14:33:50,125: Reward: -66.82299
INFO: 2020-07-15 14:33:50,125: Test sigma: 0.20238
INFO: 2020-07-15 14:33:50,125:  
INFO: 2020-07-15 14:48:27,387: Iterations: 2200
INFO: 2020-07-15 14:48:27,388: Time steps: 144179200
INFO: 2020-07-15 14:48:27,388: Reward: -44.63075
INFO: 2020-07-15 14:48:27,388: Test sigma: 0.19816
INFO: 2020-07-15 14:48:27,388:  
